2017.11.19 11:13:44,082	INFO	1	com.l2jserver.gameserver.GameServer	------------------------------------------------=[ Database ]
2017.11.19 11:13:44,154	INFO	1	com.l2jserver.gameserver.dao.factory.impl.DAOFactory	Using MySQL DAO Factory.
2017.11.19 11:13:44,162	INFO	1	com.l2jserver.commons.database.pool.impl.ConnectionFactory	Using HikariCP connection pool.
2017.11.19 11:13:44,163	INFO	1	com.l2jserver.gameserver.GameServer	GameServer: Used memory: 15MB.
2017.11.19 11:13:44,168	INFO	1	com.zaxxer.hikari.HikariDataSource	HikariPool-1 - Starting...
2017.11.19 11:13:44,450	INFO	1	com.zaxxer.hikari.HikariDataSource	HikariPool-1 - Start completed.
2017.11.19 11:13:44,458	INFO	1	com.l2jserver.gameserver.idfactory.BitSetIDFactory	Updated characters online status.
2017.11.19 11:13:44,501	INFO	1	com.l2jserver.gameserver.idfactory.BitSetIDFactory	Cleaned 0 elements from database in 0 s
2017.11.19 11:13:44,514	INFO	1	com.l2jserver.gameserver.idfactory.BitSetIDFactory	Cleaned 0 expired timestamps from database.
2017.11.19 11:13:44,524	INFO	1	com.l2jserver.gameserver.idfactory.BitSetIDFactory	BitSetIDFactory: 102912 id's available.
2017.11.19 11:13:44,526	INFO	1	com.l2jserver.gameserver.GameServer	-------------------------------------------------=[ Engines ]
2017.11.19 11:13:45,163	INFO	1	com.l2jserver.gameserver.scripting.L2ScriptEngineManager	Script Engine: Oracle Nashorn 1.8.0_144 - Language: ECMAScript - Language Version: ECMA - 262 Edition 5.1
2017.11.19 11:13:45,713	INFO	1	com.l2jserver.gameserver.scripting.L2ScriptEngineManager	Script Engine: jython 2.2.1 - Language: python - Language Version: 2.2.1
2017.11.19 11:13:45,720	INFO	1	com.l2jserver.gameserver.scripting.L2ScriptEngineManager	Script Engine: java 1.8 - Language: java - Language Version: 1.8
2017.11.19 11:13:45,810	INFO	1	com.l2jserver.gameserver.GameServer	---------------------------------------------------=[ World ]
2017.11.19 11:13:45,818	INFO	1	com.l2jserver.util.data.xml.IXmlReader	InstanceManager: Multiverse Instance created.
2017.11.19 11:13:45,819	INFO	1	com.l2jserver.util.data.xml.IXmlReader	InstanceManager: Universe Instance created.
2017.11.19 11:13:46,134	INFO	1	com.l2jserver.util.data.xml.IXmlReader	InstanceManager: Loaded 160 instance names.
2017.11.19 11:13:53,512	INFO	1	com.l2jserver.gameserver.model.L2World	L2World: (128 by 136) World Region Grid set up.
2017.11.19 11:13:53,816	INFO	1	com.l2jserver.util.data.xml.IXmlReader	MapRegionManager: Loaded 57 map regions.
2017.11.19 11:13:53,840	INFO	1	com.l2jserver.gameserver.instancemanager.GlobalVariablesManager	GlobalVariablesManager: Loaded 0 variables.
2017.11.19 11:13:53,843	INFO	1	com.l2jserver.gameserver.GameServer	----------------------------------------------------=[ Data ]
2017.11.19 11:13:53,934	INFO	1	com.l2jserver.util.data.xml.IXmlReader	CategoryData: Loaded 124 Categories.
2017.11.19 11:13:53,947	INFO	1	com.l2jserver.util.data.xml.IXmlReader	SecondaryAuthData: Loaded 328 forbidden passwords.
2017.11.19 11:13:53,948	INFO	1	com.l2jserver.gameserver.GameServer	-------------------------------------------------=[ Effects ]
2017.11.19 11:13:56,249	INFO	1	handlers.EffectMasterHandler	EffectMasterHandler: Loaded 160 effect handlers.
2017.11.19 11:13:56,250	INFO	1	com.l2jserver.gameserver.GameServer	------------------------------------=[ Enchant Skill Groups ]
2017.11.19 11:13:56,281	INFO	1	com.l2jserver.util.data.xml.IXmlReader	EnchantSkillGroupsData: Loaded 4 groups and 90 routes.
2017.11.19 11:13:56,282	INFO	1	com.l2jserver.gameserver.GameServer	---------------------------------------------=[ Skill Trees ]
2017.11.19 11:13:57,213	INFO	1	com.l2jserver.util.data.xml.IXmlReader	Loaded 17176 Class Skills for 103 Class Skill Trees.
2017.11.19 11:13:57,214	INFO	1	com.l2jserver.util.data.xml.IXmlReader	Loaded 76 Sub-Class Skills.
2017.11.19 11:13:57,215	INFO	1	com.l2jserver.util.data.xml.IXmlReader	Loaded 77 Transfer Skills for 3 Transfer Skill Trees.
2017.11.19 11:13:57,216	INFO	1	com.l2jserver.util.data.xml.IXmlReader	Loaded 117 Fishing Skills, 8 Dwarven only Fishing Skills.
2017.11.19 11:13:57,218	INFO	1	com.l2jserver.util.data.xml.IXmlReader	Loaded 3 Collect Skills.
2017.11.19 11:13:57,220	INFO	1	com.l2jserver.util.data.xml.IXmlReader	Loaded 74 Pledge Skills, 44 for Pledge and 30 Residential.
2017.11.19 11:13:57,221	INFO	1	com.l2jserver.util.data.xml.IXmlReader	Loaded 18 Sub-Pledge Skills.
2017.11.19 11:13:57,223	INFO	1	com.l2jserver.util.data.xml.IXmlReader	Loaded 32 Transform Skills.
2017.11.19 11:13:57,224	INFO	1	com.l2jserver.util.data.xml.IXmlReader	Loaded 8 Noble Skills.
2017.11.19 11:13:57,226	INFO	1	com.l2jserver.util.data.xml.IXmlReader	Loaded 5 Hero Skills.
2017.11.19 11:13:57,227	INFO	1	com.l2jserver.util.data.xml.IXmlReader	Loaded 46 Game Master Skills.
2017.11.19 11:13:57,228	INFO	1	com.l2jserver.util.data.xml.IXmlReader	Loaded 46 Game Master Aura Skills.
2017.11.19 11:13:57,230	INFO	1	com.l2jserver.gameserver.GameServer	--------------------------------------------------=[ Skills ]
2017.11.19 11:14:05,047	INFO	1	com.l2jserver.gameserver.engines.DocumentEngine	DocumentEngine: Loaded 65957 Skill templates from XML files.
2017.11.19 11:14:05,139	INFO	1	com.l2jserver.gameserver.data.sql.impl.SummonSkillsTable	SummonSkillsTable: Loaded 1891 skills.
2017.11.19 11:14:05,139	INFO	1	com.l2jserver.gameserver.GameServer	---------------------------------------------------=[ Items ]
2017.11.19 11:14:06,812	INFO	1	com.l2jserver.gameserver.datatables.ItemTable	ItemTable: Highest item id used:22567
2017.11.19 11:14:06,816	INFO	1	com.l2jserver.gameserver.datatables.ItemTable	ItemTable: Loaded: 11481 Etc Items
2017.11.19 11:14:06,817	INFO	1	com.l2jserver.gameserver.datatables.ItemTable	ItemTable: Loaded: 3825 Armor Items
2017.11.19 11:14:06,817	INFO	1	com.l2jserver.gameserver.datatables.ItemTable	ItemTable: Loaded: 3893 Weapon Items
2017.11.19 11:14:06,818	INFO	1	com.l2jserver.gameserver.datatables.ItemTable	ItemTable: Loaded: 19199 Items in total.
2017.11.19 11:14:06,826	INFO	1	com.l2jserver.util.data.xml.IXmlReader	EnchantItemGroupsData: Loaded: 4 item group templates.
2017.11.19 11:14:06,826	INFO	1	com.l2jserver.util.data.xml.IXmlReader	EnchantItemGroupsData: Loaded: 1 scroll group templates.
2017.11.19 11:14:06,838	INFO	1	com.l2jserver.util.data.xml.IXmlReader	EnchantItemData: Loaded 63 Enchant Scrolls.
2017.11.19 11:14:06,839	INFO	1	com.l2jserver.util.data.xml.IXmlReader	EnchantItemData: Loaded 20 Support Items.
2017.11.19 11:14:06,866	INFO	1	com.l2jserver.util.data.xml.IXmlReader	EnchantItemOptionsData: Loaded: 23 Items and 1093 Options.
2017.11.19 11:14:08,658	INFO	1	com.l2jserver.util.data.xml.IXmlReader	OptionData: Loaded: 24985 Options.
2017.11.19 11:14:08,673	INFO	1	com.l2jserver.util.data.xml.IXmlReader	EnchantItemHPBonusData: Loaded 6 Enchant HP Bonuses.
2017.11.19 11:14:08,677	INFO	1	com.l2jserver.gameserver.datatables.MerchantPriceConfigTable	MerchantPriceConfigTable: Loaded 28 merchant price configs.
2017.11.19 11:14:10,560	INFO	1	com.l2jserver.util.data.xml.IXmlReader	BuyListData: Loaded 760 BuyLists.
2017.11.19 11:14:11,325	INFO	1	com.l2jserver.util.data.xml.IXmlReader	MultisellData: Loaded 192 multisell lists.
2017.11.19 11:14:11,417	INFO	1	com.l2jserver.util.data.xml.IXmlReader	RecipeData: Loaded 1000 recipes.
2017.11.19 11:14:11,489	INFO	1	com.l2jserver.util.data.xml.IXmlReader	ArmorSetsData: Loaded 198 Armor sets.
2017.11.19 11:14:11,514	INFO	1	com.l2jserver.util.data.xml.IXmlReader	FishData: Loaded 278 Fish.
2017.11.19 11:14:11,520	INFO	1	com.l2jserver.util.data.xml.IXmlReader	FishingMonstersData: Loaded 8 Fishing Monsters.
2017.11.19 11:14:11,525	INFO	1	com.l2jserver.util.data.xml.IXmlReader	FishingRodsData: Loaded 6 Fishing Rods.
2017.11.19 11:14:11,589	INFO	1	com.l2jserver.util.data.xml.IXmlReader	HennaData: Loaded 180 Henna data.
2017.11.19 11:14:11,591	INFO	1	com.l2jserver.gameserver.GameServer	----------------------------------------------=[ Characters ]
2017.11.19 11:14:11,599	INFO	1	com.l2jserver.util.data.xml.IXmlReader	ClassListData: Loaded 107 Class data.
2017.11.19 11:14:11,607	INFO	1	com.l2jserver.util.data.xml.IXmlReader	InitialEquipmentData: Loaded 11 Initial Equipment data.
2017.11.19 11:14:11,618	INFO	1	com.l2jserver.util.data.xml.IXmlReader	InitialShortcutData: Loaded 5 Initial Global Shortcuts data.
2017.11.19 11:14:11,619	INFO	1	com.l2jserver.util.data.xml.IXmlReader	InitialShortcutData: Loaded 4 Initial Shortcuts data.
2017.11.19 11:14:11,622	INFO	1	com.l2jserver.util.data.xml.IXmlReader	InitialShortcutData: Loaded 0 Macros presets.
2017.11.19 11:14:11,685	INFO	1	com.l2jserver.util.data.xml.IXmlReader	KarmaData: Loaded 85 karma modifiers.
2017.11.19 11:14:11,689	INFO	1	com.l2jserver.util.data.xml.IXmlReader	HitConditionBonusData: Loaded Hit Condition bonuses.
2017.11.19 11:14:12,352	INFO	1	com.l2jserver.util.data.xml.IXmlReader	PlayerTemplateData: Loaded 103 character templates.
2017.11.19 11:14:12,356	INFO	1	com.l2jserver.util.data.xml.IXmlReader	PlayerTemplateData: Loaded 52530 level up gain records.
2017.11.19 11:14:12,364	INFO	1	com.l2jserver.util.data.xml.IXmlReader	PlayerCreationPointData: Loaded 62 character creation points.
2017.11.19 11:14:12,375	INFO	1	com.l2jserver.gameserver.data.sql.impl.CharNameTable	CharNameTable: Loaded 0 char names.
2017.11.19 11:14:12,385	INFO	1	com.l2jserver.util.data.xml.IXmlReader	AdminData: Loaded: 10 Access Levels.
2017.11.19 11:14:12,394	INFO	1	com.l2jserver.util.data.xml.IXmlReader	AdminData: Loaded: 444 Access Commands.
2017.11.19 11:14:12,399	INFO	1	com.l2jserver.gameserver.instancemanager.RaidBossPointsManager	RaidBossPointsManager: Loaded 0 Characters Raid Points.
2017.11.19 11:14:13,089	INFO	1	com.l2jserver.util.data.xml.IXmlReader	PetDataTable: Loaded 52 Pets.
2017.11.19 11:14:13,105	INFO	1	com.l2jserver.gameserver.GameServer	---------------------------------------------------=[ Clans ]
2017.11.19 11:14:13,126	INFO	1	com.l2jserver.gameserver.communitybbs.Manager.ForumsBBSManager	Loaded 4 forums. Last forum id used: 4
2017.11.19 11:14:13,128	INFO	1	com.l2jserver.gameserver.data.sql.impl.ClanTable	ClanTable: Restored 0 clans from the database.
2017.11.19 11:14:13,142	INFO	1	com.l2jserver.gameserver.instancemanager.CHSiegeManager	CHSiegeManager: Loaded 6 conquerable clan halls.
2017.11.19 11:14:13,247	INFO	1	com.l2jserver.gameserver.instancemanager.AuctionManager	AuctionManager: Loaded: 38 auction(s)
2017.11.19 11:14:13,256	INFO	1	com.l2jserver.gameserver.instancemanager.ClanHallManager	ClanHallManager: Loaded: 0 clan halls
2017.11.19 11:14:13,258	INFO	1	com.l2jserver.gameserver.instancemanager.ClanHallManager	ClanHallManager: Loaded: 38 free clan halls
2017.11.19 11:14:13,260	INFO	1	com.l2jserver.gameserver.GameServer	-------------------------------------------------=[ Geodata ]
2017.11.19 11:14:13,276	INFO	1	com.l2jserver.gameserver.GeoData	GeoData: Loading 11_23.l2j...
2017.11.19 11:14:13,339	INFO	1	com.l2jserver.gameserver.GeoData	GeoData: Loading 11_24.l2j...
2017.11.19 11:14:13,346	INFO	1	com.l2jserver.gameserver.GeoData	GeoData: Loading 11_25.l2j...
2017.11.19 11:14:13,354	INFO	1	com.l2jserver.gameserver.GeoData	GeoData: Loading 11_26.l2j...
2017.11.19 11:14:13,372	INFO	1	com.l2jserver.gameserver.GeoData	GeoData: Loading 12_23.l2j...
2017.11.19 11:14:13,380	INFO	1	com.l2jserver.gameserver.GeoData	GeoData: Loading 12_24.l2j...
2017.11.19 11:14:13,427	INFO	1	com.l2jserver.gameserver.GeoData	GeoData: Loading 12_25.l2j...
2017.11.19 11:14:13,458	INFO	1	com.l2jserver.gameserver.GeoData	GeoData: Loading 12_26.l2j...
2017.11.19 11:14:13,471	INFO	1	com.l2jserver.gameserver.GeoData	GeoData: Loading 13_21.l2j...
2017.11.19 11:14:13,476	INFO	1	com.l2jserver.gameserver.GeoData	GeoData: Loading 13_22.l2j...
2017.11.19 11:14:13,479	INFO	1	com.l2jserver.gameserver.GeoData	GeoData: Loading 13_23.l2j...
2017.11.19 11:14:13,494	INFO	1	com.l2jserver.gameserver.GeoData	GeoData: Loading 13_24.l2j...
2017.11.19 11:14:13,514	INFO	1	com.l2jserver.gameserver.GeoData	GeoData: Loading 13_25.l2j...
2017.11.19 11:14:13,530	INFO	1	com.l2jserver.gameserver.GeoData	GeoData: Loading 13_26.l2j...
2017.11.19 11:14:13,540	INFO	1	com.l2jserver.gameserver.GeoData	GeoData: Loading 14_21.l2j...
2017.11.19 11:14:13,544	INFO	1	com.l2jserver.gameserver.GeoData	GeoData: Loading 14_22.l2j...
2017.11.19 11:14:13,566	INFO	1	com.l2jserver.gameserver.GeoData	GeoData: Loading 14_23.l2j...
2017.11.19 11:14:13,617	INFO	1	com.l2jserver.gameserver.GeoData	GeoData: Loading 14_24.l2j...
2017.11.19 11:14:13,640	INFO	1	com.l2jserver.gameserver.GeoData	GeoData: Loading 14_25.l2j...
2017.11.19 11:14:13,656	INFO	1	com.l2jserver.gameserver.GeoData	GeoData: Loading 14_26.l2j...
2017.11.19 11:14:13,663	INFO	1	com.l2jserver.gameserver.GeoData	GeoData: Loading 15_10.l2j...
2017.11.19 11:14:13,671	INFO	1	com.l2jserver.gameserver.GeoData	GeoData: Loading 15_11.l2j...
2017.11.19 11:14:13,678	INFO	1	com.l2jserver.gameserver.GeoData	GeoData: Loading 15_12.l2j...
2017.11.19 11:14:13,686	INFO	1	com.l2jserver.gameserver.GeoData	GeoData: Loading 15_18.l2j...
2017.11.19 11:14:13,690	INFO	1	com.l2jserver.gameserver.GeoData	GeoData: Loading 15_19.l2j...
2017.11.19 11:14:13,696	INFO	1	com.l2jserver.gameserver.GeoData	GeoData: Loading 15_20.l2j...
2017.11.19 11:14:13,699	INFO	1	com.l2jserver.gameserver.GeoData	GeoData: Loading 15_21.l2j...
2017.11.19 11:14:13,703	INFO	1	com.l2jserver.gameserver.GeoData	GeoData: Loading 15_22.l2j...
2017.11.19 11:14:13,706	INFO	1	com.l2jserver.gameserver.GeoData	GeoData: Loading 15_23.l2j...
2017.11.19 11:14:13,710	INFO	1	com.l2jserver.gameserver.GeoData	GeoData: Loading 15_24.l2j...
2017.11.19 11:14:13,714	INFO	1	com.l2jserver.gameserver.GeoData	GeoData: Loading 15_25.l2j...
2017.11.19 11:14:13,721	INFO	1	com.l2jserver.gameserver.GeoData	GeoData: Loading 15_26.l2j...
2017.11.19 11:14:13,726	INFO	1	com.l2jserver.gameserver.GeoData	GeoData: Loading 16_10.l2j...
2017.11.19 11:14:13,780	INFO	1	com.l2jserver.gameserver.GeoData	GeoData: Loading 16_11.l2j...
2017.11.19 11:14:13,787	INFO	1	com.l2jserver.gameserver.GeoData	GeoData: Loading 16_12.l2j...
2017.11.19 11:14:13,795	INFO	1	com.l2jserver.gameserver.GeoData	GeoData: Loading 16_13.l2j...
2017.11.19 11:14:13,800	INFO	1	com.l2jserver.gameserver.GeoData	GeoData: Loading 16_14.l2j...
2017.11.19 11:14:13,804	INFO	1	com.l2jserver.gameserver.GeoData	GeoData: Loading 16_15.l2j...
2017.11.19 11:14:13,808	INFO	1	com.l2jserver.gameserver.GeoData	GeoData: Loading 16_16.l2j...
2017.11.19 11:14:13,811	INFO	1	com.l2jserver.gameserver.GeoData	GeoData: Loading 16_17.l2j...
2017.11.19 11:14:13,813	INFO	1	com.l2jserver.gameserver.GeoData	GeoData: Loading 16_18.l2j...
2017.11.19 11:14:13,818	INFO	1	com.l2jserver.gameserver.GeoData	GeoData: Loading 16_19.l2j...
2017.11.19 11:14:13,836	INFO	1	com.l2jserver.gameserver.GeoData	GeoData: Loading 16_20.l2j...
2017.11.19 11:14:13,856	INFO	1	com.l2jserver.gameserver.GeoData	GeoData: Loading 16_21.l2j...
2017.11.19 11:14:13,861	INFO	1	com.l2jserver.gameserver.GeoData	GeoData: Loading 16_22.l2j...
2017.11.19 11:14:13,864	INFO	1	com.l2jserver.gameserver.GeoData	GeoData: Loading 16_23.l2j...
2017.11.19 11:14:13,868	INFO	1	com.l2jserver.gameserver.GeoData	GeoData: Loading 16_24.l2j...
2017.11.19 11:14:13,878	INFO	1	com.l2jserver.gameserver.GeoData	GeoData: Loading 16_25.l2j...
2017.11.19 11:14:13,889	INFO	1	com.l2jserver.gameserver.GeoData	GeoData: Loading 16_26.l2j...
2017.11.19 11:14:13,892	INFO	1	com.l2jserver.gameserver.GeoData	GeoData: Loading 17_10.l2j...
2017.11.19 11:14:13,896	INFO	1	com.l2jserver.gameserver.GeoData	GeoData: Loading 17_11.l2j...
2017.11.19 11:14:13,900	INFO	1	com.l2jserver.gameserver.GeoData	GeoData: Loading 17_12.l2j...
2017.11.19 11:14:13,905	INFO	1	com.l2jserver.gameserver.GeoData	GeoData: Loading 17_13.l2j...
2017.11.19 11:14:13,909	INFO	1	com.l2jserver.gameserver.GeoData	GeoData: Loading 17_14.l2j...
2017.11.19 11:14:13,913	INFO	1	com.l2jserver.gameserver.GeoData	GeoData: Loading 17_15.l2j...
2017.11.19 11:14:13,920	INFO	1	com.l2jserver.gameserver.GeoData	GeoData: Loading 17_16.l2j...
2017.11.19 11:14:14,192	INFO	1	com.l2jserver.gameserver.GeoData	GeoData: Loading 17_17.l2j...
2017.11.19 11:14:14,197	INFO	1	com.l2jserver.gameserver.GeoData	GeoData: Loading 17_18.l2j...
2017.11.19 11:14:14,200	INFO	1	com.l2jserver.gameserver.GeoData	GeoData: Loading 17_19.l2j...
2017.11.19 11:14:14,215	INFO	1	com.l2jserver.gameserver.GeoData	GeoData: Loading 17_20.l2j...
2017.11.19 11:14:14,226	INFO	1	com.l2jserver.gameserver.GeoData	GeoData: Loading 17_21.l2j...
2017.11.19 11:14:14,242	INFO	1	com.l2jserver.gameserver.GeoData	GeoData: Loading 17_22.l2j...
2017.11.19 11:14:14,256	INFO	1	com.l2jserver.gameserver.GeoData	GeoData: Loading 17_23.l2j...
2017.11.19 11:14:14,263	INFO	1	com.l2jserver.gameserver.GeoData	GeoData: Loading 17_24.l2j...
2017.11.19 11:14:14,269	INFO	1	com.l2jserver.gameserver.GeoData	GeoData: Loading 17_25.l2j...
2017.11.19 11:14:14,280	INFO	1	com.l2jserver.gameserver.GeoData	GeoData: Loading 17_26.l2j...
2017.11.19 11:14:14,283	INFO	1	com.l2jserver.gameserver.GeoData	GeoData: Loading 18_10.l2j...
2017.11.19 11:14:14,289	INFO	1	com.l2jserver.gameserver.GeoData	GeoData: Loading 18_11.l2j...
2017.11.19 11:14:14,293	INFO	1	com.l2jserver.gameserver.GeoData	GeoData: Loading 18_12.l2j...
2017.11.19 11:14:14,297	INFO	1	com.l2jserver.gameserver.GeoData	GeoData: Loading 18_13.l2j...
2017.11.19 11:14:14,300	INFO	1	com.l2jserver.gameserver.GeoData	GeoData: Loading 18_14.l2j...
2017.11.19 11:14:14,310	INFO	1	com.l2jserver.gameserver.GeoData	GeoData: Loading 18_15.l2j...
2017.11.19 11:14:14,318	INFO	1	com.l2jserver.gameserver.GeoData	GeoData: Loading 18_16.l2j...
2017.11.19 11:14:14,326	INFO	1	com.l2jserver.gameserver.GeoData	GeoData: Loading 18_17.l2j...
2017.11.19 11:14:14,329	INFO	1	com.l2jserver.gameserver.GeoData	GeoData: Loading 18_18.l2j...
2017.11.19 11:14:14,332	INFO	1	com.l2jserver.gameserver.GeoData	GeoData: Loading 18_19.l2j...
2017.11.19 11:14:14,345	INFO	1	com.l2jserver.gameserver.GeoData	GeoData: Loading 18_20.l2j...
2017.11.19 11:14:14,358	INFO	1	com.l2jserver.gameserver.GeoData	GeoData: Loading 18_21.l2j...
2017.11.19 11:14:14,372	INFO	1	com.l2jserver.gameserver.GeoData	GeoData: Loading 18_22.l2j...
2017.11.19 11:14:14,386	INFO	1	com.l2jserver.gameserver.GeoData	GeoData: Loading 18_23.l2j...
2017.11.19 11:14:14,401	INFO	1	com.l2jserver.gameserver.GeoData	GeoData: Loading 18_24.l2j...
2017.11.19 11:14:14,415	INFO	1	com.l2jserver.gameserver.GeoData	GeoData: Loading 18_25.l2j...
2017.11.19 11:14:14,420	INFO	1	com.l2jserver.gameserver.GeoData	GeoData: Loading 18_26.l2j...
2017.11.19 11:14:14,424	INFO	1	com.l2jserver.gameserver.GeoData	GeoData: Loading 19_10.l2j...
2017.11.19 11:14:14,430	INFO	1	com.l2jserver.gameserver.GeoData	GeoData: Loading 19_11.l2j...
2017.11.19 11:14:14,433	INFO	1	com.l2jserver.gameserver.GeoData	GeoData: Loading 19_12.l2j...
2017.11.19 11:14:14,437	INFO	1	com.l2jserver.gameserver.GeoData	GeoData: Loading 19_13.l2j...
2017.11.19 11:14:14,445	INFO	1	com.l2jserver.gameserver.GeoData	GeoData: Loading 19_14.l2j...
2017.11.19 11:14:14,462	INFO	1	com.l2jserver.gameserver.GeoData	GeoData: Loading 19_15.l2j...
2017.11.19 11:14:14,474	INFO	1	com.l2jserver.gameserver.GeoData	GeoData: Loading 19_16.l2j...
2017.11.19 11:14:14,483	INFO	1	com.l2jserver.gameserver.GeoData	GeoData: Loading 19_17.l2j...
2017.11.19 11:14:14,489	INFO	1	com.l2jserver.gameserver.GeoData	GeoData: Loading 19_18.l2j...
2017.11.19 11:14:14,502	INFO	1	com.l2jserver.gameserver.GeoData	GeoData: Loading 19_19.l2j...
2017.11.19 11:14:14,519	INFO	1	com.l2jserver.gameserver.GeoData	GeoData: Loading 19_20.l2j...
2017.11.19 11:14:14,538	INFO	1	com.l2jserver.gameserver.GeoData	GeoData: Loading 19_21.l2j...
2017.11.19 11:14:14,555	INFO	1	com.l2jserver.gameserver.GeoData	GeoData: Loading 19_22.l2j...
2017.11.19 11:14:14,571	INFO	1	com.l2jserver.gameserver.GeoData	GeoData: Loading 19_23.l2j...
2017.11.19 11:14:14,589	INFO	1	com.l2jserver.gameserver.GeoData	GeoData: Loading 19_24.l2j...
2017.11.19 11:14:14,597	INFO	1	com.l2jserver.gameserver.GeoData	GeoData: Loading 19_25.l2j...
2017.11.19 11:14:14,614	INFO	1	com.l2jserver.gameserver.GeoData	GeoData: Loading 19_26.l2j...
2017.11.19 11:14:14,934	INFO	1	com.l2jserver.gameserver.GeoData	GeoData: Loading 20_10.l2j...
2017.11.19 11:14:14,941	INFO	1	com.l2jserver.gameserver.GeoData	GeoData: Loading 20_11.l2j...
2017.11.19 11:14:14,945	INFO	1	com.l2jserver.gameserver.GeoData	GeoData: Loading 20_12.l2j...
2017.11.19 11:14:14,948	INFO	1	com.l2jserver.gameserver.GeoData	GeoData: Loading 20_13.l2j...
2017.11.19 11:14:14,959	INFO	1	com.l2jserver.gameserver.GeoData	GeoData: Loading 20_14.l2j...
2017.11.19 11:14:14,977	INFO	1	com.l2jserver.gameserver.GeoData	GeoData: Loading 20_15.l2j...
2017.11.19 11:14:14,986	INFO	1	com.l2jserver.gameserver.GeoData	GeoData: Loading 20_16.l2j...
2017.11.19 11:14:14,995	INFO	1	com.l2jserver.gameserver.GeoData	GeoData: Loading 20_17.l2j...
2017.11.19 11:14:15,011	INFO	1	com.l2jserver.gameserver.GeoData	GeoData: Loading 20_18.l2j...
2017.11.19 11:14:15,021	INFO	1	com.l2jserver.gameserver.GeoData	GeoData: Loading 20_19.l2j...
2017.11.19 11:14:15,032	INFO	1	com.l2jserver.gameserver.GeoData	GeoData: Loading 20_20.l2j...
2017.11.19 11:14:15,046	INFO	1	com.l2jserver.gameserver.GeoData	GeoData: Loading 20_21.l2j...
2017.11.19 11:14:15,067	INFO	1	com.l2jserver.gameserver.GeoData	GeoData: Loading 20_22.l2j...
2017.11.19 11:14:15,080	INFO	1	com.l2jserver.gameserver.GeoData	GeoData: Loading 20_23.l2j...
2017.11.19 11:14:15,092	INFO	1	com.l2jserver.gameserver.GeoData	GeoData: Loading 20_24.l2j...
2017.11.19 11:14:15,095	INFO	1	com.l2jserver.gameserver.GeoData	GeoData: Loading 20_25.l2j...
2017.11.19 11:14:15,107	INFO	1	com.l2jserver.gameserver.GeoData	GeoData: Loading 20_26.l2j...
2017.11.19 11:14:15,112	INFO	1	com.l2jserver.gameserver.GeoData	GeoData: Loading 21_10.l2j...
2017.11.19 11:14:15,116	INFO	1	com.l2jserver.gameserver.GeoData	GeoData: Loading 21_11.l2j...
2017.11.19 11:14:15,118	INFO	1	com.l2jserver.gameserver.GeoData	GeoData: Loading 21_12.l2j...
2017.11.19 11:14:15,121	INFO	1	com.l2jserver.gameserver.GeoData	GeoData: Loading 21_13.l2j...
2017.11.19 11:14:15,123	INFO	1	com.l2jserver.gameserver.GeoData	GeoData: Loading 21_14.l2j...
2017.11.19 11:14:15,136	INFO	1	com.l2jserver.gameserver.GeoData	GeoData: Loading 21_15.l2j...
2017.11.19 11:14:15,148	INFO	1	com.l2jserver.gameserver.GeoData	GeoData: Loading 21_16.l2j...
2017.11.19 11:14:15,162	INFO	1	com.l2jserver.gameserver.GeoData	GeoData: Loading 21_17.l2j...
2017.11.19 11:14:15,169	INFO	1	com.l2jserver.gameserver.GeoData	GeoData: Loading 21_18.l2j...
2017.11.19 11:14:15,182	INFO	1	com.l2jserver.gameserver.GeoData	GeoData: Loading 21_19.l2j...
2017.11.19 11:14:15,194	INFO	1	com.l2jserver.gameserver.GeoData	GeoData: Loading 21_20.l2j...
2017.11.19 11:14:15,206	INFO	1	com.l2jserver.gameserver.GeoData	GeoData: Loading 21_21.l2j...
2017.11.19 11:14:15,221	INFO	1	com.l2jserver.gameserver.GeoData	GeoData: Loading 21_22.l2j...
2017.11.19 11:14:15,235	INFO	1	com.l2jserver.gameserver.GeoData	GeoData: Loading 21_23.l2j...
2017.11.19 11:14:15,248	INFO	1	com.l2jserver.gameserver.GeoData	GeoData: Loading 21_24.l2j...
2017.11.19 11:14:15,260	INFO	1	com.l2jserver.gameserver.GeoData	GeoData: Loading 21_25.l2j...
2017.11.19 11:14:15,264	INFO	1	com.l2jserver.gameserver.GeoData	GeoData: Loading 22_10.l2j...
2017.11.19 11:14:15,267	INFO	1	com.l2jserver.gameserver.GeoData	GeoData: Loading 22_11.l2j...
2017.11.19 11:14:15,279	INFO	1	com.l2jserver.gameserver.GeoData	GeoData: Loading 22_12.l2j...
2017.11.19 11:14:15,282	INFO	1	com.l2jserver.gameserver.GeoData	GeoData: Loading 22_13.l2j...
2017.11.19 11:14:15,294	INFO	1	com.l2jserver.gameserver.GeoData	GeoData: Loading 22_14.l2j...
2017.11.19 11:14:15,310	INFO	1	com.l2jserver.gameserver.GeoData	GeoData: Loading 22_15.l2j...
2017.11.19 11:14:15,325	INFO	1	com.l2jserver.gameserver.GeoData	GeoData: Loading 22_16.l2j...
2017.11.19 11:14:19,377	INFO	1	com.l2jserver.gameserver.GeoData	GeoData: Loading 22_17.l2j...
2017.11.19 11:14:19,389	INFO	1	com.l2jserver.gameserver.GeoData	GeoData: Loading 22_18.l2j...
2017.11.19 11:14:19,401	INFO	1	com.l2jserver.gameserver.GeoData	GeoData: Loading 22_19.l2j...
2017.11.19 11:14:19,415	INFO	1	com.l2jserver.gameserver.GeoData	GeoData: Loading 22_20.l2j...
2017.11.19 11:14:19,430	INFO	1	com.l2jserver.gameserver.GeoData	GeoData: Loading 22_21.l2j...
2017.11.19 11:14:19,445	INFO	1	com.l2jserver.gameserver.GeoData	GeoData: Loading 22_22.l2j...
2017.11.19 11:14:19,459	INFO	1	com.l2jserver.gameserver.GeoData	GeoData: Loading 22_23.l2j...
2017.11.19 11:14:19,473	INFO	1	com.l2jserver.gameserver.GeoData	GeoData: Loading 22_24.l2j...
2017.11.19 11:14:19,485	INFO	1	com.l2jserver.gameserver.GeoData	GeoData: Loading 22_25.l2j...
2017.11.19 11:14:19,497	INFO	1	com.l2jserver.gameserver.GeoData	GeoData: Loading 22_26.l2j...
2017.11.19 11:14:19,499	INFO	1	com.l2jserver.gameserver.GeoData	GeoData: Loading 23_10.l2j...
2017.11.19 11:14:19,500	INFO	1	com.l2jserver.gameserver.GeoData	GeoData: Loading 23_11.l2j...
2017.11.19 11:14:19,509	INFO	1	com.l2jserver.gameserver.GeoData	GeoData: Loading 23_12.l2j...
2017.11.19 11:14:19,523	INFO	1	com.l2jserver.gameserver.GeoData	GeoData: Loading 23_13.l2j...
2017.11.19 11:14:19,538	INFO	1	com.l2jserver.gameserver.GeoData	GeoData: Loading 23_14.l2j...
2017.11.19 11:14:19,563	INFO	1	com.l2jserver.gameserver.GeoData	GeoData: Loading 23_15.l2j...
2017.11.19 11:14:19,585	INFO	1	com.l2jserver.gameserver.GeoData	GeoData: Loading 23_16.l2j...
2017.11.19 11:14:19,602	INFO	1	com.l2jserver.gameserver.GeoData	GeoData: Loading 23_17.l2j...
2017.11.19 11:14:19,617	INFO	1	com.l2jserver.gameserver.GeoData	GeoData: Loading 23_18.l2j...
2017.11.19 11:14:19,631	INFO	1	com.l2jserver.gameserver.GeoData	GeoData: Loading 23_19.l2j...
2017.11.19 11:14:19,649	INFO	1	com.l2jserver.gameserver.GeoData	GeoData: Loading 23_20.l2j...
2017.11.19 11:14:19,666	INFO	1	com.l2jserver.gameserver.GeoData	GeoData: Loading 23_21.l2j...
2017.11.19 11:14:19,683	INFO	1	com.l2jserver.gameserver.GeoData	GeoData: Loading 23_22.l2j...
2017.11.19 11:14:19,696	INFO	1	com.l2jserver.gameserver.GeoData	GeoData: Loading 23_23.l2j...
2017.11.19 11:14:19,710	INFO	1	com.l2jserver.gameserver.GeoData	GeoData: Loading 23_24.l2j...
2017.11.19 11:14:20,198	INFO	1	com.l2jserver.gameserver.GeoData	GeoData: Loading 23_25.l2j...
2017.11.19 11:14:20,208	INFO	1	com.l2jserver.gameserver.GeoData	GeoData: Loading 23_26.l2j...
2017.11.19 11:14:20,210	INFO	1	com.l2jserver.gameserver.GeoData	GeoData: Loading 24_10.l2j...
2017.11.19 11:14:20,212	INFO	1	com.l2jserver.gameserver.GeoData	GeoData: Loading 24_11.l2j...
2017.11.19 11:14:20,223	INFO	1	com.l2jserver.gameserver.GeoData	GeoData: Loading 24_12.l2j...
2017.11.19 11:14:20,244	INFO	1	com.l2jserver.gameserver.GeoData	GeoData: Loading 24_13.l2j...
2017.11.19 11:14:20,251	INFO	1	com.l2jserver.gameserver.GeoData	GeoData: Loading 24_14.l2j...
2017.11.19 11:14:20,265	INFO	1	com.l2jserver.gameserver.GeoData	GeoData: Loading 24_15.l2j...
2017.11.19 11:14:20,285	INFO	1	com.l2jserver.gameserver.GeoData	GeoData: Loading 24_16.l2j...
2017.11.19 11:14:20,304	INFO	1	com.l2jserver.gameserver.GeoData	GeoData: Loading 24_17.l2j...
2017.11.19 11:14:20,321	INFO	1	com.l2jserver.gameserver.GeoData	GeoData: Loading 24_18.l2j...
2017.11.19 11:14:20,339	INFO	1	com.l2jserver.gameserver.GeoData	GeoData: Loading 24_19.l2j...
2017.11.19 11:14:20,355	INFO	1	com.l2jserver.gameserver.GeoData	GeoData: Loading 24_20.l2j...
2017.11.19 11:14:20,385	INFO	1	com.l2jserver.gameserver.GeoData	GeoData: Loading 24_21.l2j...
2017.11.19 11:14:20,399	INFO	1	com.l2jserver.gameserver.GeoData	GeoData: Loading 24_22.l2j...
2017.11.19 11:14:20,425	INFO	1	com.l2jserver.gameserver.GeoData	GeoData: Loading 24_23.l2j...
2017.11.19 11:14:20,442	INFO	1	com.l2jserver.gameserver.GeoData	GeoData: Loading 24_24.l2j...
2017.11.19 11:14:20,446	INFO	1	com.l2jserver.gameserver.GeoData	GeoData: Loading 24_25.l2j...
2017.11.19 11:14:20,449	INFO	1	com.l2jserver.gameserver.GeoData	GeoData: Loading 24_26.l2j...
2017.11.19 11:14:20,451	INFO	1	com.l2jserver.gameserver.GeoData	GeoData: Loading 25_10.l2j...
2017.11.19 11:14:20,456	INFO	1	com.l2jserver.gameserver.GeoData	GeoData: Loading 25_11.l2j...
2017.11.19 11:14:20,474	INFO	1	com.l2jserver.gameserver.GeoData	GeoData: Loading 25_12.l2j...
2017.11.19 11:14:20,500	INFO	1	com.l2jserver.gameserver.GeoData	GeoData: Loading 25_14.l2j...
2017.11.19 11:14:20,530	INFO	1	com.l2jserver.gameserver.GeoData	GeoData: Loading 25_15.l2j...
2017.11.19 11:14:20,555	INFO	1	com.l2jserver.gameserver.GeoData	GeoData: Loading 25_16.l2j...
2017.11.19 11:14:20,571	INFO	1	com.l2jserver.gameserver.GeoData	GeoData: Loading 25_17.l2j...
2017.11.19 11:14:20,587	INFO	1	com.l2jserver.gameserver.GeoData	GeoData: Loading 25_18.l2j...
2017.11.19 11:14:25,022	INFO	1	com.l2jserver.gameserver.GeoData	GeoData: Loading 25_19.l2j...
2017.11.19 11:14:25,040	INFO	1	com.l2jserver.gameserver.GeoData	GeoData: Loading 25_20.l2j...
2017.11.19 11:14:25,045	INFO	1	com.l2jserver.gameserver.GeoData	GeoData: Loading 25_21.l2j...
2017.11.19 11:14:25,049	INFO	1	com.l2jserver.gameserver.GeoData	GeoData: Loading 25_22.l2j...
2017.11.19 11:14:25,052	INFO	1	com.l2jserver.gameserver.GeoData	GeoData: Loading 25_23.l2j...
2017.11.19 11:14:25,054	INFO	1	com.l2jserver.gameserver.GeoData	GeoData: Loading 25_24.l2j...
2017.11.19 11:14:25,056	INFO	1	com.l2jserver.gameserver.GeoData	GeoData: Loading 26_11.l2j...
2017.11.19 11:14:25,060	INFO	1	com.l2jserver.gameserver.GeoData	GeoData: Loading 26_12.l2j...
2017.11.19 11:14:25,066	INFO	1	com.l2jserver.gameserver.GeoData	GeoData: Loading 26_14.l2j...
2017.11.19 11:14:25,077	INFO	1	com.l2jserver.gameserver.GeoData	GeoData: Loading 26_15.l2j...
2017.11.19 11:14:25,080	INFO	1	com.l2jserver.gameserver.GeoData	GeoData: Loading 26_16.l2j...
2017.11.19 11:14:25,083	INFO	1	com.l2jserver.gameserver.GeoData	GeoData: Loaded 203 regions.
2017.11.19 11:14:25,084	INFO	1	com.l2jserver.gameserver.GameServer	----------------------------------------------------=[ NPCs ]
2017.11.19 11:14:25,091	INFO	1	com.l2jserver.util.data.xml.IXmlReader	SkillLearnData: Loaded 256 Skill Learn data.
2017.11.19 11:14:25,105	INFO	1	com.l2jserver.util.data.xml.IXmlReader	MinionData: Loaded 128 minions data.
2017.11.19 11:14:41,518	INFO	1	com.l2jserver.util.data.xml.IXmlReader	NpcData: Loaded 10461 NPCs.
2017.11.19 11:14:42,110	INFO	1	com.l2jserver.util.data.xml.IXmlReader	WalkingManager: Loaded 123 walking routes.
2017.11.19 11:14:42,156	INFO	1	com.l2jserver.util.data.xml.IXmlReader	StaticObjectData: Loaded 51 static object templates.
2017.11.19 11:14:42,514	INFO	1	com.l2jserver.gameserver.instancemanager.GrandBossManager	GrandBossManager: Queen Ant(29001) status is 0.
2017.11.19 11:14:42,516	INFO	1	com.l2jserver.gameserver.instancemanager.GrandBossManager	GrandBossManager: Core(29006) status is 0.
2017.11.19 11:14:42,517	INFO	1	com.l2jserver.gameserver.instancemanager.GrandBossManager	GrandBossManager: Orfen(29014) status is 0.
2017.11.19 11:14:42,518	INFO	1	com.l2jserver.gameserver.instancemanager.GrandBossManager	GrandBossManager: Baium(29020) status is 0.
2017.11.19 11:14:42,519	INFO	1	com.l2jserver.gameserver.instancemanager.GrandBossManager	GrandBossManager: Valakas(29028) status is 0.
2017.11.19 11:14:42,520	INFO	1	com.l2jserver.gameserver.instancemanager.GrandBossManager	GrandBossManager: Antharas(29068) status is 0.
2017.11.19 11:14:42,521	INFO	1	com.l2jserver.gameserver.instancemanager.GrandBossManager	GrandBossManager: Beleth(29118) status is 0.
2017.11.19 11:14:42,521	INFO	1	com.l2jserver.gameserver.instancemanager.GrandBossManager	GrandBossManager: Loaded 7 Instances
2017.11.19 11:14:47,480	INFO	1	com.l2jserver.util.data.xml.IXmlReader	DoorData: Loaded 1301 Door templates for 22 regions.
2017.11.19 11:14:50,157	INFO	1	com.l2jserver.util.data.xml.IXmlReader	ZoneManager: Loaded 28 zone classes and 2793 zones.
2017.11.19 11:14:50,158	INFO	1	com.l2jserver.util.data.xml.IXmlReader	ZoneManager: Loaded 0 NPC spawn territoriers.
2017.11.19 11:14:50,183	INFO	1	com.l2jserver.gameserver.instancemanager.CastleManager	CastleManager: Loaded: 9 castles
2017.11.19 11:14:50,194	INFO	1	com.l2jserver.gameserver.data.sql.impl.NpcBufferTable	NpcBufferTable: Loaded 1 buffers and 10 skills.
2017.11.19 11:14:50,197	INFO	1	com.l2jserver.gameserver.instancemanager.GrandBossManager	GrandBossManager: Initialized 12 Grand Boss Zones
2017.11.19 11:14:50,200	INFO	1	com.l2jserver.gameserver.GameServer	-----------------------------------------=[ Auction Manager ]
2017.11.19 11:14:50,225	INFO	1	com.l2jserver.gameserver.model.itemauction.ItemAuctionInstance	Loaded 82 item(s) and registered 0 auction(s) for NPC ID 32320.
2017.11.19 11:14:50,245	INFO	1	com.l2jserver.gameserver.model.itemauction.ItemAuctionInstance	Schedule next auction ID 1 on 17:00:00 24.11.17 for NPC ID 32320.
2017.11.19 11:14:50,248	INFO	1	com.l2jserver.gameserver.model.itemauction.ItemAuctionInstance	Loaded 82 item(s) and registered 0 auction(s) for NPC ID 32321.
2017.11.19 11:14:50,252	INFO	1	com.l2jserver.gameserver.model.itemauction.ItemAuctionInstance	Schedule next auction ID 2 on 17:00:00 20.11.17 for NPC ID 32321.
2017.11.19 11:14:50,255	INFO	1	com.l2jserver.gameserver.model.itemauction.ItemAuctionInstance	Loaded 82 item(s) and registered 0 auction(s) for NPC ID 32322.
2017.11.19 11:14:50,259	INFO	1	com.l2jserver.gameserver.model.itemauction.ItemAuctionInstance	Schedule next auction ID 3 on 17:00:00 22.11.17 for NPC ID 32322.
2017.11.19 11:14:50,260	INFO	1	com.l2jserver.gameserver.instancemanager.ItemAuctionManager	Loaded 3 auction manager instance(s).
2017.11.19 11:14:50,260	INFO	1	com.l2jserver.gameserver.GameServer	------------------------------------------------=[ Olympiad ]
2017.11.19 11:14:50,273	INFO	1	com.l2jserver.gameserver.model.olympiad.Olympiad	Olympiad System: failed to load data from database, trying to load from file.
2017.11.19 11:14:50,414	INFO	1	com.l2jserver.gameserver.model.olympiad.Olympiad	Olympiad System: Loading Olympiad System....
2017.11.19 11:14:50,415	INFO	1	com.l2jserver.gameserver.model.olympiad.Olympiad	Olympiad System: Currently in Olympiad Period
2017.11.19 11:14:50,415	INFO	1	com.l2jserver.gameserver.model.olympiad.Olympiad	Olympiad System: 17325 minutes until period ends
2017.11.19 11:14:50,416	INFO	1	com.l2jserver.gameserver.model.olympiad.Olympiad	Olympiad System: Next weekly change is in 10079 minutes
2017.11.19 11:14:50,416	INFO	1	com.l2jserver.gameserver.model.olympiad.Olympiad	Olympiad System: Loaded 0 Nobles
2017.11.19 11:14:50,419	INFO	1	com.l2jserver.gameserver.model.olympiad.Olympiad	Olympiad System: Competition Period Starts in 0 days, 6 hours and 45 mins.
2017.11.19 11:14:50,425	INFO	1	com.l2jserver.gameserver.model.olympiad.Olympiad	Olympiad System: Event starts/started : Sun Nov 19 18:00:50 CST 2017
2017.11.19 11:14:50,433	INFO	1	com.l2jserver.gameserver.model.entity.Hero	Hero System: Loaded 0 Heroes.
2017.11.19 11:14:50,434	INFO	1	com.l2jserver.gameserver.model.entity.Hero	Hero System: Loaded 0 all time Heroes.
2017.11.19 11:14:50,435	INFO	1	com.l2jserver.gameserver.GameServer	---------------------------------------------=[ Seven Signs ]
2017.11.19 11:14:50,442	INFO	1	com.l2jserver.gameserver.SevenSigns	SevenSigns: Currently in the Competition (Quest Event) period.
2017.11.19 11:14:50,443	INFO	1	com.l2jserver.gameserver.SevenSigns	SevenSigns: The Seal of Avarice remains unclaimed.
2017.11.19 11:14:50,443	INFO	1	com.l2jserver.gameserver.SevenSigns	SevenSigns: The Seal of Gnosis remains unclaimed.
2017.11.19 11:14:50,444	INFO	1	com.l2jserver.gameserver.SevenSigns	SevenSigns: The Seal of Strife remains unclaimed.
2017.11.19 11:14:50,445	INFO	1	com.l2jserver.gameserver.SevenSigns	SevenSigns: The competition, if the current trend continues, will end in a tie this week.
2017.11.19 11:14:50,445	INFO	1	com.l2jserver.gameserver.SevenSigns	SevenSigns: Next period change set to Mon Nov 20 18:00:50 CST 2017.
2017.11.19 11:14:50,448	INFO	1	com.l2jserver.gameserver.SevenSigns	SevenSigns: Next period begins in 1 days, 6 hours and 45 mins.
2017.11.19 11:14:50,448	INFO	1	com.l2jserver.gameserver.GameServer	---------------------------------------------------=[ Cache ]
2017.11.19 11:14:50,451	INFO	1	com.l2jserver.gameserver.cache.HtmCache	Cache[HTML]: Running lazy cache
2017.11.19 11:14:50,469	INFO	1	com.l2jserver.gameserver.data.sql.impl.CrestTable	CrestTable: Loaded 0 Crests.
2017.11.19 11:14:50,483	INFO	1	com.l2jserver.gameserver.data.sql.impl.TeleportLocationTable	TeleportLocationTable: Loaded 957 Teleport Location Templates.
2017.11.19 11:14:50,509	INFO	1	com.l2jserver.util.data.xml.IXmlReader	UIData: Loaded 4 keys 5 categories.
2017.11.19 11:14:50,682	INFO	1	com.l2jserver.gameserver.datatables.AugmentationData	AugmentationData: Loaded: 33960 augmentations.
2017.11.19 11:14:50,697	INFO	1	com.l2jserver.gameserver.datatables.AugmentationData	AugmentationData: Loaded: 2754 accessory augmentations.
2017.11.19 11:14:50,715	INFO	1	com.l2jserver.gameserver.instancemanager.CursedWeaponsManager	CursedWeaponsManager: Loaded : 2 cursed weapon(s).
2017.11.19 11:14:56,861	INFO	1	com.l2jserver.util.data.xml.IXmlReader	TransformData: Loaded: 111 transform templates.
2017.11.19 11:14:56,880	INFO	1	com.l2jserver.gameserver.datatables.BotReportTable	BotReportTable: Loaded 0 bot reports
2017.11.19 11:14:56,881	INFO	1	com.l2jserver.gameserver.GameServer	-------------------------------------------------=[ Scripts ]
2017.11.19 11:14:56,889	INFO	1	com.l2jserver.gameserver.instancemanager.AirShipManager	AirShipManager: Loaded 0 private airships
2017.11.19 11:14:56,891	INFO	1	com.l2jserver.gameserver.GameServer	GameServer: Loading server scripts:
2017.11.19 11:15:08,386	INFO	1	handlers.MasterHandler	Loading Handlers...
2017.11.19 11:15:08,457	INFO	1	handlers.MasterHandler	ActionHandler: Loaded 10 Handlers
2017.11.19 11:15:08,458	INFO	1	handlers.MasterHandler	ActionShiftHandler: Loaded 6 Handlers
2017.11.19 11:15:08,458	INFO	1	handlers.MasterHandler	AdminCommandHandler: Loaded 447 Handlers
2017.11.19 11:15:08,458	INFO	1	handlers.MasterHandler	BypassHandler: Loaded 48 Handlers
2017.11.19 11:15:08,459	INFO	1	handlers.MasterHandler	ChatHandler: Loaded 14 Handlers
2017.11.19 11:15:08,459	INFO	1	handlers.MasterHandler	CommunityBoardHandler: Loaded 15 Handlers
2017.11.19 11:15:08,460	INFO	1	handlers.MasterHandler	ItemHandler: Loaded 31 Handlers
2017.11.19 11:15:08,460	INFO	1	handlers.MasterHandler	PunishmentHandler: Loaded 3 Handlers
2017.11.19 11:15:08,461	INFO	1	handlers.MasterHandler	UserCommandHandler: Loaded 17 Handlers
2017.11.19 11:15:08,461	INFO	1	handlers.MasterHandler	VoicedCommandHandler: Loaded 1 Handlers
2017.11.19 11:15:08,461	INFO	1	handlers.MasterHandler	TargetHandler: Loaded 35 Handlers
2017.11.19 11:15:08,462	INFO	1	handlers.MasterHandler	TelnetHandler: Loaded 20 Handlers
2017.11.19 11:15:08,462	INFO	1	handlers.MasterHandler	Handlers Loaded...
2017.11.19 11:16:00,250	INFO	1	com.l2jserver.util.data.xml.IXmlReader	NpcBuffersData: Loaded: 33 buffers data.
2017.11.19 11:16:48,834	INFO	1	com.l2jserver.gameserver.model.events.AbstractScript	Handy's Block Checker Event is enabled
2017.11.19 11:18:29,561	INFO	1	instances.InstanceLoader	InstanceLoader: Loading Instances scripts.
2017.11.19 11:18:34,074	INFO	1	gracia.GraciaLoader	GraciaLoader: Loading Gracia related scripts.
2017.11.19 11:18:35,107	INFO	1	hellbound.HellboundLoader	HellboundLoader: Loading Hellbound related scripts:
2017.11.19 11:18:35,123	INFO	1	com.l2jserver.util.data.xml.IXmlReader	HellboundPointData: Loaded 47 trust point reward data.
2017.11.19 11:18:35,162	INFO	1	com.l2jserver.util.data.xml.IXmlReader	HellboundSpawns: Loaded 598 Hellbound spawns.
2017.11.19 11:18:35,166	INFO	1	com.l2jserver.gameserver.model.events.AbstractScript	HellboundEngine: Level: 0
2017.11.19 11:18:35,166	INFO	1	com.l2jserver.gameserver.model.events.AbstractScript	HellboundEngine: Trust: 0
2017.11.19 11:18:35,167	INFO	1	com.l2jserver.gameserver.model.events.AbstractScript	HellboundEngine: Status: locked.
2017.11.19 11:18:35,309	INFO	1	com.l2jserver.gameserver.instancemanager.RaidBossSpawnManager	RaidBossSpawnManager: Loaded 187 Instances
2017.11.19 11:18:35,311	INFO	1	com.l2jserver.gameserver.instancemanager.RaidBossSpawnManager	RaidBossSpawnManager: Scheduled 0 Instances
2017.11.19 11:18:49,931	INFO	1	com.l2jserver.gameserver.model.events.AbstractScript	[EnhanceYourWeapon] Loaded 54 Soul Crystal data.
2017.11.19 11:18:49,932	INFO	1	com.l2jserver.gameserver.model.events.AbstractScript	[EnhanceYourWeapon] Loaded 240 npc Leveling info data.
2017.11.19 11:18:50,652	INFO	1	com.l2jserver.gameserver.model.events.AbstractScript	TerritoryWarSuperClass: Siege date: Sun Nov 19 22:00:00 CST 2017
2017.11.19 11:19:04,204	INFO	1	com.l2jserver.gameserver.model.entity.clanhall.ClanHallSiegeEngine	Bandit StrongHold siege scheduled for Sun Dec 03 12:00:00 CST 2017.
2017.11.19 11:19:04,417	INFO	1	com.l2jserver.gameserver.model.entity.clanhall.ClanHallSiegeEngine	Beast Farm siege scheduled for Sun Dec 03 12:00:00 CST 2017.
2017.11.19 11:19:04,679	INFO	1	com.l2jserver.gameserver.model.entity.clanhall.ClanHallSiegeEngine	Devastated Castle siege scheduled for Sun Dec 03 12:00:00 CST 2017.
2017.11.19 11:19:08,450	INFO	1	com.l2jserver.gameserver.model.entity.clanhall.ClanHallSiegeEngine	Fortress of Resistance siege scheduled for Sun Dec 03 12:00:00 CST 2017.
2017.11.19 11:19:08,580	INFO	1	com.l2jserver.gameserver.model.entity.clanhall.ClanHallSiegeEngine	Fortresss of the Dead siege scheduled for Sun Dec 03 12:00:00 CST 2017.
2017.11.19 11:19:08,726	INFO	1	com.l2jserver.gameserver.model.entity.clanhall.ClanHallSiegeEngine	Rainbow Springs siege scheduled for Sun Dec 03 12:00:00 CST 2017.
2017.11.19 11:20:41,170	WARNING	17	com.l2jserver.gameserver.GameTimeController	Unable to move objects!
