2019.07.28 21:39:14,105	INFO	1	com.l2jserver.gameserver.GameServer	------------------------------------------------=[ Database ]
2019.07.28 21:39:14,317	INFO	1	com.l2jserver.gameserver.dao.factory.impl.DAOFactory	Using MySQL DAO Factory.
2019.07.28 21:39:14,331	INFO	1	com.l2jserver.commons.database.pool.impl.ConnectionFactory	Using HikariCP connection pool.
2019.07.28 21:39:14,332	INFO	1	com.l2jserver.gameserver.GameServer	GameServer: Used memory: 15MB.
2019.07.28 21:39:14,339	INFO	1	com.zaxxer.hikari.HikariDataSource	HikariPool-1 - Starting...
2019.07.28 21:39:14,804	INFO	1	com.zaxxer.hikari.HikariDataSource	HikariPool-1 - Start completed.
2019.07.28 21:39:14,819	INFO	1	com.l2jserver.gameserver.idfactory.BitSetIDFactory	Updated characters online status.
2019.07.28 21:39:15,202	INFO	1	com.l2jserver.gameserver.idfactory.BitSetIDFactory	Cleaned 0 elements from database in 0 s
2019.07.28 21:39:15,237	INFO	1	com.l2jserver.gameserver.idfactory.BitSetIDFactory	Cleaned 0 expired timestamps from database.
2019.07.28 21:39:15,305	INFO	1	com.l2jserver.gameserver.idfactory.BitSetIDFactory	BitSetIDFactory: 102912 id's available.
2019.07.28 21:39:15,309	INFO	1	com.l2jserver.gameserver.GameServer	-------------------------------------------------=[ Engines ]
2019.07.28 21:39:15,462	INFO	1	com.l2jserver.gameserver.scripting.L2ScriptEngineManager	Script Engine: java 1.8 - Language: java - Language Version: 1.8
2019.07.28 21:39:16,357	INFO	1	com.l2jserver.gameserver.scripting.L2ScriptEngineManager	Script Engine: Oracle Nashorn 1.8.0_131 - Language: ECMAScript - Language Version: ECMA - 262 Edition 5.1
2019.07.28 21:39:17,722	INFO	1	com.l2jserver.gameserver.scripting.L2ScriptEngineManager	Script Engine: jython 2.2.1 - Language: python - Language Version: 2.2.1
2019.07.28 21:39:17,857	INFO	1	com.l2jserver.gameserver.GameServer	---------------------------------------------------=[ World ]
2019.07.28 21:39:17,878	INFO	1	com.l2jserver.util.data.xml.IXmlReader	InstanceManager: Multiverse Instance created.
2019.07.28 21:39:17,878	INFO	1	com.l2jserver.util.data.xml.IXmlReader	InstanceManager: Universe Instance created.
2019.07.28 21:39:18,323	INFO	1	com.l2jserver.util.data.xml.IXmlReader	InstanceManager: Loaded 160 instance names.
2019.07.28 21:39:18,356	INFO	1	com.l2jserver.gameserver.model.L2World	L2World: (128 by 136) World Region Grid set up.
2019.07.28 21:39:18,938	INFO	1	com.l2jserver.util.data.xml.IXmlReader	MapRegionManager: Loaded 57 map regions.
2019.07.28 21:39:18,984	INFO	1	com.l2jserver.gameserver.instancemanager.GlobalVariablesManager	GlobalVariablesManager: Loaded 6 variables.
2019.07.28 21:39:18,984	INFO	1	com.l2jserver.gameserver.GameServer	----------------------------------------------------=[ Data ]
2019.07.28 21:39:19,103	INFO	1	com.l2jserver.util.data.xml.IXmlReader	CategoryData: Loaded 124 Categories.
2019.07.28 21:39:19,134	INFO	1	com.l2jserver.util.data.xml.IXmlReader	SecondaryAuthData: Loaded 328 forbidden passwords.
2019.07.28 21:39:19,135	INFO	1	com.l2jserver.gameserver.GameServer	-------------------------------------------------=[ Effects ]
2019.07.28 21:39:24,167	INFO	1	handlers.EffectMasterHandler	EffectMasterHandler: Loaded 160 effect handlers.
2019.07.28 21:39:24,168	INFO	1	com.l2jserver.gameserver.GameServer	------------------------------------=[ Enchant Skill Groups ]
2019.07.28 21:39:24,241	INFO	1	com.l2jserver.util.data.xml.IXmlReader	EnchantSkillGroupsData: Loaded 4 groups and 90 routes.
2019.07.28 21:39:24,241	INFO	1	com.l2jserver.gameserver.GameServer	---------------------------------------------=[ Skill Trees ]
2019.07.28 21:39:25,039	INFO	1	com.l2jserver.util.data.xml.IXmlReader	Loaded 17176 Class Skills for 103 Class Skill Trees.
2019.07.28 21:39:25,039	INFO	1	com.l2jserver.util.data.xml.IXmlReader	Loaded 76 Sub-Class Skills.
2019.07.28 21:39:25,041	INFO	1	com.l2jserver.util.data.xml.IXmlReader	Loaded 77 Transfer Skills for 3 Transfer Skill Trees.
2019.07.28 21:39:25,043	INFO	1	com.l2jserver.util.data.xml.IXmlReader	Loaded 117 Fishing Skills, 8 Dwarven only Fishing Skills.
2019.07.28 21:39:25,044	INFO	1	com.l2jserver.util.data.xml.IXmlReader	Loaded 3 Collect Skills.
2019.07.28 21:39:25,046	INFO	1	com.l2jserver.util.data.xml.IXmlReader	Loaded 74 Pledge Skills, 44 for Pledge and 30 Residential.
2019.07.28 21:39:25,047	INFO	1	com.l2jserver.util.data.xml.IXmlReader	Loaded 18 Sub-Pledge Skills.
2019.07.28 21:39:25,048	INFO	1	com.l2jserver.util.data.xml.IXmlReader	Loaded 32 Transform Skills.
2019.07.28 21:39:25,048	INFO	1	com.l2jserver.util.data.xml.IXmlReader	Loaded 8 Noble Skills.
2019.07.28 21:39:25,051	INFO	1	com.l2jserver.util.data.xml.IXmlReader	Loaded 5 Hero Skills.
2019.07.28 21:39:25,052	INFO	1	com.l2jserver.util.data.xml.IXmlReader	Loaded 46 Game Master Skills.
2019.07.28 21:39:25,053	INFO	1	com.l2jserver.util.data.xml.IXmlReader	Loaded 46 Game Master Aura Skills.
2019.07.28 21:39:25,054	INFO	1	com.l2jserver.gameserver.GameServer	--------------------------------------------------=[ Skills ]
2019.07.28 21:39:34,773	INFO	1	com.l2jserver.gameserver.engines.DocumentEngine	DocumentEngine: Loaded 65957 Skill templates from XML files.
2019.07.28 21:39:34,856	INFO	1	com.l2jserver.gameserver.data.sql.impl.SummonSkillsTable	SummonSkillsTable: Loaded 1891 skills.
2019.07.28 21:39:34,857	INFO	1	com.l2jserver.gameserver.GameServer	---------------------------------------------------=[ Items ]
2019.07.28 21:39:37,933	INFO	1	com.l2jserver.gameserver.datatables.ItemTable	ItemTable: Highest item id used:22567
2019.07.28 21:39:37,950	INFO	1	com.l2jserver.gameserver.datatables.ItemTable	ItemTable: Loaded: 11481 Etc Items
2019.07.28 21:39:37,952	INFO	1	com.l2jserver.gameserver.datatables.ItemTable	ItemTable: Loaded: 3825 Armor Items
2019.07.28 21:39:37,954	INFO	1	com.l2jserver.gameserver.datatables.ItemTable	ItemTable: Loaded: 3893 Weapon Items
2019.07.28 21:39:37,957	INFO	1	com.l2jserver.gameserver.datatables.ItemTable	ItemTable: Loaded: 19199 Items in total.
2019.07.28 21:39:38,016	INFO	1	com.l2jserver.util.data.xml.IXmlReader	EnchantItemGroupsData: Loaded: 4 item group templates.
2019.07.28 21:39:38,017	INFO	1	com.l2jserver.util.data.xml.IXmlReader	EnchantItemGroupsData: Loaded: 1 scroll group templates.
2019.07.28 21:39:38,047	INFO	1	com.l2jserver.util.data.xml.IXmlReader	EnchantItemData: Loaded 63 Enchant Scrolls.
2019.07.28 21:39:38,047	INFO	1	com.l2jserver.util.data.xml.IXmlReader	EnchantItemData: Loaded 20 Support Items.
2019.07.28 21:39:38,091	INFO	1	com.l2jserver.util.data.xml.IXmlReader	EnchantItemOptionsData: Loaded: 23 Items and 1093 Options.
2019.07.28 21:39:42,124	INFO	1	com.l2jserver.util.data.xml.IXmlReader	OptionData: Loaded: 24985 Options.
2019.07.28 21:39:42,175	INFO	1	com.l2jserver.util.data.xml.IXmlReader	EnchantItemHPBonusData: Loaded 6 Enchant HP Bonuses.
2019.07.28 21:39:42,210	INFO	1	com.l2jserver.gameserver.datatables.MerchantPriceConfigTable	MerchantPriceConfigTable: Loaded 28 merchant price configs.
2019.07.28 21:39:47,236	INFO	1	com.l2jserver.util.data.xml.IXmlReader	BuyListData: Loaded 760 BuyLists.
2019.07.28 21:39:49,441	INFO	1	com.l2jserver.util.data.xml.IXmlReader	MultisellData: Loaded 192 multisell lists.
2019.07.28 21:39:49,528	INFO	1	com.l2jserver.util.data.xml.IXmlReader	RecipeData: Loaded 1000 recipes.
2019.07.28 21:39:49,902	INFO	1	com.l2jserver.util.data.xml.IXmlReader	ArmorSetsData: Loaded 198 Armor sets.
2019.07.28 21:39:49,963	INFO	1	com.l2jserver.util.data.xml.IXmlReader	FishData: Loaded 278 Fish.
2019.07.28 21:39:50,030	INFO	1	com.l2jserver.util.data.xml.IXmlReader	FishingMonstersData: Loaded 8 Fishing Monsters.
2019.07.28 21:39:50,052	INFO	1	com.l2jserver.util.data.xml.IXmlReader	FishingRodsData: Loaded 6 Fishing Rods.
2019.07.28 21:39:50,158	INFO	1	com.l2jserver.util.data.xml.IXmlReader	HennaData: Loaded 180 Henna data.
2019.07.28 21:39:50,159	INFO	1	com.l2jserver.gameserver.GameServer	----------------------------------------------=[ Characters ]
2019.07.28 21:39:50,237	INFO	1	com.l2jserver.util.data.xml.IXmlReader	ClassListData: Loaded 107 Class data.
2019.07.28 21:39:50,274	INFO	1	com.l2jserver.util.data.xml.IXmlReader	InitialEquipmentData: Loaded 11 Initial Equipment data.
2019.07.28 21:39:50,297	INFO	1	com.l2jserver.util.data.xml.IXmlReader	InitialShortcutData: Loaded 5 Initial Global Shortcuts data.
2019.07.28 21:39:50,298	INFO	1	com.l2jserver.util.data.xml.IXmlReader	InitialShortcutData: Loaded 4 Initial Shortcuts data.
2019.07.28 21:39:50,299	INFO	1	com.l2jserver.util.data.xml.IXmlReader	InitialShortcutData: Loaded 0 Macros presets.
2019.07.28 21:39:50,456	INFO	1	com.l2jserver.util.data.xml.IXmlReader	KarmaData: Loaded 85 karma modifiers.
2019.07.28 21:39:50,463	INFO	1	com.l2jserver.util.data.xml.IXmlReader	HitConditionBonusData: Loaded Hit Condition bonuses.
2019.07.28 21:39:52,092	INFO	1	com.l2jserver.util.data.xml.IXmlReader	PlayerTemplateData: Loaded 103 character templates.
2019.07.28 21:39:52,093	INFO	1	com.l2jserver.util.data.xml.IXmlReader	PlayerTemplateData: Loaded 52530 level up gain records.
2019.07.28 21:39:52,142	INFO	1	com.l2jserver.util.data.xml.IXmlReader	PlayerCreationPointData: Loaded 62 character creation points.
2019.07.28 21:39:52,147	INFO	1	com.l2jserver.gameserver.data.sql.impl.CharNameTable	CharNameTable: Loaded 0 char names.
2019.07.28 21:39:52,176	INFO	1	com.l2jserver.util.data.xml.IXmlReader	AdminData: Loaded: 10 Access Levels.
2019.07.28 21:39:52,207	INFO	1	com.l2jserver.util.data.xml.IXmlReader	AdminData: Loaded: 444 Access Commands.
2019.07.28 21:39:52,227	INFO	1	com.l2jserver.gameserver.instancemanager.RaidBossPointsManager	RaidBossPointsManager: Loaded 0 Characters Raid Points.
2019.07.28 21:39:52,938	INFO	1	com.l2jserver.util.data.xml.IXmlReader	PetDataTable: Loaded 52 Pets.
2019.07.28 21:39:52,951	INFO	1	com.l2jserver.gameserver.GameServer	---------------------------------------------------=[ Clans ]
2019.07.28 21:39:52,999	INFO	1	com.l2jserver.gameserver.communitybbs.Manager.ForumsBBSManager	Loaded 4 forums. Last forum id used: 4
2019.07.28 21:39:53,001	INFO	1	com.l2jserver.gameserver.data.sql.impl.ClanTable	ClanTable: Restored 0 clans from the database.
2019.07.28 21:39:53,042	INFO	1	com.l2jserver.gameserver.instancemanager.CHSiegeManager	CHSiegeManager: Loaded 6 conquerable clan halls.
2019.07.28 21:39:53,170	INFO	1	com.l2jserver.gameserver.instancemanager.AuctionManager	AuctionManager: Loaded: 38 auction(s)
2019.07.28 21:39:53,175	INFO	1	com.l2jserver.gameserver.instancemanager.ClanHallManager	ClanHallManager: Loaded: 0 clan halls
2019.07.28 21:39:53,175	INFO	1	com.l2jserver.gameserver.instancemanager.ClanHallManager	ClanHallManager: Loaded: 38 free clan halls
2019.07.28 21:39:53,176	INFO	1	com.l2jserver.gameserver.GameServer	-------------------------------------------------=[ Geodata ]
2019.07.28 21:39:53,258	INFO	1	com.l2jserver.gameserver.GeoData	GeoData: Loading 11_23.l2j...
2019.07.28 21:39:53,378	INFO	1	com.l2jserver.gameserver.GeoData	GeoData: Loading 11_24.l2j...
2019.07.28 21:39:53,411	INFO	1	com.l2jserver.gameserver.GeoData	GeoData: Loading 11_25.l2j...
2019.07.28 21:39:53,438	INFO	1	com.l2jserver.gameserver.GeoData	GeoData: Loading 11_26.l2j...
2019.07.28 21:39:53,486	INFO	1	com.l2jserver.gameserver.GeoData	GeoData: Loading 12_23.l2j...
2019.07.28 21:39:53,518	INFO	1	com.l2jserver.gameserver.GeoData	GeoData: Loading 12_24.l2j...
2019.07.28 21:39:53,596	INFO	1	com.l2jserver.gameserver.GeoData	GeoData: Loading 12_25.l2j...
2019.07.28 21:39:53,671	INFO	1	com.l2jserver.gameserver.GeoData	GeoData: Loading 12_26.l2j...
2019.07.28 21:39:53,714	INFO	1	com.l2jserver.gameserver.GeoData	GeoData: Loading 13_21.l2j...
2019.07.28 21:39:53,720	INFO	1	com.l2jserver.gameserver.GeoData	GeoData: Loading 13_22.l2j...
2019.07.28 21:39:53,746	INFO	1	com.l2jserver.gameserver.GeoData	GeoData: Loading 13_23.l2j...
2019.07.28 21:39:53,808	INFO	1	com.l2jserver.gameserver.GeoData	GeoData: Loading 13_24.l2j...
2019.07.28 21:39:53,885	INFO	1	com.l2jserver.gameserver.GeoData	GeoData: Loading 13_25.l2j...
2019.07.28 21:39:53,958	INFO	1	com.l2jserver.gameserver.GeoData	GeoData: Loading 13_26.l2j...
2019.07.28 21:39:53,996	INFO	1	com.l2jserver.gameserver.GeoData	GeoData: Loading 14_21.l2j...
2019.07.28 21:39:54,004	INFO	1	com.l2jserver.gameserver.GeoData	GeoData: Loading 14_22.l2j...
2019.07.28 21:39:54,111	INFO	1	com.l2jserver.gameserver.GeoData	GeoData: Loading 14_23.l2j...
2019.07.28 21:39:54,366	INFO	1	com.l2jserver.gameserver.GeoData	GeoData: Loading 14_24.l2j...
2019.07.28 21:39:54,478	INFO	1	com.l2jserver.gameserver.GeoData	GeoData: Loading 14_25.l2j...
2019.07.28 21:39:54,552	INFO	1	com.l2jserver.gameserver.GeoData	GeoData: Loading 14_26.l2j...
2019.07.28 21:39:54,584	INFO	1	com.l2jserver.gameserver.GeoData	GeoData: Loading 15_10.l2j...
2019.07.28 21:39:54,614	INFO	1	com.l2jserver.gameserver.GeoData	GeoData: Loading 15_11.l2j...
2019.07.28 21:39:54,648	INFO	1	com.l2jserver.gameserver.GeoData	GeoData: Loading 15_12.l2j...
2019.07.28 21:39:54,716	INFO	1	com.l2jserver.gameserver.GeoData	GeoData: Loading 15_18.l2j...
2019.07.28 21:39:54,725	INFO	1	com.l2jserver.gameserver.GeoData	GeoData: Loading 15_19.l2j...
2019.07.28 21:39:54,771	INFO	1	com.l2jserver.gameserver.GeoData	GeoData: Loading 15_20.l2j...
2019.07.28 21:39:54,776	INFO	1	com.l2jserver.gameserver.GeoData	GeoData: Loading 15_21.l2j...
2019.07.28 21:39:54,780	INFO	1	com.l2jserver.gameserver.GeoData	GeoData: Loading 15_22.l2j...
2019.07.28 21:39:54,784	INFO	1	com.l2jserver.gameserver.GeoData	GeoData: Loading 15_23.l2j...
2019.07.28 21:39:54,790	INFO	1	com.l2jserver.gameserver.GeoData	GeoData: Loading 15_24.l2j...
2019.07.28 21:39:54,794	INFO	1	com.l2jserver.gameserver.GeoData	GeoData: Loading 15_25.l2j...
2019.07.28 21:39:54,828	INFO	1	com.l2jserver.gameserver.GeoData	GeoData: Loading 15_26.l2j...
2019.07.28 21:39:54,836	INFO	1	com.l2jserver.gameserver.GeoData	GeoData: Loading 16_10.l2j...
2019.07.28 21:39:54,972	INFO	1	com.l2jserver.gameserver.GeoData	GeoData: Loading 16_11.l2j...
2019.07.28 21:39:54,980	INFO	1	com.l2jserver.gameserver.GeoData	GeoData: Loading 16_12.l2j...
2019.07.28 21:39:55,015	INFO	1	com.l2jserver.gameserver.GeoData	GeoData: Loading 16_13.l2j...
2019.07.28 21:39:55,036	INFO	1	com.l2jserver.gameserver.GeoData	GeoData: Loading 16_14.l2j...
2019.07.28 21:39:55,041	INFO	1	com.l2jserver.gameserver.GeoData	GeoData: Loading 16_15.l2j...
2019.07.28 21:39:55,047	INFO	1	com.l2jserver.gameserver.GeoData	GeoData: Loading 16_16.l2j...
2019.07.28 21:39:55,095	INFO	1	com.l2jserver.gameserver.GeoData	GeoData: Loading 16_17.l2j...
2019.07.28 21:39:55,107	INFO	1	com.l2jserver.gameserver.GeoData	GeoData: Loading 16_18.l2j...
2019.07.28 21:39:55,124	INFO	1	com.l2jserver.gameserver.GeoData	GeoData: Loading 16_19.l2j...
2019.07.28 21:39:55,205	INFO	1	com.l2jserver.gameserver.GeoData	GeoData: Loading 16_20.l2j...
2019.07.28 21:39:55,320	INFO	1	com.l2jserver.gameserver.GeoData	GeoData: Loading 16_21.l2j...
2019.07.28 21:39:55,351	INFO	1	com.l2jserver.gameserver.GeoData	GeoData: Loading 16_22.l2j...
2019.07.28 21:39:55,375	INFO	1	com.l2jserver.gameserver.GeoData	GeoData: Loading 16_23.l2j...
2019.07.28 21:39:55,381	INFO	1	com.l2jserver.gameserver.GeoData	GeoData: Loading 16_24.l2j...
2019.07.28 21:39:55,425	INFO	1	com.l2jserver.gameserver.GeoData	GeoData: Loading 16_25.l2j...
2019.07.28 21:39:55,480	INFO	1	com.l2jserver.gameserver.GeoData	GeoData: Loading 16_26.l2j...
2019.07.28 21:39:55,485	INFO	1	com.l2jserver.gameserver.GeoData	GeoData: Loading 17_10.l2j...
2019.07.28 21:39:55,500	INFO	1	com.l2jserver.gameserver.GeoData	GeoData: Loading 17_11.l2j...
2019.07.28 21:39:55,517	INFO	1	com.l2jserver.gameserver.GeoData	GeoData: Loading 17_12.l2j...
2019.07.28 21:39:55,533	INFO	1	com.l2jserver.gameserver.GeoData	GeoData: Loading 17_13.l2j...
2019.07.28 21:39:55,553	INFO	1	com.l2jserver.gameserver.GeoData	GeoData: Loading 17_14.l2j...
2019.07.28 21:39:55,558	INFO	1	com.l2jserver.gameserver.GeoData	GeoData: Loading 17_15.l2j...
2019.07.28 21:39:55,612	INFO	1	com.l2jserver.gameserver.GeoData	GeoData: Loading 17_16.l2j...
2019.07.28 21:39:55,693	INFO	1	com.l2jserver.gameserver.GeoData	GeoData: Loading 17_17.l2j...
2019.07.28 21:39:55,714	INFO	1	com.l2jserver.gameserver.GeoData	GeoData: Loading 17_18.l2j...
2019.07.28 21:39:55,719	INFO	1	com.l2jserver.gameserver.GeoData	GeoData: Loading 17_19.l2j...
2019.07.28 21:39:55,874	INFO	1	com.l2jserver.gameserver.GeoData	GeoData: Loading 17_20.l2j...
2019.07.28 21:39:55,939	INFO	1	com.l2jserver.gameserver.GeoData	GeoData: Loading 17_21.l2j...
2019.07.28 21:39:56,019	INFO	1	com.l2jserver.gameserver.GeoData	GeoData: Loading 17_22.l2j...
2019.07.28 21:39:56,169	INFO	1	com.l2jserver.gameserver.GeoData	GeoData: Loading 17_23.l2j...
2019.07.28 21:39:56,198	INFO	1	com.l2jserver.gameserver.GeoData	GeoData: Loading 17_24.l2j...
2019.07.28 21:39:56,227	INFO	1	com.l2jserver.gameserver.GeoData	GeoData: Loading 17_25.l2j...
2019.07.28 21:39:56,279	INFO	1	com.l2jserver.gameserver.GeoData	GeoData: Loading 17_26.l2j...
2019.07.28 21:39:56,295	INFO	1	com.l2jserver.gameserver.GeoData	GeoData: Loading 18_10.l2j...
2019.07.28 21:39:56,328	INFO	1	com.l2jserver.gameserver.GeoData	GeoData: Loading 18_11.l2j...
2019.07.28 21:39:56,355	INFO	1	com.l2jserver.gameserver.GeoData	GeoData: Loading 18_12.l2j...
2019.07.28 21:39:56,379	INFO	1	com.l2jserver.gameserver.GeoData	GeoData: Loading 18_13.l2j...
2019.07.28 21:39:56,386	INFO	1	com.l2jserver.gameserver.GeoData	GeoData: Loading 18_14.l2j...
2019.07.28 21:39:56,446	INFO	1	com.l2jserver.gameserver.GeoData	GeoData: Loading 18_15.l2j...
2019.07.28 21:39:56,503	INFO	1	com.l2jserver.gameserver.GeoData	GeoData: Loading 18_16.l2j...
2019.07.28 21:39:56,557	INFO	1	com.l2jserver.gameserver.GeoData	GeoData: Loading 18_17.l2j...
2019.07.28 21:39:56,562	INFO	1	com.l2jserver.gameserver.GeoData	GeoData: Loading 18_18.l2j...
2019.07.28 21:39:56,580	INFO	1	com.l2jserver.gameserver.GeoData	GeoData: Loading 18_19.l2j...
2019.07.28 21:39:57,052	INFO	1	com.l2jserver.gameserver.GeoData	GeoData: Loading 18_20.l2j...
2019.07.28 21:39:57,133	INFO	1	com.l2jserver.gameserver.GeoData	GeoData: Loading 18_21.l2j...
2019.07.28 21:39:57,206	INFO	1	com.l2jserver.gameserver.GeoData	GeoData: Loading 18_22.l2j...
2019.07.28 21:39:57,285	INFO	1	com.l2jserver.gameserver.GeoData	GeoData: Loading 18_23.l2j...
2019.07.28 21:39:57,408	INFO	1	com.l2jserver.gameserver.GeoData	GeoData: Loading 18_24.l2j...
2019.07.28 21:39:57,500	INFO	1	com.l2jserver.gameserver.GeoData	GeoData: Loading 18_25.l2j...
2019.07.28 21:39:57,524	INFO	1	com.l2jserver.gameserver.GeoData	GeoData: Loading 18_26.l2j...
2019.07.28 21:39:57,542	INFO	1	com.l2jserver.gameserver.GeoData	GeoData: Loading 19_10.l2j...
2019.07.28 21:39:57,578	INFO	1	com.l2jserver.gameserver.GeoData	GeoData: Loading 19_11.l2j...
2019.07.28 21:39:57,583	INFO	1	com.l2jserver.gameserver.GeoData	GeoData: Loading 19_12.l2j...
2019.07.28 21:39:57,591	INFO	1	com.l2jserver.gameserver.GeoData	GeoData: Loading 19_13.l2j...
2019.07.28 21:39:57,641	INFO	1	com.l2jserver.gameserver.GeoData	GeoData: Loading 19_14.l2j...
2019.07.28 21:39:57,757	INFO	1	com.l2jserver.gameserver.GeoData	GeoData: Loading 19_15.l2j...
2019.07.28 21:39:57,812	INFO	1	com.l2jserver.gameserver.GeoData	GeoData: Loading 19_16.l2j...
2019.07.28 21:39:57,873	INFO	1	com.l2jserver.gameserver.GeoData	GeoData: Loading 19_17.l2j...
2019.07.28 21:39:57,903	INFO	1	com.l2jserver.gameserver.GeoData	GeoData: Loading 19_18.l2j...
2019.07.28 21:39:57,980	INFO	1	com.l2jserver.gameserver.GeoData	GeoData: Loading 19_19.l2j...
2019.07.28 21:39:58,048	INFO	1	com.l2jserver.gameserver.GeoData	GeoData: Loading 19_20.l2j...
2019.07.28 21:39:58,130	INFO	1	com.l2jserver.gameserver.GeoData	GeoData: Loading 19_21.l2j...
2019.07.28 21:39:58,198	INFO	1	com.l2jserver.gameserver.GeoData	GeoData: Loading 19_22.l2j...
2019.07.28 21:39:58,269	INFO	1	com.l2jserver.gameserver.GeoData	GeoData: Loading 19_23.l2j...
2019.07.28 21:39:58,348	INFO	1	com.l2jserver.gameserver.GeoData	GeoData: Loading 19_24.l2j...
2019.07.28 21:39:58,407	INFO	1	com.l2jserver.gameserver.GeoData	GeoData: Loading 19_25.l2j...
2019.07.28 21:39:58,480	INFO	1	com.l2jserver.gameserver.GeoData	GeoData: Loading 19_26.l2j...
2019.07.28 21:39:58,567	INFO	1	com.l2jserver.gameserver.GeoData	GeoData: Loading 20_10.l2j...
2019.07.28 21:39:58,574	INFO	1	com.l2jserver.gameserver.GeoData	GeoData: Loading 20_11.l2j...
2019.07.28 21:39:58,611	INFO	1	com.l2jserver.gameserver.GeoData	GeoData: Loading 20_12.l2j...
2019.07.28 21:39:58,634	INFO	1	com.l2jserver.gameserver.GeoData	GeoData: Loading 20_13.l2j...
2019.07.28 21:39:58,695	INFO	1	com.l2jserver.gameserver.GeoData	GeoData: Loading 20_14.l2j...
2019.07.28 21:39:58,787	INFO	1	com.l2jserver.gameserver.GeoData	GeoData: Loading 20_15.l2j...
2019.07.28 21:39:58,844	INFO	1	com.l2jserver.gameserver.GeoData	GeoData: Loading 20_16.l2j...
2019.07.28 21:39:59,659	INFO	1	com.l2jserver.gameserver.GeoData	GeoData: Loading 20_17.l2j...
2019.07.28 21:39:59,747	INFO	1	com.l2jserver.gameserver.GeoData	GeoData: Loading 20_18.l2j...
2019.07.28 21:39:59,803	INFO	1	com.l2jserver.gameserver.GeoData	GeoData: Loading 20_19.l2j...
2019.07.28 21:39:59,870	INFO	1	com.l2jserver.gameserver.GeoData	GeoData: Loading 20_20.l2j...
2019.07.28 21:39:59,944	INFO	1	com.l2jserver.gameserver.GeoData	GeoData: Loading 20_21.l2j...
2019.07.28 21:40:00,077	INFO	1	com.l2jserver.gameserver.GeoData	GeoData: Loading 20_22.l2j...
2019.07.28 21:40:00,188	INFO	1	com.l2jserver.gameserver.GeoData	GeoData: Loading 20_23.l2j...
2019.07.28 21:40:00,268	INFO	1	com.l2jserver.gameserver.GeoData	GeoData: Loading 20_24.l2j...
2019.07.28 21:40:00,297	INFO	1	com.l2jserver.gameserver.GeoData	GeoData: Loading 20_25.l2j...
2019.07.28 21:40:00,373	INFO	1	com.l2jserver.gameserver.GeoData	GeoData: Loading 20_26.l2j...
2019.07.28 21:40:00,403	INFO	1	com.l2jserver.gameserver.GeoData	GeoData: Loading 21_10.l2j...
2019.07.28 21:40:00,426	INFO	1	com.l2jserver.gameserver.GeoData	GeoData: Loading 21_11.l2j...
2019.07.28 21:40:00,432	INFO	1	com.l2jserver.gameserver.GeoData	GeoData: Loading 21_12.l2j...
2019.07.28 21:40:00,437	INFO	1	com.l2jserver.gameserver.GeoData	GeoData: Loading 21_13.l2j...
2019.07.28 21:40:00,442	INFO	1	com.l2jserver.gameserver.GeoData	GeoData: Loading 21_14.l2j...
2019.07.28 21:40:00,558	INFO	1	com.l2jserver.gameserver.GeoData	GeoData: Loading 21_15.l2j...
2019.07.28 21:40:00,637	INFO	1	com.l2jserver.gameserver.GeoData	GeoData: Loading 21_16.l2j...
2019.07.28 21:40:00,822	INFO	1	com.l2jserver.gameserver.GeoData	GeoData: Loading 21_17.l2j...
2019.07.28 21:40:00,854	INFO	1	com.l2jserver.gameserver.GeoData	GeoData: Loading 21_18.l2j...
2019.07.28 21:40:00,932	INFO	1	com.l2jserver.gameserver.GeoData	GeoData: Loading 21_19.l2j...
2019.07.28 21:40:01,036	INFO	1	com.l2jserver.gameserver.GeoData	GeoData: Loading 21_20.l2j...
2019.07.28 21:40:01,101	INFO	1	com.l2jserver.gameserver.GeoData	GeoData: Loading 21_21.l2j...
2019.07.28 21:40:01,181	INFO	1	com.l2jserver.gameserver.GeoData	GeoData: Loading 21_22.l2j...
2019.07.28 21:40:01,260	INFO	1	com.l2jserver.gameserver.GeoData	GeoData: Loading 21_23.l2j...
2019.07.28 21:40:01,329	INFO	1	com.l2jserver.gameserver.GeoData	GeoData: Loading 21_24.l2j...
2019.07.28 21:40:01,395	INFO	1	com.l2jserver.gameserver.GeoData	GeoData: Loading 21_25.l2j...
2019.07.28 21:40:01,414	INFO	1	com.l2jserver.gameserver.GeoData	GeoData: Loading 22_10.l2j...
2019.07.28 21:40:01,434	INFO	1	com.l2jserver.gameserver.GeoData	GeoData: Loading 22_11.l2j...
2019.07.28 21:40:01,589	INFO	1	com.l2jserver.gameserver.GeoData	GeoData: Loading 22_12.l2j...
2019.07.28 21:40:01,597	INFO	1	com.l2jserver.gameserver.GeoData	GeoData: Loading 22_13.l2j...
2019.07.28 21:40:01,696	INFO	1	com.l2jserver.gameserver.GeoData	GeoData: Loading 22_14.l2j...
2019.07.28 21:40:01,785	INFO	1	com.l2jserver.gameserver.GeoData	GeoData: Loading 22_15.l2j...
2019.07.28 21:40:04,552	INFO	1	com.l2jserver.gameserver.GeoData	GeoData: Loading 22_16.l2j...
2019.07.28 21:40:04,722	INFO	1	com.l2jserver.gameserver.GeoData	GeoData: Loading 22_17.l2j...
2019.07.28 21:40:04,806	INFO	1	com.l2jserver.gameserver.GeoData	GeoData: Loading 22_18.l2j...
2019.07.28 21:40:04,873	INFO	1	com.l2jserver.gameserver.GeoData	GeoData: Loading 22_19.l2j...
2019.07.28 21:40:04,941	INFO	1	com.l2jserver.gameserver.GeoData	GeoData: Loading 22_20.l2j...
2019.07.28 21:40:05,017	INFO	1	com.l2jserver.gameserver.GeoData	GeoData: Loading 22_21.l2j...
2019.07.28 21:40:05,094	INFO	1	com.l2jserver.gameserver.GeoData	GeoData: Loading 22_22.l2j...
2019.07.28 21:40:05,169	INFO	1	com.l2jserver.gameserver.GeoData	GeoData: Loading 22_23.l2j...
2019.07.28 21:40:05,244	INFO	1	com.l2jserver.gameserver.GeoData	GeoData: Loading 22_24.l2j...
2019.07.28 21:40:05,318	INFO	1	com.l2jserver.gameserver.GeoData	GeoData: Loading 22_25.l2j...
2019.07.28 21:40:05,382	INFO	1	com.l2jserver.gameserver.GeoData	GeoData: Loading 22_26.l2j...
2019.07.28 21:40:05,387	INFO	1	com.l2jserver.gameserver.GeoData	GeoData: Loading 23_10.l2j...
2019.07.28 21:40:05,392	INFO	1	com.l2jserver.gameserver.GeoData	GeoData: Loading 23_11.l2j...
2019.07.28 21:40:05,446	INFO	1	com.l2jserver.gameserver.GeoData	GeoData: Loading 23_12.l2j...
2019.07.28 21:40:05,518	INFO	1	com.l2jserver.gameserver.GeoData	GeoData: Loading 23_13.l2j...
2019.07.28 21:40:05,635	INFO	1	com.l2jserver.gameserver.GeoData	GeoData: Loading 23_14.l2j...
2019.07.28 21:40:05,801	INFO	1	com.l2jserver.gameserver.GeoData	GeoData: Loading 23_15.l2j...
2019.07.28 21:40:05,902	INFO	1	com.l2jserver.gameserver.GeoData	GeoData: Loading 23_16.l2j...
2019.07.28 21:40:05,975	INFO	1	com.l2jserver.gameserver.GeoData	GeoData: Loading 23_17.l2j...
2019.07.28 21:40:06,107	INFO	1	com.l2jserver.gameserver.GeoData	GeoData: Loading 23_18.l2j...
2019.07.28 21:40:06,200	INFO	1	com.l2jserver.gameserver.GeoData	GeoData: Loading 23_19.l2j...
2019.07.28 21:40:06,299	INFO	1	com.l2jserver.gameserver.GeoData	GeoData: Loading 23_20.l2j...
2019.07.28 21:40:06,373	INFO	1	com.l2jserver.gameserver.GeoData	GeoData: Loading 23_21.l2j...
2019.07.28 21:40:06,450	INFO	1	com.l2jserver.gameserver.GeoData	GeoData: Loading 23_22.l2j...
2019.07.28 21:40:06,524	INFO	1	com.l2jserver.gameserver.GeoData	GeoData: Loading 23_23.l2j...
2019.07.28 21:40:06,593	INFO	1	com.l2jserver.gameserver.GeoData	GeoData: Loading 23_24.l2j...
2019.07.28 21:40:06,663	INFO	1	com.l2jserver.gameserver.GeoData	GeoData: Loading 23_25.l2j...
2019.07.28 21:40:06,712	INFO	1	com.l2jserver.gameserver.GeoData	GeoData: Loading 23_26.l2j...
2019.07.28 21:40:06,729	INFO	1	com.l2jserver.gameserver.GeoData	GeoData: Loading 24_10.l2j...
2019.07.28 21:40:06,735	INFO	1	com.l2jserver.gameserver.GeoData	GeoData: Loading 24_11.l2j...
2019.07.28 21:40:06,792	INFO	1	com.l2jserver.gameserver.GeoData	GeoData: Loading 24_12.l2j...
2019.07.28 21:40:06,896	INFO	1	com.l2jserver.gameserver.GeoData	GeoData: Loading 24_13.l2j...
2019.07.28 21:40:06,995	INFO	1	com.l2jserver.gameserver.GeoData	GeoData: Loading 24_14.l2j...
2019.07.28 21:40:07,071	INFO	1	com.l2jserver.gameserver.GeoData	GeoData: Loading 24_15.l2j...
2019.07.28 21:40:07,150	INFO	1	com.l2jserver.gameserver.GeoData	GeoData: Loading 24_16.l2j...
2019.07.28 21:40:07,359	INFO	1	com.l2jserver.gameserver.GeoData	GeoData: Loading 24_17.l2j...
2019.07.28 21:40:07,477	INFO	1	com.l2jserver.gameserver.GeoData	GeoData: Loading 24_18.l2j...
2019.07.28 21:40:07,695	INFO	1	com.l2jserver.gameserver.GeoData	GeoData: Loading 24_19.l2j...
2019.07.28 21:40:07,785	INFO	1	com.l2jserver.gameserver.GeoData	GeoData: Loading 24_20.l2j...
2019.07.28 21:40:08,029	INFO	1	com.l2jserver.gameserver.GeoData	GeoData: Loading 24_21.l2j...
2019.07.28 21:40:08,082	INFO	1	com.l2jserver.gameserver.GeoData	GeoData: Loading 24_22.l2j...
2019.07.28 21:40:08,302	INFO	1	com.l2jserver.gameserver.GeoData	GeoData: Loading 24_23.l2j...
2019.07.28 21:40:08,535	INFO	1	com.l2jserver.gameserver.GeoData	GeoData: Loading 24_24.l2j...
2019.07.28 21:40:08,584	INFO	1	com.l2jserver.gameserver.GeoData	GeoData: Loading 24_25.l2j...
2019.07.28 21:40:08,620	INFO	1	com.l2jserver.gameserver.GeoData	GeoData: Loading 24_26.l2j...
2019.07.28 21:40:08,627	INFO	1	com.l2jserver.gameserver.GeoData	GeoData: Loading 25_10.l2j...
2019.07.28 21:40:08,659	INFO	1	com.l2jserver.gameserver.GeoData	GeoData: Loading 25_11.l2j...
2019.07.28 21:40:08,726	INFO	1	com.l2jserver.gameserver.GeoData	GeoData: Loading 25_12.l2j...
2019.07.28 21:40:08,985	INFO	1	com.l2jserver.gameserver.GeoData	GeoData: Loading 25_14.l2j...
2019.07.28 21:40:09,194	INFO	1	com.l2jserver.gameserver.GeoData	GeoData: Loading 25_15.l2j...
2019.07.28 21:40:09,421	INFO	1	com.l2jserver.gameserver.GeoData	GeoData: Loading 25_16.l2j...
2019.07.28 21:40:09,584	INFO	1	com.l2jserver.gameserver.GeoData	GeoData: Loading 25_17.l2j...
2019.07.28 21:40:09,928	INFO	1	com.l2jserver.gameserver.GeoData	GeoData: Loading 25_18.l2j...
2019.07.28 21:40:10,138	INFO	1	com.l2jserver.gameserver.GeoData	GeoData: Loading 25_19.l2j...
2019.07.28 21:40:10,523	INFO	1	com.l2jserver.gameserver.GeoData	GeoData: Loading 25_20.l2j...
2019.07.28 21:40:10,566	INFO	1	com.l2jserver.gameserver.GeoData	GeoData: Loading 25_21.l2j...
2019.07.28 21:40:10,660	INFO	1	com.l2jserver.gameserver.GeoData	GeoData: Loading 25_22.l2j...
2019.07.28 21:40:10,720	INFO	1	com.l2jserver.gameserver.GeoData	GeoData: Loading 25_23.l2j...
2019.07.28 21:40:10,765	INFO	1	com.l2jserver.gameserver.GeoData	GeoData: Loading 25_24.l2j...
2019.07.28 21:40:10,802	INFO	1	com.l2jserver.gameserver.GeoData	GeoData: Loading 26_11.l2j...
2019.07.28 21:40:10,882	INFO	1	com.l2jserver.gameserver.GeoData	GeoData: Loading 26_12.l2j...
2019.07.28 21:40:10,990	INFO	1	com.l2jserver.gameserver.GeoData	GeoData: Loading 26_14.l2j...
2019.07.28 21:40:11,048	INFO	1	com.l2jserver.gameserver.GeoData	GeoData: Loading 26_15.l2j...
2019.07.28 21:40:11,054	INFO	1	com.l2jserver.gameserver.GeoData	GeoData: Loading 26_16.l2j...
2019.07.28 21:40:11,062	INFO	1	com.l2jserver.gameserver.GeoData	GeoData: Loaded 203 regions.
2019.07.28 21:40:11,063	INFO	1	com.l2jserver.gameserver.GameServer	----------------------------------------------------=[ NPCs ]
2019.07.28 21:40:11,113	INFO	1	com.l2jserver.util.data.xml.IXmlReader	SkillLearnData: Loaded 256 Skill Learn data.
2019.07.28 21:40:11,150	INFO	1	com.l2jserver.util.data.xml.IXmlReader	MinionData: Loaded 128 minions data.
2019.07.28 21:40:17,392	INFO	1	com.l2jserver.util.data.xml.IXmlReader	NpcData: Loaded 10461 NPCs.
2019.07.28 21:40:18,016	INFO	1	com.l2jserver.util.data.xml.IXmlReader	WalkingManager: Loaded 123 walking routes.
2019.07.28 21:40:18,151	INFO	1	com.l2jserver.util.data.xml.IXmlReader	StaticObjectData: Loaded 51 static object templates.
2019.07.28 21:40:19,089	INFO	1	com.l2jserver.gameserver.instancemanager.GrandBossManager	GrandBossManager: Queen Ant(29001) status is 0.
2019.07.28 21:40:19,091	INFO	1	com.l2jserver.gameserver.instancemanager.GrandBossManager	GrandBossManager: Core(29006) status is 0.
2019.07.28 21:40:19,093	INFO	1	com.l2jserver.gameserver.instancemanager.GrandBossManager	GrandBossManager: Orfen(29014) status is 0.
2019.07.28 21:40:19,095	INFO	1	com.l2jserver.gameserver.instancemanager.GrandBossManager	GrandBossManager: Baium(29020) status is 0.
2019.07.28 21:40:19,096	INFO	1	com.l2jserver.gameserver.instancemanager.GrandBossManager	GrandBossManager: Valakas(29028) status is 0.
2019.07.28 21:40:19,098	INFO	1	com.l2jserver.gameserver.instancemanager.GrandBossManager	GrandBossManager: Antharas(29068) status is 0.
2019.07.28 21:40:19,099	INFO	1	com.l2jserver.gameserver.instancemanager.GrandBossManager	GrandBossManager: Beleth(29118) status is 0.
2019.07.28 21:40:19,102	INFO	1	com.l2jserver.gameserver.instancemanager.GrandBossManager	GrandBossManager: Loaded 7 Instances
2019.07.28 21:40:20,255	INFO	1	com.l2jserver.util.data.xml.IXmlReader	DoorData: Loaded 1301 Door templates for 22 regions.
2019.07.28 21:40:22,861	INFO	1	com.l2jserver.util.data.xml.IXmlReader	ZoneManager: Loaded 28 zone classes and 2793 zones.
2019.07.28 21:40:22,862	INFO	1	com.l2jserver.util.data.xml.IXmlReader	ZoneManager: Loaded 0 NPC spawn territoriers.
2019.07.28 21:40:22,917	INFO	1	com.l2jserver.gameserver.instancemanager.CastleManager	CastleManager: Loaded: 9 castles
2019.07.28 21:40:22,927	INFO	1	com.l2jserver.gameserver.data.sql.impl.NpcBufferTable	NpcBufferTable: Loaded 1 buffers and 10 skills.
2019.07.28 21:40:22,932	INFO	1	com.l2jserver.gameserver.instancemanager.GrandBossManager	GrandBossManager: Initialized 12 Grand Boss Zones
2019.07.28 21:40:22,958	INFO	1	com.l2jserver.gameserver.GameServer	-----------------------------------------=[ Auction Manager ]
2019.07.28 21:40:23,159	INFO	1	com.l2jserver.gameserver.model.itemauction.ItemAuctionInstance	Loaded 82 item(s) and registered 1 auction(s) for NPC ID 32320.
2019.07.28 21:40:23,162	INFO	1	com.l2jserver.gameserver.model.itemauction.ItemAuctionInstance	Schedule next auction ID 1 on 17:00:00 02.08.19 for NPC ID 32320.
2019.07.28 21:40:23,167	INFO	1	com.l2jserver.gameserver.model.itemauction.ItemAuctionInstance	Loaded 82 item(s) and registered 1 auction(s) for NPC ID 32321.
2019.07.28 21:40:23,168	INFO	1	com.l2jserver.gameserver.model.itemauction.ItemAuctionInstance	Schedule next auction ID 2 on 17:00:00 29.07.19 for NPC ID 32321.
2019.07.28 21:40:23,174	INFO	1	com.l2jserver.gameserver.model.itemauction.ItemAuctionInstance	Loaded 82 item(s) and registered 1 auction(s) for NPC ID 32322.
2019.07.28 21:40:23,176	INFO	1	com.l2jserver.gameserver.model.itemauction.ItemAuctionInstance	Schedule next auction ID 3 on 17:00:00 31.07.19 for NPC ID 32322.
2019.07.28 21:40:23,177	INFO	1	com.l2jserver.gameserver.instancemanager.ItemAuctionManager	Loaded 3 auction manager instance(s).
2019.07.28 21:40:23,178	INFO	1	com.l2jserver.gameserver.GameServer	------------------------------------------------=[ Olympiad ]
2019.07.28 21:40:23,239	INFO	1	com.l2jserver.gameserver.model.olympiad.Olympiad	Olympiad System: Loading Olympiad System....
2019.07.28 21:40:23,240	INFO	1	com.l2jserver.gameserver.model.olympiad.Olympiad	Olympiad System: Currently in Olympiad Period
2019.07.28 21:40:23,242	INFO	1	com.l2jserver.gameserver.model.olympiad.Olympiad	Olympiad System: 5179 minutes until period ends
2019.07.28 21:40:23,243	INFO	1	com.l2jserver.gameserver.model.olympiad.Olympiad	Olympiad System: Next weekly change is in 9938 minutes
2019.07.28 21:40:23,244	INFO	1	com.l2jserver.gameserver.model.olympiad.Olympiad	Olympiad System: Loaded 0 Nobles
2019.07.28 21:40:23,302	INFO	1	com.l2jserver.gameserver.model.olympiad.Olympiad	Olympiad System: Competition Period Starts in 0 days, 0 hours and 0 mins.
2019.07.28 21:40:23,335	INFO	1	com.l2jserver.gameserver.model.olympiad.Olympiad	Olympiad System: Event starts/started : Sun Jul 28 18:00:23 COT 2019
2019.07.28 21:40:23,361	INFO	1	com.l2jserver.gameserver.model.entity.Hero	Hero System: Loaded 0 Heroes.
2019.07.28 21:40:23,361	INFO	1	com.l2jserver.gameserver.model.entity.Hero	Hero System: Loaded 0 all time Heroes.
2019.07.28 21:40:23,363	INFO	1	com.l2jserver.gameserver.GameServer	---------------------------------------------=[ Seven Signs ]
2019.07.28 21:40:23,388	INFO	1	com.l2jserver.gameserver.SevenSigns	SevenSigns: Currently in the Competition (Quest Event) period.
2019.07.28 21:40:23,389	INFO	1	com.l2jserver.gameserver.SevenSigns	SevenSigns: The Seal of Avarice remains unclaimed.
2019.07.28 21:40:23,391	INFO	1	com.l2jserver.gameserver.SevenSigns	SevenSigns: The Seal of Gnosis remains unclaimed.
2019.07.28 21:40:23,392	INFO	1	com.l2jserver.gameserver.SevenSigns	SevenSigns: The Seal of Strife remains unclaimed.
2019.07.28 21:40:23,393	INFO	1	com.l2jserver.gameserver.SevenSigns	SevenSigns: The competition, if the current trend continues, will end in a tie this week.
2019.07.28 21:40:23,393	INFO	1	com.l2jserver.gameserver.SevenSigns	SevenSigns: Next period change set to Mon Jul 29 18:00:23 COT 2019.
2019.07.28 21:40:23,403	INFO	1	com.l2jserver.gameserver.SevenSigns	SevenSigns: Next period begins in 0 days, 20 hours and 19 mins.
2019.07.28 21:40:23,403	INFO	1	com.l2jserver.gameserver.GameServer	---------------------------------------------------=[ Cache ]
2019.07.28 21:40:23,412	INFO	1	com.l2jserver.gameserver.cache.HtmCache	Cache[HTML]: Running lazy cache
2019.07.28 21:40:23,625	INFO	23	com.l2jserver.gameserver.model.olympiad.Olympiad	Olympiad System: Olympiad Game Started
2019.07.28 21:40:23,637	INFO	23	com.l2jserver.gameserver.model.olympiad.OlympiadGameManager	Olympiad System: Loaded 160 stadiums.
2019.07.28 21:40:23,643	INFO	1	com.l2jserver.gameserver.data.sql.impl.CrestTable	CrestTable: Loaded 0 Crests.
2019.07.28 21:40:23,656	INFO	1	com.l2jserver.gameserver.data.sql.impl.TeleportLocationTable	TeleportLocationTable: Loaded 957 Teleport Location Templates.
2019.07.28 21:40:23,705	INFO	1	com.l2jserver.util.data.xml.IXmlReader	UIData: Loaded 4 keys 5 categories.
2019.07.28 21:40:23,942	INFO	1	com.l2jserver.gameserver.datatables.AugmentationData	AugmentationData: Loaded: 33960 augmentations.
2019.07.28 21:40:23,943	INFO	1	com.l2jserver.gameserver.datatables.AugmentationData	AugmentationData: Loaded: 2754 accessory augmentations.
2019.07.28 21:40:23,988	INFO	1	com.l2jserver.gameserver.instancemanager.CursedWeaponsManager	CursedWeaponsManager: Loaded : 2 cursed weapon(s).
2019.07.28 21:40:27,114	INFO	1	com.l2jserver.util.data.xml.IXmlReader	TransformData: Loaded: 111 transform templates.
2019.07.28 21:40:27,190	INFO	1	com.l2jserver.gameserver.datatables.BotReportTable	BotReportTable: Loaded 0 bot reports
2019.07.28 21:40:27,191	INFO	1	com.l2jserver.gameserver.GameServer	-------------------------------------------------=[ Scripts ]
2019.07.28 21:40:27,205	INFO	1	com.l2jserver.gameserver.instancemanager.AirShipManager	AirShipManager: Loaded 0 private airships
2019.07.28 21:40:27,207	INFO	1	com.l2jserver.gameserver.GameServer	GameServer: Loading server scripts:
2019.07.28 21:40:31,253	INFO	1	handlers.MasterHandler	Loading Handlers...
2019.07.28 21:40:31,397	INFO	1	handlers.MasterHandler	ActionHandler: Loaded 10 Handlers
2019.07.28 21:40:31,398	INFO	1	handlers.MasterHandler	ActionShiftHandler: Loaded 6 Handlers
2019.07.28 21:40:31,399	INFO	1	handlers.MasterHandler	AdminCommandHandler: Loaded 447 Handlers
2019.07.28 21:40:31,400	INFO	1	handlers.MasterHandler	BypassHandler: Loaded 48 Handlers
2019.07.28 21:40:31,401	INFO	1	handlers.MasterHandler	ChatHandler: Loaded 14 Handlers
2019.07.28 21:40:31,402	INFO	1	handlers.MasterHandler	CommunityBoardHandler: Loaded 15 Handlers
2019.07.28 21:40:31,403	INFO	1	handlers.MasterHandler	ItemHandler: Loaded 31 Handlers
2019.07.28 21:40:31,403	INFO	1	handlers.MasterHandler	PunishmentHandler: Loaded 3 Handlers
2019.07.28 21:40:31,404	INFO	1	handlers.MasterHandler	UserCommandHandler: Loaded 17 Handlers
2019.07.28 21:40:31,405	INFO	1	handlers.MasterHandler	VoicedCommandHandler: Loaded 1 Handlers
2019.07.28 21:40:31,406	INFO	1	handlers.MasterHandler	TargetHandler: Loaded 35 Handlers
2019.07.28 21:40:31,407	INFO	1	handlers.MasterHandler	TelnetHandler: Loaded 20 Handlers
2019.07.28 21:40:31,407	INFO	1	handlers.MasterHandler	Handlers Loaded...
2019.07.28 21:40:49,147	INFO	1	com.l2jserver.util.data.xml.IXmlReader	NpcBuffersData: Loaded: 33 buffers data.
2019.07.28 21:41:01,130	INFO	1	com.l2jserver.gameserver.model.events.AbstractScript	Handy's Block Checker Event is enabled
2019.07.28 21:41:24,053	INFO	1	instances.InstanceLoader	InstanceLoader: Loading Instances scripts.
2019.07.28 21:41:24,994	INFO	1	gracia.GraciaLoader	GraciaLoader: Loading Gracia related scripts.
2019.07.28 21:41:26,005	INFO	1	hellbound.HellboundLoader	HellboundLoader: Loading Hellbound related scripts:
2019.07.28 21:41:26,106	INFO	1	com.l2jserver.util.data.xml.IXmlReader	HellboundPointData: Loaded 47 trust point reward data.
2019.07.28 21:41:26,177	INFO	1	com.l2jserver.util.data.xml.IXmlReader	HellboundSpawns: Loaded 598 Hellbound spawns.
2019.07.28 21:41:26,182	INFO	1	com.l2jserver.gameserver.model.events.AbstractScript	HellboundEngine: Level: 0
2019.07.28 21:41:26,183	INFO	1	com.l2jserver.gameserver.model.events.AbstractScript	HellboundEngine: Trust: 0
2019.07.28 21:41:26,184	INFO	1	com.l2jserver.gameserver.model.events.AbstractScript	HellboundEngine: Status: locked.
2019.07.28 21:41:26,342	INFO	1	com.l2jserver.gameserver.instancemanager.RaidBossSpawnManager	RaidBossSpawnManager: Loaded 187 Instances
2019.07.28 21:41:26,343	INFO	1	com.l2jserver.gameserver.instancemanager.RaidBossSpawnManager	RaidBossSpawnManager: Scheduled 0 Instances
2019.07.28 21:41:37,260	INFO	1	com.l2jserver.gameserver.model.events.AbstractScript	[EnhanceYourWeapon] Loaded 54 Soul Crystal data.
2019.07.28 21:41:37,261	INFO	1	com.l2jserver.gameserver.model.events.AbstractScript	[EnhanceYourWeapon] Loaded 240 npc Leveling info data.
2019.07.28 21:41:37,756	INFO	1	com.l2jserver.gameserver.model.events.AbstractScript	TerritoryWarSuperClass: Siege date: Sun Jul 28 22:00:00 COT 2019
2019.07.28 21:41:40,785	INFO	1	com.l2jserver.gameserver.model.entity.clanhall.ClanHallSiegeEngine	Bandit StrongHold siege scheduled for Sun Aug 11 12:00:00 COT 2019.
2019.07.28 21:41:41,050	INFO	1	com.l2jserver.gameserver.model.entity.clanhall.ClanHallSiegeEngine	Beast Farm siege scheduled for Sun Aug 11 12:00:00 COT 2019.
2019.07.28 21:41:41,294	INFO	1	com.l2jserver.gameserver.model.entity.clanhall.ClanHallSiegeEngine	Devastated Castle siege scheduled for Sun Aug 11 12:00:00 COT 2019.
2019.07.28 21:41:41,538	INFO	1	com.l2jserver.gameserver.model.entity.clanhall.ClanHallSiegeEngine	Fortress of Resistance siege scheduled for Sun Aug 11 12:00:00 COT 2019.
2019.07.28 21:41:41,708	INFO	1	com.l2jserver.gameserver.model.entity.clanhall.ClanHallSiegeEngine	Fortresss of the Dead siege scheduled for Sun Aug 11 12:00:00 COT 2019.
2019.07.28 21:41:41,978	INFO	1	com.l2jserver.gameserver.model.entity.clanhall.ClanHallSiegeEngine	Rainbow Springs siege scheduled for Sun Aug 11 12:00:00 COT 2019.
2019.07.28 21:41:44,012	INFO	1	com.l2jserver.util.data.xml.IXmlReader	SpawnTable: Loaded 3765 npc spawns.
2019.07.28 21:41:44,254	INFO	1	com.l2jserver.util.data.xml.IXmlReader	SpawnTable: Loaded 1190 npc spawns from XML.
2019.07.28 21:41:44,255	INFO	1	com.l2jserver.gameserver.instancemanager.DayNightSpawnManager	DayNightSpawnManager: Removed 0 night creatures
2019.07.28 21:41:44,262	INFO	1	com.l2jserver.gameserver.instancemanager.DayNightSpawnManager	DayNightSpawnManager: Spawned 232 day creatures
2019.07.28 21:41:44,318	INFO	1	com.l2jserver.gameserver.instancemanager.FourSepulchersManager	FourSepulchersManager: loaded 20 Mysterious-Box spawns.
2019.07.28 21:41:44,371	INFO	1	com.l2jserver.gameserver.instancemanager.FourSepulchersManager	FourSepulchersManager: loaded 716 Physical type monsters spawns.
2019.07.28 21:41:44,439	INFO	1	com.l2jserver.gameserver.instancemanager.FourSepulchersManager	FourSepulchersManager: loaded 716 Magical type monsters spawns.
2019.07.28 21:41:44,453	INFO	1	com.l2jserver.gameserver.instancemanager.FourSepulchersManager	FourSepulchersManager: loaded 92 Church of duke monsters spawns.
2019.07.28 21:41:44,468	INFO	1	com.l2jserver.gameserver.instancemanager.FourSepulchersManager	FourSepulchersManager: loaded 68 Emperor's grave NPC spawns.
2019.07.28 21:41:44,469	INFO	1	com.l2jserver.gameserver.instancemanager.FourSepulchersManager	FourSepulchersManager: spawned Conquerors' Sepulcher Manager
2019.07.28 21:41:44,472	INFO	1	com.l2jserver.gameserver.instancemanager.FourSepulchersManager	FourSepulchersManager: spawned Emperors' Sepulcher Manager
2019.07.28 21:41:44,473	INFO	1	com.l2jserver.gameserver.instancemanager.FourSepulchersManager	FourSepulchersManager: spawned Great Sages' Sepulcher Manager
2019.07.28 21:41:44,482	INFO	1	com.l2jserver.gameserver.instancemanager.FourSepulchersManager	FourSepulchersManager: spawned Judges' Sepulcher Manager
2019.07.28 21:41:44,491	INFO	1	com.l2jserver.gameserver.instancemanager.FourSepulchersManager	FourSepulchersManager: Beginning in Attack time
2019.07.28 21:41:44,553	INFO	1	com.l2jserver.gameserver.instancemanager.DimensionalRiftManager	DimensionalRiftManager: Loaded 7 room types with 56 rooms.
2019.07.28 21:41:44,572	INFO	1	com.l2jserver.gameserver.instancemanager.DimensionalRiftManager	DimensionalRiftManager: Loaded 462 dimensional rift spawns, 0 errors.
2019.07.28 21:41:44,572	INFO	1	com.l2jserver.gameserver.GameServer	---------------------------------------------------=[ Siege ]
2019.07.28 21:41:44,603	INFO	1	com.l2jserver.gameserver.model.entity.Siege	Siege of Gludio: Sun Aug 11 16:00:00 COT 2019
2019.07.28 21:41:44,611	INFO	1	com.l2jserver.gameserver.model.entity.Siege	Siege of Dion: Sun Aug 11 16:00:00 COT 2019
2019.07.28 21:41:44,613	INFO	1	com.l2jserver.gameserver.model.entity.Siege	Siege of Giran: Sun Aug 11 16:00:00 COT 2019
2019.07.28 21:41:44,623	INFO	1	com.l2jserver.gameserver.model.entity.Siege	Siege of Oren: Sun Aug 11 16:00:00 COT 2019
2019.07.28 21:41:44,625	INFO	1	com.l2jserver.gameserver.model.entity.Siege	Siege of Aden: Sun Aug 11 16:00:00 COT 2019
2019.07.28 21:41:44,626	INFO	1	com.l2jserver.gameserver.model.entity.Siege	Siege of Innadril: Sun Aug 11 20:00:00 COT 2019
2019.07.28 21:41:44,628	INFO	1	com.l2jserver.gameserver.model.entity.Siege	Siege of Goddard: Sun Aug 11 20:00:00 COT 2019
2019.07.28 21:41:44,631	INFO	1	com.l2jserver.gameserver.model.entity.Siege	Siege of Rune: Sun Aug 11 20:00:00 COT 2019
2019.07.28 21:41:44,633	INFO	1	com.l2jserver.gameserver.model.entity.Siege	Siege of Schuttgart: Sun Aug 11 20:00:00 COT 2019
2019.07.28 21:41:44,848	INFO	1	com.l2jserver.gameserver.instancemanager.FortManager	FortManager: Loaded: 21 fortress
2019.07.28 21:41:45,395	INFO	1	com.l2jserver.util.data.xml.IXmlReader	SiegeScheduleData: Loaded: 2 siege schedulers.
2019.07.28 21:41:45,436	INFO	1	com.l2jserver.util.data.xml.IXmlReader	CastleManorManager: Loaded 258 seeds.
2019.07.28 21:41:45,466	INFO	1	com.l2jserver.util.data.xml.IXmlReader	CastleManorManager: Manor data loaded.
2019.07.28 21:41:45,475	INFO	1	com.l2jserver.gameserver.instancemanager.MercTicketManager	MercTicketManager: Loaded: 0 Mercenary Tickets
2019.07.28 21:41:45,476	INFO	1	com.l2jserver.gameserver.instancemanager.QuestManager	QuestManager: Loaded: 520 quests.
2019.07.28 21:41:45,477	INFO	1	com.l2jserver.gameserver.instancemanager.QuestManager	QuestManager: Loaded: 268 scripts.
2019.07.28 21:41:45,595	INFO	1	com.l2jserver.gameserver.SevenSignsFestival	SevenSignsFestival: The first Festival of Darkness cycle begins in 2 minute(s).
2019.07.28 21:41:45,685	INFO	1	com.l2jserver.gameserver.script.faenor.FaenorEventParser	Event ID: (Valentines Event) has passed... Ignored.
2019.07.28 21:41:45,685	INFO	1	com.l2jserver.gameserver.script.faenor.FaenorScriptEngine	FaenorScriptEngine: Loaded  Valentines.xml successfully.
2019.07.28 21:41:45,688	INFO	1	com.l2jserver.gameserver.GameServer	AutoSpawnHandler: Loaded 129 handlers in total.
2019.07.28 21:41:45,721	INFO	1	com.l2jserver.gameserver.taskmanager.TaskManager	TaskManager: Loaded: 13 Tasks
2019.07.28 21:41:45,811	INFO	1	com.l2jserver.gameserver.instancemanager.MailManager	MailManager: Successfully loaded 0 messages.
2019.07.28 21:41:45,822	INFO	1	com.l2jserver.gameserver.instancemanager.PunishmentManager	PunishmentManager: Loaded 0 active and 0 expired punishments.
2019.07.28 21:41:45,826	INFO	1	com.l2jserver.gameserver.GameServer	IdFactory: Free ObjectID's remaining: 1879002373
2019.07.28 21:41:45,828	INFO	1	com.l2jserver.gameserver.model.entity.TvTManager	TvTEventEngine[TvTManager.TvTManager()]: Engine is disabled.
2019.07.28 21:41:49,698	INFO	1	com.l2jserver.gameserver.GameServer	GameServer: Started, free memory 1911 Mb of 3641 Mb
2019.07.28 21:41:49,944	INFO	257	com.l2jserver.gameserver.LoginServerThread	Connecting to login on 127.0.0.1:9014
2019.07.28 21:41:50,663	INFO	1	com.l2jserver.gameserver.GameServer	GameServer: is now listening on: *:7777
2019.07.28 21:41:50,664	INFO	1	com.l2jserver.gameserver.GameServer	GameServer: Maximum numbers of connected players: 500
2019.07.28 21:41:50,669	INFO	1	com.l2jserver.gameserver.GameServer	GameServer: Server loaded in 156 seconds.
2019.07.28 21:41:50,669	INFO	1	com.l2jserver.gameserver.GameServer	----------------------------------------------------=[ UPnP ]
2019.07.28 21:41:50,675	INFO	1	com.l2jserver.UPnPService	Looking for UPnP Gateway Devices...
2019.07.28 21:41:50,976	INFO	257	com.l2jserver.gameserver.LoginServerThread	Registered on login as Server 1: Bartz
2019.07.28 21:42:00,913	INFO	1	com.l2jserver.UPnPService	No UPnP gateways found.
2019.07.28 21:42:00,914	INFO	1	com.l2jserver.gameserver.GameServer	GameServer: Telnet server is currently disabled.
2019.07.28 21:48:16,154	INFO	277	com.l2jserver.gameserver.model.actor.instance.L2PcInstance	Master access level set for character jaivic.
2019.07.28 21:50:05,905	INFO	28	com.l2jserver.gameserver.instancemanager.GlobalVariablesManager	GlobalVariablesManager: Stored 6 variables.
2019.07.28 21:56:45,724	INFO	21	com.l2jserver.gameserver.taskmanager.tasks.TaskOlympiadSave	Olympiad System: Data updated.
2019.07.28 22:21:10,238	INFO	15	com.l2jserver.gameserver.instancemanager.GlobalVariablesManager	GlobalVariablesManager: Stored 6 variables.
2019.07.28 22:21:10,603	INFO	24	com.l2jserver.gameserver.taskmanager.tasks.TaskSevenSignsUpdate	SevenSigns: Data updated successfully.
2019.07.28 22:21:26,388	WARNING	13	com.zaxxer.hikari.pool.HikariPool	HikariPool-1 - Thread starvation or clock leap detected (housekeeper delta=13m41s457ms24µs319ns).
2019.07.28 22:26:45,697	INFO	25	com.l2jserver.gameserver.taskmanager.tasks.TaskOlympiadSave	Olympiad System: Data updated.
