2017.11.19 11:10:14,093	INFO	1	com.l2jserver.gameserver.GameServer	------------------------------------------------=[ Database ]
2017.11.19 11:10:14,158	INFO	1	com.l2jserver.gameserver.dao.factory.impl.DAOFactory	Using MySQL DAO Factory.
2017.11.19 11:10:14,165	INFO	1	com.l2jserver.commons.database.pool.impl.ConnectionFactory	Using HikariCP connection pool.
2017.11.19 11:10:14,165	INFO	1	com.l2jserver.gameserver.GameServer	GameServer: Used memory: 15MB.
2017.11.19 11:10:14,169	INFO	1	com.zaxxer.hikari.HikariDataSource	HikariPool-1 - Starting...
2017.11.19 11:10:14,435	INFO	1	com.zaxxer.hikari.HikariDataSource	HikariPool-1 - Start completed.
2017.11.19 11:10:14,444	INFO	1	com.l2jserver.gameserver.idfactory.BitSetIDFactory	Updated characters online status.
2017.11.19 11:10:14,506	INFO	1	com.l2jserver.gameserver.idfactory.BitSetIDFactory	Cleaned 0 elements from database in 0 s
2017.11.19 11:10:14,518	INFO	1	com.l2jserver.gameserver.idfactory.BitSetIDFactory	Cleaned 0 expired timestamps from database.
2017.11.19 11:10:14,528	INFO	1	com.l2jserver.gameserver.idfactory.BitSetIDFactory	BitSetIDFactory: 102912 id's available.
2017.11.19 11:10:14,531	INFO	1	com.l2jserver.gameserver.GameServer	-------------------------------------------------=[ Engines ]
2017.11.19 11:10:15,224	INFO	1	com.l2jserver.gameserver.scripting.L2ScriptEngineManager	Script Engine: Oracle Nashorn 1.8.0_144 - Language: ECMAScript - Language Version: ECMA - 262 Edition 5.1
2017.11.19 11:10:15,574	INFO	1	com.l2jserver.gameserver.scripting.L2ScriptEngineManager	Script Engine: jython 2.2.1 - Language: python - Language Version: 2.2.1
2017.11.19 11:10:15,583	INFO	1	com.l2jserver.gameserver.scripting.L2ScriptEngineManager	Script Engine: java 1.8 - Language: java - Language Version: 1.8
2017.11.19 11:10:15,658	INFO	1	com.l2jserver.gameserver.GameServer	---------------------------------------------------=[ World ]
2017.11.19 11:10:15,666	INFO	1	com.l2jserver.util.data.xml.IXmlReader	InstanceManager: Multiverse Instance created.
2017.11.19 11:10:15,667	INFO	1	com.l2jserver.util.data.xml.IXmlReader	InstanceManager: Universe Instance created.
2017.11.19 11:10:15,949	INFO	1	com.l2jserver.util.data.xml.IXmlReader	InstanceManager: Loaded 160 instance names.
2017.11.19 11:10:15,971	INFO	1	com.l2jserver.gameserver.model.L2World	L2World: (128 by 136) World Region Grid set up.
2017.11.19 11:10:16,244	INFO	1	com.l2jserver.util.data.xml.IXmlReader	MapRegionManager: Loaded 57 map regions.
2017.11.19 11:10:16,261	INFO	1	com.l2jserver.gameserver.instancemanager.GlobalVariablesManager	GlobalVariablesManager: Loaded 0 variables.
2017.11.19 11:10:16,263	INFO	1	com.l2jserver.gameserver.GameServer	----------------------------------------------------=[ Data ]
2017.11.19 11:10:16,334	INFO	1	com.l2jserver.util.data.xml.IXmlReader	CategoryData: Loaded 124 Categories.
2017.11.19 11:10:16,346	INFO	1	com.l2jserver.util.data.xml.IXmlReader	SecondaryAuthData: Loaded 328 forbidden passwords.
2017.11.19 11:10:16,348	INFO	1	com.l2jserver.gameserver.GameServer	-------------------------------------------------=[ Effects ]
2017.11.19 11:10:18,095	INFO	1	handlers.EffectMasterHandler	EffectMasterHandler: Loaded 160 effect handlers.
2017.11.19 11:10:18,097	INFO	1	com.l2jserver.gameserver.GameServer	------------------------------------=[ Enchant Skill Groups ]
2017.11.19 11:10:18,117	INFO	1	com.l2jserver.util.data.xml.IXmlReader	EnchantSkillGroupsData: Loaded 4 groups and 90 routes.
2017.11.19 11:10:18,119	INFO	1	com.l2jserver.gameserver.GameServer	---------------------------------------------=[ Skill Trees ]
2017.11.19 11:10:18,884	INFO	1	com.l2jserver.util.data.xml.IXmlReader	Loaded 17176 Class Skills for 103 Class Skill Trees.
2017.11.19 11:10:18,885	INFO	1	com.l2jserver.util.data.xml.IXmlReader	Loaded 76 Sub-Class Skills.
2017.11.19 11:10:18,886	INFO	1	com.l2jserver.util.data.xml.IXmlReader	Loaded 77 Transfer Skills for 3 Transfer Skill Trees.
2017.11.19 11:10:18,887	INFO	1	com.l2jserver.util.data.xml.IXmlReader	Loaded 117 Fishing Skills, 8 Dwarven only Fishing Skills.
2017.11.19 11:10:18,889	INFO	1	com.l2jserver.util.data.xml.IXmlReader	Loaded 3 Collect Skills.
2017.11.19 11:10:18,891	INFO	1	com.l2jserver.util.data.xml.IXmlReader	Loaded 74 Pledge Skills, 44 for Pledge and 30 Residential.
2017.11.19 11:10:18,892	INFO	1	com.l2jserver.util.data.xml.IXmlReader	Loaded 18 Sub-Pledge Skills.
2017.11.19 11:10:18,893	INFO	1	com.l2jserver.util.data.xml.IXmlReader	Loaded 32 Transform Skills.
2017.11.19 11:10:18,895	INFO	1	com.l2jserver.util.data.xml.IXmlReader	Loaded 8 Noble Skills.
2017.11.19 11:10:18,896	INFO	1	com.l2jserver.util.data.xml.IXmlReader	Loaded 5 Hero Skills.
2017.11.19 11:10:18,897	INFO	1	com.l2jserver.util.data.xml.IXmlReader	Loaded 46 Game Master Skills.
2017.11.19 11:10:18,898	INFO	1	com.l2jserver.util.data.xml.IXmlReader	Loaded 46 Game Master Aura Skills.
2017.11.19 11:10:18,900	INFO	1	com.l2jserver.gameserver.GameServer	--------------------------------------------------=[ Skills ]
2017.11.19 11:10:25,496	INFO	1	com.l2jserver.gameserver.engines.DocumentEngine	DocumentEngine: Loaded 65957 Skill templates from XML files.
2017.11.19 11:10:25,572	INFO	1	com.l2jserver.gameserver.data.sql.impl.SummonSkillsTable	SummonSkillsTable: Loaded 1891 skills.
2017.11.19 11:10:25,573	INFO	1	com.l2jserver.gameserver.GameServer	---------------------------------------------------=[ Items ]
2017.11.19 11:10:26,976	INFO	1	com.l2jserver.gameserver.datatables.ItemTable	ItemTable: Highest item id used:22567
2017.11.19 11:10:26,981	INFO	1	com.l2jserver.gameserver.datatables.ItemTable	ItemTable: Loaded: 11481 Etc Items
2017.11.19 11:10:26,982	INFO	1	com.l2jserver.gameserver.datatables.ItemTable	ItemTable: Loaded: 3825 Armor Items
2017.11.19 11:10:26,983	INFO	1	com.l2jserver.gameserver.datatables.ItemTable	ItemTable: Loaded: 3893 Weapon Items
2017.11.19 11:10:26,984	INFO	1	com.l2jserver.gameserver.datatables.ItemTable	ItemTable: Loaded: 19199 Items in total.
2017.11.19 11:10:26,993	INFO	1	com.l2jserver.util.data.xml.IXmlReader	EnchantItemGroupsData: Loaded: 4 item group templates.
2017.11.19 11:10:26,994	INFO	1	com.l2jserver.util.data.xml.IXmlReader	EnchantItemGroupsData: Loaded: 1 scroll group templates.
2017.11.19 11:10:27,005	INFO	1	com.l2jserver.util.data.xml.IXmlReader	EnchantItemData: Loaded 63 Enchant Scrolls.
2017.11.19 11:10:27,006	INFO	1	com.l2jserver.util.data.xml.IXmlReader	EnchantItemData: Loaded 20 Support Items.
2017.11.19 11:10:27,029	INFO	1	com.l2jserver.util.data.xml.IXmlReader	EnchantItemOptionsData: Loaded: 23 Items and 1093 Options.
2017.11.19 11:10:28,577	INFO	1	com.l2jserver.util.data.xml.IXmlReader	OptionData: Loaded: 24985 Options.
2017.11.19 11:10:28,592	INFO	1	com.l2jserver.util.data.xml.IXmlReader	EnchantItemHPBonusData: Loaded 6 Enchant HP Bonuses.
2017.11.19 11:10:28,597	INFO	1	com.l2jserver.gameserver.datatables.MerchantPriceConfigTable	MerchantPriceConfigTable: Loaded 28 merchant price configs.
2017.11.19 11:10:30,621	INFO	1	com.l2jserver.util.data.xml.IXmlReader	BuyListData: Loaded 760 BuyLists.
2017.11.19 11:10:31,453	INFO	1	com.l2jserver.util.data.xml.IXmlReader	MultisellData: Loaded 192 multisell lists.
2017.11.19 11:10:31,548	INFO	1	com.l2jserver.util.data.xml.IXmlReader	RecipeData: Loaded 1000 recipes.
2017.11.19 11:10:31,621	INFO	1	com.l2jserver.util.data.xml.IXmlReader	ArmorSetsData: Loaded 198 Armor sets.
2017.11.19 11:10:31,642	INFO	1	com.l2jserver.util.data.xml.IXmlReader	FishData: Loaded 278 Fish.
2017.11.19 11:10:31,648	INFO	1	com.l2jserver.util.data.xml.IXmlReader	FishingMonstersData: Loaded 8 Fishing Monsters.
2017.11.19 11:10:31,653	INFO	1	com.l2jserver.util.data.xml.IXmlReader	FishingRodsData: Loaded 6 Fishing Rods.
2017.11.19 11:10:31,717	INFO	1	com.l2jserver.util.data.xml.IXmlReader	HennaData: Loaded 180 Henna data.
2017.11.19 11:10:31,719	INFO	1	com.l2jserver.gameserver.GameServer	----------------------------------------------=[ Characters ]
2017.11.19 11:10:31,726	INFO	1	com.l2jserver.util.data.xml.IXmlReader	ClassListData: Loaded 107 Class data.
2017.11.19 11:10:31,733	INFO	1	com.l2jserver.util.data.xml.IXmlReader	InitialEquipmentData: Loaded 11 Initial Equipment data.
2017.11.19 11:10:31,744	INFO	1	com.l2jserver.util.data.xml.IXmlReader	InitialShortcutData: Loaded 5 Initial Global Shortcuts data.
2017.11.19 11:10:31,749	INFO	1	com.l2jserver.util.data.xml.IXmlReader	InitialShortcutData: Loaded 4 Initial Shortcuts data.
2017.11.19 11:10:31,750	INFO	1	com.l2jserver.util.data.xml.IXmlReader	InitialShortcutData: Loaded 0 Macros presets.
2017.11.19 11:10:31,828	INFO	1	com.l2jserver.util.data.xml.IXmlReader	KarmaData: Loaded 85 karma modifiers.
2017.11.19 11:10:31,846	INFO	1	com.l2jserver.util.data.xml.IXmlReader	HitConditionBonusData: Loaded Hit Condition bonuses.
2017.11.19 11:10:32,673	INFO	1	com.l2jserver.util.data.xml.IXmlReader	PlayerTemplateData: Loaded 103 character templates.
2017.11.19 11:10:32,674	INFO	1	com.l2jserver.util.data.xml.IXmlReader	PlayerTemplateData: Loaded 52530 level up gain records.
2017.11.19 11:10:32,681	INFO	1	com.l2jserver.util.data.xml.IXmlReader	PlayerCreationPointData: Loaded 62 character creation points.
2017.11.19 11:10:32,686	INFO	1	com.l2jserver.gameserver.data.sql.impl.CharNameTable	CharNameTable: Loaded 0 char names.
2017.11.19 11:10:32,694	INFO	1	com.l2jserver.util.data.xml.IXmlReader	AdminData: Loaded: 10 Access Levels.
2017.11.19 11:10:32,705	INFO	1	com.l2jserver.util.data.xml.IXmlReader	AdminData: Loaded: 444 Access Commands.
2017.11.19 11:10:32,714	INFO	1	com.l2jserver.gameserver.instancemanager.RaidBossPointsManager	RaidBossPointsManager: Loaded 0 Characters Raid Points.
2017.11.19 11:10:33,746	INFO	1	com.l2jserver.util.data.xml.IXmlReader	PetDataTable: Loaded 52 Pets.
2017.11.19 11:10:33,753	INFO	1	com.l2jserver.gameserver.GameServer	---------------------------------------------------=[ Clans ]
2017.11.19 11:10:33,778	INFO	1	com.l2jserver.gameserver.communitybbs.Manager.ForumsBBSManager	Loaded 4 forums. Last forum id used: 4
2017.11.19 11:10:33,780	INFO	1	com.l2jserver.gameserver.data.sql.impl.ClanTable	ClanTable: Restored 0 clans from the database.
2017.11.19 11:10:33,794	INFO	1	com.l2jserver.gameserver.instancemanager.CHSiegeManager	CHSiegeManager: Loaded 6 conquerable clan halls.
2017.11.19 11:10:33,901	INFO	1	com.l2jserver.gameserver.instancemanager.AuctionManager	AuctionManager: Loaded: 38 auction(s)
2017.11.19 11:10:33,905	INFO	1	com.l2jserver.gameserver.instancemanager.ClanHallManager	ClanHallManager: Loaded: 0 clan halls
2017.11.19 11:10:33,907	INFO	1	com.l2jserver.gameserver.instancemanager.ClanHallManager	ClanHallManager: Loaded: 38 free clan halls
2017.11.19 11:10:33,908	INFO	1	com.l2jserver.gameserver.GameServer	-------------------------------------------------=[ Geodata ]
2017.11.19 11:10:33,921	INFO	1	com.l2jserver.gameserver.GeoData	GeoData: Loading 11_23.l2j...
2017.11.19 11:10:33,969	INFO	1	com.l2jserver.gameserver.GeoData	GeoData: Loading 11_24.l2j...
2017.11.19 11:10:34,017	INFO	1	com.l2jserver.gameserver.GeoData	GeoData: Loading 11_25.l2j...
2017.11.19 11:10:34,055	INFO	1	com.l2jserver.gameserver.GeoData	GeoData: Loading 11_26.l2j...
2017.11.19 11:10:34,071	INFO	1	com.l2jserver.gameserver.GeoData	GeoData: Loading 12_23.l2j...
2017.11.19 11:10:34,079	INFO	1	com.l2jserver.gameserver.GeoData	GeoData: Loading 12_24.l2j...
2017.11.19 11:10:34,133	INFO	1	com.l2jserver.gameserver.GeoData	GeoData: Loading 12_25.l2j...
2017.11.19 11:10:34,155	INFO	1	com.l2jserver.gameserver.GeoData	GeoData: Loading 12_26.l2j...
2017.11.19 11:10:34,165	INFO	1	com.l2jserver.gameserver.GeoData	GeoData: Loading 13_21.l2j...
2017.11.19 11:10:34,169	INFO	1	com.l2jserver.gameserver.GeoData	GeoData: Loading 13_22.l2j...
2017.11.19 11:10:34,173	INFO	1	com.l2jserver.gameserver.GeoData	GeoData: Loading 13_23.l2j...
2017.11.19 11:10:34,188	INFO	1	com.l2jserver.gameserver.GeoData	GeoData: Loading 13_24.l2j...
2017.11.19 11:10:34,206	INFO	1	com.l2jserver.gameserver.GeoData	GeoData: Loading 13_25.l2j...
2017.11.19 11:10:34,222	INFO	1	com.l2jserver.gameserver.GeoData	GeoData: Loading 13_26.l2j...
2017.11.19 11:10:34,232	INFO	1	com.l2jserver.gameserver.GeoData	GeoData: Loading 14_21.l2j...
2017.11.19 11:10:34,236	INFO	1	com.l2jserver.gameserver.GeoData	GeoData: Loading 14_22.l2j...
2017.11.19 11:10:34,257	INFO	1	com.l2jserver.gameserver.GeoData	GeoData: Loading 14_23.l2j...
2017.11.19 11:10:34,305	INFO	1	com.l2jserver.gameserver.GeoData	GeoData: Loading 14_24.l2j...
2017.11.19 11:10:34,322	INFO	1	com.l2jserver.gameserver.GeoData	GeoData: Loading 14_25.l2j...
2017.11.19 11:10:34,337	INFO	1	com.l2jserver.gameserver.GeoData	GeoData: Loading 14_26.l2j...
2017.11.19 11:10:34,344	INFO	1	com.l2jserver.gameserver.GeoData	GeoData: Loading 15_10.l2j...
2017.11.19 11:10:34,350	INFO	1	com.l2jserver.gameserver.GeoData	GeoData: Loading 15_11.l2j...
2017.11.19 11:10:34,355	INFO	1	com.l2jserver.gameserver.GeoData	GeoData: Loading 15_12.l2j...
2017.11.19 11:10:34,363	INFO	1	com.l2jserver.gameserver.GeoData	GeoData: Loading 15_18.l2j...
2017.11.19 11:10:34,367	INFO	1	com.l2jserver.gameserver.GeoData	GeoData: Loading 15_19.l2j...
2017.11.19 11:10:34,372	INFO	1	com.l2jserver.gameserver.GeoData	GeoData: Loading 15_20.l2j...
2017.11.19 11:10:34,375	INFO	1	com.l2jserver.gameserver.GeoData	GeoData: Loading 15_21.l2j...
2017.11.19 11:10:34,379	INFO	1	com.l2jserver.gameserver.GeoData	GeoData: Loading 15_22.l2j...
2017.11.19 11:10:34,383	INFO	1	com.l2jserver.gameserver.GeoData	GeoData: Loading 15_23.l2j...
2017.11.19 11:10:34,387	INFO	1	com.l2jserver.gameserver.GeoData	GeoData: Loading 15_24.l2j...
2017.11.19 11:10:34,390	INFO	1	com.l2jserver.gameserver.GeoData	GeoData: Loading 15_25.l2j...
2017.11.19 11:10:34,396	INFO	1	com.l2jserver.gameserver.GeoData	GeoData: Loading 15_26.l2j...
2017.11.19 11:10:34,400	INFO	1	com.l2jserver.gameserver.GeoData	GeoData: Loading 16_10.l2j...
2017.11.19 11:10:34,427	INFO	1	com.l2jserver.gameserver.GeoData	GeoData: Loading 16_11.l2j...
2017.11.19 11:10:34,432	INFO	1	com.l2jserver.gameserver.GeoData	GeoData: Loading 16_12.l2j...
2017.11.19 11:10:34,437	INFO	1	com.l2jserver.gameserver.GeoData	GeoData: Loading 16_13.l2j...
2017.11.19 11:10:34,441	INFO	1	com.l2jserver.gameserver.GeoData	GeoData: Loading 16_14.l2j...
2017.11.19 11:10:34,444	INFO	1	com.l2jserver.gameserver.GeoData	GeoData: Loading 16_15.l2j...
2017.11.19 11:10:34,448	INFO	1	com.l2jserver.gameserver.GeoData	GeoData: Loading 16_16.l2j...
2017.11.19 11:10:34,451	INFO	1	com.l2jserver.gameserver.GeoData	GeoData: Loading 16_17.l2j...
2017.11.19 11:10:34,454	INFO	1	com.l2jserver.gameserver.GeoData	GeoData: Loading 16_18.l2j...
2017.11.19 11:10:34,459	INFO	1	com.l2jserver.gameserver.GeoData	GeoData: Loading 16_19.l2j...
2017.11.19 11:10:34,475	INFO	1	com.l2jserver.gameserver.GeoData	GeoData: Loading 16_20.l2j...
2017.11.19 11:10:34,492	INFO	1	com.l2jserver.gameserver.GeoData	GeoData: Loading 16_21.l2j...
2017.11.19 11:10:34,497	INFO	1	com.l2jserver.gameserver.GeoData	GeoData: Loading 16_22.l2j...
2017.11.19 11:10:34,500	INFO	1	com.l2jserver.gameserver.GeoData	GeoData: Loading 16_23.l2j...
2017.11.19 11:10:34,503	INFO	1	com.l2jserver.gameserver.GeoData	GeoData: Loading 16_24.l2j...
2017.11.19 11:10:34,516	INFO	1	com.l2jserver.gameserver.GeoData	GeoData: Loading 16_25.l2j...
2017.11.19 11:10:34,533	INFO	1	com.l2jserver.gameserver.GeoData	GeoData: Loading 16_26.l2j...
2017.11.19 11:10:34,536	INFO	1	com.l2jserver.gameserver.GeoData	GeoData: Loading 17_10.l2j...
2017.11.19 11:10:34,540	INFO	1	com.l2jserver.gameserver.GeoData	GeoData: Loading 17_11.l2j...
2017.11.19 11:10:34,544	INFO	1	com.l2jserver.gameserver.GeoData	GeoData: Loading 17_12.l2j...
2017.11.19 11:10:34,548	INFO	1	com.l2jserver.gameserver.GeoData	GeoData: Loading 17_13.l2j...
2017.11.19 11:10:34,552	INFO	1	com.l2jserver.gameserver.GeoData	GeoData: Loading 17_14.l2j...
2017.11.19 11:10:34,556	INFO	1	com.l2jserver.gameserver.GeoData	GeoData: Loading 17_15.l2j...
2017.11.19 11:10:34,563	INFO	1	com.l2jserver.gameserver.GeoData	GeoData: Loading 17_16.l2j...
2017.11.19 11:10:34,575	INFO	1	com.l2jserver.gameserver.GeoData	GeoData: Loading 17_17.l2j...
2017.11.19 11:10:34,579	INFO	1	com.l2jserver.gameserver.GeoData	GeoData: Loading 17_18.l2j...
2017.11.19 11:10:34,581	INFO	1	com.l2jserver.gameserver.GeoData	GeoData: Loading 17_19.l2j...
2017.11.19 11:10:34,592	INFO	1	com.l2jserver.gameserver.GeoData	GeoData: Loading 17_20.l2j...
2017.11.19 11:10:34,602	INFO	1	com.l2jserver.gameserver.GeoData	GeoData: Loading 17_21.l2j...
2017.11.19 11:10:34,614	INFO	1	com.l2jserver.gameserver.GeoData	GeoData: Loading 17_22.l2j...
2017.11.19 11:10:34,628	INFO	1	com.l2jserver.gameserver.GeoData	GeoData: Loading 17_23.l2j...
2017.11.19 11:10:34,635	INFO	1	com.l2jserver.gameserver.GeoData	GeoData: Loading 17_24.l2j...
2017.11.19 11:10:34,639	INFO	1	com.l2jserver.gameserver.GeoData	GeoData: Loading 17_25.l2j...
2017.11.19 11:10:34,650	INFO	1	com.l2jserver.gameserver.GeoData	GeoData: Loading 17_26.l2j...
2017.11.19 11:10:34,652	INFO	1	com.l2jserver.gameserver.GeoData	GeoData: Loading 18_10.l2j...
2017.11.19 11:10:34,658	INFO	1	com.l2jserver.gameserver.GeoData	GeoData: Loading 18_11.l2j...
2017.11.19 11:10:34,663	INFO	1	com.l2jserver.gameserver.GeoData	GeoData: Loading 18_12.l2j...
2017.11.19 11:10:34,667	INFO	1	com.l2jserver.gameserver.GeoData	GeoData: Loading 18_13.l2j...
2017.11.19 11:10:34,670	INFO	1	com.l2jserver.gameserver.GeoData	GeoData: Loading 18_14.l2j...
2017.11.19 11:10:35,069	INFO	1	com.l2jserver.gameserver.GeoData	GeoData: Loading 18_15.l2j...
2017.11.19 11:10:35,075	INFO	1	com.l2jserver.gameserver.GeoData	GeoData: Loading 18_16.l2j...
2017.11.19 11:10:35,084	INFO	1	com.l2jserver.gameserver.GeoData	GeoData: Loading 18_17.l2j...
2017.11.19 11:10:35,087	INFO	1	com.l2jserver.gameserver.GeoData	GeoData: Loading 18_18.l2j...
2017.11.19 11:10:35,090	INFO	1	com.l2jserver.gameserver.GeoData	GeoData: Loading 18_19.l2j...
2017.11.19 11:10:35,099	INFO	1	com.l2jserver.gameserver.GeoData	GeoData: Loading 18_20.l2j...
2017.11.19 11:10:35,113	INFO	1	com.l2jserver.gameserver.GeoData	GeoData: Loading 18_21.l2j...
2017.11.19 11:10:35,125	INFO	1	com.l2jserver.gameserver.GeoData	GeoData: Loading 18_22.l2j...
2017.11.19 11:10:35,139	INFO	1	com.l2jserver.gameserver.GeoData	GeoData: Loading 18_23.l2j...
2017.11.19 11:10:35,156	INFO	1	com.l2jserver.gameserver.GeoData	GeoData: Loading 18_24.l2j...
2017.11.19 11:10:35,171	INFO	1	com.l2jserver.gameserver.GeoData	GeoData: Loading 18_25.l2j...
2017.11.19 11:10:35,175	INFO	1	com.l2jserver.gameserver.GeoData	GeoData: Loading 18_26.l2j...
2017.11.19 11:10:35,178	INFO	1	com.l2jserver.gameserver.GeoData	GeoData: Loading 19_10.l2j...
2017.11.19 11:10:35,184	INFO	1	com.l2jserver.gameserver.GeoData	GeoData: Loading 19_11.l2j...
2017.11.19 11:10:35,187	INFO	1	com.l2jserver.gameserver.GeoData	GeoData: Loading 19_12.l2j...
2017.11.19 11:10:35,190	INFO	1	com.l2jserver.gameserver.GeoData	GeoData: Loading 19_13.l2j...
2017.11.19 11:10:35,198	INFO	1	com.l2jserver.gameserver.GeoData	GeoData: Loading 19_14.l2j...
2017.11.19 11:10:35,210	INFO	1	com.l2jserver.gameserver.GeoData	GeoData: Loading 19_15.l2j...
2017.11.19 11:10:35,224	INFO	1	com.l2jserver.gameserver.GeoData	GeoData: Loading 19_16.l2j...
2017.11.19 11:10:35,232	INFO	1	com.l2jserver.gameserver.GeoData	GeoData: Loading 19_17.l2j...
2017.11.19 11:10:35,237	INFO	1	com.l2jserver.gameserver.GeoData	GeoData: Loading 19_18.l2j...
2017.11.19 11:10:35,251	INFO	1	com.l2jserver.gameserver.GeoData	GeoData: Loading 19_19.l2j...
2017.11.19 11:10:35,262	INFO	1	com.l2jserver.gameserver.GeoData	GeoData: Loading 19_20.l2j...
2017.11.19 11:10:35,279	INFO	1	com.l2jserver.gameserver.GeoData	GeoData: Loading 19_21.l2j...
2017.11.19 11:10:35,290	INFO	1	com.l2jserver.gameserver.GeoData	GeoData: Loading 19_22.l2j...
2017.11.19 11:10:35,302	INFO	1	com.l2jserver.gameserver.GeoData	GeoData: Loading 19_23.l2j...
2017.11.19 11:10:35,316	INFO	1	com.l2jserver.gameserver.GeoData	GeoData: Loading 19_24.l2j...
2017.11.19 11:10:35,325	INFO	1	com.l2jserver.gameserver.GeoData	GeoData: Loading 19_25.l2j...
2017.11.19 11:10:35,338	INFO	1	com.l2jserver.gameserver.GeoData	GeoData: Loading 19_26.l2j...
2017.11.19 11:10:35,343	INFO	1	com.l2jserver.gameserver.GeoData	GeoData: Loading 20_10.l2j...
2017.11.19 11:10:35,347	INFO	1	com.l2jserver.gameserver.GeoData	GeoData: Loading 20_11.l2j...
2017.11.19 11:10:35,350	INFO	1	com.l2jserver.gameserver.GeoData	GeoData: Loading 20_12.l2j...
2017.11.19 11:10:35,613	INFO	1	com.l2jserver.gameserver.GeoData	GeoData: Loading 20_13.l2j...
2017.11.19 11:10:35,632	INFO	1	com.l2jserver.gameserver.GeoData	GeoData: Loading 20_14.l2j...
2017.11.19 11:10:35,648	INFO	1	com.l2jserver.gameserver.GeoData	GeoData: Loading 20_15.l2j...
2017.11.19 11:10:35,659	INFO	1	com.l2jserver.gameserver.GeoData	GeoData: Loading 20_16.l2j...
2017.11.19 11:10:35,667	INFO	1	com.l2jserver.gameserver.GeoData	GeoData: Loading 20_17.l2j...
2017.11.19 11:10:35,679	INFO	1	com.l2jserver.gameserver.GeoData	GeoData: Loading 20_18.l2j...
2017.11.19 11:10:35,688	INFO	1	com.l2jserver.gameserver.GeoData	GeoData: Loading 20_19.l2j...
2017.11.19 11:10:35,698	INFO	1	com.l2jserver.gameserver.GeoData	GeoData: Loading 20_20.l2j...
2017.11.19 11:10:35,710	INFO	1	com.l2jserver.gameserver.GeoData	GeoData: Loading 20_21.l2j...
2017.11.19 11:10:35,731	INFO	1	com.l2jserver.gameserver.GeoData	GeoData: Loading 20_22.l2j...
2017.11.19 11:10:35,747	INFO	1	com.l2jserver.gameserver.GeoData	GeoData: Loading 20_23.l2j...
2017.11.19 11:10:35,760	INFO	1	com.l2jserver.gameserver.GeoData	GeoData: Loading 20_24.l2j...
2017.11.19 11:10:35,764	INFO	1	com.l2jserver.gameserver.GeoData	GeoData: Loading 20_25.l2j...
2017.11.19 11:10:35,778	INFO	1	com.l2jserver.gameserver.GeoData	GeoData: Loading 20_26.l2j...
2017.11.19 11:10:35,783	INFO	1	com.l2jserver.gameserver.GeoData	GeoData: Loading 21_10.l2j...
2017.11.19 11:10:35,786	INFO	1	com.l2jserver.gameserver.GeoData	GeoData: Loading 21_11.l2j...
2017.11.19 11:10:35,789	INFO	1	com.l2jserver.gameserver.GeoData	GeoData: Loading 21_12.l2j...
2017.11.19 11:10:35,792	INFO	1	com.l2jserver.gameserver.GeoData	GeoData: Loading 21_13.l2j...
2017.11.19 11:10:35,795	INFO	1	com.l2jserver.gameserver.GeoData	GeoData: Loading 21_14.l2j...
2017.11.19 11:10:35,809	INFO	1	com.l2jserver.gameserver.GeoData	GeoData: Loading 21_15.l2j...
2017.11.19 11:10:35,822	INFO	1	com.l2jserver.gameserver.GeoData	GeoData: Loading 21_16.l2j...
2017.11.19 11:10:35,835	INFO	1	com.l2jserver.gameserver.GeoData	GeoData: Loading 21_17.l2j...
2017.11.19 11:10:35,841	INFO	1	com.l2jserver.gameserver.GeoData	GeoData: Loading 21_18.l2j...
2017.11.19 11:10:35,855	INFO	1	com.l2jserver.gameserver.GeoData	GeoData: Loading 21_19.l2j...
2017.11.19 11:10:35,869	INFO	1	com.l2jserver.gameserver.GeoData	GeoData: Loading 21_20.l2j...
2017.11.19 11:10:35,880	INFO	1	com.l2jserver.gameserver.GeoData	GeoData: Loading 21_21.l2j...
2017.11.19 11:10:35,893	INFO	1	com.l2jserver.gameserver.GeoData	GeoData: Loading 21_22.l2j...
2017.11.19 11:10:39,326	INFO	1	com.l2jserver.gameserver.GeoData	GeoData: Loading 21_23.l2j...
2017.11.19 11:10:39,337	INFO	1	com.l2jserver.gameserver.GeoData	GeoData: Loading 21_24.l2j...
2017.11.19 11:10:39,347	INFO	1	com.l2jserver.gameserver.GeoData	GeoData: Loading 21_25.l2j...
2017.11.19 11:10:39,350	INFO	1	com.l2jserver.gameserver.GeoData	GeoData: Loading 22_10.l2j...
2017.11.19 11:10:39,352	INFO	1	com.l2jserver.gameserver.GeoData	GeoData: Loading 22_11.l2j...
2017.11.19 11:10:39,362	INFO	1	com.l2jserver.gameserver.GeoData	GeoData: Loading 22_12.l2j...
2017.11.19 11:10:39,364	INFO	1	com.l2jserver.gameserver.GeoData	GeoData: Loading 22_13.l2j...
2017.11.19 11:10:39,375	INFO	1	com.l2jserver.gameserver.GeoData	GeoData: Loading 22_14.l2j...
2017.11.19 11:10:39,388	INFO	1	com.l2jserver.gameserver.GeoData	GeoData: Loading 22_15.l2j...
2017.11.19 11:10:39,400	INFO	1	com.l2jserver.gameserver.GeoData	GeoData: Loading 22_16.l2j...
2017.11.19 11:10:39,413	INFO	1	com.l2jserver.gameserver.GeoData	GeoData: Loading 22_17.l2j...
2017.11.19 11:10:39,422	INFO	1	com.l2jserver.gameserver.GeoData	GeoData: Loading 22_18.l2j...
2017.11.19 11:10:39,433	INFO	1	com.l2jserver.gameserver.GeoData	GeoData: Loading 22_19.l2j...
2017.11.19 11:10:39,444	INFO	1	com.l2jserver.gameserver.GeoData	GeoData: Loading 22_20.l2j...
2017.11.19 11:10:39,456	INFO	1	com.l2jserver.gameserver.GeoData	GeoData: Loading 22_21.l2j...
2017.11.19 11:10:39,468	INFO	1	com.l2jserver.gameserver.GeoData	GeoData: Loading 22_22.l2j...
2017.11.19 11:10:39,479	INFO	1	com.l2jserver.gameserver.GeoData	GeoData: Loading 22_23.l2j...
2017.11.19 11:10:39,490	INFO	1	com.l2jserver.gameserver.GeoData	GeoData: Loading 22_24.l2j...
2017.11.19 11:10:39,500	INFO	1	com.l2jserver.gameserver.GeoData	GeoData: Loading 22_25.l2j...
2017.11.19 11:10:39,509	INFO	1	com.l2jserver.gameserver.GeoData	GeoData: Loading 22_26.l2j...
2017.11.19 11:10:39,511	INFO	1	com.l2jserver.gameserver.GeoData	GeoData: Loading 23_10.l2j...
2017.11.19 11:10:39,513	INFO	1	com.l2jserver.gameserver.GeoData	GeoData: Loading 23_11.l2j...
2017.11.19 11:10:39,522	INFO	1	com.l2jserver.gameserver.GeoData	GeoData: Loading 23_12.l2j...
2017.11.19 11:10:39,533	INFO	1	com.l2jserver.gameserver.GeoData	GeoData: Loading 23_13.l2j...
2017.11.19 11:10:39,544	INFO	1	com.l2jserver.gameserver.GeoData	GeoData: Loading 23_14.l2j...
2017.11.19 11:10:39,883	INFO	1	com.l2jserver.gameserver.GeoData	GeoData: Loading 23_15.l2j...
2017.11.19 11:10:39,898	INFO	1	com.l2jserver.gameserver.GeoData	GeoData: Loading 23_16.l2j...
2017.11.19 11:10:39,910	INFO	1	com.l2jserver.gameserver.GeoData	GeoData: Loading 23_17.l2j...
2017.11.19 11:10:39,921	INFO	1	com.l2jserver.gameserver.GeoData	GeoData: Loading 23_18.l2j...
2017.11.19 11:10:39,937	INFO	1	com.l2jserver.gameserver.GeoData	GeoData: Loading 23_19.l2j...
2017.11.19 11:10:39,949	INFO	1	com.l2jserver.gameserver.GeoData	GeoData: Loading 23_20.l2j...
2017.11.19 11:10:39,960	INFO	1	com.l2jserver.gameserver.GeoData	GeoData: Loading 23_21.l2j...
2017.11.19 11:10:39,974	INFO	1	com.l2jserver.gameserver.GeoData	GeoData: Loading 23_22.l2j...
2017.11.19 11:10:39,984	INFO	1	com.l2jserver.gameserver.GeoData	GeoData: Loading 23_23.l2j...
2017.11.19 11:10:39,995	INFO	1	com.l2jserver.gameserver.GeoData	GeoData: Loading 23_24.l2j...
2017.11.19 11:10:40,006	INFO	1	com.l2jserver.gameserver.GeoData	GeoData: Loading 23_25.l2j...
2017.11.19 11:10:40,014	INFO	1	com.l2jserver.gameserver.GeoData	GeoData: Loading 23_26.l2j...
2017.11.19 11:10:40,016	INFO	1	com.l2jserver.gameserver.GeoData	GeoData: Loading 24_10.l2j...
2017.11.19 11:10:40,018	INFO	1	com.l2jserver.gameserver.GeoData	GeoData: Loading 24_11.l2j...
2017.11.19 11:10:40,027	INFO	1	com.l2jserver.gameserver.GeoData	GeoData: Loading 24_12.l2j...
2017.11.19 11:10:40,042	INFO	1	com.l2jserver.gameserver.GeoData	GeoData: Loading 24_13.l2j...
2017.11.19 11:10:40,048	INFO	1	com.l2jserver.gameserver.GeoData	GeoData: Loading 24_14.l2j...
2017.11.19 11:10:40,060	INFO	1	com.l2jserver.gameserver.GeoData	GeoData: Loading 24_15.l2j...
2017.11.19 11:10:40,071	INFO	1	com.l2jserver.gameserver.GeoData	GeoData: Loading 24_16.l2j...
2017.11.19 11:10:40,083	INFO	1	com.l2jserver.gameserver.GeoData	GeoData: Loading 24_17.l2j...
2017.11.19 11:10:40,094	INFO	1	com.l2jserver.gameserver.GeoData	GeoData: Loading 24_18.l2j...
2017.11.19 11:10:43,535	INFO	1	com.l2jserver.gameserver.GeoData	GeoData: Loading 24_19.l2j...
2017.11.19 11:10:43,544	INFO	1	com.l2jserver.gameserver.GeoData	GeoData: Loading 24_20.l2j...
2017.11.19 11:10:43,559	INFO	1	com.l2jserver.gameserver.GeoData	GeoData: Loading 24_21.l2j...
2017.11.19 11:10:43,566	INFO	1	com.l2jserver.gameserver.GeoData	GeoData: Loading 24_22.l2j...
2017.11.19 11:10:43,580	INFO	1	com.l2jserver.gameserver.GeoData	GeoData: Loading 24_23.l2j...
2017.11.19 11:10:43,592	INFO	1	com.l2jserver.gameserver.GeoData	GeoData: Loading 24_24.l2j...
2017.11.19 11:10:43,596	INFO	1	com.l2jserver.gameserver.GeoData	GeoData: Loading 24_25.l2j...
2017.11.19 11:10:43,599	INFO	1	com.l2jserver.gameserver.GeoData	GeoData: Loading 24_26.l2j...
2017.11.19 11:10:43,601	INFO	1	com.l2jserver.gameserver.GeoData	GeoData: Loading 25_10.l2j...
2017.11.19 11:10:43,604	INFO	1	com.l2jserver.gameserver.GeoData	GeoData: Loading 25_11.l2j...
2017.11.19 11:10:43,614	INFO	1	com.l2jserver.gameserver.GeoData	GeoData: Loading 25_12.l2j...
2017.11.19 11:10:43,630	INFO	1	com.l2jserver.gameserver.GeoData	GeoData: Loading 25_14.l2j...
2017.11.19 11:10:43,647	INFO	1	com.l2jserver.gameserver.GeoData	GeoData: Loading 25_15.l2j...
2017.11.19 11:10:43,661	INFO	1	com.l2jserver.gameserver.GeoData	GeoData: Loading 25_16.l2j...
2017.11.19 11:10:43,673	INFO	1	com.l2jserver.gameserver.GeoData	GeoData: Loading 25_17.l2j...
2017.11.19 11:10:43,687	INFO	1	com.l2jserver.gameserver.GeoData	GeoData: Loading 25_18.l2j...
2017.11.19 11:10:43,697	INFO	1	com.l2jserver.gameserver.GeoData	GeoData: Loading 25_19.l2j...
2017.11.19 11:10:43,710	INFO	1	com.l2jserver.gameserver.GeoData	GeoData: Loading 25_20.l2j...
2017.11.19 11:10:43,716	INFO	1	com.l2jserver.gameserver.GeoData	GeoData: Loading 25_21.l2j...
2017.11.19 11:10:43,719	INFO	1	com.l2jserver.gameserver.GeoData	GeoData: Loading 25_22.l2j...
2017.11.19 11:10:43,721	INFO	1	com.l2jserver.gameserver.GeoData	GeoData: Loading 25_23.l2j...
2017.11.19 11:10:43,724	INFO	1	com.l2jserver.gameserver.GeoData	GeoData: Loading 25_24.l2j...
2017.11.19 11:10:43,726	INFO	1	com.l2jserver.gameserver.GeoData	GeoData: Loading 26_11.l2j...
2017.11.19 11:10:43,730	INFO	1	com.l2jserver.gameserver.GeoData	GeoData: Loading 26_12.l2j...
2017.11.19 11:10:43,736	INFO	1	com.l2jserver.gameserver.GeoData	GeoData: Loading 26_14.l2j...
2017.11.19 11:10:43,745	INFO	1	com.l2jserver.gameserver.GeoData	GeoData: Loading 26_15.l2j...
2017.11.19 11:10:43,748	INFO	1	com.l2jserver.gameserver.GeoData	GeoData: Loading 26_16.l2j...
2017.11.19 11:10:43,753	INFO	1	com.l2jserver.gameserver.GeoData	GeoData: Loaded 203 regions.
2017.11.19 11:10:43,753	INFO	1	com.l2jserver.gameserver.GameServer	----------------------------------------------------=[ NPCs ]
2017.11.19 11:10:43,761	INFO	1	com.l2jserver.util.data.xml.IXmlReader	SkillLearnData: Loaded 256 Skill Learn data.
2017.11.19 11:10:43,789	INFO	1	com.l2jserver.util.data.xml.IXmlReader	MinionData: Loaded 128 minions data.
