2019.07.29 21:36:18,063	INFO	1	com.l2jserver.gameserver.GameServer	------------------------------------------------=[ Database ]
2019.07.29 21:36:18,125	INFO	1	com.l2jserver.gameserver.dao.factory.impl.DAOFactory	Using MySQL DAO Factory.
2019.07.29 21:36:18,141	INFO	1	com.l2jserver.commons.database.pool.impl.ConnectionFactory	Using HikariCP connection pool.
2019.07.29 21:36:18,141	INFO	1	com.l2jserver.gameserver.GameServer	GameServer: Used memory: 15MB.
2019.07.29 21:36:18,147	INFO	1	com.zaxxer.hikari.HikariDataSource	HikariPool-1 - Starting...
2019.07.29 21:36:19,542	INFO	1	com.zaxxer.hikari.HikariDataSource	HikariPool-1 - Start completed.
2019.07.29 21:36:19,727	INFO	1	com.l2jserver.gameserver.idfactory.BitSetIDFactory	Updated characters online status.
2019.07.29 21:36:23,068	INFO	1	com.l2jserver.gameserver.idfactory.BitSetIDFactory	Cleaned 0 elements from database in 3 s
2019.07.29 21:36:23,084	INFO	1	com.l2jserver.gameserver.idfactory.BitSetIDFactory	Cleaned 0 expired timestamps from database.
2019.07.29 21:36:23,215	INFO	1	com.l2jserver.gameserver.idfactory.BitSetIDFactory	BitSetIDFactory: 102912 id's available.
2019.07.29 21:36:23,215	INFO	1	com.l2jserver.gameserver.GameServer	-------------------------------------------------=[ Engines ]
2019.07.29 21:36:23,331	INFO	1	com.l2jserver.gameserver.scripting.L2ScriptEngineManager	Script Engine: java 1.8 - Language: java - Language Version: 1.8
2019.07.29 21:36:23,601	INFO	1	com.l2jserver.gameserver.scripting.L2ScriptEngineManager	Script Engine: Oracle Nashorn 1.8.0_131 - Language: ECMAScript - Language Version: ECMA - 262 Edition 5.1
2019.07.29 21:36:24,087	INFO	1	com.l2jserver.gameserver.scripting.L2ScriptEngineManager	Script Engine: jython 2.2.1 - Language: python - Language Version: 2.2.1
2019.07.29 21:36:24,156	INFO	1	com.l2jserver.gameserver.GameServer	---------------------------------------------------=[ World ]
2019.07.29 21:36:24,172	INFO	1	com.l2jserver.util.data.xml.IXmlReader	InstanceManager: Multiverse Instance created.
2019.07.29 21:36:24,172	INFO	1	com.l2jserver.util.data.xml.IXmlReader	InstanceManager: Universe Instance created.
2019.07.29 21:36:24,648	INFO	1	com.l2jserver.util.data.xml.IXmlReader	InstanceManager: Loaded 160 instance names.
2019.07.29 21:36:24,667	INFO	1	com.l2jserver.gameserver.model.L2World	L2World: (128 by 136) World Region Grid set up.
2019.07.29 21:36:25,178	INFO	1	com.l2jserver.util.data.xml.IXmlReader	MapRegionManager: Loaded 57 map regions.
2019.07.29 21:36:25,375	INFO	1	com.l2jserver.gameserver.instancemanager.GlobalVariablesManager	GlobalVariablesManager: Loaded 6 variables.
2019.07.29 21:36:25,375	INFO	1	com.l2jserver.gameserver.GameServer	----------------------------------------------------=[ Data ]
2019.07.29 21:36:25,456	INFO	1	com.l2jserver.util.data.xml.IXmlReader	CategoryData: Loaded 124 Categories.
2019.07.29 21:36:25,521	INFO	1	com.l2jserver.util.data.xml.IXmlReader	SecondaryAuthData: Loaded 328 forbidden passwords.
2019.07.29 21:36:25,521	INFO	1	com.l2jserver.gameserver.GameServer	-------------------------------------------------=[ Effects ]
2019.07.29 21:36:32,336	INFO	1	handlers.EffectMasterHandler	EffectMasterHandler: Loaded 160 effect handlers.
2019.07.29 21:36:32,336	INFO	1	com.l2jserver.gameserver.GameServer	------------------------------------=[ Enchant Skill Groups ]
2019.07.29 21:36:32,369	INFO	1	com.l2jserver.util.data.xml.IXmlReader	EnchantSkillGroupsData: Loaded 4 groups and 90 routes.
2019.07.29 21:36:32,370	INFO	1	com.l2jserver.gameserver.GameServer	---------------------------------------------=[ Skill Trees ]
2019.07.29 21:36:32,922	INFO	1	com.l2jserver.util.data.xml.IXmlReader	Loaded 17176 Class Skills for 103 Class Skill Trees.
2019.07.29 21:36:32,922	INFO	1	com.l2jserver.util.data.xml.IXmlReader	Loaded 76 Sub-Class Skills.
2019.07.29 21:36:32,922	INFO	1	com.l2jserver.util.data.xml.IXmlReader	Loaded 77 Transfer Skills for 3 Transfer Skill Trees.
2019.07.29 21:36:32,922	INFO	1	com.l2jserver.util.data.xml.IXmlReader	Loaded 117 Fishing Skills, 8 Dwarven only Fishing Skills.
2019.07.29 21:36:32,922	INFO	1	com.l2jserver.util.data.xml.IXmlReader	Loaded 3 Collect Skills.
2019.07.29 21:36:32,922	INFO	1	com.l2jserver.util.data.xml.IXmlReader	Loaded 74 Pledge Skills, 44 for Pledge and 30 Residential.
2019.07.29 21:36:32,922	INFO	1	com.l2jserver.util.data.xml.IXmlReader	Loaded 18 Sub-Pledge Skills.
2019.07.29 21:36:32,922	INFO	1	com.l2jserver.util.data.xml.IXmlReader	Loaded 32 Transform Skills.
2019.07.29 21:36:32,930	INFO	1	com.l2jserver.util.data.xml.IXmlReader	Loaded 8 Noble Skills.
2019.07.29 21:36:32,930	INFO	1	com.l2jserver.util.data.xml.IXmlReader	Loaded 5 Hero Skills.
2019.07.29 21:36:32,930	INFO	1	com.l2jserver.util.data.xml.IXmlReader	Loaded 46 Game Master Skills.
2019.07.29 21:36:32,930	INFO	1	com.l2jserver.util.data.xml.IXmlReader	Loaded 46 Game Master Aura Skills.
2019.07.29 21:36:32,930	INFO	1	com.l2jserver.gameserver.GameServer	--------------------------------------------------=[ Skills ]
2019.07.29 21:36:40,683	INFO	1	com.l2jserver.gameserver.engines.DocumentEngine	DocumentEngine: Loaded 65957 Skill templates from XML files.
2019.07.29 21:36:40,831	INFO	1	com.l2jserver.gameserver.data.sql.impl.SummonSkillsTable	SummonSkillsTable: Loaded 1891 skills.
2019.07.29 21:36:40,831	INFO	1	com.l2jserver.gameserver.GameServer	---------------------------------------------------=[ Items ]
2019.07.29 21:36:45,817	INFO	1	com.l2jserver.gameserver.datatables.ItemTable	ItemTable: Highest item id used:22567
2019.07.29 21:36:45,823	INFO	1	com.l2jserver.gameserver.datatables.ItemTable	ItemTable: Loaded: 11481 Etc Items
2019.07.29 21:36:45,823	INFO	1	com.l2jserver.gameserver.datatables.ItemTable	ItemTable: Loaded: 3825 Armor Items
2019.07.29 21:36:45,824	INFO	1	com.l2jserver.gameserver.datatables.ItemTable	ItemTable: Loaded: 3893 Weapon Items
2019.07.29 21:36:45,824	INFO	1	com.l2jserver.gameserver.datatables.ItemTable	ItemTable: Loaded: 19199 Items in total.
2019.07.29 21:36:45,948	INFO	1	com.l2jserver.util.data.xml.IXmlReader	EnchantItemGroupsData: Loaded: 4 item group templates.
2019.07.29 21:36:45,948	INFO	1	com.l2jserver.util.data.xml.IXmlReader	EnchantItemGroupsData: Loaded: 1 scroll group templates.
2019.07.29 21:36:46,001	INFO	1	com.l2jserver.util.data.xml.IXmlReader	EnchantItemData: Loaded 63 Enchant Scrolls.
2019.07.29 21:36:46,002	INFO	1	com.l2jserver.util.data.xml.IXmlReader	EnchantItemData: Loaded 20 Support Items.
2019.07.29 21:36:46,082	INFO	1	com.l2jserver.util.data.xml.IXmlReader	EnchantItemOptionsData: Loaded: 23 Items and 1093 Options.
2019.07.29 21:36:52,634	INFO	1	com.l2jserver.util.data.xml.IXmlReader	OptionData: Loaded: 24985 Options.
2019.07.29 21:36:52,685	INFO	1	com.l2jserver.util.data.xml.IXmlReader	EnchantItemHPBonusData: Loaded 6 Enchant HP Bonuses.
2019.07.29 21:36:52,722	INFO	1	com.l2jserver.gameserver.datatables.MerchantPriceConfigTable	MerchantPriceConfigTable: Loaded 28 merchant price configs.
2019.07.29 21:37:04,079	INFO	1	com.l2jserver.util.data.xml.IXmlReader	BuyListData: Loaded 760 BuyLists.
2019.07.29 21:37:07,263	INFO	1	com.l2jserver.util.data.xml.IXmlReader	MultisellData: Loaded 192 multisell lists.
2019.07.29 21:37:07,400	INFO	1	com.l2jserver.util.data.xml.IXmlReader	RecipeData: Loaded 1000 recipes.
2019.07.29 21:37:07,781	INFO	1	com.l2jserver.util.data.xml.IXmlReader	ArmorSetsData: Loaded 198 Armor sets.
2019.07.29 21:37:07,837	INFO	1	com.l2jserver.util.data.xml.IXmlReader	FishData: Loaded 278 Fish.
2019.07.29 21:37:07,916	INFO	1	com.l2jserver.util.data.xml.IXmlReader	FishingMonstersData: Loaded 8 Fishing Monsters.
2019.07.29 21:37:07,963	INFO	1	com.l2jserver.util.data.xml.IXmlReader	FishingRodsData: Loaded 6 Fishing Rods.
2019.07.29 21:37:08,062	INFO	1	com.l2jserver.util.data.xml.IXmlReader	HennaData: Loaded 180 Henna data.
2019.07.29 21:37:08,062	INFO	1	com.l2jserver.gameserver.GameServer	----------------------------------------------=[ Characters ]
2019.07.29 21:37:08,131	INFO	1	com.l2jserver.util.data.xml.IXmlReader	ClassListData: Loaded 107 Class data.
2019.07.29 21:37:08,163	INFO	1	com.l2jserver.util.data.xml.IXmlReader	InitialEquipmentData: Loaded 11 Initial Equipment data.
2019.07.29 21:37:08,178	INFO	1	com.l2jserver.util.data.xml.IXmlReader	InitialShortcutData: Loaded 5 Initial Global Shortcuts data.
2019.07.29 21:37:08,178	INFO	1	com.l2jserver.util.data.xml.IXmlReader	InitialShortcutData: Loaded 4 Initial Shortcuts data.
2019.07.29 21:37:08,194	INFO	1	com.l2jserver.util.data.xml.IXmlReader	InitialShortcutData: Loaded 0 Macros presets.
2019.07.29 21:37:08,385	INFO	1	com.l2jserver.util.data.xml.IXmlReader	KarmaData: Loaded 85 karma modifiers.
2019.07.29 21:37:08,501	INFO	1	com.l2jserver.util.data.xml.IXmlReader	HitConditionBonusData: Loaded Hit Condition bonuses.
2019.07.29 21:37:11,659	INFO	1	com.l2jserver.util.data.xml.IXmlReader	PlayerTemplateData: Loaded 103 character templates.
2019.07.29 21:37:11,659	INFO	1	com.l2jserver.util.data.xml.IXmlReader	PlayerTemplateData: Loaded 52530 level up gain records.
2019.07.29 21:37:11,742	INFO	1	com.l2jserver.util.data.xml.IXmlReader	PlayerCreationPointData: Loaded 62 character creation points.
2019.07.29 21:37:11,746	INFO	1	com.l2jserver.gameserver.data.sql.impl.CharNameTable	CharNameTable: Loaded 1 char names.
2019.07.29 21:37:11,788	INFO	1	com.l2jserver.util.data.xml.IXmlReader	AdminData: Loaded: 10 Access Levels.
2019.07.29 21:37:11,853	INFO	1	com.l2jserver.util.data.xml.IXmlReader	AdminData: Loaded: 444 Access Commands.
2019.07.29 21:37:11,884	INFO	1	com.l2jserver.gameserver.instancemanager.RaidBossPointsManager	RaidBossPointsManager: Loaded 0 Characters Raid Points.
2019.07.29 21:37:13,097	INFO	1	com.l2jserver.util.data.xml.IXmlReader	PetDataTable: Loaded 52 Pets.
2019.07.29 21:37:13,199	INFO	1	com.l2jserver.gameserver.GameServer	---------------------------------------------------=[ Clans ]
2019.07.29 21:37:13,258	INFO	1	com.l2jserver.gameserver.communitybbs.Manager.ForumsBBSManager	Loaded 4 forums. Last forum id used: 4
2019.07.29 21:37:13,259	INFO	1	com.l2jserver.gameserver.data.sql.impl.ClanTable	ClanTable: Restored 0 clans from the database.
2019.07.29 21:37:13,316	INFO	1	com.l2jserver.gameserver.instancemanager.CHSiegeManager	CHSiegeManager: Loaded 6 conquerable clan halls.
2019.07.29 21:37:13,487	INFO	1	com.l2jserver.gameserver.instancemanager.AuctionManager	AuctionManager: Loaded: 38 auction(s)
2019.07.29 21:37:13,489	INFO	1	com.l2jserver.gameserver.instancemanager.ClanHallManager	ClanHallManager: Loaded: 0 clan halls
2019.07.29 21:37:13,490	INFO	1	com.l2jserver.gameserver.instancemanager.ClanHallManager	ClanHallManager: Loaded: 38 free clan halls
2019.07.29 21:37:13,490	INFO	1	com.l2jserver.gameserver.GameServer	-------------------------------------------------=[ Geodata ]
2019.07.29 21:37:13,538	INFO	1	com.l2jserver.gameserver.GeoData	GeoData: Loading 11_23.l2j...
2019.07.29 21:37:13,672	INFO	1	com.l2jserver.gameserver.GeoData	GeoData: Loading 11_24.l2j...
2019.07.29 21:37:13,743	INFO	1	com.l2jserver.gameserver.GeoData	GeoData: Loading 11_25.l2j...
2019.07.29 21:37:13,799	INFO	1	com.l2jserver.gameserver.GeoData	GeoData: Loading 11_26.l2j...
2019.07.29 21:37:13,854	INFO	1	com.l2jserver.gameserver.GeoData	GeoData: Loading 12_23.l2j...
2019.07.29 21:37:13,904	INFO	1	com.l2jserver.gameserver.GeoData	GeoData: Loading 12_24.l2j...
2019.07.29 21:37:14,001	INFO	1	com.l2jserver.gameserver.GeoData	GeoData: Loading 12_25.l2j...
2019.07.29 21:37:14,088	INFO	1	com.l2jserver.gameserver.GeoData	GeoData: Loading 12_26.l2j...
2019.07.29 21:37:14,132	INFO	1	com.l2jserver.gameserver.GeoData	GeoData: Loading 13_21.l2j...
2019.07.29 21:37:14,170	INFO	1	com.l2jserver.gameserver.GeoData	GeoData: Loading 13_22.l2j...
2019.07.29 21:37:14,208	INFO	1	com.l2jserver.gameserver.GeoData	GeoData: Loading 13_23.l2j...
2019.07.29 21:37:14,284	INFO	1	com.l2jserver.gameserver.GeoData	GeoData: Loading 13_24.l2j...
2019.07.29 21:37:14,375	INFO	1	com.l2jserver.gameserver.GeoData	GeoData: Loading 13_25.l2j...
2019.07.29 21:37:14,440	INFO	1	com.l2jserver.gameserver.GeoData	GeoData: Loading 13_26.l2j...
2019.07.29 21:37:14,487	INFO	1	com.l2jserver.gameserver.GeoData	GeoData: Loading 14_21.l2j...
2019.07.29 21:37:14,523	INFO	1	com.l2jserver.gameserver.GeoData	GeoData: Loading 14_22.l2j...
2019.07.29 21:37:14,616	INFO	1	com.l2jserver.gameserver.GeoData	GeoData: Loading 14_23.l2j...
2019.07.29 21:37:14,836	INFO	1	com.l2jserver.gameserver.GeoData	GeoData: Loading 14_24.l2j...
2019.07.29 21:37:14,936	INFO	1	com.l2jserver.gameserver.GeoData	GeoData: Loading 14_25.l2j...
2019.07.29 21:37:15,040	INFO	1	com.l2jserver.gameserver.GeoData	GeoData: Loading 14_26.l2j...
2019.07.29 21:37:15,088	INFO	1	com.l2jserver.gameserver.GeoData	GeoData: Loading 15_10.l2j...
2019.07.29 21:37:15,132	INFO	1	com.l2jserver.gameserver.GeoData	GeoData: Loading 15_11.l2j...
2019.07.29 21:37:15,181	INFO	1	com.l2jserver.gameserver.GeoData	GeoData: Loading 15_12.l2j...
2019.07.29 21:37:15,224	INFO	1	com.l2jserver.gameserver.GeoData	GeoData: Loading 15_18.l2j...
2019.07.29 21:37:15,270	INFO	1	com.l2jserver.gameserver.GeoData	GeoData: Loading 15_19.l2j...
2019.07.29 21:37:15,314	INFO	1	com.l2jserver.gameserver.GeoData	GeoData: Loading 15_20.l2j...
2019.07.29 21:37:15,333	INFO	1	com.l2jserver.gameserver.GeoData	GeoData: Loading 15_21.l2j...
2019.07.29 21:37:15,346	INFO	1	com.l2jserver.gameserver.GeoData	GeoData: Loading 15_22.l2j...
2019.07.29 21:37:15,354	INFO	1	com.l2jserver.gameserver.GeoData	GeoData: Loading 15_23.l2j...
2019.07.29 21:37:15,370	INFO	1	com.l2jserver.gameserver.GeoData	GeoData: Loading 15_24.l2j...
2019.07.29 21:37:15,400	INFO	1	com.l2jserver.gameserver.GeoData	GeoData: Loading 15_25.l2j...
2019.07.29 21:37:15,431	INFO	1	com.l2jserver.gameserver.GeoData	GeoData: Loading 15_26.l2j...
2019.07.29 21:37:15,466	INFO	1	com.l2jserver.gameserver.GeoData	GeoData: Loading 16_10.l2j...
2019.07.29 21:37:15,616	INFO	1	com.l2jserver.gameserver.GeoData	GeoData: Loading 16_11.l2j...
2019.07.29 21:37:15,666	INFO	1	com.l2jserver.gameserver.GeoData	GeoData: Loading 16_12.l2j...
2019.07.29 21:37:15,682	INFO	1	com.l2jserver.gameserver.GeoData	GeoData: Loading 16_13.l2j...
2019.07.29 21:37:15,715	INFO	1	com.l2jserver.gameserver.GeoData	GeoData: Loading 16_14.l2j...
2019.07.29 21:37:15,732	INFO	1	com.l2jserver.gameserver.GeoData	GeoData: Loading 16_15.l2j...
2019.07.29 21:37:15,745	INFO	1	com.l2jserver.gameserver.GeoData	GeoData: Loading 16_16.l2j...
2019.07.29 21:37:15,758	INFO	1	com.l2jserver.gameserver.GeoData	GeoData: Loading 16_17.l2j...
2019.07.29 21:37:15,791	INFO	1	com.l2jserver.gameserver.GeoData	GeoData: Loading 16_18.l2j...
2019.07.29 21:37:15,832	INFO	1	com.l2jserver.gameserver.GeoData	GeoData: Loading 16_19.l2j...
2019.07.29 21:37:15,948	INFO	1	com.l2jserver.gameserver.GeoData	GeoData: Loading 16_20.l2j...
2019.07.29 21:37:16,100	INFO	1	com.l2jserver.gameserver.GeoData	GeoData: Loading 16_21.l2j...
2019.07.29 21:37:16,131	INFO	1	com.l2jserver.gameserver.GeoData	GeoData: Loading 16_22.l2j...
2019.07.29 21:37:16,152	INFO	1	com.l2jserver.gameserver.GeoData	GeoData: Loading 16_23.l2j...
2019.07.29 21:37:16,183	INFO	1	com.l2jserver.gameserver.GeoData	GeoData: Loading 16_24.l2j...
2019.07.29 21:37:16,332	INFO	1	com.l2jserver.gameserver.GeoData	GeoData: Loading 16_25.l2j...
2019.07.29 21:37:16,446	INFO	1	com.l2jserver.gameserver.GeoData	GeoData: Loading 16_26.l2j...
2019.07.29 21:37:16,472	INFO	1	com.l2jserver.gameserver.GeoData	GeoData: Loading 17_10.l2j...
2019.07.29 21:37:16,496	INFO	1	com.l2jserver.gameserver.GeoData	GeoData: Loading 17_11.l2j...
2019.07.29 21:37:16,542	INFO	1	com.l2jserver.gameserver.GeoData	GeoData: Loading 17_12.l2j...
2019.07.29 21:37:16,581	INFO	1	com.l2jserver.gameserver.GeoData	GeoData: Loading 17_13.l2j...
2019.07.29 21:37:16,605	INFO	1	com.l2jserver.gameserver.GeoData	GeoData: Loading 17_14.l2j...
2019.07.29 21:37:16,637	INFO	1	com.l2jserver.gameserver.GeoData	GeoData: Loading 17_15.l2j...
2019.07.29 21:37:16,770	INFO	1	com.l2jserver.gameserver.GeoData	GeoData: Loading 17_16.l2j...
2019.07.29 21:37:16,940	INFO	1	com.l2jserver.gameserver.GeoData	GeoData: Loading 17_17.l2j...
2019.07.29 21:37:16,966	INFO	1	com.l2jserver.gameserver.GeoData	GeoData: Loading 17_18.l2j...
2019.07.29 21:37:16,992	INFO	1	com.l2jserver.gameserver.GeoData	GeoData: Loading 17_19.l2j...
2019.07.29 21:37:17,139	INFO	1	com.l2jserver.gameserver.GeoData	GeoData: Loading 17_20.l2j...
2019.07.29 21:37:17,296	INFO	1	com.l2jserver.gameserver.GeoData	GeoData: Loading 17_21.l2j...
2019.07.29 21:37:17,431	INFO	1	com.l2jserver.gameserver.GeoData	GeoData: Loading 17_22.l2j...
2019.07.29 21:37:17,525	INFO	1	com.l2jserver.gameserver.GeoData	GeoData: Loading 17_23.l2j...
2019.07.29 21:37:17,673	INFO	1	com.l2jserver.gameserver.GeoData	GeoData: Loading 17_24.l2j...
2019.07.29 21:37:17,723	INFO	1	com.l2jserver.gameserver.GeoData	GeoData: Loading 17_25.l2j...
2019.07.29 21:37:17,800	INFO	1	com.l2jserver.gameserver.GeoData	GeoData: Loading 17_26.l2j...
2019.07.29 21:37:17,832	INFO	1	com.l2jserver.gameserver.GeoData	GeoData: Loading 18_10.l2j...
2019.07.29 21:37:17,904	INFO	1	com.l2jserver.gameserver.GeoData	GeoData: Loading 18_11.l2j...
2019.07.29 21:37:17,984	INFO	1	com.l2jserver.gameserver.GeoData	GeoData: Loading 18_12.l2j...
2019.07.29 21:37:18,000	INFO	1	com.l2jserver.gameserver.GeoData	GeoData: Loading 18_13.l2j...
2019.07.29 21:37:18,031	INFO	1	com.l2jserver.gameserver.GeoData	GeoData: Loading 18_14.l2j...
2019.07.29 21:37:18,117	INFO	1	com.l2jserver.gameserver.GeoData	GeoData: Loading 18_15.l2j...
2019.07.29 21:37:18,182	INFO	1	com.l2jserver.gameserver.GeoData	GeoData: Loading 18_16.l2j...
2019.07.29 21:37:18,247	INFO	1	com.l2jserver.gameserver.GeoData	GeoData: Loading 18_17.l2j...
2019.07.29 21:37:18,273	INFO	1	com.l2jserver.gameserver.GeoData	GeoData: Loading 18_18.l2j...
2019.07.29 21:37:18,310	INFO	1	com.l2jserver.gameserver.GeoData	GeoData: Loading 18_19.l2j...
2019.07.29 21:37:18,400	INFO	1	com.l2jserver.gameserver.GeoData	GeoData: Loading 18_20.l2j...
2019.07.29 21:37:18,519	INFO	1	com.l2jserver.gameserver.GeoData	GeoData: Loading 18_21.l2j...
2019.07.29 21:37:18,615	INFO	1	com.l2jserver.gameserver.GeoData	GeoData: Loading 18_22.l2j...
2019.07.29 21:37:18,747	INFO	1	com.l2jserver.gameserver.GeoData	GeoData: Loading 18_23.l2j...
2019.07.29 21:37:18,854	INFO	1	com.l2jserver.gameserver.GeoData	GeoData: Loading 18_24.l2j...
2019.07.29 21:37:19,016	INFO	1	com.l2jserver.gameserver.GeoData	GeoData: Loading 18_25.l2j...
2019.07.29 21:37:19,047	INFO	1	com.l2jserver.gameserver.GeoData	GeoData: Loading 18_26.l2j...
2019.07.29 21:37:19,076	INFO	1	com.l2jserver.gameserver.GeoData	GeoData: Loading 19_10.l2j...
2019.07.29 21:37:19,128	INFO	1	com.l2jserver.gameserver.GeoData	GeoData: Loading 19_11.l2j...
2019.07.29 21:37:19,139	INFO	1	com.l2jserver.gameserver.GeoData	GeoData: Loading 19_12.l2j...
2019.07.29 21:37:19,175	INFO	1	com.l2jserver.gameserver.GeoData	GeoData: Loading 19_13.l2j...
2019.07.29 21:37:19,245	INFO	1	com.l2jserver.gameserver.GeoData	GeoData: Loading 19_14.l2j...
2019.07.29 21:37:19,335	INFO	1	com.l2jserver.gameserver.GeoData	GeoData: Loading 19_15.l2j...
2019.07.29 21:37:19,421	INFO	1	com.l2jserver.gameserver.GeoData	GeoData: Loading 19_16.l2j...
2019.07.29 21:37:20,886	INFO	1	com.l2jserver.gameserver.GeoData	GeoData: Loading 19_17.l2j...
2019.07.29 21:37:20,987	INFO	1	com.l2jserver.gameserver.GeoData	GeoData: Loading 19_18.l2j...
2019.07.29 21:37:21,098	INFO	1	com.l2jserver.gameserver.GeoData	GeoData: Loading 19_19.l2j...
2019.07.29 21:37:21,300	INFO	1	com.l2jserver.gameserver.GeoData	GeoData: Loading 19_20.l2j...
2019.07.29 21:37:21,428	INFO	1	com.l2jserver.gameserver.GeoData	GeoData: Loading 19_21.l2j...
2019.07.29 21:37:21,516	INFO	1	com.l2jserver.gameserver.GeoData	GeoData: Loading 19_22.l2j...
2019.07.29 21:37:21,716	INFO	1	com.l2jserver.gameserver.GeoData	GeoData: Loading 19_23.l2j...
2019.07.29 21:37:21,800	INFO	1	com.l2jserver.gameserver.GeoData	GeoData: Loading 19_24.l2j...
2019.07.29 21:37:22,016	INFO	1	com.l2jserver.gameserver.GeoData	GeoData: Loading 19_25.l2j...
2019.07.29 21:37:22,109	INFO	1	com.l2jserver.gameserver.GeoData	GeoData: Loading 19_26.l2j...
2019.07.29 21:37:22,176	INFO	1	com.l2jserver.gameserver.GeoData	GeoData: Loading 20_10.l2j...
2019.07.29 21:37:22,216	INFO	1	com.l2jserver.gameserver.GeoData	GeoData: Loading 20_11.l2j...
2019.07.29 21:37:22,263	INFO	1	com.l2jserver.gameserver.GeoData	GeoData: Loading 20_12.l2j...
2019.07.29 21:37:22,307	INFO	1	com.l2jserver.gameserver.GeoData	GeoData: Loading 20_13.l2j...
2019.07.29 21:37:22,382	INFO	1	com.l2jserver.gameserver.GeoData	GeoData: Loading 20_14.l2j...
2019.07.29 21:37:22,500	INFO	1	com.l2jserver.gameserver.GeoData	GeoData: Loading 20_15.l2j...
2019.07.29 21:37:22,621	INFO	1	com.l2jserver.gameserver.GeoData	GeoData: Loading 20_16.l2j...
2019.07.29 21:37:22,697	INFO	1	com.l2jserver.gameserver.GeoData	GeoData: Loading 20_17.l2j...
2019.07.29 21:37:22,816	INFO	1	com.l2jserver.gameserver.GeoData	GeoData: Loading 20_18.l2j...
2019.07.29 21:37:23,209	INFO	1	com.l2jserver.gameserver.GeoData	GeoData: Loading 20_19.l2j...
2019.07.29 21:37:23,344	INFO	1	com.l2jserver.gameserver.GeoData	GeoData: Loading 20_20.l2j...
2019.07.29 21:37:23,525	INFO	1	com.l2jserver.gameserver.GeoData	GeoData: Loading 20_21.l2j...
2019.07.29 21:37:23,816	INFO	1	com.l2jserver.gameserver.GeoData	GeoData: Loading 20_22.l2j...
2019.07.29 21:37:23,927	INFO	1	com.l2jserver.gameserver.GeoData	GeoData: Loading 20_23.l2j...
2019.07.29 21:37:24,080	INFO	1	com.l2jserver.gameserver.GeoData	GeoData: Loading 20_24.l2j...
2019.07.29 21:37:24,114	INFO	1	com.l2jserver.gameserver.GeoData	GeoData: Loading 20_25.l2j...
2019.07.29 21:37:24,215	INFO	1	com.l2jserver.gameserver.GeoData	GeoData: Loading 20_26.l2j...
2019.07.29 21:37:24,275	INFO	1	com.l2jserver.gameserver.GeoData	GeoData: Loading 21_10.l2j...
2019.07.29 21:37:24,309	INFO	1	com.l2jserver.gameserver.GeoData	GeoData: Loading 21_11.l2j...
2019.07.29 21:37:24,337	INFO	1	com.l2jserver.gameserver.GeoData	GeoData: Loading 21_12.l2j...
2019.07.29 21:37:24,350	INFO	1	com.l2jserver.gameserver.GeoData	GeoData: Loading 21_13.l2j...
2019.07.29 21:37:24,381	INFO	1	com.l2jserver.gameserver.GeoData	GeoData: Loading 21_14.l2j...
2019.07.29 21:37:24,483	INFO	1	com.l2jserver.gameserver.GeoData	GeoData: Loading 21_15.l2j...
2019.07.29 21:37:24,593	INFO	1	com.l2jserver.gameserver.GeoData	GeoData: Loading 21_16.l2j...
2019.07.29 21:37:24,734	INFO	1	com.l2jserver.gameserver.GeoData	GeoData: Loading 21_17.l2j...
2019.07.29 21:37:24,799	INFO	1	com.l2jserver.gameserver.GeoData	GeoData: Loading 21_18.l2j...
2019.07.29 21:37:24,893	INFO	1	com.l2jserver.gameserver.GeoData	GeoData: Loading 21_19.l2j...
2019.07.29 21:37:24,979	INFO	1	com.l2jserver.gameserver.GeoData	GeoData: Loading 21_20.l2j...
2019.07.29 21:37:25,077	INFO	1	com.l2jserver.gameserver.GeoData	GeoData: Loading 21_21.l2j...
2019.07.29 21:37:25,235	INFO	1	com.l2jserver.gameserver.GeoData	GeoData: Loading 21_22.l2j...
2019.07.29 21:37:25,316	INFO	1	com.l2jserver.gameserver.GeoData	GeoData: Loading 21_23.l2j...
2019.07.29 21:37:25,423	INFO	1	com.l2jserver.gameserver.GeoData	GeoData: Loading 21_24.l2j...
2019.07.29 21:37:25,590	INFO	1	com.l2jserver.gameserver.GeoData	GeoData: Loading 21_25.l2j...
2019.07.29 21:37:25,647	INFO	1	com.l2jserver.gameserver.GeoData	GeoData: Loading 22_10.l2j...
2019.07.29 21:37:25,696	INFO	1	com.l2jserver.gameserver.GeoData	GeoData: Loading 22_11.l2j...
2019.07.29 21:37:25,777	INFO	1	com.l2jserver.gameserver.GeoData	GeoData: Loading 22_12.l2j...
2019.07.29 21:37:25,804	INFO	1	com.l2jserver.gameserver.GeoData	GeoData: Loading 22_13.l2j...
2019.07.29 21:37:25,962	INFO	1	com.l2jserver.gameserver.GeoData	GeoData: Loading 22_14.l2j...
2019.07.29 21:37:26,132	INFO	1	com.l2jserver.gameserver.GeoData	GeoData: Loading 22_15.l2j...
2019.07.29 21:37:26,301	INFO	1	com.l2jserver.gameserver.GeoData	GeoData: Loading 22_16.l2j...
2019.07.29 21:37:26,464	INFO	1	com.l2jserver.gameserver.GeoData	GeoData: Loading 22_17.l2j...
2019.07.29 21:37:26,606	INFO	1	com.l2jserver.gameserver.GeoData	GeoData: Loading 22_18.l2j...
2019.07.29 21:37:26,769	INFO	1	com.l2jserver.gameserver.GeoData	GeoData: Loading 22_19.l2j...
2019.07.29 21:37:26,910	INFO	1	com.l2jserver.gameserver.GeoData	GeoData: Loading 22_20.l2j...
2019.07.29 21:37:27,095	INFO	1	com.l2jserver.gameserver.GeoData	GeoData: Loading 22_21.l2j...
2019.07.29 21:37:27,244	INFO	1	com.l2jserver.gameserver.GeoData	GeoData: Loading 22_22.l2j...
2019.07.29 21:37:27,426	INFO	1	com.l2jserver.gameserver.GeoData	GeoData: Loading 22_23.l2j...
2019.07.29 21:37:27,642	INFO	1	com.l2jserver.gameserver.GeoData	GeoData: Loading 22_24.l2j...
2019.07.29 21:37:27,835	INFO	1	com.l2jserver.gameserver.GeoData	GeoData: Loading 22_25.l2j...
2019.07.29 21:37:28,027	INFO	1	com.l2jserver.gameserver.GeoData	GeoData: Loading 22_26.l2j...
2019.07.29 21:37:28,043	INFO	1	com.l2jserver.gameserver.GeoData	GeoData: Loading 23_10.l2j...
2019.07.29 21:37:28,090	INFO	1	com.l2jserver.gameserver.GeoData	GeoData: Loading 23_11.l2j...
2019.07.29 21:37:28,227	INFO	1	com.l2jserver.gameserver.GeoData	GeoData: Loading 23_12.l2j...
2019.07.29 21:37:28,396	INFO	1	com.l2jserver.gameserver.GeoData	GeoData: Loading 23_13.l2j...
2019.07.29 21:37:28,700	INFO	1	com.l2jserver.gameserver.GeoData	GeoData: Loading 23_14.l2j...
2019.07.29 21:37:28,828	INFO	1	com.l2jserver.gameserver.GeoData	GeoData: Loading 23_15.l2j...
2019.07.29 21:37:28,934	INFO	1	com.l2jserver.gameserver.GeoData	GeoData: Loading 23_16.l2j...
2019.07.29 21:37:29,044	INFO	1	com.l2jserver.gameserver.GeoData	GeoData: Loading 23_17.l2j...
2019.07.29 21:37:29,136	INFO	1	com.l2jserver.gameserver.GeoData	GeoData: Loading 23_18.l2j...
2019.07.29 21:37:29,256	INFO	1	com.l2jserver.gameserver.GeoData	GeoData: Loading 23_19.l2j...
2019.07.29 21:37:29,353	INFO	1	com.l2jserver.gameserver.GeoData	GeoData: Loading 23_20.l2j...
2019.07.29 21:37:29,447	INFO	1	com.l2jserver.gameserver.GeoData	GeoData: Loading 23_21.l2j...
2019.07.29 21:37:29,556	INFO	1	com.l2jserver.gameserver.GeoData	GeoData: Loading 23_22.l2j...
2019.07.29 21:37:29,647	INFO	1	com.l2jserver.gameserver.GeoData	GeoData: Loading 23_23.l2j...
2019.07.29 21:37:29,756	INFO	1	com.l2jserver.gameserver.GeoData	GeoData: Loading 23_24.l2j...
2019.07.29 21:37:29,878	INFO	1	com.l2jserver.gameserver.GeoData	GeoData: Loading 23_25.l2j...
2019.07.29 21:37:29,946	INFO	1	com.l2jserver.gameserver.GeoData	GeoData: Loading 23_26.l2j...
2019.07.29 21:37:29,964	INFO	1	com.l2jserver.gameserver.GeoData	GeoData: Loading 24_10.l2j...
2019.07.29 21:37:29,998	INFO	1	com.l2jserver.gameserver.GeoData	GeoData: Loading 24_11.l2j...
2019.07.29 21:37:30,077	INFO	1	com.l2jserver.gameserver.GeoData	GeoData: Loading 24_12.l2j...
2019.07.29 21:37:30,195	INFO	1	com.l2jserver.gameserver.GeoData	GeoData: Loading 24_13.l2j...
2019.07.29 21:37:30,281	INFO	1	com.l2jserver.gameserver.GeoData	GeoData: Loading 24_14.l2j...
2019.07.29 21:37:30,378	INFO	1	com.l2jserver.gameserver.GeoData	GeoData: Loading 24_15.l2j...
2019.07.29 21:37:30,467	INFO	1	com.l2jserver.gameserver.GeoData	GeoData: Loading 24_16.l2j...
2019.07.29 21:37:30,578	INFO	1	com.l2jserver.gameserver.GeoData	GeoData: Loading 24_17.l2j...
2019.07.29 21:37:30,704	INFO	1	com.l2jserver.gameserver.GeoData	GeoData: Loading 24_18.l2j...
2019.07.29 21:37:30,796	INFO	1	com.l2jserver.gameserver.GeoData	GeoData: Loading 24_19.l2j...
2019.07.29 21:37:30,879	INFO	1	com.l2jserver.gameserver.GeoData	GeoData: Loading 24_20.l2j...
2019.07.29 21:37:30,994	INFO	1	com.l2jserver.gameserver.GeoData	GeoData: Loading 24_21.l2j...
2019.07.29 21:37:31,064	INFO	1	com.l2jserver.gameserver.GeoData	GeoData: Loading 24_22.l2j...
2019.07.29 21:37:31,197	INFO	1	com.l2jserver.gameserver.GeoData	GeoData: Loading 24_23.l2j...
2019.07.29 21:37:31,283	INFO	1	com.l2jserver.gameserver.GeoData	GeoData: Loading 24_24.l2j...
2019.07.29 21:37:31,300	INFO	1	com.l2jserver.gameserver.GeoData	GeoData: Loading 24_25.l2j...
2019.07.29 21:37:31,347	INFO	1	com.l2jserver.gameserver.GeoData	GeoData: Loading 24_26.l2j...
2019.07.29 21:37:31,378	INFO	1	com.l2jserver.gameserver.GeoData	GeoData: Loading 25_10.l2j...
2019.07.29 21:37:31,400	INFO	1	com.l2jserver.gameserver.GeoData	GeoData: Loading 25_11.l2j...
2019.07.29 21:37:31,485	INFO	1	com.l2jserver.gameserver.GeoData	GeoData: Loading 25_12.l2j...
2019.07.29 21:37:31,603	INFO	1	com.l2jserver.gameserver.GeoData	GeoData: Loading 25_14.l2j...
2019.07.29 21:37:31,810	INFO	1	com.l2jserver.gameserver.GeoData	GeoData: Loading 25_15.l2j...
2019.07.29 21:37:31,932	INFO	1	com.l2jserver.gameserver.GeoData	GeoData: Loading 25_16.l2j...
2019.07.29 21:37:32,064	INFO	1	com.l2jserver.gameserver.GeoData	GeoData: Loading 25_17.l2j...
2019.07.29 21:37:32,171	INFO	1	com.l2jserver.gameserver.GeoData	GeoData: Loading 25_18.l2j...
2019.07.29 21:37:32,281	INFO	1	com.l2jserver.gameserver.GeoData	GeoData: Loading 25_19.l2j...
2019.07.29 21:37:32,371	INFO	1	com.l2jserver.gameserver.GeoData	GeoData: Loading 25_20.l2j...
2019.07.29 21:37:32,448	INFO	1	com.l2jserver.gameserver.GeoData	GeoData: Loading 25_21.l2j...
2019.07.29 21:37:32,500	INFO	1	com.l2jserver.gameserver.GeoData	GeoData: Loading 25_22.l2j...
2019.07.29 21:37:32,516	INFO	1	com.l2jserver.gameserver.GeoData	GeoData: Loading 25_23.l2j...
2019.07.29 21:37:32,532	INFO	1	com.l2jserver.gameserver.GeoData	GeoData: Loading 25_24.l2j...
2019.07.29 21:37:32,556	INFO	1	com.l2jserver.gameserver.GeoData	GeoData: Loading 26_11.l2j...
2019.07.29 21:37:32,617	INFO	1	com.l2jserver.gameserver.GeoData	GeoData: Loading 26_12.l2j...
2019.07.29 21:37:32,685	INFO	1	com.l2jserver.gameserver.GeoData	GeoData: Loading 26_14.l2j...
2019.07.29 21:37:32,757	INFO	1	com.l2jserver.gameserver.GeoData	GeoData: Loading 26_15.l2j...
2019.07.29 21:37:32,772	INFO	1	com.l2jserver.gameserver.GeoData	GeoData: Loading 26_16.l2j...
2019.07.29 21:37:32,772	INFO	1	com.l2jserver.gameserver.GeoData	GeoData: Loaded 203 regions.
2019.07.29 21:37:32,772	INFO	1	com.l2jserver.gameserver.GameServer	----------------------------------------------------=[ NPCs ]
2019.07.29 21:37:32,850	INFO	1	com.l2jserver.util.data.xml.IXmlReader	SkillLearnData: Loaded 256 Skill Learn data.
2019.07.29 21:37:32,916	INFO	1	com.l2jserver.util.data.xml.IXmlReader	MinionData: Loaded 128 minions data.
2019.07.29 21:37:40,633	INFO	1	com.l2jserver.util.data.xml.IXmlReader	NpcData: Loaded 10461 NPCs.
2019.07.29 21:37:41,099	INFO	1	com.l2jserver.util.data.xml.IXmlReader	WalkingManager: Loaded 123 walking routes.
2019.07.29 21:37:41,261	INFO	1	com.l2jserver.util.data.xml.IXmlReader	StaticObjectData: Loaded 51 static object templates.
2019.07.29 21:37:41,860	INFO	1	com.l2jserver.gameserver.instancemanager.GrandBossManager	GrandBossManager: Queen Ant(29001) status is 0.
2019.07.29 21:37:41,861	INFO	1	com.l2jserver.gameserver.instancemanager.GrandBossManager	GrandBossManager: Core(29006) status is 0.
2019.07.29 21:37:41,862	INFO	1	com.l2jserver.gameserver.instancemanager.GrandBossManager	GrandBossManager: Orfen(29014) status is 0.
2019.07.29 21:37:41,863	INFO	1	com.l2jserver.gameserver.instancemanager.GrandBossManager	GrandBossManager: Baium(29020) status is 0.
2019.07.29 21:37:41,864	INFO	1	com.l2jserver.gameserver.instancemanager.GrandBossManager	GrandBossManager: Valakas(29028) status is 0.
2019.07.29 21:37:41,865	INFO	1	com.l2jserver.gameserver.instancemanager.GrandBossManager	GrandBossManager: Antharas(29068) status is 0.
2019.07.29 21:37:41,866	INFO	1	com.l2jserver.gameserver.instancemanager.GrandBossManager	GrandBossManager: Beleth(29118) status is 0.
2019.07.29 21:37:41,866	INFO	1	com.l2jserver.gameserver.instancemanager.GrandBossManager	GrandBossManager: Loaded 7 Instances
2019.07.29 21:37:43,000	INFO	1	com.l2jserver.util.data.xml.IXmlReader	DoorData: Loaded 1301 Door templates for 22 regions.
2019.07.29 21:37:44,335	INFO	1	com.l2jserver.util.data.xml.IXmlReader	ZoneManager: Loaded 28 zone classes and 2793 zones.
2019.07.29 21:37:44,335	INFO	1	com.l2jserver.util.data.xml.IXmlReader	ZoneManager: Loaded 0 NPC spawn territoriers.
2019.07.29 21:37:44,374	INFO	1	com.l2jserver.gameserver.instancemanager.CastleManager	CastleManager: Loaded: 9 castles
2019.07.29 21:37:44,416	INFO	1	com.l2jserver.gameserver.data.sql.impl.NpcBufferTable	NpcBufferTable: Loaded 1 buffers and 10 skills.
2019.07.29 21:37:44,482	INFO	1	com.l2jserver.gameserver.instancemanager.GrandBossManager	GrandBossManager: Initialized 12 Grand Boss Zones
2019.07.29 21:37:44,514	INFO	1	com.l2jserver.gameserver.GameServer	-----------------------------------------=[ Auction Manager ]
2019.07.29 21:37:44,627	INFO	1	com.l2jserver.gameserver.model.itemauction.ItemAuctionInstance	Loaded 82 item(s) and registered 1 auction(s) for NPC ID 32320.
2019.07.29 21:37:44,629	INFO	1	com.l2jserver.gameserver.model.itemauction.ItemAuctionInstance	Schedule next auction ID 1 on 17:00:00 02.08.19 for NPC ID 32320.
2019.07.29 21:37:44,635	INFO	1	com.l2jserver.gameserver.model.itemauction.ItemAuctionInstance	Loaded 82 item(s) and registered 2 auction(s) for NPC ID 32321.
2019.07.29 21:37:44,639	INFO	1	com.l2jserver.gameserver.model.itemauction.ItemAuctionInstance	Schedule current auction ID 2 for NPC ID 32321.
2019.07.29 21:37:44,642	INFO	1	com.l2jserver.gameserver.model.itemauction.ItemAuctionInstance	Loaded 82 item(s) and registered 1 auction(s) for NPC ID 32322.
2019.07.29 21:37:44,642	INFO	1	com.l2jserver.gameserver.model.itemauction.ItemAuctionInstance	Schedule next auction ID 3 on 17:00:00 31.07.19 for NPC ID 32322.
2019.07.29 21:37:44,642	INFO	1	com.l2jserver.gameserver.instancemanager.ItemAuctionManager	Loaded 3 auction manager instance(s).
2019.07.29 21:37:44,643	INFO	1	com.l2jserver.gameserver.GameServer	------------------------------------------------=[ Olympiad ]
2019.07.29 21:37:44,727	INFO	1	com.l2jserver.gameserver.model.olympiad.Olympiad	Olympiad System: Loading Olympiad System....
2019.07.29 21:37:44,727	INFO	1	com.l2jserver.gameserver.model.olympiad.Olympiad	Olympiad System: Currently in Olympiad Period
2019.07.29 21:37:44,729	INFO	1	com.l2jserver.gameserver.model.olympiad.Olympiad	Olympiad System: 3742 minutes until period ends
2019.07.29 21:37:44,730	INFO	1	com.l2jserver.gameserver.model.olympiad.Olympiad	Olympiad System: Next weekly change is in 8501 minutes
2019.07.29 21:37:44,730	INFO	1	com.l2jserver.gameserver.model.olympiad.Olympiad	Olympiad System: Loaded 0 Nobles
2019.07.29 21:37:44,764	INFO	1	com.l2jserver.gameserver.model.olympiad.Olympiad	Olympiad System: Competition Period Starts in 0 days, 0 hours and 0 mins.
2019.07.29 21:37:44,768	INFO	1	com.l2jserver.gameserver.model.olympiad.Olympiad	Olympiad System: Event starts/started : Mon Jul 29 18:00:44 COT 2019
2019.07.29 21:37:44,776	INFO	1	com.l2jserver.gameserver.model.entity.Hero	Hero System: Loaded 0 Heroes.
2019.07.29 21:37:44,776	INFO	1	com.l2jserver.gameserver.model.entity.Hero	Hero System: Loaded 0 all time Heroes.
2019.07.29 21:37:44,777	INFO	1	com.l2jserver.gameserver.GameServer	---------------------------------------------=[ Seven Signs ]
2019.07.29 21:37:44,900	INFO	21	com.l2jserver.gameserver.model.olympiad.Olympiad	Olympiad System: Olympiad Game Started
2019.07.29 21:37:44,907	INFO	21	com.l2jserver.gameserver.model.olympiad.OlympiadGameManager	Olympiad System: Loaded 160 stadiums.
2019.07.29 21:37:44,923	INFO	1	com.l2jserver.gameserver.SevenSigns	SevenSigns: Currently in the Seal Validation period.
2019.07.29 21:37:44,924	INFO	1	com.l2jserver.gameserver.SevenSigns	SevenSigns: The Seal of Avarice remains unclaimed.
2019.07.29 21:37:44,925	INFO	1	com.l2jserver.gameserver.SevenSigns	SevenSigns: The Seal of Gnosis remains unclaimed.
2019.07.29 21:37:44,926	INFO	1	com.l2jserver.gameserver.SevenSigns	SevenSigns: The Seal of Strife remains unclaimed.
2019.07.29 21:37:44,926	INFO	1	com.l2jserver.gameserver.SevenSigns	SevenSigns: The competition ended with a tie last week.
2019.07.29 21:37:44,927	INFO	1	com.l2jserver.gameserver.SevenSigns	SevenSigns: Next period change set to Mon Aug 05 18:00:44 COT 2019.
2019.07.29 21:37:44,948	INFO	1	com.l2jserver.gameserver.SevenSigns	SevenSigns: Next period begins in 6 days, 20 hours and 22 mins.
2019.07.29 21:37:44,949	INFO	1	com.l2jserver.gameserver.GameServer	---------------------------------------------------=[ Cache ]
2019.07.29 21:37:44,951	INFO	1	com.l2jserver.gameserver.cache.HtmCache	Cache[HTML]: Running lazy cache
2019.07.29 21:37:45,021	INFO	1	com.l2jserver.gameserver.data.sql.impl.CrestTable	CrestTable: Loaded 0 Crests.
2019.07.29 21:37:45,152	INFO	1	com.l2jserver.gameserver.data.sql.impl.TeleportLocationTable	TeleportLocationTable: Loaded 957 Teleport Location Templates.
2019.07.29 21:37:45,200	INFO	1	com.l2jserver.util.data.xml.IXmlReader	UIData: Loaded 4 keys 5 categories.
2019.07.29 21:37:45,417	INFO	1	com.l2jserver.gameserver.datatables.AugmentationData	AugmentationData: Loaded: 33960 augmentations.
2019.07.29 21:37:45,417	INFO	1	com.l2jserver.gameserver.datatables.AugmentationData	AugmentationData: Loaded: 2754 accessory augmentations.
2019.07.29 21:37:45,453	INFO	1	com.l2jserver.gameserver.instancemanager.CursedWeaponsManager	CursedWeaponsManager: Loaded : 2 cursed weapon(s).
2019.07.29 21:37:47,532	INFO	1	com.l2jserver.util.data.xml.IXmlReader	TransformData: Loaded: 111 transform templates.
2019.07.29 21:37:47,670	INFO	1	com.l2jserver.gameserver.datatables.BotReportTable	BotReportTable: Loaded 0 bot reports
2019.07.29 21:37:47,671	INFO	1	com.l2jserver.gameserver.GameServer	-------------------------------------------------=[ Scripts ]
2019.07.29 21:37:47,759	INFO	1	com.l2jserver.gameserver.instancemanager.AirShipManager	AirShipManager: Loaded 0 private airships
2019.07.29 21:37:47,761	INFO	1	com.l2jserver.gameserver.GameServer	GameServer: Loading server scripts:
2019.07.29 21:37:52,738	INFO	1	handlers.MasterHandler	Loading Handlers...
2019.07.29 21:37:52,828	INFO	1	handlers.MasterHandler	ActionHandler: Loaded 10 Handlers
2019.07.29 21:37:52,828	INFO	1	handlers.MasterHandler	ActionShiftHandler: Loaded 6 Handlers
2019.07.29 21:37:52,830	INFO	1	handlers.MasterHandler	AdminCommandHandler: Loaded 447 Handlers
2019.07.29 21:37:52,830	INFO	1	handlers.MasterHandler	BypassHandler: Loaded 48 Handlers
2019.07.29 21:37:52,830	INFO	1	handlers.MasterHandler	ChatHandler: Loaded 14 Handlers
2019.07.29 21:37:52,830	INFO	1	handlers.MasterHandler	CommunityBoardHandler: Loaded 15 Handlers
2019.07.29 21:37:52,830	INFO	1	handlers.MasterHandler	ItemHandler: Loaded 31 Handlers
2019.07.29 21:37:52,830	INFO	1	handlers.MasterHandler	PunishmentHandler: Loaded 3 Handlers
2019.07.29 21:37:52,830	INFO	1	handlers.MasterHandler	UserCommandHandler: Loaded 17 Handlers
2019.07.29 21:37:52,830	INFO	1	handlers.MasterHandler	VoicedCommandHandler: Loaded 1 Handlers
2019.07.29 21:37:52,830	INFO	1	handlers.MasterHandler	TargetHandler: Loaded 35 Handlers
2019.07.29 21:37:52,830	INFO	1	handlers.MasterHandler	TelnetHandler: Loaded 20 Handlers
2019.07.29 21:37:52,830	INFO	1	handlers.MasterHandler	Handlers Loaded...
2019.07.29 21:38:01,040	INFO	1	com.l2jserver.util.data.xml.IXmlReader	NpcBuffersData: Loaded: 33 buffers data.
2019.07.29 21:38:08,294	INFO	1	com.l2jserver.gameserver.model.events.AbstractScript	Handy's Block Checker Event is enabled
2019.07.29 21:38:24,047	INFO	1	instances.InstanceLoader	InstanceLoader: Loading Instances scripts.
2019.07.29 21:38:24,939	INFO	1	gracia.GraciaLoader	GraciaLoader: Loading Gracia related scripts.
2019.07.29 21:38:26,030	INFO	1	hellbound.HellboundLoader	HellboundLoader: Loading Hellbound related scripts:
2019.07.29 21:38:26,081	INFO	1	com.l2jserver.util.data.xml.IXmlReader	HellboundPointData: Loaded 47 trust point reward data.
2019.07.29 21:38:26,147	INFO	1	com.l2jserver.util.data.xml.IXmlReader	HellboundSpawns: Loaded 598 Hellbound spawns.
2019.07.29 21:38:26,147	INFO	1	com.l2jserver.gameserver.model.events.AbstractScript	HellboundEngine: Level: 0
2019.07.29 21:38:26,147	INFO	1	com.l2jserver.gameserver.model.events.AbstractScript	HellboundEngine: Trust: 0
2019.07.29 21:38:26,147	INFO	1	com.l2jserver.gameserver.model.events.AbstractScript	HellboundEngine: Status: locked.
2019.07.29 21:38:26,300	INFO	1	com.l2jserver.gameserver.instancemanager.RaidBossSpawnManager	RaidBossSpawnManager: Loaded 187 Instances
2019.07.29 21:38:26,300	INFO	1	com.l2jserver.gameserver.instancemanager.RaidBossSpawnManager	RaidBossSpawnManager: Scheduled 0 Instances
2019.07.29 21:38:41,347	INFO	1	com.l2jserver.gameserver.model.events.AbstractScript	[EnhanceYourWeapon] Loaded 54 Soul Crystal data.
2019.07.29 21:38:41,347	INFO	1	com.l2jserver.gameserver.model.events.AbstractScript	[EnhanceYourWeapon] Loaded 240 npc Leveling info data.
2019.07.29 21:38:42,029	INFO	1	com.l2jserver.gameserver.model.events.AbstractScript	TerritoryWarSuperClass: Siege date: Sun Aug 04 22:00:00 COT 2019
2019.07.29 21:38:44,084	INFO	1	com.l2jserver.gameserver.model.entity.clanhall.ClanHallSiegeEngine	Bandit StrongHold siege scheduled for Sun Aug 11 12:00:00 COT 2019.
2019.07.29 21:38:44,296	INFO	1	com.l2jserver.gameserver.model.entity.clanhall.ClanHallSiegeEngine	Beast Farm siege scheduled for Sun Aug 11 12:00:00 COT 2019.
2019.07.29 21:38:44,431	INFO	1	com.l2jserver.gameserver.model.entity.clanhall.ClanHallSiegeEngine	Devastated Castle siege scheduled for Sun Aug 11 12:00:00 COT 2019.
2019.07.29 21:38:44,651	INFO	1	com.l2jserver.gameserver.model.entity.clanhall.ClanHallSiegeEngine	Fortress of Resistance siege scheduled for Sun Aug 11 12:00:00 COT 2019.
2019.07.29 21:38:44,816	INFO	1	com.l2jserver.gameserver.model.entity.clanhall.ClanHallSiegeEngine	Fortresss of the Dead siege scheduled for Sun Aug 11 12:00:00 COT 2019.
2019.07.29 21:38:45,104	INFO	1	com.l2jserver.gameserver.model.entity.clanhall.ClanHallSiegeEngine	Rainbow Springs siege scheduled for Sun Aug 11 12:00:00 COT 2019.
2019.07.29 21:38:47,977	INFO	1	com.l2jserver.util.data.xml.IXmlReader	SpawnTable: Loaded 3765 npc spawns.
2019.07.29 21:38:48,214	INFO	1	com.l2jserver.util.data.xml.IXmlReader	SpawnTable: Loaded 1190 npc spawns from XML.
2019.07.29 21:38:48,214	INFO	1	com.l2jserver.gameserver.instancemanager.DayNightSpawnManager	DayNightSpawnManager: Removed 0 night creatures
2019.07.29 21:38:48,219	INFO	1	com.l2jserver.gameserver.instancemanager.DayNightSpawnManager	DayNightSpawnManager: Spawned 232 day creatures
2019.07.29 21:38:48,328	INFO	1	com.l2jserver.gameserver.instancemanager.FourSepulchersManager	FourSepulchersManager: loaded 20 Mysterious-Box spawns.
2019.07.29 21:38:48,370	INFO	1	com.l2jserver.gameserver.instancemanager.FourSepulchersManager	FourSepulchersManager: loaded 716 Physical type monsters spawns.
2019.07.29 21:38:48,404	INFO	1	com.l2jserver.gameserver.instancemanager.FourSepulchersManager	FourSepulchersManager: loaded 716 Magical type monsters spawns.
2019.07.29 21:38:48,409	INFO	1	com.l2jserver.gameserver.instancemanager.FourSepulchersManager	FourSepulchersManager: loaded 92 Church of duke monsters spawns.
2019.07.29 21:38:48,415	INFO	1	com.l2jserver.gameserver.instancemanager.FourSepulchersManager	FourSepulchersManager: loaded 68 Emperor's grave NPC spawns.
2019.07.29 21:38:48,415	INFO	1	com.l2jserver.gameserver.instancemanager.FourSepulchersManager	FourSepulchersManager: spawned Conquerors' Sepulcher Manager
2019.07.29 21:38:48,416	INFO	1	com.l2jserver.gameserver.instancemanager.FourSepulchersManager	FourSepulchersManager: spawned Emperors' Sepulcher Manager
2019.07.29 21:38:48,416	INFO	1	com.l2jserver.gameserver.instancemanager.FourSepulchersManager	FourSepulchersManager: spawned Great Sages' Sepulcher Manager
2019.07.29 21:38:48,417	INFO	1	com.l2jserver.gameserver.instancemanager.FourSepulchersManager	FourSepulchersManager: spawned Judges' Sepulcher Manager
2019.07.29 21:38:48,418	INFO	1	com.l2jserver.gameserver.instancemanager.FourSepulchersManager	FourSepulchersManager: Beginning in Attack time
2019.07.29 21:38:48,506	INFO	1	com.l2jserver.gameserver.instancemanager.DimensionalRiftManager	DimensionalRiftManager: Loaded 7 room types with 56 rooms.
2019.07.29 21:38:48,540	INFO	1	com.l2jserver.gameserver.instancemanager.DimensionalRiftManager	DimensionalRiftManager: Loaded 462 dimensional rift spawns, 0 errors.
2019.07.29 21:38:48,540	INFO	1	com.l2jserver.gameserver.GameServer	---------------------------------------------------=[ Siege ]
2019.07.29 21:38:48,586	INFO	1	com.l2jserver.gameserver.model.entity.Siege	Siege of Gludio: Sun Aug 11 16:00:00 COT 2019
2019.07.29 21:38:48,590	INFO	1	com.l2jserver.gameserver.model.entity.Siege	Siege of Dion: Sun Aug 11 16:00:00 COT 2019
2019.07.29 21:38:48,592	INFO	1	com.l2jserver.gameserver.model.entity.Siege	Siege of Giran: Sun Aug 11 16:00:00 COT 2019
2019.07.29 21:38:48,593	INFO	1	com.l2jserver.gameserver.model.entity.Siege	Siege of Oren: Sun Aug 11 16:00:00 COT 2019
2019.07.29 21:38:48,594	INFO	1	com.l2jserver.gameserver.model.entity.Siege	Siege of Aden: Sun Aug 11 16:00:00 COT 2019
2019.07.29 21:38:48,594	INFO	1	com.l2jserver.gameserver.model.entity.Siege	Siege of Innadril: Sun Aug 11 20:00:00 COT 2019
2019.07.29 21:38:48,596	INFO	1	com.l2jserver.gameserver.model.entity.Siege	Siege of Goddard: Sun Aug 11 20:00:00 COT 2019
2019.07.29 21:38:48,598	INFO	1	com.l2jserver.gameserver.model.entity.Siege	Siege of Rune: Sun Aug 11 20:00:00 COT 2019
2019.07.29 21:38:48,599	INFO	1	com.l2jserver.gameserver.model.entity.Siege	Siege of Schuttgart: Sun Aug 11 20:00:00 COT 2019
2019.07.29 21:38:48,865	INFO	1	com.l2jserver.gameserver.instancemanager.FortManager	FortManager: Loaded: 21 fortress
2019.07.29 21:38:49,988	INFO	1	com.l2jserver.util.data.xml.IXmlReader	SiegeScheduleData: Loaded: 2 siege schedulers.
2019.07.29 21:38:50,051	INFO	1	com.l2jserver.util.data.xml.IXmlReader	CastleManorManager: Loaded 258 seeds.
2019.07.29 21:38:50,199	INFO	1	com.l2jserver.util.data.xml.IXmlReader	CastleManorManager: Manor data loaded.
2019.07.29 21:38:50,287	INFO	1	com.l2jserver.gameserver.instancemanager.MercTicketManager	MercTicketManager: Loaded: 0 Mercenary Tickets
2019.07.29 21:38:50,287	INFO	1	com.l2jserver.gameserver.instancemanager.QuestManager	QuestManager: Loaded: 520 quests.
2019.07.29 21:38:50,288	INFO	1	com.l2jserver.gameserver.instancemanager.QuestManager	QuestManager: Loaded: 268 scripts.
2019.07.29 21:38:50,464	INFO	1	com.l2jserver.gameserver.SevenSignsFestival	SevenSignsFestival: Initialization bypassed due to Seal Validation in effect.
2019.07.29 21:38:50,532	INFO	1	com.l2jserver.gameserver.script.faenor.FaenorEventParser	Event ID: (Valentines Event) has passed... Ignored.
2019.07.29 21:38:50,533	INFO	1	com.l2jserver.gameserver.script.faenor.FaenorScriptEngine	FaenorScriptEngine: Loaded  Valentines.xml successfully.
2019.07.29 21:38:50,535	INFO	1	com.l2jserver.gameserver.GameServer	AutoSpawnHandler: Loaded 129 handlers in total.
2019.07.29 21:38:50,617	INFO	1	com.l2jserver.gameserver.taskmanager.TaskManager	TaskManager: Loaded: 13 Tasks
2019.07.29 21:38:50,634	INFO	1	com.l2jserver.gameserver.instancemanager.MailManager	MailManager: Successfully loaded 0 messages.
2019.07.29 21:38:50,689	INFO	1	com.l2jserver.gameserver.instancemanager.PunishmentManager	PunishmentManager: Loaded 0 active and 0 expired punishments.
2019.07.29 21:38:50,691	INFO	1	com.l2jserver.gameserver.GameServer	IdFactory: Free ObjectID's remaining: 1879002364
2019.07.29 21:38:50,693	INFO	1	com.l2jserver.gameserver.model.entity.TvTManager	TvTEventEngine[TvTManager.TvTManager()]: Engine is disabled.
2019.07.29 21:38:53,893	INFO	1	com.l2jserver.gameserver.GameServer	GameServer: Started, free memory 1911 Mb of 3641 Mb
2019.07.29 21:38:53,991	INFO	257	com.l2jserver.gameserver.LoginServerThread	Connecting to login on 127.0.0.1:9014
2019.07.29 21:38:54,346	INFO	1	com.l2jserver.gameserver.GameServer	GameServer: is now listening on: *:7777
2019.07.29 21:38:54,347	INFO	1	com.l2jserver.gameserver.GameServer	GameServer: Maximum numbers of connected players: 500
2019.07.29 21:38:54,348	INFO	1	com.l2jserver.gameserver.GameServer	GameServer: Server loaded in 156 seconds.
2019.07.29 21:38:54,349	INFO	1	com.l2jserver.gameserver.GameServer	----------------------------------------------------=[ UPnP ]
2019.07.29 21:38:54,352	INFO	1	com.l2jserver.UPnPService	Looking for UPnP Gateway Devices...
2019.07.29 21:38:54,630	INFO	257	com.l2jserver.gameserver.LoginServerThread	Registered on login as Server 1: Bartz
2019.07.29 21:39:04,003	INFO	1	com.l2jserver.UPnPService	No UPnP gateways found.
2019.07.29 21:39:04,003	INFO	1	com.l2jserver.gameserver.GameServer	GameServer: Telnet server is currently disabled.
2019.07.29 21:47:10,923	INFO	27	com.l2jserver.gameserver.instancemanager.GlobalVariablesManager	GlobalVariablesManager: Stored 6 variables.
2019.07.29 21:49:00,231	INFO	278	com.l2jserver.gameserver.model.actor.instance.L2PcInstance	Master access level set for character jaivic.
2019.07.29 21:53:50,622	INFO	15	com.l2jserver.gameserver.taskmanager.tasks.TaskOlympiadSave	Olympiad System: Data updated.
2019.07.29 22:00:00,056	INFO	16	com.l2jserver.gameserver.model.itemauction.ItemAuctionInstance	Auction ID 2 has finished. There have not been any bid for instance ID 32321.
2019.07.29 22:00:00,057	INFO	16	com.l2jserver.gameserver.model.itemauction.ItemAuctionInstance	Schedule next auction ID 4 on 17:00:00 05.08.19 for NPC ID 32321.
2019.07.29 22:08:50,667	INFO	16	com.l2jserver.gameserver.taskmanager.tasks.TaskSevenSignsUpdate	SevenSigns: Data updated successfully.
2019.07.29 22:17:10,899	INFO	28	com.l2jserver.gameserver.instancemanager.GlobalVariablesManager	GlobalVariablesManager: Stored 6 variables.
2019.07.29 22:23:50,623	INFO	24	com.l2jserver.gameserver.taskmanager.tasks.TaskOlympiadSave	Olympiad System: Data updated.
2019.07.29 22:38:05,152	WARNING	257	com.l2jserver.gameserver.LoginServerThread	LoginServer not avaible, trying to reconnect...
