2019.07.29 20:49:46,000	INFO	1	com.l2jserver.gameserver.GameServer	------------------------------------------------=[ Database ]
2019.07.29 20:49:46,094	INFO	1	com.l2jserver.gameserver.dao.factory.impl.DAOFactory	Using MySQL DAO Factory.
2019.07.29 20:49:46,110	INFO	1	com.l2jserver.commons.database.pool.impl.ConnectionFactory	Using HikariCP connection pool.
2019.07.29 20:49:46,110	INFO	1	com.l2jserver.gameserver.GameServer	GameServer: Used memory: 15MB.
2019.07.29 20:49:46,110	INFO	1	com.zaxxer.hikari.HikariDataSource	HikariPool-1 - Starting...
2019.07.29 20:49:46,401	INFO	1	com.zaxxer.hikari.HikariDataSource	HikariPool-1 - Start completed.
2019.07.29 20:49:46,448	INFO	1	com.l2jserver.gameserver.idfactory.BitSetIDFactory	Updated characters online status.
2019.07.29 20:49:46,708	INFO	1	com.l2jserver.gameserver.idfactory.BitSetIDFactory	Cleaned 0 elements from database in 0 s
2019.07.29 20:49:46,724	INFO	1	com.l2jserver.gameserver.idfactory.BitSetIDFactory	Cleaned 0 expired timestamps from database.
2019.07.29 20:49:46,755	INFO	1	com.l2jserver.gameserver.idfactory.BitSetIDFactory	BitSetIDFactory: 102912 id's available.
2019.07.29 20:49:46,755	INFO	1	com.l2jserver.gameserver.GameServer	-------------------------------------------------=[ Engines ]
2019.07.29 20:49:46,771	INFO	1	com.l2jserver.gameserver.scripting.L2ScriptEngineManager	Script Engine: java 1.8 - Language: java - Language Version: 1.8
2019.07.29 20:49:47,193	INFO	1	com.l2jserver.gameserver.scripting.L2ScriptEngineManager	Script Engine: Oracle Nashorn 1.8.0_131 - Language: ECMAScript - Language Version: ECMA - 262 Edition 5.1
2019.07.29 20:49:47,865	INFO	1	com.l2jserver.gameserver.scripting.L2ScriptEngineManager	Script Engine: jython 2.2.1 - Language: python - Language Version: 2.2.1
2019.07.29 20:49:47,943	INFO	1	com.l2jserver.gameserver.GameServer	---------------------------------------------------=[ World ]
2019.07.29 20:49:47,959	INFO	1	com.l2jserver.util.data.xml.IXmlReader	InstanceManager: Multiverse Instance created.
2019.07.29 20:49:47,959	INFO	1	com.l2jserver.util.data.xml.IXmlReader	InstanceManager: Universe Instance created.
2019.07.29 20:49:48,213	INFO	1	com.l2jserver.util.data.xml.IXmlReader	InstanceManager: Loaded 160 instance names.
2019.07.29 20:49:48,238	INFO	1	com.l2jserver.gameserver.model.L2World	L2World: (128 by 136) World Region Grid set up.
2019.07.29 20:49:48,578	INFO	1	com.l2jserver.util.data.xml.IXmlReader	MapRegionManager: Loaded 57 map regions.
2019.07.29 20:49:48,610	INFO	1	com.l2jserver.gameserver.instancemanager.GlobalVariablesManager	GlobalVariablesManager: Loaded 6 variables.
2019.07.29 20:49:48,610	INFO	1	com.l2jserver.gameserver.GameServer	----------------------------------------------------=[ Data ]
2019.07.29 20:49:48,688	INFO	1	com.l2jserver.util.data.xml.IXmlReader	CategoryData: Loaded 124 Categories.
2019.07.29 20:49:48,720	INFO	1	com.l2jserver.util.data.xml.IXmlReader	SecondaryAuthData: Loaded 328 forbidden passwords.
2019.07.29 20:49:48,721	INFO	1	com.l2jserver.gameserver.GameServer	-------------------------------------------------=[ Effects ]
2019.07.29 20:49:50,897	INFO	1	handlers.EffectMasterHandler	EffectMasterHandler: Loaded 160 effect handlers.
2019.07.29 20:49:50,898	INFO	1	com.l2jserver.gameserver.GameServer	------------------------------------=[ Enchant Skill Groups ]
2019.07.29 20:49:50,978	INFO	1	com.l2jserver.util.data.xml.IXmlReader	EnchantSkillGroupsData: Loaded 4 groups and 90 routes.
2019.07.29 20:49:50,978	INFO	1	com.l2jserver.gameserver.GameServer	---------------------------------------------=[ Skill Trees ]
2019.07.29 20:49:51,671	INFO	1	com.l2jserver.util.data.xml.IXmlReader	Loaded 17176 Class Skills for 103 Class Skill Trees.
2019.07.29 20:49:51,671	INFO	1	com.l2jserver.util.data.xml.IXmlReader	Loaded 76 Sub-Class Skills.
2019.07.29 20:49:51,673	INFO	1	com.l2jserver.util.data.xml.IXmlReader	Loaded 77 Transfer Skills for 3 Transfer Skill Trees.
2019.07.29 20:49:51,674	INFO	1	com.l2jserver.util.data.xml.IXmlReader	Loaded 117 Fishing Skills, 8 Dwarven only Fishing Skills.
2019.07.29 20:49:51,675	INFO	1	com.l2jserver.util.data.xml.IXmlReader	Loaded 3 Collect Skills.
2019.07.29 20:49:51,676	INFO	1	com.l2jserver.util.data.xml.IXmlReader	Loaded 74 Pledge Skills, 44 for Pledge and 30 Residential.
2019.07.29 20:49:51,676	INFO	1	com.l2jserver.util.data.xml.IXmlReader	Loaded 18 Sub-Pledge Skills.
2019.07.29 20:49:51,677	INFO	1	com.l2jserver.util.data.xml.IXmlReader	Loaded 32 Transform Skills.
2019.07.29 20:49:51,678	INFO	1	com.l2jserver.util.data.xml.IXmlReader	Loaded 8 Noble Skills.
2019.07.29 20:49:51,678	INFO	1	com.l2jserver.util.data.xml.IXmlReader	Loaded 5 Hero Skills.
2019.07.29 20:49:51,679	INFO	1	com.l2jserver.util.data.xml.IXmlReader	Loaded 46 Game Master Skills.
2019.07.29 20:49:51,680	INFO	1	com.l2jserver.util.data.xml.IXmlReader	Loaded 46 Game Master Aura Skills.
2019.07.29 20:49:51,683	INFO	1	com.l2jserver.gameserver.GameServer	--------------------------------------------------=[ Skills ]
2019.07.29 20:49:58,763	INFO	1	com.l2jserver.gameserver.engines.DocumentEngine	DocumentEngine: Loaded 65957 Skill templates from XML files.
2019.07.29 20:49:58,817	INFO	1	com.l2jserver.gameserver.data.sql.impl.SummonSkillsTable	SummonSkillsTable: Loaded 1891 skills.
2019.07.29 20:49:58,817	INFO	1	com.l2jserver.gameserver.GameServer	---------------------------------------------------=[ Items ]
2019.07.29 20:50:01,595	INFO	1	com.l2jserver.gameserver.datatables.ItemTable	ItemTable: Highest item id used:22567
2019.07.29 20:50:01,601	INFO	1	com.l2jserver.gameserver.datatables.ItemTable	ItemTable: Loaded: 11481 Etc Items
2019.07.29 20:50:01,601	INFO	1	com.l2jserver.gameserver.datatables.ItemTable	ItemTable: Loaded: 3825 Armor Items
2019.07.29 20:50:01,601	INFO	1	com.l2jserver.gameserver.datatables.ItemTable	ItemTable: Loaded: 3893 Weapon Items
2019.07.29 20:50:01,601	INFO	1	com.l2jserver.gameserver.datatables.ItemTable	ItemTable: Loaded: 19199 Items in total.
2019.07.29 20:50:01,633	INFO	1	com.l2jserver.util.data.xml.IXmlReader	EnchantItemGroupsData: Loaded: 4 item group templates.
2019.07.29 20:50:01,633	INFO	1	com.l2jserver.util.data.xml.IXmlReader	EnchantItemGroupsData: Loaded: 1 scroll group templates.
2019.07.29 20:50:01,721	INFO	1	com.l2jserver.util.data.xml.IXmlReader	EnchantItemData: Loaded 63 Enchant Scrolls.
2019.07.29 20:50:01,722	INFO	1	com.l2jserver.util.data.xml.IXmlReader	EnchantItemData: Loaded 20 Support Items.
2019.07.29 20:50:01,774	INFO	1	com.l2jserver.util.data.xml.IXmlReader	EnchantItemOptionsData: Loaded: 23 Items and 1093 Options.
2019.07.29 20:50:04,860	INFO	1	com.l2jserver.util.data.xml.IXmlReader	OptionData: Loaded: 24985 Options.
2019.07.29 20:50:04,899	INFO	1	com.l2jserver.util.data.xml.IXmlReader	EnchantItemHPBonusData: Loaded 6 Enchant HP Bonuses.
2019.07.29 20:50:04,919	INFO	1	com.l2jserver.gameserver.datatables.MerchantPriceConfigTable	MerchantPriceConfigTable: Loaded 28 merchant price configs.
2019.07.29 20:50:08,265	INFO	1	com.l2jserver.util.data.xml.IXmlReader	BuyListData: Loaded 760 BuyLists.
2019.07.29 20:50:09,832	INFO	1	com.l2jserver.util.data.xml.IXmlReader	MultisellData: Loaded 192 multisell lists.
2019.07.29 20:50:09,894	INFO	1	com.l2jserver.util.data.xml.IXmlReader	RecipeData: Loaded 1000 recipes.
2019.07.29 20:50:10,084	INFO	1	com.l2jserver.util.data.xml.IXmlReader	ArmorSetsData: Loaded 198 Armor sets.
2019.07.29 20:50:10,131	INFO	1	com.l2jserver.util.data.xml.IXmlReader	FishData: Loaded 278 Fish.
2019.07.29 20:50:10,147	INFO	1	com.l2jserver.util.data.xml.IXmlReader	FishingMonstersData: Loaded 8 Fishing Monsters.
2019.07.29 20:50:10,178	INFO	1	com.l2jserver.util.data.xml.IXmlReader	FishingRodsData: Loaded 6 Fishing Rods.
2019.07.29 20:50:10,257	INFO	1	com.l2jserver.util.data.xml.IXmlReader	HennaData: Loaded 180 Henna data.
2019.07.29 20:50:10,257	INFO	1	com.l2jserver.gameserver.GameServer	----------------------------------------------=[ Characters ]
2019.07.29 20:50:10,317	INFO	1	com.l2jserver.util.data.xml.IXmlReader	ClassListData: Loaded 107 Class data.
2019.07.29 20:50:10,347	INFO	1	com.l2jserver.util.data.xml.IXmlReader	InitialEquipmentData: Loaded 11 Initial Equipment data.
2019.07.29 20:50:10,354	INFO	1	com.l2jserver.util.data.xml.IXmlReader	InitialShortcutData: Loaded 5 Initial Global Shortcuts data.
2019.07.29 20:50:10,355	INFO	1	com.l2jserver.util.data.xml.IXmlReader	InitialShortcutData: Loaded 4 Initial Shortcuts data.
2019.07.29 20:50:10,355	INFO	1	com.l2jserver.util.data.xml.IXmlReader	InitialShortcutData: Loaded 0 Macros presets.
2019.07.29 20:50:10,441	INFO	1	com.l2jserver.util.data.xml.IXmlReader	KarmaData: Loaded 85 karma modifiers.
2019.07.29 20:50:10,446	INFO	1	com.l2jserver.util.data.xml.IXmlReader	HitConditionBonusData: Loaded Hit Condition bonuses.
2019.07.29 20:50:11,446	INFO	1	com.l2jserver.util.data.xml.IXmlReader	PlayerTemplateData: Loaded 103 character templates.
2019.07.29 20:50:11,460	INFO	1	com.l2jserver.util.data.xml.IXmlReader	PlayerTemplateData: Loaded 52530 level up gain records.
2019.07.29 20:50:11,469	INFO	1	com.l2jserver.util.data.xml.IXmlReader	PlayerCreationPointData: Loaded 62 character creation points.
2019.07.29 20:50:11,474	INFO	1	com.l2jserver.gameserver.data.sql.impl.CharNameTable	CharNameTable: Loaded 1 char names.
2019.07.29 20:50:11,515	INFO	1	com.l2jserver.util.data.xml.IXmlReader	AdminData: Loaded: 10 Access Levels.
2019.07.29 20:50:11,528	INFO	1	com.l2jserver.util.data.xml.IXmlReader	AdminData: Loaded: 444 Access Commands.
2019.07.29 20:50:11,535	INFO	1	com.l2jserver.gameserver.instancemanager.RaidBossPointsManager	RaidBossPointsManager: Loaded 0 Characters Raid Points.
2019.07.29 20:50:11,956	INFO	1	com.l2jserver.util.data.xml.IXmlReader	PetDataTable: Loaded 52 Pets.
2019.07.29 20:50:11,972	INFO	1	com.l2jserver.gameserver.GameServer	---------------------------------------------------=[ Clans ]
2019.07.29 20:50:11,988	INFO	1	com.l2jserver.gameserver.communitybbs.Manager.ForumsBBSManager	Loaded 4 forums. Last forum id used: 4
2019.07.29 20:50:11,988	INFO	1	com.l2jserver.gameserver.data.sql.impl.ClanTable	ClanTable: Restored 0 clans from the database.
2019.07.29 20:50:12,017	INFO	1	com.l2jserver.gameserver.instancemanager.CHSiegeManager	CHSiegeManager: Loaded 6 conquerable clan halls.
2019.07.29 20:50:12,103	INFO	1	com.l2jserver.gameserver.instancemanager.AuctionManager	AuctionManager: Loaded: 38 auction(s)
2019.07.29 20:50:12,105	INFO	1	com.l2jserver.gameserver.instancemanager.ClanHallManager	ClanHallManager: Loaded: 0 clan halls
2019.07.29 20:50:12,106	INFO	1	com.l2jserver.gameserver.instancemanager.ClanHallManager	ClanHallManager: Loaded: 38 free clan halls
2019.07.29 20:50:12,106	INFO	1	com.l2jserver.gameserver.GameServer	-------------------------------------------------=[ Geodata ]
2019.07.29 20:50:12,118	INFO	1	com.l2jserver.gameserver.GeoData	GeoData: Loading 11_23.l2j...
2019.07.29 20:50:12,215	INFO	1	com.l2jserver.gameserver.GeoData	GeoData: Loading 11_24.l2j...
2019.07.29 20:50:12,231	INFO	1	com.l2jserver.gameserver.GeoData	GeoData: Loading 11_25.l2j...
2019.07.29 20:50:12,262	INFO	1	com.l2jserver.gameserver.GeoData	GeoData: Loading 11_26.l2j...
2019.07.29 20:50:12,309	INFO	1	com.l2jserver.gameserver.GeoData	GeoData: Loading 12_23.l2j...
2019.07.29 20:50:12,343	INFO	1	com.l2jserver.gameserver.GeoData	GeoData: Loading 12_24.l2j...
2019.07.29 20:50:12,416	INFO	1	com.l2jserver.gameserver.GeoData	GeoData: Loading 12_25.l2j...
2019.07.29 20:50:12,494	INFO	1	com.l2jserver.gameserver.GeoData	GeoData: Loading 12_26.l2j...
2019.07.29 20:50:12,525	INFO	1	com.l2jserver.gameserver.GeoData	GeoData: Loading 13_21.l2j...
2019.07.29 20:50:12,525	INFO	1	com.l2jserver.gameserver.GeoData	GeoData: Loading 13_22.l2j...
2019.07.29 20:50:12,556	INFO	1	com.l2jserver.gameserver.GeoData	GeoData: Loading 13_23.l2j...
2019.07.29 20:50:12,623	INFO	1	com.l2jserver.gameserver.GeoData	GeoData: Loading 13_24.l2j...
2019.07.29 20:50:12,694	INFO	1	com.l2jserver.gameserver.GeoData	GeoData: Loading 13_25.l2j...
2019.07.29 20:50:12,752	INFO	1	com.l2jserver.gameserver.GeoData	GeoData: Loading 13_26.l2j...
2019.07.29 20:50:12,781	INFO	1	com.l2jserver.gameserver.GeoData	GeoData: Loading 14_21.l2j...
2019.07.29 20:50:12,784	INFO	1	com.l2jserver.gameserver.GeoData	GeoData: Loading 14_22.l2j...
2019.07.29 20:50:12,859	INFO	1	com.l2jserver.gameserver.GeoData	GeoData: Loading 14_23.l2j...
2019.07.29 20:50:13,031	INFO	1	com.l2jserver.gameserver.GeoData	GeoData: Loading 14_24.l2j...
2019.07.29 20:50:13,117	INFO	1	com.l2jserver.gameserver.GeoData	GeoData: Loading 14_25.l2j...
2019.07.29 20:50:13,183	INFO	1	com.l2jserver.gameserver.GeoData	GeoData: Loading 14_26.l2j...
2019.07.29 20:50:13,216	INFO	1	com.l2jserver.gameserver.GeoData	GeoData: Loading 15_10.l2j...
2019.07.29 20:50:13,247	INFO	1	com.l2jserver.gameserver.GeoData	GeoData: Loading 15_11.l2j...
2019.07.29 20:50:13,263	INFO	1	com.l2jserver.gameserver.GeoData	GeoData: Loading 15_12.l2j...
2019.07.29 20:50:13,294	INFO	1	com.l2jserver.gameserver.GeoData	GeoData: Loading 15_18.l2j...
2019.07.29 20:50:13,310	INFO	1	com.l2jserver.gameserver.GeoData	GeoData: Loading 15_19.l2j...
2019.07.29 20:50:13,341	INFO	1	com.l2jserver.gameserver.GeoData	GeoData: Loading 15_20.l2j...
2019.07.29 20:50:13,357	INFO	1	com.l2jserver.gameserver.GeoData	GeoData: Loading 15_21.l2j...
2019.07.29 20:50:13,357	INFO	1	com.l2jserver.gameserver.GeoData	GeoData: Loading 15_22.l2j...
2019.07.29 20:50:13,357	INFO	1	com.l2jserver.gameserver.GeoData	GeoData: Loading 15_23.l2j...
2019.07.29 20:50:13,357	INFO	1	com.l2jserver.gameserver.GeoData	GeoData: Loading 15_24.l2j...
2019.07.29 20:50:13,372	INFO	1	com.l2jserver.gameserver.GeoData	GeoData: Loading 15_25.l2j...
2019.07.29 20:50:13,388	INFO	1	com.l2jserver.gameserver.GeoData	GeoData: Loading 15_26.l2j...
2019.07.29 20:50:13,426	INFO	1	com.l2jserver.gameserver.GeoData	GeoData: Loading 16_10.l2j...
2019.07.29 20:50:13,563	INFO	1	com.l2jserver.gameserver.GeoData	GeoData: Loading 16_11.l2j...
2019.07.29 20:50:13,563	INFO	1	com.l2jserver.gameserver.GeoData	GeoData: Loading 16_12.l2j...
2019.07.29 20:50:13,594	INFO	1	com.l2jserver.gameserver.GeoData	GeoData: Loading 16_13.l2j...
2019.07.29 20:50:13,610	INFO	1	com.l2jserver.gameserver.GeoData	GeoData: Loading 16_14.l2j...
2019.07.29 20:50:13,625	INFO	1	com.l2jserver.gameserver.GeoData	GeoData: Loading 16_15.l2j...
2019.07.29 20:50:13,625	INFO	1	com.l2jserver.gameserver.GeoData	GeoData: Loading 16_16.l2j...
2019.07.29 20:50:13,625	INFO	1	com.l2jserver.gameserver.GeoData	GeoData: Loading 16_17.l2j...
2019.07.29 20:50:13,625	INFO	1	com.l2jserver.gameserver.GeoData	GeoData: Loading 16_18.l2j...
2019.07.29 20:50:13,673	INFO	1	com.l2jserver.gameserver.GeoData	GeoData: Loading 16_19.l2j...
2019.07.29 20:50:13,748	INFO	1	com.l2jserver.gameserver.GeoData	GeoData: Loading 16_20.l2j...
2019.07.29 20:50:13,817	INFO	1	com.l2jserver.gameserver.GeoData	GeoData: Loading 16_21.l2j...
2019.07.29 20:50:13,847	INFO	1	com.l2jserver.gameserver.GeoData	GeoData: Loading 16_22.l2j...
2019.07.29 20:50:13,851	INFO	1	com.l2jserver.gameserver.GeoData	GeoData: Loading 16_23.l2j...
2019.07.29 20:50:13,855	INFO	1	com.l2jserver.gameserver.GeoData	GeoData: Loading 16_24.l2j...
2019.07.29 20:50:13,901	INFO	1	com.l2jserver.gameserver.GeoData	GeoData: Loading 16_25.l2j...
2019.07.29 20:50:13,955	INFO	1	com.l2jserver.gameserver.GeoData	GeoData: Loading 16_26.l2j...
2019.07.29 20:50:13,960	INFO	1	com.l2jserver.gameserver.GeoData	GeoData: Loading 17_10.l2j...
2019.07.29 20:50:13,980	INFO	1	com.l2jserver.gameserver.GeoData	GeoData: Loading 17_11.l2j...
2019.07.29 20:50:14,000	INFO	1	com.l2jserver.gameserver.GeoData	GeoData: Loading 17_12.l2j...
2019.07.29 20:50:14,016	INFO	1	com.l2jserver.gameserver.GeoData	GeoData: Loading 17_13.l2j...
2019.07.29 20:50:14,032	INFO	1	com.l2jserver.gameserver.GeoData	GeoData: Loading 17_14.l2j...
2019.07.29 20:50:14,032	INFO	1	com.l2jserver.gameserver.GeoData	GeoData: Loading 17_15.l2j...
2019.07.29 20:50:14,079	INFO	1	com.l2jserver.gameserver.GeoData	GeoData: Loading 17_16.l2j...
2019.07.29 20:50:14,172	INFO	1	com.l2jserver.gameserver.GeoData	GeoData: Loading 17_17.l2j...
2019.07.29 20:50:14,188	INFO	1	com.l2jserver.gameserver.GeoData	GeoData: Loading 17_18.l2j...
2019.07.29 20:50:14,188	INFO	1	com.l2jserver.gameserver.GeoData	GeoData: Loading 17_19.l2j...
2019.07.29 20:50:14,274	INFO	1	com.l2jserver.gameserver.GeoData	GeoData: Loading 17_20.l2j...
2019.07.29 20:50:14,316	INFO	1	com.l2jserver.gameserver.GeoData	GeoData: Loading 17_21.l2j...
2019.07.29 20:50:14,457	INFO	1	com.l2jserver.gameserver.GeoData	GeoData: Loading 17_22.l2j...
2019.07.29 20:50:14,534	INFO	1	com.l2jserver.gameserver.GeoData	GeoData: Loading 17_23.l2j...
2019.07.29 20:50:14,566	INFO	1	com.l2jserver.gameserver.GeoData	GeoData: Loading 17_24.l2j...
2019.07.29 20:50:14,601	INFO	1	com.l2jserver.gameserver.GeoData	GeoData: Loading 17_25.l2j...
2019.07.29 20:50:14,660	INFO	1	com.l2jserver.gameserver.GeoData	GeoData: Loading 17_26.l2j...
2019.07.29 20:50:14,676	INFO	1	com.l2jserver.gameserver.GeoData	GeoData: Loading 18_10.l2j...
2019.07.29 20:50:14,700	INFO	1	com.l2jserver.gameserver.GeoData	GeoData: Loading 18_11.l2j...
2019.07.29 20:50:14,717	INFO	1	com.l2jserver.gameserver.GeoData	GeoData: Loading 18_12.l2j...
2019.07.29 20:50:14,897	INFO	1	com.l2jserver.gameserver.GeoData	GeoData: Loading 18_13.l2j...
2019.07.29 20:50:14,902	INFO	1	com.l2jserver.gameserver.GeoData	GeoData: Loading 18_14.l2j...
2019.07.29 20:50:14,993	INFO	1	com.l2jserver.gameserver.GeoData	GeoData: Loading 18_15.l2j...
2019.07.29 20:50:15,076	INFO	1	com.l2jserver.gameserver.GeoData	GeoData: Loading 18_16.l2j...
2019.07.29 20:50:15,116	INFO	1	com.l2jserver.gameserver.GeoData	GeoData: Loading 18_17.l2j...
2019.07.29 20:50:15,116	INFO	1	com.l2jserver.gameserver.GeoData	GeoData: Loading 18_18.l2j...
2019.07.29 20:50:15,147	INFO	1	com.l2jserver.gameserver.GeoData	GeoData: Loading 18_19.l2j...
2019.07.29 20:50:15,210	INFO	1	com.l2jserver.gameserver.GeoData	GeoData: Loading 18_20.l2j...
2019.07.29 20:50:15,288	INFO	1	com.l2jserver.gameserver.GeoData	GeoData: Loading 18_21.l2j...
2019.07.29 20:50:15,392	INFO	1	com.l2jserver.gameserver.GeoData	GeoData: Loading 18_22.l2j...
2019.07.29 20:50:15,465	INFO	1	com.l2jserver.gameserver.GeoData	GeoData: Loading 18_23.l2j...
2019.07.29 20:50:15,618	INFO	1	com.l2jserver.gameserver.GeoData	GeoData: Loading 18_24.l2j...
2019.07.29 20:50:15,683	INFO	1	com.l2jserver.gameserver.GeoData	GeoData: Loading 18_25.l2j...
2019.07.29 20:50:15,707	INFO	1	com.l2jserver.gameserver.GeoData	GeoData: Loading 18_26.l2j...
2019.07.29 20:50:15,712	INFO	1	com.l2jserver.gameserver.GeoData	GeoData: Loading 19_10.l2j...
2019.07.29 20:50:15,729	INFO	1	com.l2jserver.gameserver.GeoData	GeoData: Loading 19_11.l2j...
2019.07.29 20:50:15,733	INFO	1	com.l2jserver.gameserver.GeoData	GeoData: Loading 19_12.l2j...
2019.07.29 20:50:15,741	INFO	1	com.l2jserver.gameserver.GeoData	GeoData: Loading 19_13.l2j...
2019.07.29 20:50:15,788	INFO	1	com.l2jserver.gameserver.GeoData	GeoData: Loading 19_14.l2j...
2019.07.29 20:50:15,859	INFO	1	com.l2jserver.gameserver.GeoData	GeoData: Loading 19_15.l2j...
2019.07.29 20:50:15,900	INFO	1	com.l2jserver.gameserver.GeoData	GeoData: Loading 19_16.l2j...
2019.07.29 20:50:15,947	INFO	1	com.l2jserver.gameserver.GeoData	GeoData: Loading 19_17.l2j...
2019.07.29 20:50:15,978	INFO	1	com.l2jserver.gameserver.GeoData	GeoData: Loading 19_18.l2j...
2019.07.29 20:50:16,143	INFO	1	com.l2jserver.gameserver.GeoData	GeoData: Loading 19_19.l2j...
2019.07.29 20:50:16,216	INFO	1	com.l2jserver.gameserver.GeoData	GeoData: Loading 19_20.l2j...
2019.07.29 20:50:16,296	INFO	1	com.l2jserver.gameserver.GeoData	GeoData: Loading 19_21.l2j...
2019.07.29 20:50:16,363	INFO	1	com.l2jserver.gameserver.GeoData	GeoData: Loading 19_22.l2j...
2019.07.29 20:50:16,517	INFO	1	com.l2jserver.gameserver.GeoData	GeoData: Loading 19_23.l2j...
2019.07.29 20:50:16,591	INFO	1	com.l2jserver.gameserver.GeoData	GeoData: Loading 19_24.l2j...
2019.07.29 20:50:16,648	INFO	1	com.l2jserver.gameserver.GeoData	GeoData: Loading 19_25.l2j...
2019.07.29 20:50:16,826	INFO	1	com.l2jserver.gameserver.GeoData	GeoData: Loading 19_26.l2j...
2019.07.29 20:50:16,856	INFO	1	com.l2jserver.gameserver.GeoData	GeoData: Loading 20_10.l2j...
2019.07.29 20:50:16,940	INFO	1	com.l2jserver.gameserver.GeoData	GeoData: Loading 20_11.l2j...
2019.07.29 20:50:16,970	INFO	1	com.l2jserver.gameserver.GeoData	GeoData: Loading 20_12.l2j...
2019.07.29 20:50:16,990	INFO	1	com.l2jserver.gameserver.GeoData	GeoData: Loading 20_13.l2j...
2019.07.29 20:50:17,044	INFO	1	com.l2jserver.gameserver.GeoData	GeoData: Loading 20_14.l2j...
2019.07.29 20:50:17,131	INFO	1	com.l2jserver.gameserver.GeoData	GeoData: Loading 20_15.l2j...
2019.07.29 20:50:17,178	INFO	1	com.l2jserver.gameserver.GeoData	GeoData: Loading 20_16.l2j...
2019.07.29 20:50:17,247	INFO	1	com.l2jserver.gameserver.GeoData	GeoData: Loading 20_17.l2j...
2019.07.29 20:50:17,314	INFO	1	com.l2jserver.gameserver.GeoData	GeoData: Loading 20_18.l2j...
2019.07.29 20:50:17,376	INFO	1	com.l2jserver.gameserver.GeoData	GeoData: Loading 20_19.l2j...
2019.07.29 20:50:17,442	INFO	1	com.l2jserver.gameserver.GeoData	GeoData: Loading 20_20.l2j...
2019.07.29 20:50:17,516	INFO	1	com.l2jserver.gameserver.GeoData	GeoData: Loading 20_21.l2j...
2019.07.29 20:50:17,625	INFO	1	com.l2jserver.gameserver.GeoData	GeoData: Loading 20_22.l2j...
2019.07.29 20:50:17,715	INFO	1	com.l2jserver.gameserver.GeoData	GeoData: Loading 20_23.l2j...
2019.07.29 20:50:17,788	INFO	1	com.l2jserver.gameserver.GeoData	GeoData: Loading 20_24.l2j...
2019.07.29 20:50:17,813	INFO	1	com.l2jserver.gameserver.GeoData	GeoData: Loading 20_25.l2j...
2019.07.29 20:50:17,887	INFO	1	com.l2jserver.gameserver.GeoData	GeoData: Loading 20_26.l2j...
2019.07.29 20:50:17,900	INFO	1	com.l2jserver.gameserver.GeoData	GeoData: Loading 21_10.l2j...
2019.07.29 20:50:17,931	INFO	1	com.l2jserver.gameserver.GeoData	GeoData: Loading 21_11.l2j...
2019.07.29 20:50:17,931	INFO	1	com.l2jserver.gameserver.GeoData	GeoData: Loading 21_12.l2j...
2019.07.29 20:50:17,962	INFO	1	com.l2jserver.gameserver.GeoData	GeoData: Loading 21_13.l2j...
2019.07.29 20:50:17,962	INFO	1	com.l2jserver.gameserver.GeoData	GeoData: Loading 21_14.l2j...
2019.07.29 20:50:18,049	INFO	1	com.l2jserver.gameserver.GeoData	GeoData: Loading 21_15.l2j...
2019.07.29 20:50:18,120	INFO	1	com.l2jserver.gameserver.GeoData	GeoData: Loading 21_16.l2j...
2019.07.29 20:50:18,216	INFO	1	com.l2jserver.gameserver.GeoData	GeoData: Loading 21_17.l2j...
2019.07.29 20:50:18,283	INFO	1	com.l2jserver.gameserver.GeoData	GeoData: Loading 21_18.l2j...
2019.07.29 20:50:18,347	INFO	1	com.l2jserver.gameserver.GeoData	GeoData: Loading 21_19.l2j...
2019.07.29 20:50:18,430	INFO	1	com.l2jserver.gameserver.GeoData	GeoData: Loading 21_20.l2j...
2019.07.29 20:50:18,494	INFO	1	com.l2jserver.gameserver.GeoData	GeoData: Loading 21_21.l2j...
2019.07.29 20:50:20,200	INFO	1	com.l2jserver.gameserver.GeoData	GeoData: Loading 21_22.l2j...
2019.07.29 20:50:20,278	INFO	1	com.l2jserver.gameserver.GeoData	GeoData: Loading 21_23.l2j...
2019.07.29 20:50:20,354	INFO	1	com.l2jserver.gameserver.GeoData	GeoData: Loading 21_24.l2j...
2019.07.29 20:50:20,423	INFO	1	com.l2jserver.gameserver.GeoData	GeoData: Loading 21_25.l2j...
2019.07.29 20:50:20,429	INFO	1	com.l2jserver.gameserver.GeoData	GeoData: Loading 22_10.l2j...
2019.07.29 20:50:20,449	INFO	1	com.l2jserver.gameserver.GeoData	GeoData: Loading 22_11.l2j...
2019.07.29 20:50:20,520	INFO	1	com.l2jserver.gameserver.GeoData	GeoData: Loading 22_12.l2j...
2019.07.29 20:50:20,523	INFO	1	com.l2jserver.gameserver.GeoData	GeoData: Loading 22_13.l2j...
2019.07.29 20:50:20,617	INFO	1	com.l2jserver.gameserver.GeoData	GeoData: Loading 22_14.l2j...
2019.07.29 20:50:20,740	INFO	1	com.l2jserver.gameserver.GeoData	GeoData: Loading 22_15.l2j...
2019.07.29 20:50:20,815	INFO	1	com.l2jserver.gameserver.GeoData	GeoData: Loading 22_16.l2j...
2019.07.29 20:50:20,893	INFO	1	com.l2jserver.gameserver.GeoData	GeoData: Loading 22_17.l2j...
2019.07.29 20:50:20,956	INFO	1	com.l2jserver.gameserver.GeoData	GeoData: Loading 22_18.l2j...
2019.07.29 20:50:21,034	INFO	1	com.l2jserver.gameserver.GeoData	GeoData: Loading 22_19.l2j...
2019.07.29 20:50:21,100	INFO	1	com.l2jserver.gameserver.GeoData	GeoData: Loading 22_20.l2j...
2019.07.29 20:50:21,174	INFO	1	com.l2jserver.gameserver.GeoData	GeoData: Loading 22_21.l2j...
2019.07.29 20:50:21,231	INFO	1	com.l2jserver.gameserver.GeoData	GeoData: Loading 22_22.l2j...
2019.07.29 20:50:21,311	INFO	1	com.l2jserver.gameserver.GeoData	GeoData: Loading 22_23.l2j...
2019.07.29 20:50:21,382	INFO	1	com.l2jserver.gameserver.GeoData	GeoData: Loading 22_24.l2j...
2019.07.29 20:50:21,448	INFO	1	com.l2jserver.gameserver.GeoData	GeoData: Loading 22_25.l2j...
2019.07.29 20:50:21,509	INFO	1	com.l2jserver.gameserver.GeoData	GeoData: Loading 22_26.l2j...
2019.07.29 20:50:21,530	INFO	1	com.l2jserver.gameserver.GeoData	GeoData: Loading 23_10.l2j...
2019.07.29 20:50:21,552	INFO	1	com.l2jserver.gameserver.GeoData	GeoData: Loading 23_11.l2j...
2019.07.29 20:50:21,600	INFO	1	com.l2jserver.gameserver.GeoData	GeoData: Loading 23_12.l2j...
2019.07.29 20:50:21,663	INFO	1	com.l2jserver.gameserver.GeoData	GeoData: Loading 23_13.l2j...
2019.07.29 20:50:21,756	INFO	1	com.l2jserver.gameserver.GeoData	GeoData: Loading 23_14.l2j...
2019.07.29 20:50:21,857	INFO	1	com.l2jserver.gameserver.GeoData	GeoData: Loading 23_15.l2j...
2019.07.29 20:50:21,947	INFO	1	com.l2jserver.gameserver.GeoData	GeoData: Loading 23_16.l2j...
2019.07.29 20:50:22,010	INFO	1	com.l2jserver.gameserver.GeoData	GeoData: Loading 23_17.l2j...
2019.07.29 20:50:22,088	INFO	1	com.l2jserver.gameserver.GeoData	GeoData: Loading 23_18.l2j...
2019.07.29 20:50:22,216	INFO	1	com.l2jserver.gameserver.GeoData	GeoData: Loading 23_19.l2j...
2019.07.29 20:50:22,291	INFO	1	com.l2jserver.gameserver.GeoData	GeoData: Loading 23_20.l2j...
2019.07.29 20:50:22,363	INFO	1	com.l2jserver.gameserver.GeoData	GeoData: Loading 23_21.l2j...
2019.07.29 20:50:22,425	INFO	1	com.l2jserver.gameserver.GeoData	GeoData: Loading 23_22.l2j...
2019.07.29 20:50:22,488	INFO	1	com.l2jserver.gameserver.GeoData	GeoData: Loading 23_23.l2j...
2019.07.29 20:50:22,573	INFO	1	com.l2jserver.gameserver.GeoData	GeoData: Loading 23_24.l2j...
2019.07.29 20:50:22,645	INFO	1	com.l2jserver.gameserver.GeoData	GeoData: Loading 23_25.l2j...
2019.07.29 20:50:22,693	INFO	1	com.l2jserver.gameserver.GeoData	GeoData: Loading 23_26.l2j...
2019.07.29 20:50:22,697	INFO	1	com.l2jserver.gameserver.GeoData	GeoData: Loading 24_10.l2j...
2019.07.29 20:50:22,700	INFO	1	com.l2jserver.gameserver.GeoData	GeoData: Loading 24_11.l2j...
2019.07.29 20:50:22,757	INFO	1	com.l2jserver.gameserver.GeoData	GeoData: Loading 24_12.l2j...
2019.07.29 20:50:22,860	INFO	1	com.l2jserver.gameserver.GeoData	GeoData: Loading 24_13.l2j...
2019.07.29 20:50:22,900	INFO	1	com.l2jserver.gameserver.GeoData	GeoData: Loading 24_14.l2j...
2019.07.29 20:50:22,978	INFO	1	com.l2jserver.gameserver.GeoData	GeoData: Loading 24_15.l2j...
2019.07.29 20:50:23,056	INFO	1	com.l2jserver.gameserver.GeoData	GeoData: Loading 24_16.l2j...
2019.07.29 20:50:23,135	INFO	1	com.l2jserver.gameserver.GeoData	GeoData: Loading 24_17.l2j...
2019.07.29 20:50:23,204	INFO	1	com.l2jserver.gameserver.GeoData	GeoData: Loading 24_18.l2j...
2019.07.29 20:50:23,274	INFO	1	com.l2jserver.gameserver.GeoData	GeoData: Loading 24_19.l2j...
2019.07.29 20:50:23,331	INFO	1	com.l2jserver.gameserver.GeoData	GeoData: Loading 24_20.l2j...
2019.07.29 20:50:23,427	INFO	1	com.l2jserver.gameserver.GeoData	GeoData: Loading 24_21.l2j...
2019.07.29 20:50:23,474	INFO	1	com.l2jserver.gameserver.GeoData	GeoData: Loading 24_22.l2j...
2019.07.29 20:50:23,577	INFO	1	com.l2jserver.gameserver.GeoData	GeoData: Loading 24_23.l2j...
2019.07.29 20:50:23,934	INFO	1	com.l2jserver.gameserver.GeoData	GeoData: Loading 24_24.l2j...
2019.07.29 20:50:23,951	INFO	1	com.l2jserver.gameserver.GeoData	GeoData: Loading 24_25.l2j...
2019.07.29 20:50:23,959	INFO	1	com.l2jserver.gameserver.GeoData	GeoData: Loading 24_26.l2j...
2019.07.29 20:50:23,962	INFO	1	com.l2jserver.gameserver.GeoData	GeoData: Loading 25_10.l2j...
2019.07.29 20:50:23,975	INFO	1	com.l2jserver.gameserver.GeoData	GeoData: Loading 25_11.l2j...
2019.07.29 20:50:24,116	INFO	1	com.l2jserver.gameserver.GeoData	GeoData: Loading 25_12.l2j...
2019.07.29 20:50:24,216	INFO	1	com.l2jserver.gameserver.GeoData	GeoData: Loading 25_14.l2j...
2019.07.29 20:50:24,538	INFO	1	com.l2jserver.gameserver.GeoData	GeoData: Loading 25_15.l2j...
2019.07.29 20:50:24,624	INFO	1	com.l2jserver.gameserver.GeoData	GeoData: Loading 25_16.l2j...
2019.07.29 20:50:24,698	INFO	1	com.l2jserver.gameserver.GeoData	GeoData: Loading 25_17.l2j...
2019.07.29 20:50:24,780	INFO	1	com.l2jserver.gameserver.GeoData	GeoData: Loading 25_18.l2j...
2019.07.29 20:50:24,847	INFO	1	com.l2jserver.gameserver.GeoData	GeoData: Loading 25_19.l2j...
2019.07.29 20:50:24,972	INFO	1	com.l2jserver.gameserver.GeoData	GeoData: Loading 25_20.l2j...
2019.07.29 20:50:25,019	INFO	1	com.l2jserver.gameserver.GeoData	GeoData: Loading 25_21.l2j...
2019.07.29 20:50:25,051	INFO	1	com.l2jserver.gameserver.GeoData	GeoData: Loading 25_22.l2j...
2019.07.29 20:50:25,077	INFO	1	com.l2jserver.gameserver.GeoData	GeoData: Loading 25_23.l2j...
2019.07.29 20:50:25,084	INFO	1	com.l2jserver.gameserver.GeoData	GeoData: Loading 25_24.l2j...
2019.07.29 20:50:25,090	INFO	1	com.l2jserver.gameserver.GeoData	GeoData: Loading 26_11.l2j...
2019.07.29 20:50:25,151	INFO	1	com.l2jserver.gameserver.GeoData	GeoData: Loading 26_12.l2j...
2019.07.29 20:50:25,191	INFO	1	com.l2jserver.gameserver.GeoData	GeoData: Loading 26_14.l2j...
2019.07.29 20:50:25,256	INFO	1	com.l2jserver.gameserver.GeoData	GeoData: Loading 26_15.l2j...
2019.07.29 20:50:25,260	INFO	1	com.l2jserver.gameserver.GeoData	GeoData: Loading 26_16.l2j...
2019.07.29 20:50:25,267	INFO	1	com.l2jserver.gameserver.GeoData	GeoData: Loaded 203 regions.
2019.07.29 20:50:25,267	INFO	1	com.l2jserver.gameserver.GameServer	----------------------------------------------------=[ NPCs ]
2019.07.29 20:50:25,300	INFO	1	com.l2jserver.util.data.xml.IXmlReader	SkillLearnData: Loaded 256 Skill Learn data.
2019.07.29 20:50:25,332	INFO	1	com.l2jserver.util.data.xml.IXmlReader	MinionData: Loaded 128 minions data.
2019.07.29 20:50:28,257	INFO	1	com.l2jserver.util.data.xml.IXmlReader	NpcData: Loaded 10461 NPCs.
2019.07.29 20:50:28,600	INFO	1	com.l2jserver.util.data.xml.IXmlReader	WalkingManager: Loaded 123 walking routes.
2019.07.29 20:50:28,662	INFO	1	com.l2jserver.util.data.xml.IXmlReader	StaticObjectData: Loaded 51 static object templates.
2019.07.29 20:50:28,900	INFO	1	com.l2jserver.gameserver.instancemanager.GrandBossManager	GrandBossManager: Queen Ant(29001) status is 0.
2019.07.29 20:50:28,900	INFO	1	com.l2jserver.gameserver.instancemanager.GrandBossManager	GrandBossManager: Core(29006) status is 0.
2019.07.29 20:50:28,900	INFO	1	com.l2jserver.gameserver.instancemanager.GrandBossManager	GrandBossManager: Orfen(29014) status is 0.
2019.07.29 20:50:28,900	INFO	1	com.l2jserver.gameserver.instancemanager.GrandBossManager	GrandBossManager: Baium(29020) status is 0.
2019.07.29 20:50:28,916	INFO	1	com.l2jserver.gameserver.instancemanager.GrandBossManager	GrandBossManager: Valakas(29028) status is 0.
2019.07.29 20:50:28,916	INFO	1	com.l2jserver.gameserver.instancemanager.GrandBossManager	GrandBossManager: Antharas(29068) status is 0.
2019.07.29 20:50:28,916	INFO	1	com.l2jserver.gameserver.instancemanager.GrandBossManager	GrandBossManager: Beleth(29118) status is 0.
2019.07.29 20:50:28,916	INFO	1	com.l2jserver.gameserver.instancemanager.GrandBossManager	GrandBossManager: Loaded 7 Instances
2019.07.29 20:50:29,420	INFO	1	com.l2jserver.util.data.xml.IXmlReader	DoorData: Loaded 1301 Door templates for 22 regions.
2019.07.29 20:50:30,289	INFO	1	com.l2jserver.util.data.xml.IXmlReader	ZoneManager: Loaded 28 zone classes and 2793 zones.
2019.07.29 20:50:30,290	INFO	1	com.l2jserver.util.data.xml.IXmlReader	ZoneManager: Loaded 0 NPC spawn territoriers.
2019.07.29 20:50:30,322	INFO	1	com.l2jserver.gameserver.instancemanager.CastleManager	CastleManager: Loaded: 9 castles
2019.07.29 20:50:30,328	INFO	1	com.l2jserver.gameserver.data.sql.impl.NpcBufferTable	NpcBufferTable: Loaded 1 buffers and 10 skills.
2019.07.29 20:50:30,332	INFO	1	com.l2jserver.gameserver.instancemanager.GrandBossManager	GrandBossManager: Initialized 12 Grand Boss Zones
2019.07.29 20:50:30,335	INFO	1	com.l2jserver.gameserver.GameServer	-----------------------------------------=[ Auction Manager ]
2019.07.29 20:50:30,387	INFO	1	com.l2jserver.gameserver.model.itemauction.ItemAuctionInstance	Loaded 82 item(s) and registered 1 auction(s) for NPC ID 32320.
2019.07.29 20:50:30,388	INFO	1	com.l2jserver.gameserver.model.itemauction.ItemAuctionInstance	Schedule next auction ID 1 on 17:00:00 02.08.19 for NPC ID 32320.
2019.07.29 20:50:30,393	INFO	1	com.l2jserver.gameserver.model.itemauction.ItemAuctionInstance	Loaded 82 item(s) and registered 2 auction(s) for NPC ID 32321.
2019.07.29 20:50:30,396	INFO	1	com.l2jserver.gameserver.model.itemauction.ItemAuctionInstance	Schedule current auction ID 2 for NPC ID 32321.
2019.07.29 20:50:30,400	INFO	1	com.l2jserver.gameserver.model.itemauction.ItemAuctionInstance	Loaded 82 item(s) and registered 1 auction(s) for NPC ID 32322.
2019.07.29 20:50:30,400	INFO	1	com.l2jserver.gameserver.model.itemauction.ItemAuctionInstance	Schedule next auction ID 3 on 17:00:00 31.07.19 for NPC ID 32322.
2019.07.29 20:50:30,400	INFO	1	com.l2jserver.gameserver.instancemanager.ItemAuctionManager	Loaded 3 auction manager instance(s).
2019.07.29 20:50:30,400	INFO	1	com.l2jserver.gameserver.GameServer	------------------------------------------------=[ Olympiad ]
2019.07.29 20:50:30,416	INFO	1	com.l2jserver.gameserver.model.olympiad.Olympiad	Olympiad System: Loading Olympiad System....
2019.07.29 20:50:30,416	INFO	1	com.l2jserver.gameserver.model.olympiad.Olympiad	Olympiad System: Currently in Olympiad Period
2019.07.29 20:50:30,416	INFO	1	com.l2jserver.gameserver.model.olympiad.Olympiad	Olympiad System: 3789 minutes until period ends
2019.07.29 20:50:30,416	INFO	1	com.l2jserver.gameserver.model.olympiad.Olympiad	Olympiad System: Next weekly change is in 8548 minutes
2019.07.29 20:50:30,416	INFO	1	com.l2jserver.gameserver.model.olympiad.Olympiad	Olympiad System: Loaded 0 Nobles
2019.07.29 20:50:30,416	INFO	1	com.l2jserver.gameserver.model.olympiad.Olympiad	Olympiad System: Competition Period Starts in 0 days, 0 hours and 0 mins.
2019.07.29 20:50:30,431	INFO	1	com.l2jserver.gameserver.model.olympiad.Olympiad	Olympiad System: Event starts/started : Mon Jul 29 18:00:30 COT 2019
2019.07.29 20:50:30,431	INFO	1	com.l2jserver.gameserver.model.entity.Hero	Hero System: Loaded 0 Heroes.
2019.07.29 20:50:30,431	INFO	1	com.l2jserver.gameserver.model.entity.Hero	Hero System: Loaded 0 all time Heroes.
2019.07.29 20:50:30,431	INFO	1	com.l2jserver.gameserver.GameServer	---------------------------------------------=[ Seven Signs ]
2019.07.29 20:50:30,447	INFO	1	com.l2jserver.gameserver.SevenSigns	SevenSigns: Currently in the Quest Event Results period.
2019.07.29 20:50:30,447	INFO	1	com.l2jserver.gameserver.SevenSigns	SevenSigns: The Seal of Avarice remains unclaimed.
2019.07.29 20:50:30,447	INFO	1	com.l2jserver.gameserver.SevenSigns	SevenSigns: The Seal of Gnosis remains unclaimed.
2019.07.29 20:50:30,447	INFO	1	com.l2jserver.gameserver.SevenSigns	SevenSigns: The Seal of Strife remains unclaimed.
2019.07.29 20:50:30,447	INFO	1	com.l2jserver.gameserver.SevenSigns	SevenSigns: The competition, if the current trend continues, will end in a tie this week.
2019.07.29 20:50:30,447	INFO	1	com.l2jserver.gameserver.SevenSigns	SevenSigns: Next period change was in the past (server was offline), changing periods now!
2019.07.29 20:50:30,447	INFO	1	com.l2jserver.gameserver.SevenSigns	SevenSigns: Next period begins in 0 days, 0 hours and 0 mins.
2019.07.29 20:50:30,447	INFO	26	com.l2jserver.gameserver.SevenSigns	SevenSigns: The Seal of Avarice remains unclaimed.
2019.07.29 20:50:30,447	INFO	1	com.l2jserver.gameserver.GameServer	---------------------------------------------------=[ Cache ]
2019.07.29 20:50:30,447	INFO	26	com.l2jserver.gameserver.SevenSigns	SevenSigns: The Seal of Gnosis remains unclaimed.
2019.07.29 20:50:30,447	INFO	26	com.l2jserver.gameserver.SevenSigns	SevenSigns: The Seal of Strife remains unclaimed.
2019.07.29 20:50:30,447	INFO	1	com.l2jserver.gameserver.cache.HtmCache	Cache[HTML]: Running lazy cache
2019.07.29 20:50:30,462	INFO	1	com.l2jserver.gameserver.data.sql.impl.CrestTable	CrestTable: Loaded 0 Crests.
2019.07.29 20:50:30,478	INFO	1	com.l2jserver.gameserver.data.sql.impl.TeleportLocationTable	TeleportLocationTable: Loaded 957 Teleport Location Templates.
2019.07.29 20:50:30,494	INFO	1	com.l2jserver.util.data.xml.IXmlReader	UIData: Loaded 4 keys 5 categories.
2019.07.29 20:50:30,543	INFO	24	com.l2jserver.gameserver.model.olympiad.Olympiad	Olympiad System: Olympiad Game Started
2019.07.29 20:50:30,543	INFO	26	com.l2jserver.gameserver.SevenSigns	SevenSigns: The No Cabal have won the competition with 0 points!
2019.07.29 20:50:30,550	INFO	24	com.l2jserver.gameserver.model.olympiad.OlympiadGameManager	Olympiad System: Loaded 160 stadiums.
2019.07.29 20:50:30,559	INFO	26	com.l2jserver.gameserver.SevenSignsFestival	SevenSignsFestival: Initialization bypassed due to Seal Validation in effect.
2019.07.29 20:50:30,771	INFO	1	com.l2jserver.gameserver.datatables.AugmentationData	AugmentationData: Loaded: 33960 augmentations.
2019.07.29 20:50:30,771	INFO	1	com.l2jserver.gameserver.datatables.AugmentationData	AugmentationData: Loaded: 2754 accessory augmentations.
2019.07.29 20:50:30,790	INFO	26	com.l2jserver.gameserver.SevenSigns	SevenSigns: The Seal Validation period has begun!
2019.07.29 20:50:30,791	INFO	26	com.l2jserver.gameserver.SevenSigns	SevenSigns: Next period change set to Mon Aug 05 18:00:30 COT 2019.
2019.07.29 20:50:30,801	INFO	1	com.l2jserver.gameserver.instancemanager.CursedWeaponsManager	CursedWeaponsManager: Loaded : 2 cursed weapon(s).
2019.07.29 20:50:32,018	INFO	1	com.l2jserver.util.data.xml.IXmlReader	TransformData: Loaded: 111 transform templates.
2019.07.29 20:50:32,049	INFO	1	com.l2jserver.gameserver.datatables.BotReportTable	BotReportTable: Loaded 0 bot reports
2019.07.29 20:50:32,050	INFO	1	com.l2jserver.gameserver.GameServer	-------------------------------------------------=[ Scripts ]
2019.07.29 20:50:32,065	INFO	1	com.l2jserver.gameserver.instancemanager.AirShipManager	AirShipManager: Loaded 0 private airships
2019.07.29 20:50:32,067	INFO	1	com.l2jserver.gameserver.GameServer	GameServer: Loading server scripts:
2019.07.29 20:50:34,386	INFO	1	handlers.MasterHandler	Loading Handlers...
2019.07.29 20:50:34,447	INFO	1	handlers.MasterHandler	ActionHandler: Loaded 10 Handlers
2019.07.29 20:50:34,463	INFO	1	handlers.MasterHandler	ActionShiftHandler: Loaded 6 Handlers
2019.07.29 20:50:34,463	INFO	1	handlers.MasterHandler	AdminCommandHandler: Loaded 447 Handlers
2019.07.29 20:50:34,463	INFO	1	handlers.MasterHandler	BypassHandler: Loaded 48 Handlers
2019.07.29 20:50:34,463	INFO	1	handlers.MasterHandler	ChatHandler: Loaded 14 Handlers
2019.07.29 20:50:34,463	INFO	1	handlers.MasterHandler	CommunityBoardHandler: Loaded 15 Handlers
2019.07.29 20:50:34,463	INFO	1	handlers.MasterHandler	ItemHandler: Loaded 31 Handlers
2019.07.29 20:50:34,463	INFO	1	handlers.MasterHandler	PunishmentHandler: Loaded 3 Handlers
2019.07.29 20:50:34,463	INFO	1	handlers.MasterHandler	UserCommandHandler: Loaded 17 Handlers
2019.07.29 20:50:34,463	INFO	1	handlers.MasterHandler	VoicedCommandHandler: Loaded 1 Handlers
2019.07.29 20:50:34,463	INFO	1	handlers.MasterHandler	TargetHandler: Loaded 35 Handlers
2019.07.29 20:50:34,463	INFO	1	handlers.MasterHandler	TelnetHandler: Loaded 20 Handlers
2019.07.29 20:50:34,463	INFO	1	handlers.MasterHandler	Handlers Loaded...
2019.07.29 20:50:45,272	INFO	1	com.l2jserver.util.data.xml.IXmlReader	NpcBuffersData: Loaded: 33 buffers data.
2019.07.29 20:50:53,184	INFO	1	com.l2jserver.gameserver.model.events.AbstractScript	Handy's Block Checker Event is enabled
2019.07.29 20:51:08,510	INFO	1	instances.InstanceLoader	InstanceLoader: Loading Instances scripts.
2019.07.29 20:51:09,000	INFO	1	gracia.GraciaLoader	GraciaLoader: Loading Gracia related scripts.
2019.07.29 20:51:09,561	INFO	1	hellbound.HellboundLoader	HellboundLoader: Loading Hellbound related scripts:
2019.07.29 20:51:09,593	INFO	1	com.l2jserver.util.data.xml.IXmlReader	HellboundPointData: Loaded 47 trust point reward data.
2019.07.29 20:51:09,644	INFO	1	com.l2jserver.util.data.xml.IXmlReader	HellboundSpawns: Loaded 598 Hellbound spawns.
2019.07.29 20:51:09,648	INFO	1	com.l2jserver.gameserver.model.events.AbstractScript	HellboundEngine: Level: 0
2019.07.29 20:51:09,648	INFO	1	com.l2jserver.gameserver.model.events.AbstractScript	HellboundEngine: Trust: 0
2019.07.29 20:51:09,648	INFO	1	com.l2jserver.gameserver.model.events.AbstractScript	HellboundEngine: Status: locked.
2019.07.29 20:51:09,731	INFO	1	com.l2jserver.gameserver.instancemanager.RaidBossSpawnManager	RaidBossSpawnManager: Loaded 188 Instances
2019.07.29 20:51:09,731	INFO	1	com.l2jserver.gameserver.instancemanager.RaidBossSpawnManager	RaidBossSpawnManager: Scheduled 0 Instances
2019.07.29 20:51:15,016	INFO	1	com.l2jserver.gameserver.model.events.AbstractScript	[EnhanceYourWeapon] Loaded 54 Soul Crystal data.
2019.07.29 20:51:15,016	INFO	1	com.l2jserver.gameserver.model.events.AbstractScript	[EnhanceYourWeapon] Loaded 240 npc Leveling info data.
2019.07.29 20:51:15,325	INFO	1	com.l2jserver.gameserver.model.events.AbstractScript	TerritoryWarSuperClass: Siege date: Sun Aug 04 22:00:00 COT 2019
2019.07.29 20:51:17,544	INFO	1	com.l2jserver.gameserver.model.entity.clanhall.ClanHallSiegeEngine	Bandit StrongHold siege scheduled for Sun Aug 11 12:00:00 COT 2019.
2019.07.29 20:51:17,694	INFO	1	com.l2jserver.gameserver.model.entity.clanhall.ClanHallSiegeEngine	Beast Farm siege scheduled for Sun Aug 11 12:00:00 COT 2019.
2019.07.29 20:51:17,831	INFO	1	com.l2jserver.gameserver.model.entity.clanhall.ClanHallSiegeEngine	Devastated Castle siege scheduled for Sun Aug 11 12:00:00 COT 2019.
2019.07.29 20:51:17,947	INFO	1	com.l2jserver.gameserver.model.entity.clanhall.ClanHallSiegeEngine	Fortress of Resistance siege scheduled for Sun Aug 11 12:00:00 COT 2019.
2019.07.29 20:51:18,098	INFO	1	com.l2jserver.gameserver.model.entity.clanhall.ClanHallSiegeEngine	Fortresss of the Dead siege scheduled for Sun Aug 11 12:00:00 COT 2019.
2019.07.29 20:51:18,294	INFO	1	com.l2jserver.gameserver.model.entity.clanhall.ClanHallSiegeEngine	Rainbow Springs siege scheduled for Sun Aug 11 12:00:00 COT 2019.
2019.07.29 20:51:19,376	INFO	1	com.l2jserver.util.data.xml.IXmlReader	SpawnTable: Loaded 3768 npc spawns.
2019.07.29 20:51:19,416	INFO	1	com.l2jserver.util.data.xml.IXmlReader	SpawnTable: Loaded 1190 npc spawns from XML.
2019.07.29 20:51:19,416	INFO	1	com.l2jserver.gameserver.instancemanager.DayNightSpawnManager	DayNightSpawnManager: Removed 0 day creatures
2019.07.29 20:51:19,432	INFO	1	com.l2jserver.gameserver.instancemanager.DayNightSpawnManager	DayNightSpawnManager: Spawned 553 night creatures
2019.07.29 20:51:19,432	INFO	1	com.l2jserver.gameserver.instancemanager.DayNightSpawnManager	DayNightSpawnManager: Spawning Hellman raidboss
2019.07.29 20:51:19,432	INFO	1	com.l2jserver.gameserver.instancemanager.FourSepulchersManager	FourSepulchersManager: loaded 20 Mysterious-Box spawns.
2019.07.29 20:51:19,463	INFO	1	com.l2jserver.gameserver.instancemanager.FourSepulchersManager	FourSepulchersManager: loaded 716 Physical type monsters spawns.
2019.07.29 20:51:19,494	INFO	1	com.l2jserver.gameserver.instancemanager.FourSepulchersManager	FourSepulchersManager: loaded 716 Magical type monsters spawns.
2019.07.29 20:51:19,510	INFO	1	com.l2jserver.gameserver.instancemanager.FourSepulchersManager	FourSepulchersManager: loaded 92 Church of duke monsters spawns.
2019.07.29 20:51:19,510	INFO	1	com.l2jserver.gameserver.instancemanager.FourSepulchersManager	FourSepulchersManager: loaded 68 Emperor's grave NPC spawns.
2019.07.29 20:51:19,510	INFO	1	com.l2jserver.gameserver.instancemanager.FourSepulchersManager	FourSepulchersManager: spawned Conquerors' Sepulcher Manager
2019.07.29 20:51:19,510	INFO	1	com.l2jserver.gameserver.instancemanager.FourSepulchersManager	FourSepulchersManager: spawned Emperors' Sepulcher Manager
2019.07.29 20:51:19,510	INFO	1	com.l2jserver.gameserver.instancemanager.FourSepulchersManager	FourSepulchersManager: spawned Great Sages' Sepulcher Manager
2019.07.29 20:51:19,510	INFO	1	com.l2jserver.gameserver.instancemanager.FourSepulchersManager	FourSepulchersManager: spawned Judges' Sepulcher Manager
2019.07.29 20:51:19,510	INFO	1	com.l2jserver.gameserver.instancemanager.FourSepulchersManager	FourSepulchersManager: Beginning in Cooldown time
2019.07.29 20:51:19,510	INFO	1	com.l2jserver.gameserver.instancemanager.DimensionalRiftManager	DimensionalRiftManager: Loaded 7 room types with 56 rooms.
2019.07.29 20:51:19,525	INFO	1	com.l2jserver.gameserver.instancemanager.DimensionalRiftManager	DimensionalRiftManager: Loaded 462 dimensional rift spawns, 0 errors.
2019.07.29 20:51:19,525	INFO	1	com.l2jserver.gameserver.GameServer	---------------------------------------------------=[ Siege ]
2019.07.29 20:51:19,525	INFO	1	com.l2jserver.gameserver.model.entity.Siege	Siege of Gludio: Sun Aug 11 16:00:00 COT 2019
2019.07.29 20:51:19,541	INFO	1	com.l2jserver.gameserver.model.entity.Siege	Siege of Dion: Sun Aug 11 16:00:00 COT 2019
2019.07.29 20:51:19,541	INFO	1	com.l2jserver.gameserver.model.entity.Siege	Siege of Giran: Sun Aug 11 16:00:00 COT 2019
2019.07.29 20:51:19,541	INFO	1	com.l2jserver.gameserver.model.entity.Siege	Siege of Oren: Sun Aug 11 16:00:00 COT 2019
2019.07.29 20:51:19,541	INFO	1	com.l2jserver.gameserver.model.entity.Siege	Siege of Aden: Sun Aug 11 16:00:00 COT 2019
2019.07.29 20:51:19,541	INFO	1	com.l2jserver.gameserver.model.entity.Siege	Siege of Innadril: Sun Aug 11 20:00:00 COT 2019
2019.07.29 20:51:19,541	INFO	1	com.l2jserver.gameserver.model.entity.Siege	Siege of Goddard: Sun Aug 11 20:00:00 COT 2019
2019.07.29 20:51:19,541	INFO	1	com.l2jserver.gameserver.model.entity.Siege	Siege of Rune: Sun Aug 11 20:00:00 COT 2019
2019.07.29 20:51:19,541	INFO	1	com.l2jserver.gameserver.model.entity.Siege	Siege of Schuttgart: Sun Aug 11 20:00:00 COT 2019
2019.07.29 20:51:19,661	INFO	1	com.l2jserver.gameserver.instancemanager.FortManager	FortManager: Loaded: 21 fortress
2019.07.29 20:51:20,246	INFO	1	com.l2jserver.util.data.xml.IXmlReader	SiegeScheduleData: Loaded: 2 siege schedulers.
2019.07.29 20:51:20,262	INFO	1	com.l2jserver.util.data.xml.IXmlReader	CastleManorManager: Loaded 258 seeds.
2019.07.29 20:51:20,276	INFO	1	com.l2jserver.util.data.xml.IXmlReader	CastleManorManager: Manor data loaded.
2019.07.29 20:51:20,281	INFO	1	com.l2jserver.gameserver.instancemanager.MercTicketManager	MercTicketManager: Loaded: 0 Mercenary Tickets
2019.07.29 20:51:20,281	INFO	1	com.l2jserver.gameserver.instancemanager.QuestManager	QuestManager: Loaded: 520 quests.
2019.07.29 20:51:20,282	INFO	1	com.l2jserver.gameserver.instancemanager.QuestManager	QuestManager: Loaded: 268 scripts.
2019.07.29 20:51:20,295	INFO	1	com.l2jserver.gameserver.script.faenor.FaenorEventParser	Event ID: (Valentines Event) has passed... Ignored.
2019.07.29 20:51:20,295	INFO	1	com.l2jserver.gameserver.script.faenor.FaenorScriptEngine	FaenorScriptEngine: Loaded  Valentines.xml successfully.
2019.07.29 20:51:20,297	INFO	1	com.l2jserver.gameserver.GameServer	AutoSpawnHandler: Loaded 129 handlers in total.
2019.07.29 20:51:20,316	INFO	1	com.l2jserver.gameserver.taskmanager.TaskManager	TaskManager: Loaded: 13 Tasks
2019.07.29 20:51:20,316	INFO	1	com.l2jserver.gameserver.instancemanager.MailManager	MailManager: Successfully loaded 0 messages.
2019.07.29 20:51:20,316	INFO	1	com.l2jserver.gameserver.instancemanager.PunishmentManager	PunishmentManager: Loaded 0 active and 0 expired punishments.
2019.07.29 20:51:20,316	INFO	1	com.l2jserver.gameserver.GameServer	IdFactory: Free ObjectID's remaining: 1879002048
2019.07.29 20:51:20,331	INFO	1	com.l2jserver.gameserver.model.entity.TvTManager	TvTEventEngine[TvTManager.TvTManager()]: Engine is disabled.
2019.07.29 20:51:23,111	INFO	1	com.l2jserver.gameserver.GameServer	GameServer: Started, free memory 1910 Mb of 3641 Mb
2019.07.29 20:51:23,183	INFO	257	com.l2jserver.gameserver.LoginServerThread	Connecting to login on 127.0.0.1:9014
2019.07.29 20:51:23,487	INFO	1	com.l2jserver.gameserver.GameServer	GameServer: is now listening on: *:7777
2019.07.29 20:51:23,487	INFO	1	com.l2jserver.gameserver.GameServer	GameServer: Maximum numbers of connected players: 500
2019.07.29 20:51:23,488	INFO	1	com.l2jserver.gameserver.GameServer	GameServer: Server loaded in 97 seconds.
2019.07.29 20:51:23,490	INFO	1	com.l2jserver.gameserver.GameServer	----------------------------------------------------=[ UPnP ]
2019.07.29 20:51:23,494	INFO	1	com.l2jserver.UPnPService	Looking for UPnP Gateway Devices...
2019.07.29 20:51:23,747	INFO	257	com.l2jserver.gameserver.LoginServerThread	Registered on login as Server 1: Bartz
2019.07.29 20:51:33,205	INFO	1	com.l2jserver.UPnPService	No UPnP gateways found.
2019.07.29 20:59:40,613	INFO	28	com.l2jserver.gameserver.instancemanager.GlobalVariablesManager	GlobalVariablesManager: Stored 6 variables.
2019.07.29 21:00:00,032	INFO	19	com.l2jserver.gameserver.instancemanager.DayNightSpawnManager	DayNightSpawnManager: Removed 553 night creatures
2019.07.29 21:06:20,325	INFO	22	com.l2jserver.gameserver.taskmanager.tasks.TaskOlympiadSave	Olympiad System: Data updated.
2019.07.29 21:21:20,331	WARNING	15	com.zaxxer.hikari.pool.PoolBase	HikariPool-1 - Failed to validate connection com.mysql.cj.jdbc.ConnectionImpl@174549a1 (No operations allowed after connection closed.)
