2017.11.19 14:26:01,288	INFO	1	com.l2jserver.gameserver.GameServer	------------------------------------------------=[ Database ]
2017.11.19 14:26:01,359	INFO	1	com.l2jserver.gameserver.dao.factory.impl.DAOFactory	Using MySQL DAO Factory.
2017.11.19 14:26:01,367	INFO	1	com.l2jserver.commons.database.pool.impl.ConnectionFactory	Using HikariCP connection pool.
2017.11.19 14:26:01,367	INFO	1	com.l2jserver.gameserver.GameServer	GameServer: Used memory: 15MB.
2017.11.19 14:26:01,372	INFO	1	com.zaxxer.hikari.HikariDataSource	HikariPool-1 - Starting...
2017.11.19 14:26:01,648	INFO	1	com.zaxxer.hikari.HikariDataSource	HikariPool-1 - Start completed.
2017.11.19 14:26:01,655	INFO	1	com.l2jserver.gameserver.idfactory.BitSetIDFactory	Updated characters online status.
2017.11.19 14:26:01,689	INFO	1	com.l2jserver.gameserver.idfactory.BitSetIDFactory	Cleaned 0 elements from database in 0 s
2017.11.19 14:26:01,700	INFO	1	com.l2jserver.gameserver.idfactory.BitSetIDFactory	Cleaned 0 expired timestamps from database.
2017.11.19 14:26:01,710	INFO	1	com.l2jserver.gameserver.idfactory.BitSetIDFactory	BitSetIDFactory: 102912 id's available.
2017.11.19 14:26:01,713	INFO	1	com.l2jserver.gameserver.GameServer	-------------------------------------------------=[ Engines ]
2017.11.19 14:26:02,356	INFO	1	com.l2jserver.gameserver.scripting.L2ScriptEngineManager	Script Engine: Oracle Nashorn 1.8.0_144 - Language: ECMAScript - Language Version: ECMA - 262 Edition 5.1
2017.11.19 14:26:02,843	INFO	1	com.l2jserver.gameserver.scripting.L2ScriptEngineManager	Script Engine: jython 2.2.1 - Language: python - Language Version: 2.2.1
2017.11.19 14:26:02,849	INFO	1	com.l2jserver.gameserver.scripting.L2ScriptEngineManager	Script Engine: java 1.8 - Language: java - Language Version: 1.8
2017.11.19 14:26:02,910	INFO	1	com.l2jserver.gameserver.GameServer	---------------------------------------------------=[ World ]
2017.11.19 14:26:02,921	INFO	1	com.l2jserver.util.data.xml.IXmlReader	InstanceManager: Multiverse Instance created.
2017.11.19 14:26:02,922	INFO	1	com.l2jserver.util.data.xml.IXmlReader	InstanceManager: Universe Instance created.
2017.11.19 14:26:03,248	INFO	1	com.l2jserver.util.data.xml.IXmlReader	InstanceManager: Loaded 160 instance names.
2017.11.19 14:26:03,271	INFO	1	com.l2jserver.gameserver.model.L2World	L2World: (128 by 136) World Region Grid set up.
2017.11.19 14:26:03,680	INFO	1	com.l2jserver.util.data.xml.IXmlReader	MapRegionManager: Loaded 57 map regions.
2017.11.19 14:26:03,695	INFO	1	com.l2jserver.gameserver.instancemanager.GlobalVariablesManager	GlobalVariablesManager: Loaded 0 variables.
2017.11.19 14:26:03,696	INFO	1	com.l2jserver.gameserver.GameServer	----------------------------------------------------=[ Data ]
2017.11.19 14:26:03,787	INFO	1	com.l2jserver.util.data.xml.IXmlReader	CategoryData: Loaded 124 Categories.
2017.11.19 14:26:03,814	INFO	1	com.l2jserver.util.data.xml.IXmlReader	SecondaryAuthData: Loaded 328 forbidden passwords.
2017.11.19 14:26:03,815	INFO	1	com.l2jserver.gameserver.GameServer	-------------------------------------------------=[ Effects ]
2017.11.19 14:26:07,311	INFO	1	handlers.EffectMasterHandler	EffectMasterHandler: Loaded 160 effect handlers.
2017.11.19 14:26:07,312	INFO	1	com.l2jserver.gameserver.GameServer	------------------------------------=[ Enchant Skill Groups ]
2017.11.19 14:26:07,350	INFO	1	com.l2jserver.util.data.xml.IXmlReader	EnchantSkillGroupsData: Loaded 4 groups and 90 routes.
2017.11.19 14:26:07,351	INFO	1	com.l2jserver.gameserver.GameServer	---------------------------------------------=[ Skill Trees ]
2017.11.19 14:26:08,237	INFO	1	com.l2jserver.util.data.xml.IXmlReader	Loaded 17176 Class Skills for 103 Class Skill Trees.
2017.11.19 14:26:08,238	INFO	1	com.l2jserver.util.data.xml.IXmlReader	Loaded 76 Sub-Class Skills.
2017.11.19 14:26:08,238	INFO	1	com.l2jserver.util.data.xml.IXmlReader	Loaded 77 Transfer Skills for 3 Transfer Skill Trees.
2017.11.19 14:26:08,239	INFO	1	com.l2jserver.util.data.xml.IXmlReader	Loaded 117 Fishing Skills, 8 Dwarven only Fishing Skills.
2017.11.19 14:26:08,240	INFO	1	com.l2jserver.util.data.xml.IXmlReader	Loaded 3 Collect Skills.
2017.11.19 14:26:08,241	INFO	1	com.l2jserver.util.data.xml.IXmlReader	Loaded 74 Pledge Skills, 44 for Pledge and 30 Residential.
2017.11.19 14:26:08,241	INFO	1	com.l2jserver.util.data.xml.IXmlReader	Loaded 18 Sub-Pledge Skills.
2017.11.19 14:26:08,242	INFO	1	com.l2jserver.util.data.xml.IXmlReader	Loaded 32 Transform Skills.
2017.11.19 14:26:08,243	INFO	1	com.l2jserver.util.data.xml.IXmlReader	Loaded 8 Noble Skills.
2017.11.19 14:26:08,243	INFO	1	com.l2jserver.util.data.xml.IXmlReader	Loaded 5 Hero Skills.
2017.11.19 14:26:08,244	INFO	1	com.l2jserver.util.data.xml.IXmlReader	Loaded 46 Game Master Skills.
2017.11.19 14:26:08,245	INFO	1	com.l2jserver.util.data.xml.IXmlReader	Loaded 46 Game Master Aura Skills.
2017.11.19 14:26:08,246	INFO	1	com.l2jserver.gameserver.GameServer	--------------------------------------------------=[ Skills ]
2017.11.19 14:26:16,627	INFO	1	com.l2jserver.gameserver.engines.DocumentEngine	DocumentEngine: Loaded 65957 Skill templates from XML files.
2017.11.19 14:26:16,702	INFO	1	com.l2jserver.gameserver.data.sql.impl.SummonSkillsTable	SummonSkillsTable: Loaded 1891 skills.
2017.11.19 14:26:16,703	INFO	1	com.l2jserver.gameserver.GameServer	---------------------------------------------------=[ Items ]
2017.11.19 14:26:19,361	INFO	1	com.l2jserver.gameserver.datatables.ItemTable	ItemTable: Highest item id used:22567
2017.11.19 14:26:20,356	INFO	1	com.l2jserver.gameserver.datatables.ItemTable	ItemTable: Loaded: 11481 Etc Items
2017.11.19 14:26:20,357	INFO	1	com.l2jserver.gameserver.datatables.ItemTable	ItemTable: Loaded: 3825 Armor Items
2017.11.19 14:26:20,357	INFO	1	com.l2jserver.gameserver.datatables.ItemTable	ItemTable: Loaded: 3893 Weapon Items
2017.11.19 14:26:20,358	INFO	1	com.l2jserver.gameserver.datatables.ItemTable	ItemTable: Loaded: 19199 Items in total.
2017.11.19 14:26:20,375	INFO	1	com.l2jserver.util.data.xml.IXmlReader	EnchantItemGroupsData: Loaded: 4 item group templates.
2017.11.19 14:26:20,376	INFO	1	com.l2jserver.util.data.xml.IXmlReader	EnchantItemGroupsData: Loaded: 1 scroll group templates.
2017.11.19 14:26:20,395	INFO	1	com.l2jserver.util.data.xml.IXmlReader	EnchantItemData: Loaded 63 Enchant Scrolls.
2017.11.19 14:26:20,396	INFO	1	com.l2jserver.util.data.xml.IXmlReader	EnchantItemData: Loaded 20 Support Items.
2017.11.19 14:26:20,429	INFO	1	com.l2jserver.util.data.xml.IXmlReader	EnchantItemOptionsData: Loaded: 23 Items and 1093 Options.
2017.11.19 14:26:23,069	INFO	1	com.l2jserver.util.data.xml.IXmlReader	OptionData: Loaded: 24985 Options.
2017.11.19 14:26:23,096	INFO	1	com.l2jserver.util.data.xml.IXmlReader	EnchantItemHPBonusData: Loaded 6 Enchant HP Bonuses.
2017.11.19 14:26:23,185	INFO	1	com.l2jserver.gameserver.datatables.MerchantPriceConfigTable	MerchantPriceConfigTable: Loaded 28 merchant price configs.
2017.11.19 14:26:28,326	INFO	1	com.l2jserver.util.data.xml.IXmlReader	BuyListData: Loaded 760 BuyLists.
2017.11.19 14:26:29,897	INFO	1	com.l2jserver.util.data.xml.IXmlReader	MultisellData: Loaded 192 multisell lists.
2017.11.19 14:26:29,971	INFO	1	com.l2jserver.util.data.xml.IXmlReader	RecipeData: Loaded 1000 recipes.
2017.11.19 14:26:30,129	INFO	1	com.l2jserver.util.data.xml.IXmlReader	ArmorSetsData: Loaded 198 Armor sets.
2017.11.19 14:26:30,152	INFO	1	com.l2jserver.util.data.xml.IXmlReader	FishData: Loaded 278 Fish.
2017.11.19 14:26:30,164	INFO	1	com.l2jserver.util.data.xml.IXmlReader	FishingMonstersData: Loaded 8 Fishing Monsters.
2017.11.19 14:26:30,177	INFO	1	com.l2jserver.util.data.xml.IXmlReader	FishingRodsData: Loaded 6 Fishing Rods.
2017.11.19 14:26:30,231	INFO	1	com.l2jserver.util.data.xml.IXmlReader	HennaData: Loaded 180 Henna data.
2017.11.19 14:26:30,232	INFO	1	com.l2jserver.gameserver.GameServer	----------------------------------------------=[ Characters ]
2017.11.19 14:26:30,246	INFO	1	com.l2jserver.util.data.xml.IXmlReader	ClassListData: Loaded 107 Class data.
2017.11.19 14:26:30,260	INFO	1	com.l2jserver.util.data.xml.IXmlReader	InitialEquipmentData: Loaded 11 Initial Equipment data.
2017.11.19 14:26:30,275	INFO	1	com.l2jserver.util.data.xml.IXmlReader	InitialShortcutData: Loaded 5 Initial Global Shortcuts data.
2017.11.19 14:26:30,275	INFO	1	com.l2jserver.util.data.xml.IXmlReader	InitialShortcutData: Loaded 4 Initial Shortcuts data.
2017.11.19 14:26:30,276	INFO	1	com.l2jserver.util.data.xml.IXmlReader	InitialShortcutData: Loaded 0 Macros presets.
2017.11.19 14:26:30,344	INFO	1	com.l2jserver.util.data.xml.IXmlReader	KarmaData: Loaded 85 karma modifiers.
2017.11.19 14:26:30,356	INFO	1	com.l2jserver.util.data.xml.IXmlReader	HitConditionBonusData: Loaded Hit Condition bonuses.
2017.11.19 14:26:31,301	INFO	1	com.l2jserver.util.data.xml.IXmlReader	PlayerTemplateData: Loaded 103 character templates.
2017.11.19 14:26:31,302	INFO	1	com.l2jserver.util.data.xml.IXmlReader	PlayerTemplateData: Loaded 52530 level up gain records.
2017.11.19 14:26:31,317	INFO	1	com.l2jserver.util.data.xml.IXmlReader	PlayerCreationPointData: Loaded 62 character creation points.
2017.11.19 14:26:31,320	INFO	1	com.l2jserver.gameserver.data.sql.impl.CharNameTable	CharNameTable: Loaded 0 char names.
2017.11.19 14:26:31,337	INFO	1	com.l2jserver.util.data.xml.IXmlReader	AdminData: Loaded: 10 Access Levels.
2017.11.19 14:26:31,356	INFO	1	com.l2jserver.util.data.xml.IXmlReader	AdminData: Loaded: 444 Access Commands.
2017.11.19 14:26:31,358	INFO	1	com.l2jserver.gameserver.instancemanager.RaidBossPointsManager	RaidBossPointsManager: Loaded 0 Characters Raid Points.
2017.11.19 14:26:32,236	INFO	1	com.l2jserver.util.data.xml.IXmlReader	PetDataTable: Loaded 52 Pets.
2017.11.19 14:26:32,242	INFO	1	com.l2jserver.gameserver.GameServer	---------------------------------------------------=[ Clans ]
2017.11.19 14:26:32,258	INFO	1	com.l2jserver.gameserver.communitybbs.Manager.ForumsBBSManager	Loaded 4 forums. Last forum id used: 4
2017.11.19 14:26:32,260	INFO	1	com.l2jserver.gameserver.data.sql.impl.ClanTable	ClanTable: Restored 0 clans from the database.
2017.11.19 14:26:32,269	INFO	1	com.l2jserver.gameserver.instancemanager.CHSiegeManager	CHSiegeManager: Loaded 6 conquerable clan halls.
2017.11.19 14:26:32,339	INFO	1	com.l2jserver.gameserver.instancemanager.AuctionManager	AuctionManager: Loaded: 38 auction(s)
2017.11.19 14:26:32,343	INFO	1	com.l2jserver.gameserver.instancemanager.ClanHallManager	ClanHallManager: Loaded: 0 clan halls
2017.11.19 14:26:32,344	INFO	1	com.l2jserver.gameserver.instancemanager.ClanHallManager	ClanHallManager: Loaded: 38 free clan halls
2017.11.19 14:26:32,345	INFO	1	com.l2jserver.gameserver.GameServer	-------------------------------------------------=[ Geodata ]
2017.11.19 14:26:32,364	INFO	1	com.l2jserver.gameserver.GeoData	GeoData: Loading 11_23.l2j...
2017.11.19 14:26:32,422	INFO	1	com.l2jserver.gameserver.GeoData	GeoData: Loading 11_24.l2j...
2017.11.19 14:26:32,443	INFO	1	com.l2jserver.gameserver.GeoData	GeoData: Loading 11_25.l2j...
2017.11.19 14:26:32,463	INFO	1	com.l2jserver.gameserver.GeoData	GeoData: Loading 11_26.l2j...
2017.11.19 14:26:32,488	INFO	1	com.l2jserver.gameserver.GeoData	GeoData: Loading 12_23.l2j...
2017.11.19 14:26:32,508	INFO	1	com.l2jserver.gameserver.GeoData	GeoData: Loading 12_24.l2j...
2017.11.19 14:26:32,574	INFO	1	com.l2jserver.gameserver.GeoData	GeoData: Loading 12_25.l2j...
2017.11.19 14:26:32,620	INFO	1	com.l2jserver.gameserver.GeoData	GeoData: Loading 12_26.l2j...
2017.11.19 14:26:32,642	INFO	1	com.l2jserver.gameserver.GeoData	GeoData: Loading 13_21.l2j...
2017.11.19 14:26:32,657	INFO	1	com.l2jserver.gameserver.GeoData	GeoData: Loading 13_22.l2j...
2017.11.19 14:26:32,666	INFO	1	com.l2jserver.gameserver.GeoData	GeoData: Loading 13_23.l2j...
2017.11.19 14:26:32,698	INFO	1	com.l2jserver.gameserver.GeoData	GeoData: Loading 13_24.l2j...
2017.11.19 14:26:32,739	INFO	1	com.l2jserver.gameserver.GeoData	GeoData: Loading 13_25.l2j...
2017.11.19 14:26:32,775	INFO	1	com.l2jserver.gameserver.GeoData	GeoData: Loading 13_26.l2j...
2017.11.19 14:26:32,802	INFO	1	com.l2jserver.gameserver.GeoData	GeoData: Loading 14_21.l2j...
2017.11.19 14:26:32,811	INFO	1	com.l2jserver.gameserver.GeoData	GeoData: Loading 14_22.l2j...
2017.11.19 14:26:32,856	INFO	1	com.l2jserver.gameserver.GeoData	GeoData: Loading 14_23.l2j...
2017.11.19 14:26:32,970	INFO	1	com.l2jserver.gameserver.GeoData	GeoData: Loading 14_24.l2j...
2017.11.19 14:26:33,017	INFO	1	com.l2jserver.gameserver.GeoData	GeoData: Loading 14_25.l2j...
2017.11.19 14:26:33,060	INFO	1	com.l2jserver.gameserver.GeoData	GeoData: Loading 14_26.l2j...
2017.11.19 14:26:33,077	INFO	1	com.l2jserver.gameserver.GeoData	GeoData: Loading 15_10.l2j...
2017.11.19 14:26:33,093	INFO	1	com.l2jserver.gameserver.GeoData	GeoData: Loading 15_11.l2j...
2017.11.19 14:26:33,112	INFO	1	com.l2jserver.gameserver.GeoData	GeoData: Loading 15_12.l2j...
2017.11.19 14:26:33,132	INFO	1	com.l2jserver.gameserver.GeoData	GeoData: Loading 15_18.l2j...
2017.11.19 14:26:33,142	INFO	1	com.l2jserver.gameserver.GeoData	GeoData: Loading 15_19.l2j...
2017.11.19 14:26:33,161	INFO	1	com.l2jserver.gameserver.GeoData	GeoData: Loading 15_20.l2j...
2017.11.19 14:26:33,184	INFO	1	com.l2jserver.gameserver.GeoData	GeoData: Loading 15_21.l2j...
2017.11.19 14:26:33,199	INFO	1	com.l2jserver.gameserver.GeoData	GeoData: Loading 15_22.l2j...
2017.11.19 14:26:33,207	INFO	1	com.l2jserver.gameserver.GeoData	GeoData: Loading 15_23.l2j...
2017.11.19 14:26:33,224	INFO	1	com.l2jserver.gameserver.GeoData	GeoData: Loading 15_24.l2j...
2017.11.19 14:26:33,233	INFO	1	com.l2jserver.gameserver.GeoData	GeoData: Loading 15_25.l2j...
2017.11.19 14:26:33,247	INFO	1	com.l2jserver.gameserver.GeoData	GeoData: Loading 15_26.l2j...
2017.11.19 14:26:33,258	INFO	1	com.l2jserver.gameserver.GeoData	GeoData: Loading 16_10.l2j...
2017.11.19 14:26:33,333	INFO	1	com.l2jserver.gameserver.GeoData	GeoData: Loading 16_11.l2j...
2017.11.19 14:26:33,345	INFO	1	com.l2jserver.gameserver.GeoData	GeoData: Loading 16_12.l2j...
2017.11.19 14:26:33,359	INFO	1	com.l2jserver.gameserver.GeoData	GeoData: Loading 16_13.l2j...
2017.11.19 14:26:33,376	INFO	1	com.l2jserver.gameserver.GeoData	GeoData: Loading 16_14.l2j...
2017.11.19 14:26:33,390	INFO	1	com.l2jserver.gameserver.GeoData	GeoData: Loading 16_15.l2j...
2017.11.19 14:26:33,405	INFO	1	com.l2jserver.gameserver.GeoData	GeoData: Loading 16_16.l2j...
2017.11.19 14:26:33,419	INFO	1	com.l2jserver.gameserver.GeoData	GeoData: Loading 16_17.l2j...
2017.11.19 14:26:33,427	INFO	1	com.l2jserver.gameserver.GeoData	GeoData: Loading 16_18.l2j...
2017.11.19 14:26:33,439	INFO	1	com.l2jserver.gameserver.GeoData	GeoData: Loading 16_19.l2j...
2017.11.19 14:26:33,500	INFO	1	com.l2jserver.gameserver.GeoData	GeoData: Loading 16_20.l2j...
2017.11.19 14:26:33,553	INFO	1	com.l2jserver.gameserver.GeoData	GeoData: Loading 16_21.l2j...
2017.11.19 14:26:33,577	INFO	1	com.l2jserver.gameserver.GeoData	GeoData: Loading 16_22.l2j...
2017.11.19 14:26:33,590	INFO	1	com.l2jserver.gameserver.GeoData	GeoData: Loading 16_23.l2j...
2017.11.19 14:26:33,599	INFO	1	com.l2jserver.gameserver.GeoData	GeoData: Loading 16_24.l2j...
2017.11.19 14:26:33,628	INFO	1	com.l2jserver.gameserver.GeoData	GeoData: Loading 16_25.l2j...
2017.11.19 14:26:33,697	INFO	1	com.l2jserver.gameserver.GeoData	GeoData: Loading 16_26.l2j...
2017.11.19 14:26:33,708	INFO	1	com.l2jserver.gameserver.GeoData	GeoData: Loading 17_10.l2j...
2017.11.19 14:26:33,718	INFO	1	com.l2jserver.gameserver.GeoData	GeoData: Loading 17_11.l2j...
2017.11.19 14:26:33,730	INFO	1	com.l2jserver.gameserver.GeoData	GeoData: Loading 17_12.l2j...
2017.11.19 14:26:33,743	INFO	1	com.l2jserver.gameserver.GeoData	GeoData: Loading 17_13.l2j...
2017.11.19 14:26:33,762	INFO	1	com.l2jserver.gameserver.GeoData	GeoData: Loading 17_14.l2j...
2017.11.19 14:26:33,770	INFO	1	com.l2jserver.gameserver.GeoData	GeoData: Loading 17_15.l2j...
2017.11.19 14:26:33,796	INFO	1	com.l2jserver.gameserver.GeoData	GeoData: Loading 17_16.l2j...
2017.11.19 14:26:33,858	INFO	1	com.l2jserver.gameserver.GeoData	GeoData: Loading 17_17.l2j...
2017.11.19 14:26:33,883	INFO	1	com.l2jserver.gameserver.GeoData	GeoData: Loading 17_18.l2j...
2017.11.19 14:26:33,890	INFO	1	com.l2jserver.gameserver.GeoData	GeoData: Loading 17_19.l2j...
2017.11.19 14:26:33,941	INFO	1	com.l2jserver.gameserver.GeoData	GeoData: Loading 17_20.l2j...
2017.11.19 14:26:33,990	INFO	1	com.l2jserver.gameserver.GeoData	GeoData: Loading 17_21.l2j...
2017.11.19 14:26:34,044	INFO	1	com.l2jserver.gameserver.GeoData	GeoData: Loading 17_22.l2j...
2017.11.19 14:26:34,096	INFO	1	com.l2jserver.gameserver.GeoData	GeoData: Loading 17_23.l2j...
2017.11.19 14:26:34,118	INFO	1	com.l2jserver.gameserver.GeoData	GeoData: Loading 17_24.l2j...
2017.11.19 14:26:34,138	INFO	1	com.l2jserver.gameserver.GeoData	GeoData: Loading 17_25.l2j...
2017.11.19 14:26:34,206	INFO	1	com.l2jserver.gameserver.GeoData	GeoData: Loading 17_26.l2j...
2017.11.19 14:26:34,214	INFO	1	com.l2jserver.gameserver.GeoData	GeoData: Loading 18_10.l2j...
2017.11.19 14:26:34,231	INFO	1	com.l2jserver.gameserver.GeoData	GeoData: Loading 18_11.l2j...
2017.11.19 14:26:34,241	INFO	1	com.l2jserver.gameserver.GeoData	GeoData: Loading 18_12.l2j...
2017.11.19 14:26:34,263	INFO	1	com.l2jserver.gameserver.GeoData	GeoData: Loading 18_13.l2j...
2017.11.19 14:26:34,270	INFO	1	com.l2jserver.gameserver.GeoData	GeoData: Loading 18_14.l2j...
2017.11.19 14:26:34,315	INFO	1	com.l2jserver.gameserver.GeoData	GeoData: Loading 18_15.l2j...
2017.11.19 14:26:34,344	INFO	1	com.l2jserver.gameserver.GeoData	GeoData: Loading 18_16.l2j...
2017.11.19 14:26:34,385	INFO	1	com.l2jserver.gameserver.GeoData	GeoData: Loading 18_17.l2j...
2017.11.19 14:26:34,399	INFO	1	com.l2jserver.gameserver.GeoData	GeoData: Loading 18_18.l2j...
2017.11.19 14:26:34,407	INFO	1	com.l2jserver.gameserver.GeoData	GeoData: Loading 18_19.l2j...
2017.11.19 14:26:34,452	INFO	1	com.l2jserver.gameserver.GeoData	GeoData: Loading 18_20.l2j...
2017.11.19 14:26:34,509	INFO	1	com.l2jserver.gameserver.GeoData	GeoData: Loading 18_21.l2j...
2017.11.19 14:26:34,565	INFO	1	com.l2jserver.gameserver.GeoData	GeoData: Loading 18_22.l2j...
2017.11.19 14:26:34,621	INFO	1	com.l2jserver.gameserver.GeoData	GeoData: Loading 18_23.l2j...
2017.11.19 14:26:34,677	INFO	1	com.l2jserver.gameserver.GeoData	GeoData: Loading 18_24.l2j...
2017.11.19 14:26:34,724	INFO	1	com.l2jserver.gameserver.GeoData	GeoData: Loading 18_25.l2j...
2017.11.19 14:26:34,767	INFO	1	com.l2jserver.gameserver.GeoData	GeoData: Loading 18_26.l2j...
2017.11.19 14:26:35,132	INFO	1	com.l2jserver.gameserver.GeoData	GeoData: Loading 19_10.l2j...
2017.11.19 14:26:35,161	INFO	1	com.l2jserver.gameserver.GeoData	GeoData: Loading 19_11.l2j...
2017.11.19 14:26:35,170	INFO	1	com.l2jserver.gameserver.GeoData	GeoData: Loading 19_12.l2j...
2017.11.19 14:26:35,181	INFO	1	com.l2jserver.gameserver.GeoData	GeoData: Loading 19_13.l2j...
2017.11.19 14:26:35,218	INFO	1	com.l2jserver.gameserver.GeoData	GeoData: Loading 19_14.l2j...
2017.11.19 14:26:35,272	INFO	1	com.l2jserver.gameserver.GeoData	GeoData: Loading 19_15.l2j...
2017.11.19 14:26:35,318	INFO	1	com.l2jserver.gameserver.GeoData	GeoData: Loading 19_16.l2j...
2017.11.19 14:26:35,347	INFO	1	com.l2jserver.gameserver.GeoData	GeoData: Loading 19_17.l2j...
2017.11.19 14:26:35,362	INFO	1	com.l2jserver.gameserver.GeoData	GeoData: Loading 19_18.l2j...
2017.11.19 14:26:35,419	INFO	1	com.l2jserver.gameserver.GeoData	GeoData: Loading 19_19.l2j...
2017.11.19 14:26:35,471	INFO	1	com.l2jserver.gameserver.GeoData	GeoData: Loading 19_20.l2j...
2017.11.19 14:26:35,531	INFO	1	com.l2jserver.gameserver.GeoData	GeoData: Loading 19_21.l2j...
2017.11.19 14:26:35,569	INFO	1	com.l2jserver.gameserver.GeoData	GeoData: Loading 19_22.l2j...
2017.11.19 14:26:35,620	INFO	1	com.l2jserver.gameserver.GeoData	GeoData: Loading 19_23.l2j...
2017.11.19 14:26:35,673	INFO	1	com.l2jserver.gameserver.GeoData	GeoData: Loading 19_24.l2j...
2017.11.19 14:26:35,708	INFO	1	com.l2jserver.gameserver.GeoData	GeoData: Loading 19_25.l2j...
2017.11.19 14:26:35,761	INFO	1	com.l2jserver.gameserver.GeoData	GeoData: Loading 19_26.l2j...
2017.11.19 14:26:35,783	INFO	1	com.l2jserver.gameserver.GeoData	GeoData: Loading 20_10.l2j...
2017.11.19 14:26:35,795	INFO	1	com.l2jserver.gameserver.GeoData	GeoData: Loading 20_11.l2j...
2017.11.19 14:26:35,807	INFO	1	com.l2jserver.gameserver.GeoData	GeoData: Loading 20_12.l2j...
2017.11.19 14:26:35,819	INFO	1	com.l2jserver.gameserver.GeoData	GeoData: Loading 20_13.l2j...
2017.11.19 14:26:35,859	INFO	1	com.l2jserver.gameserver.GeoData	GeoData: Loading 20_14.l2j...
2017.11.19 14:26:35,927	INFO	1	com.l2jserver.gameserver.GeoData	GeoData: Loading 20_15.l2j...
2017.11.19 14:26:35,963	INFO	1	com.l2jserver.gameserver.GeoData	GeoData: Loading 20_16.l2j...
2017.11.19 14:26:36,001	INFO	1	com.l2jserver.gameserver.GeoData	GeoData: Loading 20_17.l2j...
2017.11.19 14:26:36,060	INFO	1	com.l2jserver.gameserver.GeoData	GeoData: Loading 20_18.l2j...
2017.11.19 14:26:36,104	INFO	1	com.l2jserver.gameserver.GeoData	GeoData: Loading 20_19.l2j...
2017.11.19 14:26:36,153	INFO	1	com.l2jserver.gameserver.GeoData	GeoData: Loading 20_20.l2j...
2017.11.19 14:26:36,214	INFO	1	com.l2jserver.gameserver.GeoData	GeoData: Loading 20_21.l2j...
2017.11.19 14:26:36,297	INFO	1	com.l2jserver.gameserver.GeoData	GeoData: Loading 20_22.l2j...
2017.11.19 14:26:36,354	INFO	1	com.l2jserver.gameserver.GeoData	GeoData: Loading 20_23.l2j...
2017.11.19 14:26:36,409	INFO	1	com.l2jserver.gameserver.GeoData	GeoData: Loading 20_24.l2j...
2017.11.19 14:26:36,422	INFO	1	com.l2jserver.gameserver.GeoData	GeoData: Loading 20_25.l2j...
2017.11.19 14:26:36,476	INFO	1	com.l2jserver.gameserver.GeoData	GeoData: Loading 20_26.l2j...
2017.11.19 14:26:36,493	INFO	1	com.l2jserver.gameserver.GeoData	GeoData: Loading 21_10.l2j...
2017.11.19 14:26:36,512	INFO	1	com.l2jserver.gameserver.GeoData	GeoData: Loading 21_11.l2j...
2017.11.19 14:26:36,533	INFO	1	com.l2jserver.gameserver.GeoData	GeoData: Loading 21_12.l2j...
2017.11.19 14:26:36,546	INFO	1	com.l2jserver.gameserver.GeoData	GeoData: Loading 21_13.l2j...
2017.11.19 14:26:36,559	INFO	1	com.l2jserver.gameserver.GeoData	GeoData: Loading 21_14.l2j...
2017.11.19 14:26:36,618	INFO	1	com.l2jserver.gameserver.GeoData	GeoData: Loading 21_15.l2j...
2017.11.19 14:26:36,677	INFO	1	com.l2jserver.gameserver.GeoData	GeoData: Loading 21_16.l2j...
2017.11.19 14:26:36,735	INFO	1	com.l2jserver.gameserver.GeoData	GeoData: Loading 21_17.l2j...
2017.11.19 14:26:36,761	INFO	1	com.l2jserver.gameserver.GeoData	GeoData: Loading 21_18.l2j...
2017.11.19 14:26:36,817	INFO	1	com.l2jserver.gameserver.GeoData	GeoData: Loading 21_19.l2j...
2017.11.19 14:26:36,868	INFO	1	com.l2jserver.gameserver.GeoData	GeoData: Loading 21_20.l2j...
2017.11.19 14:26:36,921	INFO	1	com.l2jserver.gameserver.GeoData	GeoData: Loading 21_21.l2j...
2017.11.19 14:26:36,985	INFO	1	com.l2jserver.gameserver.GeoData	GeoData: Loading 21_22.l2j...
2017.11.19 14:26:37,043	INFO	1	com.l2jserver.gameserver.GeoData	GeoData: Loading 21_23.l2j...
2017.11.19 14:26:37,100	INFO	1	com.l2jserver.gameserver.GeoData	GeoData: Loading 21_24.l2j...
2017.11.19 14:26:37,146	INFO	1	com.l2jserver.gameserver.GeoData	GeoData: Loading 21_25.l2j...
2017.11.19 14:26:37,159	INFO	1	com.l2jserver.gameserver.GeoData	GeoData: Loading 22_10.l2j...
2017.11.19 14:26:37,171	INFO	1	com.l2jserver.gameserver.GeoData	GeoData: Loading 22_11.l2j...
2017.11.19 14:26:37,229	INFO	1	com.l2jserver.gameserver.GeoData	GeoData: Loading 22_12.l2j...
2017.11.19 14:26:37,236	INFO	1	com.l2jserver.gameserver.GeoData	GeoData: Loading 22_13.l2j...
2017.11.19 14:26:37,292	INFO	1	com.l2jserver.gameserver.GeoData	GeoData: Loading 22_14.l2j...
2017.11.19 14:26:37,359	INFO	1	com.l2jserver.gameserver.GeoData	GeoData: Loading 22_15.l2j...
2017.11.19 14:26:37,421	INFO	1	com.l2jserver.gameserver.GeoData	GeoData: Loading 22_16.l2j...
2017.11.19 14:26:40,934	INFO	1	com.l2jserver.gameserver.GeoData	GeoData: Loading 22_17.l2j...
2017.11.19 14:26:40,981	INFO	1	com.l2jserver.gameserver.GeoData	GeoData: Loading 22_18.l2j...
2017.11.19 14:26:41,036	INFO	1	com.l2jserver.gameserver.GeoData	GeoData: Loading 22_19.l2j...
2017.11.19 14:26:41,093	INFO	1	com.l2jserver.gameserver.GeoData	GeoData: Loading 22_20.l2j...
2017.11.19 14:26:41,153	INFO	1	com.l2jserver.gameserver.GeoData	GeoData: Loading 22_21.l2j...
2017.11.19 14:26:41,210	INFO	1	com.l2jserver.gameserver.GeoData	GeoData: Loading 22_22.l2j...
2017.11.19 14:26:41,268	INFO	1	com.l2jserver.gameserver.GeoData	GeoData: Loading 22_23.l2j...
2017.11.19 14:26:41,322	INFO	1	com.l2jserver.gameserver.GeoData	GeoData: Loading 22_24.l2j...
2017.11.19 14:26:41,374	INFO	1	com.l2jserver.gameserver.GeoData	GeoData: Loading 22_25.l2j...
2017.11.19 14:26:41,437	INFO	1	com.l2jserver.gameserver.GeoData	GeoData: Loading 22_26.l2j...
2017.11.19 14:26:41,455	INFO	1	com.l2jserver.gameserver.GeoData	GeoData: Loading 23_10.l2j...
2017.11.19 14:26:41,464	INFO	1	com.l2jserver.gameserver.GeoData	GeoData: Loading 23_11.l2j...
2017.11.19 14:26:41,506	INFO	1	com.l2jserver.gameserver.GeoData	GeoData: Loading 23_12.l2j...
2017.11.19 14:26:41,566	INFO	1	com.l2jserver.gameserver.GeoData	GeoData: Loading 23_13.l2j...
2017.11.19 14:26:41,625	INFO	1	com.l2jserver.gameserver.GeoData	GeoData: Loading 23_14.l2j...
2017.11.19 14:26:41,704	INFO	1	com.l2jserver.gameserver.GeoData	GeoData: Loading 23_15.l2j...
2017.11.19 14:26:41,780	INFO	1	com.l2jserver.gameserver.GeoData	GeoData: Loading 23_16.l2j...
2017.11.19 14:26:41,841	INFO	1	com.l2jserver.gameserver.GeoData	GeoData: Loading 23_17.l2j...
2017.11.19 14:26:41,901	INFO	1	com.l2jserver.gameserver.GeoData	GeoData: Loading 23_18.l2j...
2017.11.19 14:26:41,974	INFO	1	com.l2jserver.gameserver.GeoData	GeoData: Loading 23_19.l2j...
2017.11.19 14:26:42,035	INFO	1	com.l2jserver.gameserver.GeoData	GeoData: Loading 23_20.l2j...
2017.11.19 14:26:42,095	INFO	1	com.l2jserver.gameserver.GeoData	GeoData: Loading 23_21.l2j...
2017.11.19 14:26:42,157	INFO	1	com.l2jserver.gameserver.GeoData	GeoData: Loading 23_22.l2j...
2017.11.19 14:26:42,210	INFO	1	com.l2jserver.gameserver.GeoData	GeoData: Loading 23_23.l2j...
2017.11.19 14:26:42,264	INFO	1	com.l2jserver.gameserver.GeoData	GeoData: Loading 23_24.l2j...
2017.11.19 14:26:42,318	INFO	1	com.l2jserver.gameserver.GeoData	GeoData: Loading 23_25.l2j...
2017.11.19 14:26:42,374	INFO	1	com.l2jserver.gameserver.GeoData	GeoData: Loading 23_26.l2j...
2017.11.19 14:26:42,392	INFO	1	com.l2jserver.gameserver.GeoData	GeoData: Loading 24_10.l2j...
2017.11.19 14:26:42,401	INFO	1	com.l2jserver.gameserver.GeoData	GeoData: Loading 24_11.l2j...
2017.11.19 14:26:42,449	INFO	1	com.l2jserver.gameserver.GeoData	GeoData: Loading 24_12.l2j...
2017.11.19 14:26:42,532	INFO	1	com.l2jserver.gameserver.GeoData	GeoData: Loading 24_13.l2j...
2017.11.19 14:26:42,569	INFO	1	com.l2jserver.gameserver.GeoData	GeoData: Loading 24_14.l2j...
2017.11.19 14:26:42,627	INFO	1	com.l2jserver.gameserver.GeoData	GeoData: Loading 24_15.l2j...
2017.11.19 14:26:42,688	INFO	1	com.l2jserver.gameserver.GeoData	GeoData: Loading 24_16.l2j...
2017.11.19 14:26:42,744	INFO	1	com.l2jserver.gameserver.GeoData	GeoData: Loading 24_17.l2j...
2017.11.19 14:26:42,802	INFO	1	com.l2jserver.gameserver.GeoData	GeoData: Loading 24_18.l2j...
2017.11.19 14:26:42,862	INFO	1	com.l2jserver.gameserver.GeoData	GeoData: Loading 24_19.l2j...
2017.11.19 14:26:42,935	INFO	1	com.l2jserver.gameserver.GeoData	GeoData: Loading 24_20.l2j...
2017.11.19 14:26:43,006	INFO	1	com.l2jserver.gameserver.GeoData	GeoData: Loading 24_21.l2j...
2017.11.19 14:26:43,041	INFO	1	com.l2jserver.gameserver.GeoData	GeoData: Loading 24_22.l2j...
2017.11.19 14:26:43,124	INFO	1	com.l2jserver.gameserver.GeoData	GeoData: Loading 24_23.l2j...
2017.11.19 14:26:43,181	INFO	1	com.l2jserver.gameserver.GeoData	GeoData: Loading 24_24.l2j...
2017.11.19 14:26:43,199	INFO	1	com.l2jserver.gameserver.GeoData	GeoData: Loading 24_25.l2j...
2017.11.19 14:26:43,228	INFO	1	com.l2jserver.gameserver.GeoData	GeoData: Loading 24_26.l2j...
2017.11.19 14:26:43,246	INFO	1	com.l2jserver.gameserver.GeoData	GeoData: Loading 25_10.l2j...
2017.11.19 14:26:43,255	INFO	1	com.l2jserver.gameserver.GeoData	GeoData: Loading 25_11.l2j...
2017.11.19 14:26:43,309	INFO	1	com.l2jserver.gameserver.GeoData	GeoData: Loading 25_12.l2j...
2017.11.19 14:26:44,169	INFO	1	com.l2jserver.gameserver.GeoData	GeoData: Loading 25_14.l2j...
2017.11.19 14:26:44,261	INFO	1	com.l2jserver.gameserver.GeoData	GeoData: Loading 25_15.l2j...
2017.11.19 14:26:44,331	INFO	1	com.l2jserver.gameserver.GeoData	GeoData: Loading 25_16.l2j...
2017.11.19 14:26:44,393	INFO	1	com.l2jserver.gameserver.GeoData	GeoData: Loading 25_17.l2j...
2017.11.19 14:26:44,459	INFO	1	com.l2jserver.gameserver.GeoData	GeoData: Loading 25_18.l2j...
2017.11.19 14:26:44,510	INFO	1	com.l2jserver.gameserver.GeoData	GeoData: Loading 25_19.l2j...
2017.11.19 14:26:44,591	INFO	1	com.l2jserver.gameserver.GeoData	GeoData: Loading 25_20.l2j...
2017.11.19 14:26:44,618	INFO	1	com.l2jserver.gameserver.GeoData	GeoData: Loading 25_21.l2j...
2017.11.19 14:26:44,641	INFO	1	com.l2jserver.gameserver.GeoData	GeoData: Loading 25_22.l2j...
2017.11.19 14:26:44,650	INFO	1	com.l2jserver.gameserver.GeoData	GeoData: Loading 25_23.l2j...
2017.11.19 14:26:44,670	INFO	1	com.l2jserver.gameserver.GeoData	GeoData: Loading 25_24.l2j...
2017.11.19 14:26:44,681	INFO	1	com.l2jserver.gameserver.GeoData	GeoData: Loading 26_11.l2j...
2017.11.19 14:26:44,733	INFO	1	com.l2jserver.gameserver.GeoData	GeoData: Loading 26_12.l2j...
2017.11.19 14:26:44,754	INFO	1	com.l2jserver.gameserver.GeoData	GeoData: Loading 26_14.l2j...
2017.11.19 14:26:44,789	INFO	1	com.l2jserver.gameserver.GeoData	GeoData: Loading 26_15.l2j...
2017.11.19 14:26:44,804	INFO	1	com.l2jserver.gameserver.GeoData	GeoData: Loading 26_16.l2j...
2017.11.19 14:26:44,808	INFO	1	com.l2jserver.gameserver.GeoData	GeoData: Loaded 203 regions.
2017.11.19 14:26:44,809	INFO	1	com.l2jserver.gameserver.GameServer	----------------------------------------------------=[ NPCs ]
2017.11.19 14:26:44,830	INFO	1	com.l2jserver.util.data.xml.IXmlReader	SkillLearnData: Loaded 256 Skill Learn data.
2017.11.19 14:26:44,864	INFO	1	com.l2jserver.util.data.xml.IXmlReader	MinionData: Loaded 128 minions data.
2017.11.19 14:26:51,680	INFO	1	com.l2jserver.util.data.xml.IXmlReader	NpcData: Loaded 10461 NPCs.
2017.11.19 14:26:52,222	INFO	1	com.l2jserver.util.data.xml.IXmlReader	WalkingManager: Loaded 123 walking routes.
2017.11.19 14:26:52,296	INFO	1	com.l2jserver.util.data.xml.IXmlReader	StaticObjectData: Loaded 51 static object templates.
2017.11.19 14:26:52,741	INFO	1	com.l2jserver.gameserver.instancemanager.GrandBossManager	GrandBossManager: Queen Ant(29001) status is 0.
2017.11.19 14:26:52,742	INFO	1	com.l2jserver.gameserver.instancemanager.GrandBossManager	GrandBossManager: Core(29006) status is 0.
2017.11.19 14:26:52,744	INFO	1	com.l2jserver.gameserver.instancemanager.GrandBossManager	GrandBossManager: Orfen(29014) status is 0.
2017.11.19 14:26:52,744	INFO	1	com.l2jserver.gameserver.instancemanager.GrandBossManager	GrandBossManager: Baium(29020) status is 0.
2017.11.19 14:26:52,749	INFO	1	com.l2jserver.gameserver.instancemanager.GrandBossManager	GrandBossManager: Valakas(29028) status is 0.
2017.11.19 14:26:52,750	INFO	1	com.l2jserver.gameserver.instancemanager.GrandBossManager	GrandBossManager: Antharas(29068) status is 0.
2017.11.19 14:26:52,750	INFO	1	com.l2jserver.gameserver.instancemanager.GrandBossManager	GrandBossManager: Beleth(29118) status is 0.
2017.11.19 14:26:52,751	INFO	1	com.l2jserver.gameserver.instancemanager.GrandBossManager	GrandBossManager: Loaded 7 Instances
2017.11.19 14:26:53,745	INFO	1	com.l2jserver.util.data.xml.IXmlReader	DoorData: Loaded 1301 Door templates for 22 regions.
2017.11.19 14:26:56,706	INFO	1	com.l2jserver.util.data.xml.IXmlReader	ZoneManager: Loaded 28 zone classes and 2793 zones.
2017.11.19 14:26:56,706	INFO	1	com.l2jserver.util.data.xml.IXmlReader	ZoneManager: Loaded 0 NPC spawn territoriers.
2017.11.19 14:26:56,729	INFO	1	com.l2jserver.gameserver.instancemanager.CastleManager	CastleManager: Loaded: 9 castles
2017.11.19 14:26:56,734	INFO	1	com.l2jserver.gameserver.data.sql.impl.NpcBufferTable	NpcBufferTable: Loaded 1 buffers and 10 skills.
2017.11.19 14:26:56,735	INFO	1	com.l2jserver.gameserver.instancemanager.GrandBossManager	GrandBossManager: Initialized 12 Grand Boss Zones
2017.11.19 14:26:56,738	INFO	1	com.l2jserver.gameserver.GameServer	-----------------------------------------=[ Auction Manager ]
2017.11.19 14:26:56,813	INFO	1	com.l2jserver.gameserver.model.itemauction.ItemAuctionInstance	Loaded 82 item(s) and registered 1 auction(s) for NPC ID 32320.
2017.11.19 14:26:56,815	INFO	1	com.l2jserver.gameserver.model.itemauction.ItemAuctionInstance	Schedule next auction ID 1 on 17:00:00 24.11.17 for NPC ID 32320.
2017.11.19 14:26:56,820	INFO	1	com.l2jserver.gameserver.model.itemauction.ItemAuctionInstance	Loaded 82 item(s) and registered 1 auction(s) for NPC ID 32321.
2017.11.19 14:26:56,820	INFO	1	com.l2jserver.gameserver.model.itemauction.ItemAuctionInstance	Schedule next auction ID 2 on 17:00:00 20.11.17 for NPC ID 32321.
2017.11.19 14:26:56,824	INFO	1	com.l2jserver.gameserver.model.itemauction.ItemAuctionInstance	Loaded 82 item(s) and registered 1 auction(s) for NPC ID 32322.
2017.11.19 14:26:56,824	INFO	1	com.l2jserver.gameserver.model.itemauction.ItemAuctionInstance	Schedule next auction ID 3 on 17:00:00 22.11.17 for NPC ID 32322.
2017.11.19 14:26:56,824	INFO	1	com.l2jserver.gameserver.instancemanager.ItemAuctionManager	Loaded 3 auction manager instance(s).
2017.11.19 14:26:56,825	INFO	1	com.l2jserver.gameserver.GameServer	------------------------------------------------=[ Olympiad ]
2017.11.19 14:26:56,841	INFO	1	com.l2jserver.gameserver.model.olympiad.Olympiad	Olympiad System: failed to load data from database, trying to load from file.
2017.11.19 14:26:57,007	INFO	1	com.l2jserver.gameserver.model.olympiad.Olympiad	Olympiad System: Loading Olympiad System....
2017.11.19 14:26:57,007	INFO	1	com.l2jserver.gameserver.model.olympiad.Olympiad	Olympiad System: Currently in Olympiad Period
2017.11.19 14:26:57,007	INFO	1	com.l2jserver.gameserver.model.olympiad.Olympiad	Olympiad System: 17133 minutes until period ends
2017.11.19 14:26:57,008	INFO	1	com.l2jserver.gameserver.model.olympiad.Olympiad	Olympiad System: Next weekly change is in 10079 minutes
2017.11.19 14:26:57,008	INFO	1	com.l2jserver.gameserver.model.olympiad.Olympiad	Olympiad System: Loaded 0 Nobles
2017.11.19 14:26:57,012	INFO	1	com.l2jserver.gameserver.model.olympiad.Olympiad	Olympiad System: Competition Period Starts in 0 days, 3 hours and 33 mins.
2017.11.19 14:26:57,025	INFO	1	com.l2jserver.gameserver.model.olympiad.Olympiad	Olympiad System: Event starts/started : Sun Nov 19 18:00:57 CST 2017
2017.11.19 14:26:57,038	INFO	1	com.l2jserver.gameserver.model.entity.Hero	Hero System: Loaded 0 Heroes.
2017.11.19 14:26:57,039	INFO	1	com.l2jserver.gameserver.model.entity.Hero	Hero System: Loaded 0 all time Heroes.
2017.11.19 14:26:57,039	INFO	1	com.l2jserver.gameserver.GameServer	---------------------------------------------=[ Seven Signs ]
2017.11.19 14:26:57,048	INFO	1	com.l2jserver.gameserver.SevenSigns	SevenSigns: Currently in the Competition (Quest Event) period.
2017.11.19 14:26:57,048	INFO	1	com.l2jserver.gameserver.SevenSigns	SevenSigns: The Seal of Avarice remains unclaimed.
2017.11.19 14:26:57,048	INFO	1	com.l2jserver.gameserver.SevenSigns	SevenSigns: The Seal of Gnosis remains unclaimed.
2017.11.19 14:26:57,049	INFO	1	com.l2jserver.gameserver.SevenSigns	SevenSigns: The Seal of Strife remains unclaimed.
2017.11.19 14:26:57,049	INFO	1	com.l2jserver.gameserver.SevenSigns	SevenSigns: The competition, if the current trend continues, will end in a tie this week.
2017.11.19 14:26:57,049	INFO	1	com.l2jserver.gameserver.SevenSigns	SevenSigns: Next period change set to Mon Nov 20 18:00:57 CST 2017.
2017.11.19 14:26:57,051	INFO	1	com.l2jserver.gameserver.SevenSigns	SevenSigns: Next period begins in 1 days, 3 hours and 33 mins.
2017.11.19 14:26:57,051	INFO	1	com.l2jserver.gameserver.GameServer	---------------------------------------------------=[ Cache ]
2017.11.19 14:26:57,054	INFO	1	com.l2jserver.gameserver.cache.HtmCache	Cache[HTML]: Running lazy cache
2017.11.19 14:26:57,070	INFO	1	com.l2jserver.gameserver.data.sql.impl.CrestTable	CrestTable: Loaded 0 Crests.
2017.11.19 14:26:57,084	INFO	1	com.l2jserver.gameserver.data.sql.impl.TeleportLocationTable	TeleportLocationTable: Loaded 957 Teleport Location Templates.
2017.11.19 14:26:57,104	INFO	1	com.l2jserver.util.data.xml.IXmlReader	UIData: Loaded 4 keys 5 categories.
2017.11.19 14:26:57,254	INFO	1	com.l2jserver.gameserver.datatables.AugmentationData	AugmentationData: Loaded: 33960 augmentations.
2017.11.19 14:26:57,255	INFO	1	com.l2jserver.gameserver.datatables.AugmentationData	AugmentationData: Loaded: 2754 accessory augmentations.
2017.11.19 14:26:57,268	INFO	1	com.l2jserver.gameserver.instancemanager.CursedWeaponsManager	CursedWeaponsManager: Loaded : 2 cursed weapon(s).
2017.11.19 14:26:58,927	INFO	1	com.l2jserver.util.data.xml.IXmlReader	TransformData: Loaded: 111 transform templates.
2017.11.19 14:26:58,946	INFO	1	com.l2jserver.gameserver.datatables.BotReportTable	BotReportTable: Loaded 0 bot reports
2017.11.19 14:26:58,948	INFO	1	com.l2jserver.gameserver.GameServer	-------------------------------------------------=[ Scripts ]
2017.11.19 14:26:58,958	INFO	1	com.l2jserver.gameserver.instancemanager.AirShipManager	AirShipManager: Loaded 0 private airships
2017.11.19 14:26:58,960	INFO	1	com.l2jserver.gameserver.GameServer	GameServer: Loading server scripts:
2017.11.19 14:27:06,443	INFO	1	handlers.MasterHandler	Loading Handlers...
2017.11.19 14:27:06,542	INFO	1	handlers.MasterHandler	ActionHandler: Loaded 10 Handlers
2017.11.19 14:27:06,542	INFO	1	handlers.MasterHandler	ActionShiftHandler: Loaded 6 Handlers
2017.11.19 14:27:06,542	INFO	1	handlers.MasterHandler	AdminCommandHandler: Loaded 447 Handlers
2017.11.19 14:27:06,543	INFO	1	handlers.MasterHandler	BypassHandler: Loaded 48 Handlers
2017.11.19 14:27:06,543	INFO	1	handlers.MasterHandler	ChatHandler: Loaded 14 Handlers
2017.11.19 14:27:06,543	INFO	1	handlers.MasterHandler	CommunityBoardHandler: Loaded 15 Handlers
2017.11.19 14:27:06,543	INFO	1	handlers.MasterHandler	ItemHandler: Loaded 31 Handlers
2017.11.19 14:27:06,543	INFO	1	handlers.MasterHandler	PunishmentHandler: Loaded 3 Handlers
2017.11.19 14:27:06,543	INFO	1	handlers.MasterHandler	UserCommandHandler: Loaded 17 Handlers
2017.11.19 14:27:06,543	INFO	1	handlers.MasterHandler	VoicedCommandHandler: Loaded 1 Handlers
2017.11.19 14:27:06,543	INFO	1	handlers.MasterHandler	TargetHandler: Loaded 35 Handlers
2017.11.19 14:27:06,543	INFO	1	handlers.MasterHandler	TelnetHandler: Loaded 20 Handlers
2017.11.19 14:27:06,543	INFO	1	handlers.MasterHandler	Handlers Loaded...
2017.11.19 14:27:22,419	INFO	1	com.l2jserver.util.data.xml.IXmlReader	NpcBuffersData: Loaded: 33 buffers data.
2017.11.19 14:27:30,283	INFO	1	com.l2jserver.gameserver.model.events.AbstractScript	Handy's Block Checker Event is enabled
2017.11.19 14:27:43,567	INFO	1	instances.InstanceLoader	InstanceLoader: Loading Instances scripts.
2017.11.19 14:27:44,206	INFO	1	gracia.GraciaLoader	GraciaLoader: Loading Gracia related scripts.
2017.11.19 14:27:45,071	INFO	1	hellbound.HellboundLoader	HellboundLoader: Loading Hellbound related scripts:
2017.11.19 14:27:45,095	INFO	1	com.l2jserver.util.data.xml.IXmlReader	HellboundPointData: Loaded 47 trust point reward data.
2017.11.19 14:27:45,153	INFO	1	com.l2jserver.util.data.xml.IXmlReader	HellboundSpawns: Loaded 598 Hellbound spawns.
2017.11.19 14:27:45,157	INFO	1	com.l2jserver.gameserver.model.events.AbstractScript	HellboundEngine: Level: 0
2017.11.19 14:27:45,157	INFO	1	com.l2jserver.gameserver.model.events.AbstractScript	HellboundEngine: Trust: 0
2017.11.19 14:27:45,157	INFO	1	com.l2jserver.gameserver.model.events.AbstractScript	HellboundEngine: Status: locked.
2017.11.19 14:27:45,345	INFO	1	com.l2jserver.gameserver.instancemanager.RaidBossSpawnManager	RaidBossSpawnManager: Loaded 187 Instances
2017.11.19 14:27:45,346	INFO	1	com.l2jserver.gameserver.instancemanager.RaidBossSpawnManager	RaidBossSpawnManager: Scheduled 0 Instances
2017.11.19 14:27:53,445	INFO	1	com.l2jserver.gameserver.model.events.AbstractScript	[EnhanceYourWeapon] Loaded 54 Soul Crystal data.
2017.11.19 14:27:53,445	INFO	1	com.l2jserver.gameserver.model.events.AbstractScript	[EnhanceYourWeapon] Loaded 240 npc Leveling info data.
2017.11.19 14:27:53,877	INFO	1	com.l2jserver.gameserver.model.events.AbstractScript	TerritoryWarSuperClass: Siege date: Sun Nov 19 22:00:00 CST 2017
2017.11.19 14:27:55,705	INFO	1	com.l2jserver.gameserver.model.entity.clanhall.ClanHallSiegeEngine	Bandit StrongHold siege scheduled for Sun Dec 03 12:00:00 CST 2017.
2017.11.19 14:27:55,993	INFO	1	com.l2jserver.gameserver.model.entity.clanhall.ClanHallSiegeEngine	Beast Farm siege scheduled for Sun Dec 03 12:00:00 CST 2017.
2017.11.19 14:27:56,122	INFO	1	com.l2jserver.gameserver.model.entity.clanhall.ClanHallSiegeEngine	Devastated Castle siege scheduled for Sun Dec 03 12:00:00 CST 2017.
2017.11.19 14:27:56,274	INFO	1	com.l2jserver.gameserver.model.entity.clanhall.ClanHallSiegeEngine	Fortress of Resistance siege scheduled for Sun Dec 03 12:00:00 CST 2017.
2017.11.19 14:27:56,398	INFO	1	com.l2jserver.gameserver.model.entity.clanhall.ClanHallSiegeEngine	Fortresss of the Dead siege scheduled for Sun Dec 03 12:00:00 CST 2017.
2017.11.19 14:27:56,560	INFO	1	com.l2jserver.gameserver.model.entity.clanhall.ClanHallSiegeEngine	Rainbow Springs siege scheduled for Sun Dec 03 12:00:00 CST 2017.
2017.11.19 14:27:58,828	INFO	1	com.l2jserver.util.data.xml.IXmlReader	SpawnTable: Loaded 3765 npc spawns.
2017.11.19 14:27:58,946	INFO	1	com.l2jserver.util.data.xml.IXmlReader	SpawnTable: Loaded 1190 npc spawns from XML.
2017.11.19 14:27:58,946	INFO	1	com.l2jserver.gameserver.instancemanager.DayNightSpawnManager	DayNightSpawnManager: Removed 0 night creatures
2017.11.19 14:27:58,950	INFO	1	com.l2jserver.gameserver.instancemanager.DayNightSpawnManager	DayNightSpawnManager: Spawned 232 day creatures
2017.11.19 14:27:58,958	INFO	1	com.l2jserver.gameserver.instancemanager.FourSepulchersManager	FourSepulchersManager: loaded 20 Mysterious-Box spawns.
2017.11.19 14:27:59,010	INFO	1	com.l2jserver.gameserver.instancemanager.FourSepulchersManager	FourSepulchersManager: loaded 716 Physical type monsters spawns.
2017.11.19 14:27:59,054	INFO	1	com.l2jserver.gameserver.instancemanager.FourSepulchersManager	FourSepulchersManager: loaded 716 Magical type monsters spawns.
2017.11.19 14:27:59,063	INFO	1	com.l2jserver.gameserver.instancemanager.FourSepulchersManager	FourSepulchersManager: loaded 92 Church of duke monsters spawns.
2017.11.19 14:27:59,076	INFO	1	com.l2jserver.gameserver.instancemanager.FourSepulchersManager	FourSepulchersManager: loaded 68 Emperor's grave NPC spawns.
2017.11.19 14:27:59,077	INFO	1	com.l2jserver.gameserver.instancemanager.FourSepulchersManager	FourSepulchersManager: spawned Conquerors' Sepulcher Manager
2017.11.19 14:27:59,078	INFO	1	com.l2jserver.gameserver.instancemanager.FourSepulchersManager	FourSepulchersManager: spawned Emperors' Sepulcher Manager
2017.11.19 14:27:59,078	INFO	1	com.l2jserver.gameserver.instancemanager.FourSepulchersManager	FourSepulchersManager: spawned Great Sages' Sepulcher Manager
2017.11.19 14:27:59,080	INFO	1	com.l2jserver.gameserver.instancemanager.FourSepulchersManager	FourSepulchersManager: spawned Judges' Sepulcher Manager
2017.11.19 14:27:59,081	INFO	1	com.l2jserver.gameserver.instancemanager.FourSepulchersManager	FourSepulchersManager: Beginning in Attack time
2017.11.19 14:27:59,089	INFO	1	com.l2jserver.gameserver.instancemanager.DimensionalRiftManager	DimensionalRiftManager: Loaded 7 room types with 56 rooms.
2017.11.19 14:27:59,113	INFO	1	com.l2jserver.gameserver.instancemanager.DimensionalRiftManager	DimensionalRiftManager: Loaded 462 dimensional rift spawns, 0 errors.
2017.11.19 14:27:59,114	INFO	1	com.l2jserver.gameserver.GameServer	---------------------------------------------------=[ Siege ]
2017.11.19 14:27:59,148	INFO	1	com.l2jserver.util.data.xml.IXmlReader	SiegeScheduleData: Loaded: 2 siege schedulers.
2017.11.19 14:27:59,151	INFO	1	com.l2jserver.gameserver.model.entity.Siege	Siege of Gludio: Sun Nov 19 16:00:00 CST 2017
2017.11.19 14:27:59,155	INFO	1	com.l2jserver.gameserver.model.entity.Siege	Siege of Dion: Sun Nov 19 16:00:00 CST 2017
2017.11.19 14:27:59,161	INFO	1	com.l2jserver.gameserver.model.entity.Siege	Siege of Giran: Sun Nov 19 16:00:00 CST 2017
2017.11.19 14:27:59,163	INFO	1	com.l2jserver.gameserver.model.entity.Siege	Siege of Oren: Sun Nov 19 16:00:00 CST 2017
2017.11.19 14:27:59,166	INFO	1	com.l2jserver.gameserver.model.entity.Siege	Siege of Aden: Sun Nov 19 16:00:00 CST 2017
2017.11.19 14:27:59,169	INFO	1	com.l2jserver.gameserver.model.entity.Siege	Siege of Innadril: Sun Nov 19 20:00:00 CST 2017
2017.11.19 14:27:59,172	INFO	1	com.l2jserver.gameserver.model.entity.Siege	Siege of Goddard: Sun Nov 19 20:00:00 CST 2017
2017.11.19 14:27:59,175	INFO	1	com.l2jserver.gameserver.model.entity.Siege	Siege of Rune: Sun Nov 19 20:00:00 CST 2017
2017.11.19 14:27:59,178	INFO	1	com.l2jserver.gameserver.model.entity.Siege	Siege of Schuttgart: Sun Nov 19 20:00:00 CST 2017
2017.11.19 14:27:59,321	INFO	1	com.l2jserver.gameserver.instancemanager.FortManager	FortManager: Loaded: 21 fortress
2017.11.19 14:27:59,503	INFO	1	com.l2jserver.util.data.xml.IXmlReader	CastleManorManager: Loaded 258 seeds.
2017.11.19 14:27:59,516	INFO	1	com.l2jserver.util.data.xml.IXmlReader	CastleManorManager: Manor data loaded.
2017.11.19 14:27:59,520	INFO	1	com.l2jserver.gameserver.instancemanager.MercTicketManager	MercTicketManager: Loaded: 0 Mercenary Tickets
2017.11.19 14:27:59,521	INFO	1	com.l2jserver.gameserver.instancemanager.QuestManager	QuestManager: Loaded: 520 quests.
2017.11.19 14:27:59,521	INFO	1	com.l2jserver.gameserver.instancemanager.QuestManager	QuestManager: Loaded: 268 scripts.
2017.11.19 14:27:59,574	INFO	1	com.l2jserver.gameserver.SevenSignsFestival	SevenSignsFestival: The first Festival of Darkness cycle begins in 2 minute(s).
2017.11.19 14:27:59,591	INFO	1	com.l2jserver.gameserver.script.faenor.FaenorEventParser	Event ID: (Valentines Event) has passed... Ignored.
2017.11.19 14:27:59,591	INFO	1	com.l2jserver.gameserver.script.faenor.FaenorScriptEngine	FaenorScriptEngine: Loaded  Valentines.xml successfully.
2017.11.19 14:27:59,591	INFO	1	com.l2jserver.gameserver.GameServer	AutoSpawnHandler: Loaded 129 handlers in total.
2017.11.19 14:27:59,630	INFO	1	com.l2jserver.gameserver.taskmanager.TaskManager	TaskManager: Loaded: 13 Tasks
2017.11.19 14:27:59,633	INFO	1	com.l2jserver.gameserver.instancemanager.MailManager	MailManager: Successfully loaded 0 messages.
2017.11.19 14:27:59,636	INFO	1	com.l2jserver.gameserver.instancemanager.PunishmentManager	PunishmentManager: Loaded 0 active and 0 expired punishments.
2017.11.19 14:27:59,637	INFO	1	com.l2jserver.gameserver.GameServer	IdFactory: Free ObjectID's remaining: 1879002373
2017.11.19 14:27:59,638	INFO	1	com.l2jserver.gameserver.model.entity.TvTManager	TvTEventEngine[TvTManager.TvTManager()]: Engine is disabled.
2017.11.19 14:28:04,228	INFO	1	com.l2jserver.gameserver.GameServer	GameServer: Started, free memory 1909 Mb of 3641 Mb
2017.11.19 14:28:04,357	INFO	256	com.l2jserver.gameserver.LoginServerThread	Connecting to login on 127.0.0.1:9014
2017.11.19 14:28:04,935	INFO	1	com.l2jserver.gameserver.GameServer	GameServer: is now listening on: *:7777
2017.11.19 14:28:04,937	INFO	1	com.l2jserver.gameserver.GameServer	GameServer: Maximum numbers of connected players: 500
2017.11.19 14:28:04,938	INFO	1	com.l2jserver.gameserver.GameServer	GameServer: Server loaded in 123 seconds.
2017.11.19 14:28:04,938	INFO	1	com.l2jserver.gameserver.GameServer	----------------------------------------------------=[ UPnP ]
2017.11.19 14:28:04,942	INFO	1	com.l2jserver.UPnPService	Looking for UPnP Gateway Devices...
2017.11.19 14:28:05,275	INFO	256	com.l2jserver.gameserver.LoginServerThread	Registered on login as Server 1: Bartz
2017.11.19 14:28:08,461	INFO	1	com.l2jserver.UPnPService	Using UPnP gateway: Internet Home Gateway Device
2017.11.19 14:28:08,479	INFO	1	com.l2jserver.UPnPService	Using local address: 192.168.1.104 External address: 187.154.186.65
2017.11.19 14:28:08,546	INFO	1	com.l2jserver.UPnPService	Mapping successful on 192.168.1.104:7777
2017.11.19 14:28:08,546	INFO	1	com.l2jserver.gameserver.GameServer	GameServer: Telnet server is currently disabled.
