2017.11.19 11:11:56,414	INFO	1	com.l2jserver.gameserver.GameServer	------------------------------------------------=[ Database ]
2017.11.19 11:11:56,478	INFO	1	com.l2jserver.gameserver.dao.factory.impl.DAOFactory	Using MySQL DAO Factory.
2017.11.19 11:11:56,486	INFO	1	com.l2jserver.commons.database.pool.impl.ConnectionFactory	Using HikariCP connection pool.
2017.11.19 11:11:56,487	INFO	1	com.l2jserver.gameserver.GameServer	GameServer: Used memory: 15MB.
2017.11.19 11:11:56,491	INFO	1	com.zaxxer.hikari.HikariDataSource	HikariPool-1 - Starting...
2017.11.19 11:11:56,751	INFO	1	com.zaxxer.hikari.HikariDataSource	HikariPool-1 - Start completed.
2017.11.19 11:11:56,759	INFO	1	com.l2jserver.gameserver.idfactory.BitSetIDFactory	Updated characters online status.
2017.11.19 11:11:56,800	INFO	1	com.l2jserver.gameserver.idfactory.BitSetIDFactory	Cleaned 0 elements from database in 0 s
2017.11.19 11:11:56,811	INFO	1	com.l2jserver.gameserver.idfactory.BitSetIDFactory	Cleaned 0 expired timestamps from database.
2017.11.19 11:11:56,821	INFO	1	com.l2jserver.gameserver.idfactory.BitSetIDFactory	BitSetIDFactory: 102912 id's available.
2017.11.19 11:11:56,823	INFO	1	com.l2jserver.gameserver.GameServer	-------------------------------------------------=[ Engines ]
2017.11.19 11:11:57,492	INFO	1	com.l2jserver.gameserver.scripting.L2ScriptEngineManager	Script Engine: Oracle Nashorn 1.8.0_144 - Language: ECMAScript - Language Version: ECMA - 262 Edition 5.1
2017.11.19 11:11:57,872	INFO	1	com.l2jserver.gameserver.scripting.L2ScriptEngineManager	Script Engine: jython 2.2.1 - Language: python - Language Version: 2.2.1
2017.11.19 11:11:57,878	INFO	1	com.l2jserver.gameserver.scripting.L2ScriptEngineManager	Script Engine: java 1.8 - Language: java - Language Version: 1.8
2017.11.19 11:11:57,953	INFO	1	com.l2jserver.gameserver.GameServer	---------------------------------------------------=[ World ]
2017.11.19 11:11:57,960	INFO	1	com.l2jserver.util.data.xml.IXmlReader	InstanceManager: Multiverse Instance created.
2017.11.19 11:11:57,961	INFO	1	com.l2jserver.util.data.xml.IXmlReader	InstanceManager: Universe Instance created.
2017.11.19 11:11:58,242	INFO	1	com.l2jserver.util.data.xml.IXmlReader	InstanceManager: Loaded 160 instance names.
2017.11.19 11:11:58,266	INFO	1	com.l2jserver.gameserver.model.L2World	L2World: (128 by 136) World Region Grid set up.
2017.11.19 11:11:58,534	INFO	1	com.l2jserver.util.data.xml.IXmlReader	MapRegionManager: Loaded 57 map regions.
2017.11.19 11:11:58,550	INFO	1	com.l2jserver.gameserver.instancemanager.GlobalVariablesManager	GlobalVariablesManager: Loaded 0 variables.
2017.11.19 11:11:58,551	INFO	1	com.l2jserver.gameserver.GameServer	----------------------------------------------------=[ Data ]
2017.11.19 11:11:58,631	INFO	1	com.l2jserver.util.data.xml.IXmlReader	CategoryData: Loaded 124 Categories.
2017.11.19 11:11:58,642	INFO	1	com.l2jserver.util.data.xml.IXmlReader	SecondaryAuthData: Loaded 328 forbidden passwords.
2017.11.19 11:11:58,643	INFO	1	com.l2jserver.gameserver.GameServer	-------------------------------------------------=[ Effects ]
2017.11.19 11:12:00,866	INFO	1	handlers.EffectMasterHandler	EffectMasterHandler: Loaded 160 effect handlers.
2017.11.19 11:12:00,868	INFO	1	com.l2jserver.gameserver.GameServer	------------------------------------=[ Enchant Skill Groups ]
2017.11.19 11:12:00,896	INFO	1	com.l2jserver.util.data.xml.IXmlReader	EnchantSkillGroupsData: Loaded 4 groups and 90 routes.
2017.11.19 11:12:00,898	INFO	1	com.l2jserver.gameserver.GameServer	---------------------------------------------=[ Skill Trees ]
2017.11.19 11:12:01,805	INFO	1	com.l2jserver.util.data.xml.IXmlReader	Loaded 17176 Class Skills for 103 Class Skill Trees.
2017.11.19 11:12:01,806	INFO	1	com.l2jserver.util.data.xml.IXmlReader	Loaded 76 Sub-Class Skills.
2017.11.19 11:12:01,807	INFO	1	com.l2jserver.util.data.xml.IXmlReader	Loaded 77 Transfer Skills for 3 Transfer Skill Trees.
2017.11.19 11:12:01,808	INFO	1	com.l2jserver.util.data.xml.IXmlReader	Loaded 117 Fishing Skills, 8 Dwarven only Fishing Skills.
2017.11.19 11:12:01,810	INFO	1	com.l2jserver.util.data.xml.IXmlReader	Loaded 3 Collect Skills.
2017.11.19 11:12:01,812	INFO	1	com.l2jserver.util.data.xml.IXmlReader	Loaded 74 Pledge Skills, 44 for Pledge and 30 Residential.
2017.11.19 11:12:01,813	INFO	1	com.l2jserver.util.data.xml.IXmlReader	Loaded 18 Sub-Pledge Skills.
2017.11.19 11:12:01,815	INFO	1	com.l2jserver.util.data.xml.IXmlReader	Loaded 32 Transform Skills.
2017.11.19 11:12:01,817	INFO	1	com.l2jserver.util.data.xml.IXmlReader	Loaded 8 Noble Skills.
2017.11.19 11:12:01,818	INFO	1	com.l2jserver.util.data.xml.IXmlReader	Loaded 5 Hero Skills.
2017.11.19 11:12:01,819	INFO	1	com.l2jserver.util.data.xml.IXmlReader	Loaded 46 Game Master Skills.
2017.11.19 11:12:01,821	INFO	1	com.l2jserver.util.data.xml.IXmlReader	Loaded 46 Game Master Aura Skills.
2017.11.19 11:12:01,822	INFO	1	com.l2jserver.gameserver.GameServer	--------------------------------------------------=[ Skills ]
2017.11.19 11:12:09,389	INFO	1	com.l2jserver.gameserver.engines.DocumentEngine	DocumentEngine: Loaded 65957 Skill templates from XML files.
2017.11.19 11:12:09,469	INFO	1	com.l2jserver.gameserver.data.sql.impl.SummonSkillsTable	SummonSkillsTable: Loaded 1891 skills.
2017.11.19 11:12:09,469	INFO	1	com.l2jserver.gameserver.GameServer	---------------------------------------------------=[ Items ]
2017.11.19 11:12:11,105	INFO	1	com.l2jserver.gameserver.datatables.ItemTable	ItemTable: Highest item id used:22567
2017.11.19 11:12:11,110	INFO	1	com.l2jserver.gameserver.datatables.ItemTable	ItemTable: Loaded: 11481 Etc Items
2017.11.19 11:12:11,111	INFO	1	com.l2jserver.gameserver.datatables.ItemTable	ItemTable: Loaded: 3825 Armor Items
2017.11.19 11:12:11,112	INFO	1	com.l2jserver.gameserver.datatables.ItemTable	ItemTable: Loaded: 3893 Weapon Items
2017.11.19 11:12:11,113	INFO	1	com.l2jserver.gameserver.datatables.ItemTable	ItemTable: Loaded: 19199 Items in total.
2017.11.19 11:12:11,123	INFO	1	com.l2jserver.util.data.xml.IXmlReader	EnchantItemGroupsData: Loaded: 4 item group templates.
2017.11.19 11:12:11,124	INFO	1	com.l2jserver.util.data.xml.IXmlReader	EnchantItemGroupsData: Loaded: 1 scroll group templates.
2017.11.19 11:12:11,136	INFO	1	com.l2jserver.util.data.xml.IXmlReader	EnchantItemData: Loaded 63 Enchant Scrolls.
2017.11.19 11:12:11,137	INFO	1	com.l2jserver.util.data.xml.IXmlReader	EnchantItemData: Loaded 20 Support Items.
2017.11.19 11:12:11,164	INFO	1	com.l2jserver.util.data.xml.IXmlReader	EnchantItemOptionsData: Loaded: 23 Items and 1093 Options.
2017.11.19 11:12:12,763	INFO	1	com.l2jserver.util.data.xml.IXmlReader	OptionData: Loaded: 24985 Options.
2017.11.19 11:12:12,780	INFO	1	com.l2jserver.util.data.xml.IXmlReader	EnchantItemHPBonusData: Loaded 6 Enchant HP Bonuses.
2017.11.19 11:12:12,785	INFO	1	com.l2jserver.gameserver.datatables.MerchantPriceConfigTable	MerchantPriceConfigTable: Loaded 28 merchant price configs.
2017.11.19 11:12:14,601	INFO	1	com.l2jserver.util.data.xml.IXmlReader	BuyListData: Loaded 760 BuyLists.
2017.11.19 11:12:15,277	INFO	1	com.l2jserver.util.data.xml.IXmlReader	MultisellData: Loaded 192 multisell lists.
2017.11.19 11:12:15,344	INFO	1	com.l2jserver.util.data.xml.IXmlReader	RecipeData: Loaded 1000 recipes.
2017.11.19 11:12:15,397	INFO	1	com.l2jserver.util.data.xml.IXmlReader	ArmorSetsData: Loaded 198 Armor sets.
2017.11.19 11:12:15,411	INFO	1	com.l2jserver.util.data.xml.IXmlReader	FishData: Loaded 278 Fish.
2017.11.19 11:12:15,416	INFO	1	com.l2jserver.util.data.xml.IXmlReader	FishingMonstersData: Loaded 8 Fishing Monsters.
2017.11.19 11:12:15,420	INFO	1	com.l2jserver.util.data.xml.IXmlReader	FishingRodsData: Loaded 6 Fishing Rods.
2017.11.19 11:12:15,480	INFO	1	com.l2jserver.util.data.xml.IXmlReader	HennaData: Loaded 180 Henna data.
2017.11.19 11:12:15,481	INFO	1	com.l2jserver.gameserver.GameServer	----------------------------------------------=[ Characters ]
2017.11.19 11:12:15,488	INFO	1	com.l2jserver.util.data.xml.IXmlReader	ClassListData: Loaded 107 Class data.
2017.11.19 11:12:15,495	INFO	1	com.l2jserver.util.data.xml.IXmlReader	InitialEquipmentData: Loaded 11 Initial Equipment data.
2017.11.19 11:12:15,503	INFO	1	com.l2jserver.util.data.xml.IXmlReader	InitialShortcutData: Loaded 5 Initial Global Shortcuts data.
2017.11.19 11:12:15,505	INFO	1	com.l2jserver.util.data.xml.IXmlReader	InitialShortcutData: Loaded 4 Initial Shortcuts data.
2017.11.19 11:12:15,507	INFO	1	com.l2jserver.util.data.xml.IXmlReader	InitialShortcutData: Loaded 0 Macros presets.
2017.11.19 11:12:15,577	INFO	1	com.l2jserver.util.data.xml.IXmlReader	KarmaData: Loaded 85 karma modifiers.
2017.11.19 11:12:15,582	INFO	1	com.l2jserver.util.data.xml.IXmlReader	HitConditionBonusData: Loaded Hit Condition bonuses.
2017.11.19 11:12:16,290	INFO	1	com.l2jserver.util.data.xml.IXmlReader	PlayerTemplateData: Loaded 103 character templates.
2017.11.19 11:12:16,291	INFO	1	com.l2jserver.util.data.xml.IXmlReader	PlayerTemplateData: Loaded 52530 level up gain records.
2017.11.19 11:12:16,298	INFO	1	com.l2jserver.util.data.xml.IXmlReader	PlayerCreationPointData: Loaded 62 character creation points.
2017.11.19 11:12:16,302	INFO	1	com.l2jserver.gameserver.data.sql.impl.CharNameTable	CharNameTable: Loaded 0 char names.
2017.11.19 11:12:16,310	INFO	1	com.l2jserver.util.data.xml.IXmlReader	AdminData: Loaded: 10 Access Levels.
2017.11.19 11:12:16,318	INFO	1	com.l2jserver.util.data.xml.IXmlReader	AdminData: Loaded: 444 Access Commands.
2017.11.19 11:12:16,321	INFO	1	com.l2jserver.gameserver.instancemanager.RaidBossPointsManager	RaidBossPointsManager: Loaded 0 Characters Raid Points.
2017.11.19 11:12:16,984	INFO	1	com.l2jserver.util.data.xml.IXmlReader	PetDataTable: Loaded 52 Pets.
2017.11.19 11:12:16,990	INFO	1	com.l2jserver.gameserver.GameServer	---------------------------------------------------=[ Clans ]
2017.11.19 11:12:17,010	INFO	1	com.l2jserver.gameserver.communitybbs.Manager.ForumsBBSManager	Loaded 4 forums. Last forum id used: 4
2017.11.19 11:12:17,011	INFO	1	com.l2jserver.gameserver.data.sql.impl.ClanTable	ClanTable: Restored 0 clans from the database.
2017.11.19 11:12:17,023	INFO	1	com.l2jserver.gameserver.instancemanager.CHSiegeManager	CHSiegeManager: Loaded 6 conquerable clan halls.
2017.11.19 11:12:17,105	INFO	1	com.l2jserver.gameserver.instancemanager.AuctionManager	AuctionManager: Loaded: 38 auction(s)
2017.11.19 11:12:17,109	INFO	1	com.l2jserver.gameserver.instancemanager.ClanHallManager	ClanHallManager: Loaded: 0 clan halls
2017.11.19 11:12:17,109	INFO	1	com.l2jserver.gameserver.instancemanager.ClanHallManager	ClanHallManager: Loaded: 38 free clan halls
2017.11.19 11:12:17,110	INFO	1	com.l2jserver.gameserver.GameServer	-------------------------------------------------=[ Geodata ]
2017.11.19 11:12:17,124	INFO	1	com.l2jserver.gameserver.GeoData	GeoData: Loading 11_23.l2j...
2017.11.19 11:12:17,157	INFO	1	com.l2jserver.gameserver.GeoData	GeoData: Loading 11_24.l2j...
2017.11.19 11:12:17,163	INFO	1	com.l2jserver.gameserver.GeoData	GeoData: Loading 11_25.l2j...
2017.11.19 11:12:17,167	INFO	1	com.l2jserver.gameserver.GeoData	GeoData: Loading 11_26.l2j...
2017.11.19 11:12:17,179	INFO	1	com.l2jserver.gameserver.GeoData	GeoData: Loading 12_23.l2j...
2017.11.19 11:12:17,185	INFO	1	com.l2jserver.gameserver.GeoData	GeoData: Loading 12_24.l2j...
2017.11.19 11:12:17,217	INFO	1	com.l2jserver.gameserver.GeoData	GeoData: Loading 12_25.l2j...
2017.11.19 11:12:17,250	INFO	1	com.l2jserver.gameserver.GeoData	GeoData: Loading 12_26.l2j...
2017.11.19 11:12:17,260	INFO	1	com.l2jserver.gameserver.GeoData	GeoData: Loading 13_21.l2j...
2017.11.19 11:12:17,264	INFO	1	com.l2jserver.gameserver.GeoData	GeoData: Loading 13_22.l2j...
2017.11.19 11:12:17,268	INFO	1	com.l2jserver.gameserver.GeoData	GeoData: Loading 13_23.l2j...
2017.11.19 11:12:17,285	INFO	1	com.l2jserver.gameserver.GeoData	GeoData: Loading 13_24.l2j...
2017.11.19 11:12:17,298	INFO	1	com.l2jserver.gameserver.GeoData	GeoData: Loading 13_25.l2j...
2017.11.19 11:12:17,311	INFO	1	com.l2jserver.gameserver.GeoData	GeoData: Loading 13_26.l2j...
2017.11.19 11:12:17,319	INFO	1	com.l2jserver.gameserver.GeoData	GeoData: Loading 14_21.l2j...
2017.11.19 11:12:17,323	INFO	1	com.l2jserver.gameserver.GeoData	GeoData: Loading 14_22.l2j...
2017.11.19 11:12:17,341	INFO	1	com.l2jserver.gameserver.GeoData	GeoData: Loading 14_23.l2j...
2017.11.19 11:12:17,371	INFO	1	com.l2jserver.gameserver.GeoData	GeoData: Loading 14_24.l2j...
2017.11.19 11:12:17,390	INFO	1	com.l2jserver.gameserver.GeoData	GeoData: Loading 14_25.l2j...
2017.11.19 11:12:17,408	INFO	1	com.l2jserver.gameserver.GeoData	GeoData: Loading 14_26.l2j...
2017.11.19 11:12:17,414	INFO	1	com.l2jserver.gameserver.GeoData	GeoData: Loading 15_10.l2j...
2017.11.19 11:12:17,420	INFO	1	com.l2jserver.gameserver.GeoData	GeoData: Loading 15_11.l2j...
2017.11.19 11:12:17,427	INFO	1	com.l2jserver.gameserver.GeoData	GeoData: Loading 15_12.l2j...
2017.11.19 11:12:17,434	INFO	1	com.l2jserver.gameserver.GeoData	GeoData: Loading 15_18.l2j...
2017.11.19 11:12:17,437	INFO	1	com.l2jserver.gameserver.GeoData	GeoData: Loading 15_19.l2j...
2017.11.19 11:12:17,443	INFO	1	com.l2jserver.gameserver.GeoData	GeoData: Loading 15_20.l2j...
2017.11.19 11:12:17,446	INFO	1	com.l2jserver.gameserver.GeoData	GeoData: Loading 15_21.l2j...
2017.11.19 11:12:17,448	INFO	1	com.l2jserver.gameserver.GeoData	GeoData: Loading 15_22.l2j...
2017.11.19 11:12:17,451	INFO	1	com.l2jserver.gameserver.GeoData	GeoData: Loading 15_23.l2j...
2017.11.19 11:12:17,453	INFO	1	com.l2jserver.gameserver.GeoData	GeoData: Loading 15_24.l2j...
2017.11.19 11:12:17,457	INFO	1	com.l2jserver.gameserver.GeoData	GeoData: Loading 15_25.l2j...
2017.11.19 11:12:17,462	INFO	1	com.l2jserver.gameserver.GeoData	GeoData: Loading 15_26.l2j...
2017.11.19 11:12:17,467	INFO	1	com.l2jserver.gameserver.GeoData	GeoData: Loading 16_10.l2j...
2017.11.19 11:12:17,495	INFO	1	com.l2jserver.gameserver.GeoData	GeoData: Loading 16_11.l2j...
2017.11.19 11:12:17,500	INFO	1	com.l2jserver.gameserver.GeoData	GeoData: Loading 16_12.l2j...
2017.11.19 11:12:17,505	INFO	1	com.l2jserver.gameserver.GeoData	GeoData: Loading 16_13.l2j...
2017.11.19 11:12:17,509	INFO	1	com.l2jserver.gameserver.GeoData	GeoData: Loading 16_14.l2j...
2017.11.19 11:12:17,513	INFO	1	com.l2jserver.gameserver.GeoData	GeoData: Loading 16_15.l2j...
2017.11.19 11:12:17,516	INFO	1	com.l2jserver.gameserver.GeoData	GeoData: Loading 16_16.l2j...
2017.11.19 11:12:17,518	INFO	1	com.l2jserver.gameserver.GeoData	GeoData: Loading 16_17.l2j...
2017.11.19 11:12:17,520	INFO	1	com.l2jserver.gameserver.GeoData	GeoData: Loading 16_18.l2j...
2017.11.19 11:12:17,523	INFO	1	com.l2jserver.gameserver.GeoData	GeoData: Loading 16_19.l2j...
2017.11.19 11:12:17,541	INFO	1	com.l2jserver.gameserver.GeoData	GeoData: Loading 16_20.l2j...
2017.11.19 11:12:17,553	INFO	1	com.l2jserver.gameserver.GeoData	GeoData: Loading 16_21.l2j...
2017.11.19 11:12:17,557	INFO	1	com.l2jserver.gameserver.GeoData	GeoData: Loading 16_22.l2j...
2017.11.19 11:12:17,559	INFO	1	com.l2jserver.gameserver.GeoData	GeoData: Loading 16_23.l2j...
2017.11.19 11:12:17,561	INFO	1	com.l2jserver.gameserver.GeoData	GeoData: Loading 16_24.l2j...
2017.11.19 11:12:17,567	INFO	1	com.l2jserver.gameserver.GeoData	GeoData: Loading 16_25.l2j...
2017.11.19 11:12:17,576	INFO	1	com.l2jserver.gameserver.GeoData	GeoData: Loading 16_26.l2j...
2017.11.19 11:12:17,578	INFO	1	com.l2jserver.gameserver.GeoData	GeoData: Loading 17_10.l2j...
2017.11.19 11:12:17,580	INFO	1	com.l2jserver.gameserver.GeoData	GeoData: Loading 17_11.l2j...
2017.11.19 11:12:17,582	INFO	1	com.l2jserver.gameserver.GeoData	GeoData: Loading 17_12.l2j...
2017.11.19 11:12:17,585	INFO	1	com.l2jserver.gameserver.GeoData	GeoData: Loading 17_13.l2j...
2017.11.19 11:12:17,588	INFO	1	com.l2jserver.gameserver.GeoData	GeoData: Loading 17_14.l2j...
2017.11.19 11:12:17,591	INFO	1	com.l2jserver.gameserver.GeoData	GeoData: Loading 17_15.l2j...
2017.11.19 11:12:17,598	INFO	1	com.l2jserver.gameserver.GeoData	GeoData: Loading 17_16.l2j...
2017.11.19 11:12:17,610	INFO	1	com.l2jserver.gameserver.GeoData	GeoData: Loading 17_17.l2j...
2017.11.19 11:12:17,612	INFO	1	com.l2jserver.gameserver.GeoData	GeoData: Loading 17_18.l2j...
2017.11.19 11:12:17,615	INFO	1	com.l2jserver.gameserver.GeoData	GeoData: Loading 17_19.l2j...
2017.11.19 11:12:17,628	INFO	1	com.l2jserver.gameserver.GeoData	GeoData: Loading 17_20.l2j...
2017.11.19 11:12:17,639	INFO	1	com.l2jserver.gameserver.GeoData	GeoData: Loading 17_21.l2j...
2017.11.19 11:12:17,650	INFO	1	com.l2jserver.gameserver.GeoData	GeoData: Loading 17_22.l2j...
2017.11.19 11:12:17,663	INFO	1	com.l2jserver.gameserver.GeoData	GeoData: Loading 17_23.l2j...
2017.11.19 11:12:17,670	INFO	1	com.l2jserver.gameserver.GeoData	GeoData: Loading 17_24.l2j...
2017.11.19 11:12:17,674	INFO	1	com.l2jserver.gameserver.GeoData	GeoData: Loading 17_25.l2j...
2017.11.19 11:12:17,683	INFO	1	com.l2jserver.gameserver.GeoData	GeoData: Loading 17_26.l2j...
2017.11.19 11:12:17,685	INFO	1	com.l2jserver.gameserver.GeoData	GeoData: Loading 18_10.l2j...
2017.11.19 11:12:17,688	INFO	1	com.l2jserver.gameserver.GeoData	GeoData: Loading 18_11.l2j...
2017.11.19 11:12:17,691	INFO	1	com.l2jserver.gameserver.GeoData	GeoData: Loading 18_12.l2j...
2017.11.19 11:12:17,694	INFO	1	com.l2jserver.gameserver.GeoData	GeoData: Loading 18_13.l2j...
2017.11.19 11:12:17,696	INFO	1	com.l2jserver.gameserver.GeoData	GeoData: Loading 18_14.l2j...
2017.11.19 11:12:17,706	INFO	1	com.l2jserver.gameserver.GeoData	GeoData: Loading 18_15.l2j...
2017.11.19 11:12:17,716	INFO	1	com.l2jserver.gameserver.GeoData	GeoData: Loading 18_16.l2j...
2017.11.19 11:12:18,123	INFO	1	com.l2jserver.gameserver.GeoData	GeoData: Loading 18_17.l2j...
2017.11.19 11:12:18,127	INFO	1	com.l2jserver.gameserver.GeoData	GeoData: Loading 18_18.l2j...
2017.11.19 11:12:18,136	INFO	1	com.l2jserver.gameserver.GeoData	GeoData: Loading 18_19.l2j...
2017.11.19 11:12:18,159	INFO	1	com.l2jserver.gameserver.GeoData	GeoData: Loading 18_20.l2j...
2017.11.19 11:12:18,180	INFO	1	com.l2jserver.gameserver.GeoData	GeoData: Loading 18_21.l2j...
2017.11.19 11:12:18,253	INFO	1	com.l2jserver.gameserver.GeoData	GeoData: Loading 18_22.l2j...
2017.11.19 11:12:18,299	INFO	1	com.l2jserver.gameserver.GeoData	GeoData: Loading 18_23.l2j...
2017.11.19 11:12:18,317	INFO	1	com.l2jserver.gameserver.GeoData	GeoData: Loading 18_24.l2j...
2017.11.19 11:12:18,342	INFO	1	com.l2jserver.gameserver.GeoData	GeoData: Loading 18_25.l2j...
2017.11.19 11:12:18,348	INFO	1	com.l2jserver.gameserver.GeoData	GeoData: Loading 18_26.l2j...
2017.11.19 11:12:18,354	INFO	1	com.l2jserver.gameserver.GeoData	GeoData: Loading 19_10.l2j...
2017.11.19 11:12:18,359	INFO	1	com.l2jserver.gameserver.GeoData	GeoData: Loading 19_11.l2j...
2017.11.19 11:12:18,361	INFO	1	com.l2jserver.gameserver.GeoData	GeoData: Loading 19_12.l2j...
2017.11.19 11:12:18,364	INFO	1	com.l2jserver.gameserver.GeoData	GeoData: Loading 19_13.l2j...
2017.11.19 11:12:18,374	INFO	1	com.l2jserver.gameserver.GeoData	GeoData: Loading 19_14.l2j...
2017.11.19 11:12:18,389	INFO	1	com.l2jserver.gameserver.GeoData	GeoData: Loading 19_15.l2j...
2017.11.19 11:12:18,401	INFO	1	com.l2jserver.gameserver.GeoData	GeoData: Loading 19_16.l2j...
2017.11.19 11:12:18,410	INFO	1	com.l2jserver.gameserver.GeoData	GeoData: Loading 19_17.l2j...
2017.11.19 11:12:18,418	INFO	1	com.l2jserver.gameserver.GeoData	GeoData: Loading 19_18.l2j...
2017.11.19 11:12:18,438	INFO	1	com.l2jserver.gameserver.GeoData	GeoData: Loading 19_19.l2j...
2017.11.19 11:12:18,455	INFO	1	com.l2jserver.gameserver.GeoData	GeoData: Loading 19_20.l2j...
2017.11.19 11:12:18,477	INFO	1	com.l2jserver.gameserver.GeoData	GeoData: Loading 19_21.l2j...
2017.11.19 11:12:18,491	INFO	1	com.l2jserver.gameserver.GeoData	GeoData: Loading 19_22.l2j...
2017.11.19 11:12:18,507	INFO	1	com.l2jserver.gameserver.GeoData	GeoData: Loading 19_23.l2j...
2017.11.19 11:12:18,520	INFO	1	com.l2jserver.gameserver.GeoData	GeoData: Loading 19_24.l2j...
2017.11.19 11:12:18,531	INFO	1	com.l2jserver.gameserver.GeoData	GeoData: Loading 19_25.l2j...
2017.11.19 11:12:18,549	INFO	1	com.l2jserver.gameserver.GeoData	GeoData: Loading 19_26.l2j...
2017.11.19 11:12:18,554	INFO	1	com.l2jserver.gameserver.GeoData	GeoData: Loading 20_10.l2j...
2017.11.19 11:12:18,559	INFO	1	com.l2jserver.gameserver.GeoData	GeoData: Loading 20_11.l2j...
2017.11.19 11:12:18,563	INFO	1	com.l2jserver.gameserver.GeoData	GeoData: Loading 20_12.l2j...
2017.11.19 11:12:18,567	INFO	1	com.l2jserver.gameserver.GeoData	GeoData: Loading 20_13.l2j...
2017.11.19 11:12:18,580	INFO	1	com.l2jserver.gameserver.GeoData	GeoData: Loading 20_14.l2j...
2017.11.19 11:12:18,931	INFO	1	com.l2jserver.gameserver.GeoData	GeoData: Loading 20_15.l2j...
2017.11.19 11:12:18,944	INFO	1	com.l2jserver.gameserver.GeoData	GeoData: Loading 20_16.l2j...
2017.11.19 11:12:18,955	INFO	1	com.l2jserver.gameserver.GeoData	GeoData: Loading 20_17.l2j...
2017.11.19 11:12:18,969	INFO	1	com.l2jserver.gameserver.GeoData	GeoData: Loading 20_18.l2j...
2017.11.19 11:12:18,980	INFO	1	com.l2jserver.gameserver.GeoData	GeoData: Loading 20_19.l2j...
2017.11.19 11:12:18,996	INFO	1	com.l2jserver.gameserver.GeoData	GeoData: Loading 20_20.l2j...
2017.11.19 11:12:19,013	INFO	1	com.l2jserver.gameserver.GeoData	GeoData: Loading 20_21.l2j...
2017.11.19 11:12:19,029	INFO	1	com.l2jserver.gameserver.GeoData	GeoData: Loading 20_22.l2j...
2017.11.19 11:12:19,043	INFO	1	com.l2jserver.gameserver.GeoData	GeoData: Loading 20_23.l2j...
2017.11.19 11:12:19,058	INFO	1	com.l2jserver.gameserver.GeoData	GeoData: Loading 20_24.l2j...
2017.11.19 11:12:19,061	INFO	1	com.l2jserver.gameserver.GeoData	GeoData: Loading 20_25.l2j...
2017.11.19 11:12:19,073	INFO	1	com.l2jserver.gameserver.GeoData	GeoData: Loading 20_26.l2j...
2017.11.19 11:12:19,077	INFO	1	com.l2jserver.gameserver.GeoData	GeoData: Loading 21_10.l2j...
2017.11.19 11:12:19,080	INFO	1	com.l2jserver.gameserver.GeoData	GeoData: Loading 21_11.l2j...
2017.11.19 11:12:19,083	INFO	1	com.l2jserver.gameserver.GeoData	GeoData: Loading 21_12.l2j...
2017.11.19 11:12:19,085	INFO	1	com.l2jserver.gameserver.GeoData	GeoData: Loading 21_13.l2j...
2017.11.19 11:12:19,087	INFO	1	com.l2jserver.gameserver.GeoData	GeoData: Loading 21_14.l2j...
2017.11.19 11:12:19,103	INFO	1	com.l2jserver.gameserver.GeoData	GeoData: Loading 21_15.l2j...
2017.11.19 11:12:19,117	INFO	1	com.l2jserver.gameserver.GeoData	GeoData: Loading 21_16.l2j...
2017.11.19 11:12:19,134	INFO	1	com.l2jserver.gameserver.GeoData	GeoData: Loading 21_17.l2j...
2017.11.19 11:12:19,140	INFO	1	com.l2jserver.gameserver.GeoData	GeoData: Loading 21_18.l2j...
2017.11.19 11:12:19,156	INFO	1	com.l2jserver.gameserver.GeoData	GeoData: Loading 21_19.l2j...
2017.11.19 11:12:19,173	INFO	1	com.l2jserver.gameserver.GeoData	GeoData: Loading 21_20.l2j...
2017.11.19 11:12:19,190	INFO	1	com.l2jserver.gameserver.GeoData	GeoData: Loading 21_21.l2j...
2017.11.19 11:12:19,206	INFO	1	com.l2jserver.gameserver.GeoData	GeoData: Loading 21_22.l2j...
2017.11.19 11:12:19,222	INFO	1	com.l2jserver.gameserver.GeoData	GeoData: Loading 21_23.l2j...
2017.11.19 11:12:23,149	INFO	1	com.l2jserver.gameserver.GeoData	GeoData: Loading 21_24.l2j...
2017.11.19 11:12:23,161	INFO	1	com.l2jserver.gameserver.GeoData	GeoData: Loading 21_25.l2j...
2017.11.19 11:12:23,165	INFO	1	com.l2jserver.gameserver.GeoData	GeoData: Loading 22_10.l2j...
2017.11.19 11:12:23,169	INFO	1	com.l2jserver.gameserver.GeoData	GeoData: Loading 22_11.l2j...
2017.11.19 11:12:23,179	INFO	1	com.l2jserver.gameserver.GeoData	GeoData: Loading 22_12.l2j...
2017.11.19 11:12:23,182	INFO	1	com.l2jserver.gameserver.GeoData	GeoData: Loading 22_13.l2j...
2017.11.19 11:12:23,193	INFO	1	com.l2jserver.gameserver.GeoData	GeoData: Loading 22_14.l2j...
2017.11.19 11:12:23,211	INFO	1	com.l2jserver.gameserver.GeoData	GeoData: Loading 22_15.l2j...
2017.11.19 11:12:23,226	INFO	1	com.l2jserver.gameserver.GeoData	GeoData: Loading 22_16.l2j...
2017.11.19 11:12:23,240	INFO	1	com.l2jserver.gameserver.GeoData	GeoData: Loading 22_17.l2j...
2017.11.19 11:12:23,250	INFO	1	com.l2jserver.gameserver.GeoData	GeoData: Loading 22_18.l2j...
2017.11.19 11:12:23,263	INFO	1	com.l2jserver.gameserver.GeoData	GeoData: Loading 22_19.l2j...
2017.11.19 11:12:23,278	INFO	1	com.l2jserver.gameserver.GeoData	GeoData: Loading 22_20.l2j...
2017.11.19 11:12:23,291	INFO	1	com.l2jserver.gameserver.GeoData	GeoData: Loading 22_21.l2j...
2017.11.19 11:12:23,304	INFO	1	com.l2jserver.gameserver.GeoData	GeoData: Loading 22_22.l2j...
2017.11.19 11:12:23,318	INFO	1	com.l2jserver.gameserver.GeoData	GeoData: Loading 22_23.l2j...
2017.11.19 11:12:23,331	INFO	1	com.l2jserver.gameserver.GeoData	GeoData: Loading 22_24.l2j...
2017.11.19 11:12:23,344	INFO	1	com.l2jserver.gameserver.GeoData	GeoData: Loading 22_25.l2j...
2017.11.19 11:12:23,354	INFO	1	com.l2jserver.gameserver.GeoData	GeoData: Loading 22_26.l2j...
2017.11.19 11:12:23,356	INFO	1	com.l2jserver.gameserver.GeoData	GeoData: Loading 23_10.l2j...
2017.11.19 11:12:23,359	INFO	1	com.l2jserver.gameserver.GeoData	GeoData: Loading 23_11.l2j...
2017.11.19 11:12:23,369	INFO	1	com.l2jserver.gameserver.GeoData	GeoData: Loading 23_12.l2j...
2017.11.19 11:12:23,382	INFO	1	com.l2jserver.gameserver.GeoData	GeoData: Loading 23_13.l2j...
2017.11.19 11:12:23,398	INFO	1	com.l2jserver.gameserver.GeoData	GeoData: Loading 23_14.l2j...
2017.11.19 11:12:23,416	INFO	1	com.l2jserver.gameserver.GeoData	GeoData: Loading 23_15.l2j...
2017.11.19 11:12:23,804	INFO	1	com.l2jserver.gameserver.GeoData	GeoData: Loading 23_16.l2j...
2017.11.19 11:12:23,820	INFO	1	com.l2jserver.gameserver.GeoData	GeoData: Loading 23_17.l2j...
2017.11.19 11:12:23,837	INFO	1	com.l2jserver.gameserver.GeoData	GeoData: Loading 23_18.l2j...
2017.11.19 11:12:23,857	INFO	1	com.l2jserver.gameserver.GeoData	GeoData: Loading 23_19.l2j...
2017.11.19 11:12:23,877	INFO	1	com.l2jserver.gameserver.GeoData	GeoData: Loading 23_20.l2j...
2017.11.19 11:12:23,892	INFO	1	com.l2jserver.gameserver.GeoData	GeoData: Loading 23_21.l2j...
2017.11.19 11:12:23,906	INFO	1	com.l2jserver.gameserver.GeoData	GeoData: Loading 23_22.l2j...
2017.11.19 11:12:23,919	INFO	1	com.l2jserver.gameserver.GeoData	GeoData: Loading 23_23.l2j...
2017.11.19 11:12:23,934	INFO	1	com.l2jserver.gameserver.GeoData	GeoData: Loading 23_24.l2j...
2017.11.19 11:12:23,947	INFO	1	com.l2jserver.gameserver.GeoData	GeoData: Loading 23_25.l2j...
2017.11.19 11:12:23,958	INFO	1	com.l2jserver.gameserver.GeoData	GeoData: Loading 23_26.l2j...
2017.11.19 11:12:23,962	INFO	1	com.l2jserver.gameserver.GeoData	GeoData: Loading 24_10.l2j...
2017.11.19 11:12:23,966	INFO	1	com.l2jserver.gameserver.GeoData	GeoData: Loading 24_11.l2j...
2017.11.19 11:12:23,979	INFO	1	com.l2jserver.gameserver.GeoData	GeoData: Loading 24_12.l2j...
2017.11.19 11:12:23,996	INFO	1	com.l2jserver.gameserver.GeoData	GeoData: Loading 24_13.l2j...
2017.11.19 11:12:24,008	INFO	1	com.l2jserver.gameserver.GeoData	GeoData: Loading 24_14.l2j...
2017.11.19 11:12:24,021	INFO	1	com.l2jserver.gameserver.GeoData	GeoData: Loading 24_15.l2j...
2017.11.19 11:12:24,035	INFO	1	com.l2jserver.gameserver.GeoData	GeoData: Loading 24_16.l2j...
2017.11.19 11:12:24,053	INFO	1	com.l2jserver.gameserver.GeoData	GeoData: Loading 24_17.l2j...
2017.11.19 11:12:24,066	INFO	1	com.l2jserver.gameserver.GeoData	GeoData: Loading 24_18.l2j...
2017.11.19 11:12:24,082	INFO	1	com.l2jserver.gameserver.GeoData	GeoData: Loading 24_19.l2j...
2017.11.19 11:12:24,095	INFO	1	com.l2jserver.gameserver.GeoData	GeoData: Loading 24_20.l2j...
2017.11.19 11:12:27,833	INFO	1	com.l2jserver.gameserver.GeoData	GeoData: Loading 24_21.l2j...
2017.11.19 11:12:27,841	INFO	1	com.l2jserver.gameserver.GeoData	GeoData: Loading 24_22.l2j...
2017.11.19 11:12:27,856	INFO	1	com.l2jserver.gameserver.GeoData	GeoData: Loading 24_23.l2j...
2017.11.19 11:12:27,870	INFO	1	com.l2jserver.gameserver.GeoData	GeoData: Loading 24_24.l2j...
2017.11.19 11:12:27,874	INFO	1	com.l2jserver.gameserver.GeoData	GeoData: Loading 24_25.l2j...
2017.11.19 11:12:27,877	INFO	1	com.l2jserver.gameserver.GeoData	GeoData: Loading 24_26.l2j...
2017.11.19 11:12:27,880	INFO	1	com.l2jserver.gameserver.GeoData	GeoData: Loading 25_10.l2j...
2017.11.19 11:12:27,883	INFO	1	com.l2jserver.gameserver.GeoData	GeoData: Loading 25_11.l2j...
2017.11.19 11:12:27,901	INFO	1	com.l2jserver.gameserver.GeoData	GeoData: Loading 25_12.l2j...
2017.11.19 11:12:27,922	INFO	1	com.l2jserver.gameserver.GeoData	GeoData: Loading 25_14.l2j...
2017.11.19 11:12:27,946	INFO	1	com.l2jserver.gameserver.GeoData	GeoData: Loading 25_15.l2j...
2017.11.19 11:12:27,968	INFO	1	com.l2jserver.gameserver.GeoData	GeoData: Loading 25_16.l2j...
2017.11.19 11:12:27,981	INFO	1	com.l2jserver.gameserver.GeoData	GeoData: Loading 25_17.l2j...
2017.11.19 11:12:27,995	INFO	1	com.l2jserver.gameserver.GeoData	GeoData: Loading 25_18.l2j...
2017.11.19 11:12:28,006	INFO	1	com.l2jserver.gameserver.GeoData	GeoData: Loading 25_19.l2j...
2017.11.19 11:12:28,021	INFO	1	com.l2jserver.gameserver.GeoData	GeoData: Loading 25_20.l2j...
2017.11.19 11:12:28,028	INFO	1	com.l2jserver.gameserver.GeoData	GeoData: Loading 25_21.l2j...
2017.11.19 11:12:28,032	INFO	1	com.l2jserver.gameserver.GeoData	GeoData: Loading 25_22.l2j...
2017.11.19 11:12:28,035	INFO	1	com.l2jserver.gameserver.GeoData	GeoData: Loading 25_23.l2j...
2017.11.19 11:12:28,038	INFO	1	com.l2jserver.gameserver.GeoData	GeoData: Loading 25_24.l2j...
2017.11.19 11:12:28,042	INFO	1	com.l2jserver.gameserver.GeoData	GeoData: Loading 26_11.l2j...
2017.11.19 11:12:28,049	INFO	1	com.l2jserver.gameserver.GeoData	GeoData: Loading 26_12.l2j...
2017.11.19 11:12:28,056	INFO	1	com.l2jserver.gameserver.GeoData	GeoData: Loading 26_14.l2j...
2017.11.19 11:12:28,069	INFO	1	com.l2jserver.gameserver.GeoData	GeoData: Loading 26_15.l2j...
2017.11.19 11:12:28,072	INFO	1	com.l2jserver.gameserver.GeoData	GeoData: Loading 26_16.l2j...
2017.11.19 11:12:28,077	INFO	1	com.l2jserver.gameserver.GeoData	GeoData: Loaded 203 regions.
2017.11.19 11:12:28,078	INFO	1	com.l2jserver.gameserver.GameServer	----------------------------------------------------=[ NPCs ]
2017.11.19 11:12:28,087	INFO	1	com.l2jserver.util.data.xml.IXmlReader	SkillLearnData: Loaded 256 Skill Learn data.
2017.11.19 11:12:28,107	INFO	1	com.l2jserver.util.data.xml.IXmlReader	MinionData: Loaded 128 minions data.
