2017.11.19 11:06:44,860	INFO	1	com.l2jserver.gameserver.GameServer	------------------------------------------------=[ Database ]
2017.11.19 11:06:44,916	INFO	1	com.l2jserver.gameserver.dao.factory.impl.DAOFactory	Using MySQL DAO Factory.
2017.11.19 11:06:44,923	INFO	1	com.l2jserver.commons.database.pool.impl.ConnectionFactory	Using HikariCP connection pool.
2017.11.19 11:06:44,923	INFO	1	com.l2jserver.gameserver.GameServer	GameServer: Used memory: 15MB.
2017.11.19 11:06:44,927	INFO	1	com.zaxxer.hikari.HikariDataSource	HikariPool-1 - Starting...
2017.11.19 11:06:45,219	INFO	1	com.zaxxer.hikari.HikariDataSource	HikariPool-1 - Start completed.
2017.11.19 11:06:45,227	INFO	1	com.l2jserver.gameserver.idfactory.BitSetIDFactory	Updated characters online status.
2017.11.19 11:06:45,266	INFO	1	com.l2jserver.gameserver.idfactory.BitSetIDFactory	Cleaned 0 elements from database in 0 s
2017.11.19 11:06:45,278	INFO	1	com.l2jserver.gameserver.idfactory.BitSetIDFactory	Cleaned 0 expired timestamps from database.
2017.11.19 11:06:45,287	INFO	1	com.l2jserver.gameserver.idfactory.BitSetIDFactory	BitSetIDFactory: 102912 id's available.
2017.11.19 11:06:45,289	INFO	1	com.l2jserver.gameserver.GameServer	-------------------------------------------------=[ Engines ]
2017.11.19 11:06:48,350	INFO	1	com.l2jserver.gameserver.scripting.L2ScriptEngineManager	Script Engine: jython 2.2.1 - Language: python - Language Version: 2.2.1
2017.11.19 11:06:48,682	INFO	1	com.l2jserver.gameserver.scripting.L2ScriptEngineManager	Script Engine: Oracle Nashorn 1.8.0_144 - Language: ECMAScript - Language Version: ECMA - 262 Edition 5.1
2017.11.19 11:06:48,689	INFO	1	com.l2jserver.gameserver.scripting.L2ScriptEngineManager	Script Engine: java 1.8 - Language: java - Language Version: 1.8
2017.11.19 11:06:48,759	INFO	1	com.l2jserver.gameserver.GameServer	---------------------------------------------------=[ World ]
2017.11.19 11:06:48,769	INFO	1	com.l2jserver.util.data.xml.IXmlReader	InstanceManager: Multiverse Instance created.
2017.11.19 11:06:48,773	INFO	1	com.l2jserver.util.data.xml.IXmlReader	InstanceManager: Universe Instance created.
2017.11.19 11:06:49,045	INFO	1	com.l2jserver.util.data.xml.IXmlReader	InstanceManager: Loaded 160 instance names.
2017.11.19 11:06:49,067	INFO	1	com.l2jserver.gameserver.model.L2World	L2World: (128 by 136) World Region Grid set up.
2017.11.19 11:06:49,394	INFO	1	com.l2jserver.util.data.xml.IXmlReader	MapRegionManager: Loaded 57 map regions.
2017.11.19 11:06:49,420	INFO	1	com.l2jserver.gameserver.instancemanager.GlobalVariablesManager	GlobalVariablesManager: Loaded 0 variables.
2017.11.19 11:06:49,422	INFO	1	com.l2jserver.gameserver.GameServer	----------------------------------------------------=[ Data ]
2017.11.19 11:06:49,504	INFO	1	com.l2jserver.util.data.xml.IXmlReader	CategoryData: Loaded 124 Categories.
2017.11.19 11:06:49,518	INFO	1	com.l2jserver.util.data.xml.IXmlReader	SecondaryAuthData: Loaded 328 forbidden passwords.
2017.11.19 11:06:49,519	INFO	1	com.l2jserver.gameserver.GameServer	-------------------------------------------------=[ Effects ]
2017.11.19 11:06:52,900	INFO	1	handlers.EffectMasterHandler	EffectMasterHandler: Loaded 160 effect handlers.
2017.11.19 11:06:52,902	INFO	1	com.l2jserver.gameserver.GameServer	------------------------------------=[ Enchant Skill Groups ]
2017.11.19 11:06:52,942	INFO	1	com.l2jserver.util.data.xml.IXmlReader	EnchantSkillGroupsData: Loaded 4 groups and 90 routes.
2017.11.19 11:06:52,944	INFO	1	com.l2jserver.gameserver.GameServer	---------------------------------------------=[ Skill Trees ]
2017.11.19 11:06:53,719	INFO	1	com.l2jserver.util.data.xml.IXmlReader	Loaded 17176 Class Skills for 103 Class Skill Trees.
2017.11.19 11:06:53,721	INFO	1	com.l2jserver.util.data.xml.IXmlReader	Loaded 76 Sub-Class Skills.
2017.11.19 11:06:53,722	INFO	1	com.l2jserver.util.data.xml.IXmlReader	Loaded 77 Transfer Skills for 3 Transfer Skill Trees.
2017.11.19 11:06:53,724	INFO	1	com.l2jserver.util.data.xml.IXmlReader	Loaded 117 Fishing Skills, 8 Dwarven only Fishing Skills.
2017.11.19 11:06:53,726	INFO	1	com.l2jserver.util.data.xml.IXmlReader	Loaded 3 Collect Skills.
2017.11.19 11:06:53,730	INFO	1	com.l2jserver.util.data.xml.IXmlReader	Loaded 74 Pledge Skills, 44 for Pledge and 30 Residential.
2017.11.19 11:06:53,731	INFO	1	com.l2jserver.util.data.xml.IXmlReader	Loaded 18 Sub-Pledge Skills.
2017.11.19 11:06:53,733	INFO	1	com.l2jserver.util.data.xml.IXmlReader	Loaded 32 Transform Skills.
2017.11.19 11:06:53,734	INFO	1	com.l2jserver.util.data.xml.IXmlReader	Loaded 8 Noble Skills.
2017.11.19 11:06:53,736	INFO	1	com.l2jserver.util.data.xml.IXmlReader	Loaded 5 Hero Skills.
2017.11.19 11:06:53,739	INFO	1	com.l2jserver.util.data.xml.IXmlReader	Loaded 46 Game Master Skills.
2017.11.19 11:06:53,740	INFO	1	com.l2jserver.util.data.xml.IXmlReader	Loaded 46 Game Master Aura Skills.
2017.11.19 11:06:53,741	INFO	1	com.l2jserver.gameserver.GameServer	--------------------------------------------------=[ Skills ]
2017.11.19 11:07:01,553	INFO	1	com.l2jserver.gameserver.engines.DocumentEngine	DocumentEngine: Loaded 65957 Skill templates from XML files.
2017.11.19 11:07:01,622	INFO	1	com.l2jserver.gameserver.data.sql.impl.SummonSkillsTable	SummonSkillsTable: Loaded 1891 skills.
2017.11.19 11:07:01,623	INFO	1	com.l2jserver.gameserver.GameServer	---------------------------------------------------=[ Items ]
2017.11.19 11:07:02,989	INFO	1	com.l2jserver.gameserver.datatables.ItemTable	ItemTable: Highest item id used:22567
2017.11.19 11:07:02,994	INFO	1	com.l2jserver.gameserver.datatables.ItemTable	ItemTable: Loaded: 11481 Etc Items
2017.11.19 11:07:02,995	INFO	1	com.l2jserver.gameserver.datatables.ItemTable	ItemTable: Loaded: 3825 Armor Items
2017.11.19 11:07:02,996	INFO	1	com.l2jserver.gameserver.datatables.ItemTable	ItemTable: Loaded: 3893 Weapon Items
2017.11.19 11:07:02,997	INFO	1	com.l2jserver.gameserver.datatables.ItemTable	ItemTable: Loaded: 19199 Items in total.
2017.11.19 11:07:03,007	INFO	1	com.l2jserver.util.data.xml.IXmlReader	EnchantItemGroupsData: Loaded: 4 item group templates.
2017.11.19 11:07:03,008	INFO	1	com.l2jserver.util.data.xml.IXmlReader	EnchantItemGroupsData: Loaded: 1 scroll group templates.
2017.11.19 11:07:03,019	INFO	1	com.l2jserver.util.data.xml.IXmlReader	EnchantItemData: Loaded 63 Enchant Scrolls.
2017.11.19 11:07:03,021	INFO	1	com.l2jserver.util.data.xml.IXmlReader	EnchantItemData: Loaded 20 Support Items.
2017.11.19 11:07:03,048	INFO	1	com.l2jserver.util.data.xml.IXmlReader	EnchantItemOptionsData: Loaded: 23 Items and 1093 Options.
2017.11.19 11:07:04,538	INFO	1	com.l2jserver.util.data.xml.IXmlReader	OptionData: Loaded: 24985 Options.
2017.11.19 11:07:04,553	INFO	1	com.l2jserver.util.data.xml.IXmlReader	EnchantItemHPBonusData: Loaded 6 Enchant HP Bonuses.
2017.11.19 11:07:04,558	INFO	1	com.l2jserver.gameserver.datatables.MerchantPriceConfigTable	MerchantPriceConfigTable: Loaded 28 merchant price configs.
2017.11.19 11:07:06,055	INFO	1	com.l2jserver.util.data.xml.IXmlReader	BuyListData: Loaded 760 BuyLists.
2017.11.19 11:07:06,617	INFO	1	com.l2jserver.util.data.xml.IXmlReader	MultisellData: Loaded 192 multisell lists.
2017.11.19 11:07:06,670	INFO	1	com.l2jserver.util.data.xml.IXmlReader	RecipeData: Loaded 1000 recipes.
2017.11.19 11:07:06,727	INFO	1	com.l2jserver.util.data.xml.IXmlReader	ArmorSetsData: Loaded 198 Armor sets.
2017.11.19 11:07:06,743	INFO	1	com.l2jserver.util.data.xml.IXmlReader	FishData: Loaded 278 Fish.
2017.11.19 11:07:06,748	INFO	1	com.l2jserver.util.data.xml.IXmlReader	FishingMonstersData: Loaded 8 Fishing Monsters.
2017.11.19 11:07:06,752	INFO	1	com.l2jserver.util.data.xml.IXmlReader	FishingRodsData: Loaded 6 Fishing Rods.
2017.11.19 11:07:06,795	INFO	1	com.l2jserver.util.data.xml.IXmlReader	HennaData: Loaded 180 Henna data.
2017.11.19 11:07:06,796	INFO	1	com.l2jserver.gameserver.GameServer	----------------------------------------------=[ Characters ]
2017.11.19 11:07:06,800	INFO	1	com.l2jserver.util.data.xml.IXmlReader	ClassListData: Loaded 107 Class data.
2017.11.19 11:07:06,805	INFO	1	com.l2jserver.util.data.xml.IXmlReader	InitialEquipmentData: Loaded 11 Initial Equipment data.
2017.11.19 11:07:06,812	INFO	1	com.l2jserver.util.data.xml.IXmlReader	InitialShortcutData: Loaded 5 Initial Global Shortcuts data.
2017.11.19 11:07:06,813	INFO	1	com.l2jserver.util.data.xml.IXmlReader	InitialShortcutData: Loaded 4 Initial Shortcuts data.
2017.11.19 11:07:06,814	INFO	1	com.l2jserver.util.data.xml.IXmlReader	InitialShortcutData: Loaded 0 Macros presets.
2017.11.19 11:07:06,865	INFO	1	com.l2jserver.util.data.xml.IXmlReader	KarmaData: Loaded 85 karma modifiers.
2017.11.19 11:07:06,869	INFO	1	com.l2jserver.util.data.xml.IXmlReader	HitConditionBonusData: Loaded Hit Condition bonuses.
2017.11.19 11:07:07,347	INFO	1	com.l2jserver.util.data.xml.IXmlReader	PlayerTemplateData: Loaded 103 character templates.
2017.11.19 11:07:07,348	INFO	1	com.l2jserver.util.data.xml.IXmlReader	PlayerTemplateData: Loaded 52530 level up gain records.
2017.11.19 11:07:07,354	INFO	1	com.l2jserver.util.data.xml.IXmlReader	PlayerCreationPointData: Loaded 62 character creation points.
2017.11.19 11:07:07,359	INFO	1	com.l2jserver.gameserver.data.sql.impl.CharNameTable	CharNameTable: Loaded 0 char names.
2017.11.19 11:07:07,366	INFO	1	com.l2jserver.util.data.xml.IXmlReader	AdminData: Loaded: 10 Access Levels.
2017.11.19 11:07:07,374	INFO	1	com.l2jserver.util.data.xml.IXmlReader	AdminData: Loaded: 444 Access Commands.
2017.11.19 11:07:07,378	INFO	1	com.l2jserver.gameserver.instancemanager.RaidBossPointsManager	RaidBossPointsManager: Loaded 0 Characters Raid Points.
2017.11.19 11:07:08,060	INFO	1	com.l2jserver.util.data.xml.IXmlReader	PetDataTable: Loaded 52 Pets.
2017.11.19 11:07:08,064	INFO	1	com.l2jserver.gameserver.GameServer	---------------------------------------------------=[ Clans ]
2017.11.19 11:07:08,081	INFO	1	com.l2jserver.gameserver.communitybbs.Manager.ForumsBBSManager	Loaded 4 forums. Last forum id used: 4
2017.11.19 11:07:08,083	INFO	1	com.l2jserver.gameserver.data.sql.impl.ClanTable	ClanTable: Restored 0 clans from the database.
2017.11.19 11:07:08,109	INFO	1	com.l2jserver.gameserver.instancemanager.CHSiegeManager	CHSiegeManager: Loaded 6 conquerable clan halls.
2017.11.19 11:07:08,116	INFO	1	com.l2jserver.gameserver.instancemanager.AuctionManager	AuctionManager: Loaded: 0 auction(s)
2017.11.19 11:07:08,127	INFO	1	com.l2jserver.gameserver.instancemanager.AuctionManager	AuctionManager: Created auction for ClanHall: 22
2017.11.19 11:07:08,134	INFO	1	com.l2jserver.gameserver.instancemanager.AuctionManager	AuctionManager: Created auction for ClanHall: 23
2017.11.19 11:07:08,140	INFO	1	com.l2jserver.gameserver.instancemanager.AuctionManager	AuctionManager: Created auction for ClanHall: 24
2017.11.19 11:07:08,146	INFO	1	com.l2jserver.gameserver.instancemanager.AuctionManager	AuctionManager: Created auction for ClanHall: 25
2017.11.19 11:07:08,152	INFO	1	com.l2jserver.gameserver.instancemanager.AuctionManager	AuctionManager: Created auction for ClanHall: 26
2017.11.19 11:07:08,159	INFO	1	com.l2jserver.gameserver.instancemanager.AuctionManager	AuctionManager: Created auction for ClanHall: 27
2017.11.19 11:07:08,165	INFO	1	com.l2jserver.gameserver.instancemanager.AuctionManager	AuctionManager: Created auction for ClanHall: 28
2017.11.19 11:07:08,173	INFO	1	com.l2jserver.gameserver.instancemanager.AuctionManager	AuctionManager: Created auction for ClanHall: 29
2017.11.19 11:07:08,180	INFO	1	com.l2jserver.gameserver.instancemanager.AuctionManager	AuctionManager: Created auction for ClanHall: 30
2017.11.19 11:07:08,187	INFO	1	com.l2jserver.gameserver.instancemanager.AuctionManager	AuctionManager: Created auction for ClanHall: 31
2017.11.19 11:07:08,193	INFO	1	com.l2jserver.gameserver.instancemanager.AuctionManager	AuctionManager: Created auction for ClanHall: 32
2017.11.19 11:07:08,198	INFO	1	com.l2jserver.gameserver.instancemanager.AuctionManager	AuctionManager: Created auction for ClanHall: 33
2017.11.19 11:07:08,205	INFO	1	com.l2jserver.gameserver.instancemanager.AuctionManager	AuctionManager: Created auction for ClanHall: 36
2017.11.19 11:07:08,211	INFO	1	com.l2jserver.gameserver.instancemanager.AuctionManager	AuctionManager: Created auction for ClanHall: 37
2017.11.19 11:07:08,219	INFO	1	com.l2jserver.gameserver.instancemanager.AuctionManager	AuctionManager: Created auction for ClanHall: 38
2017.11.19 11:07:08,225	INFO	1	com.l2jserver.gameserver.instancemanager.AuctionManager	AuctionManager: Created auction for ClanHall: 39
2017.11.19 11:07:08,231	INFO	1	com.l2jserver.gameserver.instancemanager.AuctionManager	AuctionManager: Created auction for ClanHall: 40
2017.11.19 11:07:08,237	INFO	1	com.l2jserver.gameserver.instancemanager.AuctionManager	AuctionManager: Created auction for ClanHall: 41
2017.11.19 11:07:08,242	INFO	1	com.l2jserver.gameserver.instancemanager.AuctionManager	AuctionManager: Created auction for ClanHall: 42
2017.11.19 11:07:08,249	INFO	1	com.l2jserver.gameserver.instancemanager.AuctionManager	AuctionManager: Created auction for ClanHall: 43
2017.11.19 11:07:08,256	INFO	1	com.l2jserver.gameserver.instancemanager.AuctionManager	AuctionManager: Created auction for ClanHall: 44
2017.11.19 11:07:08,262	INFO	1	com.l2jserver.gameserver.instancemanager.AuctionManager	AuctionManager: Created auction for ClanHall: 45
2017.11.19 11:07:08,269	INFO	1	com.l2jserver.gameserver.instancemanager.AuctionManager	AuctionManager: Created auction for ClanHall: 46
2017.11.19 11:07:08,275	INFO	1	com.l2jserver.gameserver.instancemanager.AuctionManager	AuctionManager: Created auction for ClanHall: 47
2017.11.19 11:07:08,281	INFO	1	com.l2jserver.gameserver.instancemanager.AuctionManager	AuctionManager: Created auction for ClanHall: 48
2017.11.19 11:07:08,288	INFO	1	com.l2jserver.gameserver.instancemanager.AuctionManager	AuctionManager: Created auction for ClanHall: 49
2017.11.19 11:07:08,294	INFO	1	com.l2jserver.gameserver.instancemanager.AuctionManager	AuctionManager: Created auction for ClanHall: 50
2017.11.19 11:07:08,299	INFO	1	com.l2jserver.gameserver.instancemanager.AuctionManager	AuctionManager: Created auction for ClanHall: 51
2017.11.19 11:07:08,305	INFO	1	com.l2jserver.gameserver.instancemanager.AuctionManager	AuctionManager: Created auction for ClanHall: 52
2017.11.19 11:07:08,311	INFO	1	com.l2jserver.gameserver.instancemanager.AuctionManager	AuctionManager: Created auction for ClanHall: 53
2017.11.19 11:07:08,318	INFO	1	com.l2jserver.gameserver.instancemanager.AuctionManager	AuctionManager: Created auction for ClanHall: 54
2017.11.19 11:07:08,324	INFO	1	com.l2jserver.gameserver.instancemanager.AuctionManager	AuctionManager: Created auction for ClanHall: 55
2017.11.19 11:07:08,331	INFO	1	com.l2jserver.gameserver.instancemanager.AuctionManager	AuctionManager: Created auction for ClanHall: 56
2017.11.19 11:07:08,337	INFO	1	com.l2jserver.gameserver.instancemanager.AuctionManager	AuctionManager: Created auction for ClanHall: 57
2017.11.19 11:07:08,344	INFO	1	com.l2jserver.gameserver.instancemanager.AuctionManager	AuctionManager: Created auction for ClanHall: 58
2017.11.19 11:07:08,350	INFO	1	com.l2jserver.gameserver.instancemanager.AuctionManager	AuctionManager: Created auction for ClanHall: 59
2017.11.19 11:07:08,356	INFO	1	com.l2jserver.gameserver.instancemanager.AuctionManager	AuctionManager: Created auction for ClanHall: 60
2017.11.19 11:07:08,362	INFO	1	com.l2jserver.gameserver.instancemanager.AuctionManager	AuctionManager: Created auction for ClanHall: 61
2017.11.19 11:07:08,363	INFO	1	com.l2jserver.gameserver.instancemanager.ClanHallManager	ClanHallManager: Loaded: 0 clan halls
2017.11.19 11:07:08,365	INFO	1	com.l2jserver.gameserver.instancemanager.ClanHallManager	ClanHallManager: Loaded: 38 free clan halls
2017.11.19 11:07:08,366	INFO	1	com.l2jserver.gameserver.GameServer	-------------------------------------------------=[ Geodata ]
2017.11.19 11:07:08,377	INFO	1	com.l2jserver.gameserver.GeoData	GeoData: Loading 11_23.l2j...
2017.11.19 11:07:08,401	INFO	1	com.l2jserver.gameserver.GeoData	GeoData: Loading 11_24.l2j...
2017.11.19 11:07:08,406	INFO	1	com.l2jserver.gameserver.GeoData	GeoData: Loading 11_25.l2j...
2017.11.19 11:07:08,412	INFO	1	com.l2jserver.gameserver.GeoData	GeoData: Loading 11_26.l2j...
2017.11.19 11:07:08,422	INFO	1	com.l2jserver.gameserver.GeoData	GeoData: Loading 12_23.l2j...
2017.11.19 11:07:08,426	INFO	1	com.l2jserver.gameserver.GeoData	GeoData: Loading 12_24.l2j...
2017.11.19 11:07:08,461	INFO	1	com.l2jserver.gameserver.GeoData	GeoData: Loading 12_25.l2j...
2017.11.19 11:07:08,474	INFO	1	com.l2jserver.gameserver.GeoData	GeoData: Loading 12_26.l2j...
2017.11.19 11:07:08,481	INFO	1	com.l2jserver.gameserver.GeoData	GeoData: Loading 13_21.l2j...
2017.11.19 11:07:08,483	INFO	1	com.l2jserver.gameserver.GeoData	GeoData: Loading 13_22.l2j...
2017.11.19 11:07:08,486	INFO	1	com.l2jserver.gameserver.GeoData	GeoData: Loading 13_23.l2j...
2017.11.19 11:07:08,494	INFO	1	com.l2jserver.gameserver.GeoData	GeoData: Loading 13_24.l2j...
2017.11.19 11:07:08,506	INFO	1	com.l2jserver.gameserver.GeoData	GeoData: Loading 13_25.l2j...
2017.11.19 11:07:08,520	INFO	1	com.l2jserver.gameserver.GeoData	GeoData: Loading 13_26.l2j...
2017.11.19 11:07:08,529	INFO	1	com.l2jserver.gameserver.GeoData	GeoData: Loading 14_21.l2j...
2017.11.19 11:07:08,531	INFO	1	com.l2jserver.gameserver.GeoData	GeoData: Loading 14_22.l2j...
2017.11.19 11:07:08,543	INFO	1	com.l2jserver.gameserver.GeoData	GeoData: Loading 14_23.l2j...
2017.11.19 11:07:08,567	INFO	1	com.l2jserver.gameserver.GeoData	GeoData: Loading 14_24.l2j...
2017.11.19 11:07:08,578	INFO	1	com.l2jserver.gameserver.GeoData	GeoData: Loading 14_25.l2j...
2017.11.19 11:07:08,589	INFO	1	com.l2jserver.gameserver.GeoData	GeoData: Loading 14_26.l2j...
2017.11.19 11:07:08,593	INFO	1	com.l2jserver.gameserver.GeoData	GeoData: Loading 15_10.l2j...
2017.11.19 11:07:08,597	INFO	1	com.l2jserver.gameserver.GeoData	GeoData: Loading 15_11.l2j...
2017.11.19 11:07:08,601	INFO	1	com.l2jserver.gameserver.GeoData	GeoData: Loading 15_12.l2j...
2017.11.19 11:07:08,606	INFO	1	com.l2jserver.gameserver.GeoData	GeoData: Loading 15_18.l2j...
2017.11.19 11:07:08,609	INFO	1	com.l2jserver.gameserver.GeoData	GeoData: Loading 15_19.l2j...
2017.11.19 11:07:08,612	INFO	1	com.l2jserver.gameserver.GeoData	GeoData: Loading 15_20.l2j...
2017.11.19 11:07:08,614	INFO	1	com.l2jserver.gameserver.GeoData	GeoData: Loading 15_21.l2j...
2017.11.19 11:07:08,616	INFO	1	com.l2jserver.gameserver.GeoData	GeoData: Loading 15_22.l2j...
2017.11.19 11:07:08,618	INFO	1	com.l2jserver.gameserver.GeoData	GeoData: Loading 15_23.l2j...
2017.11.19 11:07:08,621	INFO	1	com.l2jserver.gameserver.GeoData	GeoData: Loading 15_24.l2j...
2017.11.19 11:07:08,624	INFO	1	com.l2jserver.gameserver.GeoData	GeoData: Loading 15_25.l2j...
2017.11.19 11:07:08,627	INFO	1	com.l2jserver.gameserver.GeoData	GeoData: Loading 15_26.l2j...
2017.11.19 11:07:08,630	INFO	1	com.l2jserver.gameserver.GeoData	GeoData: Loading 16_10.l2j...
2017.11.19 11:07:08,648	INFO	1	com.l2jserver.gameserver.GeoData	GeoData: Loading 16_11.l2j...
2017.11.19 11:07:08,651	INFO	1	com.l2jserver.gameserver.GeoData	GeoData: Loading 16_12.l2j...
2017.11.19 11:07:08,654	INFO	1	com.l2jserver.gameserver.GeoData	GeoData: Loading 16_13.l2j...
2017.11.19 11:07:08,658	INFO	1	com.l2jserver.gameserver.GeoData	GeoData: Loading 16_14.l2j...
2017.11.19 11:07:08,660	INFO	1	com.l2jserver.gameserver.GeoData	GeoData: Loading 16_15.l2j...
2017.11.19 11:07:08,662	INFO	1	com.l2jserver.gameserver.GeoData	GeoData: Loading 16_16.l2j...
2017.11.19 11:07:08,664	INFO	1	com.l2jserver.gameserver.GeoData	GeoData: Loading 16_17.l2j...
2017.11.19 11:07:08,666	INFO	1	com.l2jserver.gameserver.GeoData	GeoData: Loading 16_18.l2j...
2017.11.19 11:07:08,669	INFO	1	com.l2jserver.gameserver.GeoData	GeoData: Loading 16_19.l2j...
2017.11.19 11:07:08,679	INFO	1	com.l2jserver.gameserver.GeoData	GeoData: Loading 16_20.l2j...
2017.11.19 11:07:08,688	INFO	1	com.l2jserver.gameserver.GeoData	GeoData: Loading 16_21.l2j...
2017.11.19 11:07:08,691	INFO	1	com.l2jserver.gameserver.GeoData	GeoData: Loading 16_22.l2j...
2017.11.19 11:07:08,694	INFO	1	com.l2jserver.gameserver.GeoData	GeoData: Loading 16_23.l2j...
2017.11.19 11:07:08,696	INFO	1	com.l2jserver.gameserver.GeoData	GeoData: Loading 16_24.l2j...
2017.11.19 11:07:08,702	INFO	1	com.l2jserver.gameserver.GeoData	GeoData: Loading 16_25.l2j...
2017.11.19 11:07:08,709	INFO	1	com.l2jserver.gameserver.GeoData	GeoData: Loading 16_26.l2j...
2017.11.19 11:07:08,711	INFO	1	com.l2jserver.gameserver.GeoData	GeoData: Loading 17_10.l2j...
2017.11.19 11:07:08,714	INFO	1	com.l2jserver.gameserver.GeoData	GeoData: Loading 17_11.l2j...
2017.11.19 11:07:08,716	INFO	1	com.l2jserver.gameserver.GeoData	GeoData: Loading 17_12.l2j...
2017.11.19 11:07:08,719	INFO	1	com.l2jserver.gameserver.GeoData	GeoData: Loading 17_13.l2j...
2017.11.19 11:07:08,724	INFO	1	com.l2jserver.gameserver.GeoData	GeoData: Loading 17_14.l2j...
2017.11.19 11:07:08,727	INFO	1	com.l2jserver.gameserver.GeoData	GeoData: Loading 17_15.l2j...
2017.11.19 11:07:08,732	INFO	1	com.l2jserver.gameserver.GeoData	GeoData: Loading 17_16.l2j...
2017.11.19 11:07:08,742	INFO	1	com.l2jserver.gameserver.GeoData	GeoData: Loading 17_17.l2j...
2017.11.19 11:07:08,745	INFO	1	com.l2jserver.gameserver.GeoData	GeoData: Loading 17_18.l2j...
2017.11.19 11:07:08,747	INFO	1	com.l2jserver.gameserver.GeoData	GeoData: Loading 17_19.l2j...
2017.11.19 11:07:08,757	INFO	1	com.l2jserver.gameserver.GeoData	GeoData: Loading 17_20.l2j...
2017.11.19 11:07:08,765	INFO	1	com.l2jserver.gameserver.GeoData	GeoData: Loading 17_21.l2j...
2017.11.19 11:07:08,775	INFO	1	com.l2jserver.gameserver.GeoData	GeoData: Loading 17_22.l2j...
2017.11.19 11:07:08,784	INFO	1	com.l2jserver.gameserver.GeoData	GeoData: Loading 17_23.l2j...
2017.11.19 11:07:08,788	INFO	1	com.l2jserver.gameserver.GeoData	GeoData: Loading 17_24.l2j...
2017.11.19 11:07:08,793	INFO	1	com.l2jserver.gameserver.GeoData	GeoData: Loading 17_25.l2j...
2017.11.19 11:07:08,800	INFO	1	com.l2jserver.gameserver.GeoData	GeoData: Loading 17_26.l2j...
2017.11.19 11:07:08,802	INFO	1	com.l2jserver.gameserver.GeoData	GeoData: Loading 18_10.l2j...
2017.11.19 11:07:08,806	INFO	1	com.l2jserver.gameserver.GeoData	GeoData: Loading 18_11.l2j...
2017.11.19 11:07:08,808	INFO	1	com.l2jserver.gameserver.GeoData	GeoData: Loading 18_12.l2j...
2017.11.19 11:07:08,811	INFO	1	com.l2jserver.gameserver.GeoData	GeoData: Loading 18_13.l2j...
2017.11.19 11:07:08,813	INFO	1	com.l2jserver.gameserver.GeoData	GeoData: Loading 18_14.l2j...
2017.11.19 11:07:08,823	INFO	1	com.l2jserver.gameserver.GeoData	GeoData: Loading 18_15.l2j...
2017.11.19 11:07:08,830	INFO	1	com.l2jserver.gameserver.GeoData	GeoData: Loading 18_16.l2j...
2017.11.19 11:07:08,838	INFO	1	com.l2jserver.gameserver.GeoData	GeoData: Loading 18_17.l2j...
2017.11.19 11:07:08,841	INFO	1	com.l2jserver.gameserver.GeoData	GeoData: Loading 18_18.l2j...
2017.11.19 11:07:08,844	INFO	1	com.l2jserver.gameserver.GeoData	GeoData: Loading 18_19.l2j...
2017.11.19 11:07:08,855	INFO	1	com.l2jserver.gameserver.GeoData	GeoData: Loading 18_20.l2j...
2017.11.19 11:07:09,231	INFO	1	com.l2jserver.gameserver.GeoData	GeoData: Loading 18_21.l2j...
2017.11.19 11:07:09,252	INFO	1	com.l2jserver.gameserver.GeoData	GeoData: Loading 18_22.l2j...
2017.11.19 11:07:09,262	INFO	1	com.l2jserver.gameserver.GeoData	GeoData: Loading 18_23.l2j...
2017.11.19 11:07:09,272	INFO	1	com.l2jserver.gameserver.GeoData	GeoData: Loading 18_24.l2j...
2017.11.19 11:07:09,281	INFO	1	com.l2jserver.gameserver.GeoData	GeoData: Loading 18_25.l2j...
2017.11.19 11:07:09,284	INFO	1	com.l2jserver.gameserver.GeoData	GeoData: Loading 18_26.l2j...
2017.11.19 11:07:09,285	INFO	1	com.l2jserver.gameserver.GeoData	GeoData: Loading 19_10.l2j...
2017.11.19 11:07:09,289	INFO	1	com.l2jserver.gameserver.GeoData	GeoData: Loading 19_11.l2j...
2017.11.19 11:07:09,291	INFO	1	com.l2jserver.gameserver.GeoData	GeoData: Loading 19_12.l2j...
2017.11.19 11:07:09,293	INFO	1	com.l2jserver.gameserver.GeoData	GeoData: Loading 19_13.l2j...
2017.11.19 11:07:09,299	INFO	1	com.l2jserver.gameserver.GeoData	GeoData: Loading 19_14.l2j...
2017.11.19 11:07:09,309	INFO	1	com.l2jserver.gameserver.GeoData	GeoData: Loading 19_15.l2j...
2017.11.19 11:07:09,316	INFO	1	com.l2jserver.gameserver.GeoData	GeoData: Loading 19_16.l2j...
2017.11.19 11:07:09,322	INFO	1	com.l2jserver.gameserver.GeoData	GeoData: Loading 19_17.l2j...
2017.11.19 11:07:09,325	INFO	1	com.l2jserver.gameserver.GeoData	GeoData: Loading 19_18.l2j...
2017.11.19 11:07:09,335	INFO	1	com.l2jserver.gameserver.GeoData	GeoData: Loading 19_19.l2j...
2017.11.19 11:07:09,343	INFO	1	com.l2jserver.gameserver.GeoData	GeoData: Loading 19_20.l2j...
2017.11.19 11:07:09,353	INFO	1	com.l2jserver.gameserver.GeoData	GeoData: Loading 19_21.l2j...
2017.11.19 11:07:09,362	INFO	1	com.l2jserver.gameserver.GeoData	GeoData: Loading 19_22.l2j...
2017.11.19 11:07:09,372	INFO	1	com.l2jserver.gameserver.GeoData	GeoData: Loading 19_23.l2j...
2017.11.19 11:07:09,382	INFO	1	com.l2jserver.gameserver.GeoData	GeoData: Loading 19_24.l2j...
2017.11.19 11:07:09,390	INFO	1	com.l2jserver.gameserver.GeoData	GeoData: Loading 19_25.l2j...
2017.11.19 11:07:09,401	INFO	1	com.l2jserver.gameserver.GeoData	GeoData: Loading 19_26.l2j...
2017.11.19 11:07:09,405	INFO	1	com.l2jserver.gameserver.GeoData	GeoData: Loading 20_10.l2j...
2017.11.19 11:07:09,409	INFO	1	com.l2jserver.gameserver.GeoData	GeoData: Loading 20_11.l2j...
2017.11.19 11:07:09,411	INFO	1	com.l2jserver.gameserver.GeoData	GeoData: Loading 20_12.l2j...
2017.11.19 11:07:09,414	INFO	1	com.l2jserver.gameserver.GeoData	GeoData: Loading 20_13.l2j...
2017.11.19 11:07:09,424	INFO	1	com.l2jserver.gameserver.GeoData	GeoData: Loading 20_14.l2j...
2017.11.19 11:07:09,441	INFO	1	com.l2jserver.gameserver.GeoData	GeoData: Loading 20_15.l2j...
2017.11.19 11:07:09,448	INFO	1	com.l2jserver.gameserver.GeoData	GeoData: Loading 20_16.l2j...
2017.11.19 11:07:09,454	INFO	1	com.l2jserver.gameserver.GeoData	GeoData: Loading 20_17.l2j...
2017.11.19 11:07:09,464	INFO	1	com.l2jserver.gameserver.GeoData	GeoData: Loading 20_18.l2j...
2017.11.19 11:07:09,472	INFO	1	com.l2jserver.gameserver.GeoData	GeoData: Loading 20_19.l2j...
2017.11.19 11:07:09,481	INFO	1	com.l2jserver.gameserver.GeoData	GeoData: Loading 20_20.l2j...
2017.11.19 11:07:09,492	INFO	1	com.l2jserver.gameserver.GeoData	GeoData: Loading 20_21.l2j...
2017.11.19 11:07:09,505	INFO	1	com.l2jserver.gameserver.GeoData	GeoData: Loading 20_22.l2j...
2017.11.19 11:07:09,515	INFO	1	com.l2jserver.gameserver.GeoData	GeoData: Loading 20_23.l2j...
2017.11.19 11:07:09,524	INFO	1	com.l2jserver.gameserver.GeoData	GeoData: Loading 20_24.l2j...
2017.11.19 11:07:09,526	INFO	1	com.l2jserver.gameserver.GeoData	GeoData: Loading 20_25.l2j...
2017.11.19 11:07:09,535	INFO	1	com.l2jserver.gameserver.GeoData	GeoData: Loading 20_26.l2j...
2017.11.19 11:07:09,538	INFO	1	com.l2jserver.gameserver.GeoData	GeoData: Loading 21_10.l2j...
2017.11.19 11:07:09,541	INFO	1	com.l2jserver.gameserver.GeoData	GeoData: Loading 21_11.l2j...
2017.11.19 11:07:09,543	INFO	1	com.l2jserver.gameserver.GeoData	GeoData: Loading 21_12.l2j...
2017.11.19 11:07:09,545	INFO	1	com.l2jserver.gameserver.GeoData	GeoData: Loading 21_13.l2j...
2017.11.19 11:07:09,547	INFO	1	com.l2jserver.gameserver.GeoData	GeoData: Loading 21_14.l2j...
2017.11.19 11:07:09,557	INFO	1	com.l2jserver.gameserver.GeoData	GeoData: Loading 21_15.l2j...
2017.11.19 11:07:09,568	INFO	1	com.l2jserver.gameserver.GeoData	GeoData: Loading 21_16.l2j...
2017.11.19 11:07:09,578	INFO	1	com.l2jserver.gameserver.GeoData	GeoData: Loading 21_17.l2j...
2017.11.19 11:07:09,583	INFO	1	com.l2jserver.gameserver.GeoData	GeoData: Loading 21_18.l2j...
2017.11.19 11:07:09,592	INFO	1	com.l2jserver.gameserver.GeoData	GeoData: Loading 21_19.l2j...
2017.11.19 11:07:09,601	INFO	1	com.l2jserver.gameserver.GeoData	GeoData: Loading 21_20.l2j...
2017.11.19 11:07:09,610	INFO	1	com.l2jserver.gameserver.GeoData	GeoData: Loading 21_21.l2j...
2017.11.19 11:07:09,621	INFO	1	com.l2jserver.gameserver.GeoData	GeoData: Loading 21_22.l2j...
2017.11.19 11:07:09,632	INFO	1	com.l2jserver.gameserver.GeoData	GeoData: Loading 21_23.l2j...
2017.11.19 11:07:09,641	INFO	1	com.l2jserver.gameserver.GeoData	GeoData: Loading 21_24.l2j...
2017.11.19 11:07:09,649	INFO	1	com.l2jserver.gameserver.GeoData	GeoData: Loading 21_25.l2j...
2017.11.19 11:07:09,652	INFO	1	com.l2jserver.gameserver.GeoData	GeoData: Loading 22_10.l2j...
2017.11.19 11:07:09,654	INFO	1	com.l2jserver.gameserver.GeoData	GeoData: Loading 22_11.l2j...
2017.11.19 11:07:09,662	INFO	1	com.l2jserver.gameserver.GeoData	GeoData: Loading 22_12.l2j...
2017.11.19 11:07:09,664	INFO	1	com.l2jserver.gameserver.GeoData	GeoData: Loading 22_13.l2j...
2017.11.19 11:07:09,673	INFO	1	com.l2jserver.gameserver.GeoData	GeoData: Loading 22_14.l2j...
2017.11.19 11:07:09,686	INFO	1	com.l2jserver.gameserver.GeoData	GeoData: Loading 22_15.l2j...
2017.11.19 11:07:09,696	INFO	1	com.l2jserver.gameserver.GeoData	GeoData: Loading 22_16.l2j...
2017.11.19 11:07:13,236	INFO	1	com.l2jserver.gameserver.GeoData	GeoData: Loading 22_17.l2j...
2017.11.19 11:07:13,256	INFO	1	com.l2jserver.gameserver.GeoData	GeoData: Loading 22_18.l2j...
2017.11.19 11:07:13,267	INFO	1	com.l2jserver.gameserver.GeoData	GeoData: Loading 22_19.l2j...
2017.11.19 11:07:13,278	INFO	1	com.l2jserver.gameserver.GeoData	GeoData: Loading 22_20.l2j...
2017.11.19 11:07:13,292	INFO	1	com.l2jserver.gameserver.GeoData	GeoData: Loading 22_21.l2j...
2017.11.19 11:07:13,305	INFO	1	com.l2jserver.gameserver.GeoData	GeoData: Loading 22_22.l2j...
2017.11.19 11:07:13,316	INFO	1	com.l2jserver.gameserver.GeoData	GeoData: Loading 22_23.l2j...
2017.11.19 11:07:13,326	INFO	1	com.l2jserver.gameserver.GeoData	GeoData: Loading 22_24.l2j...
2017.11.19 11:07:13,336	INFO	1	com.l2jserver.gameserver.GeoData	GeoData: Loading 22_25.l2j...
2017.11.19 11:07:13,345	INFO	1	com.l2jserver.gameserver.GeoData	GeoData: Loading 22_26.l2j...
2017.11.19 11:07:13,347	INFO	1	com.l2jserver.gameserver.GeoData	GeoData: Loading 23_10.l2j...
2017.11.19 11:07:13,349	INFO	1	com.l2jserver.gameserver.GeoData	GeoData: Loading 23_11.l2j...
2017.11.19 11:07:13,357	INFO	1	com.l2jserver.gameserver.GeoData	GeoData: Loading 23_12.l2j...
2017.11.19 11:07:13,368	INFO	1	com.l2jserver.gameserver.GeoData	GeoData: Loading 23_13.l2j...
2017.11.19 11:07:13,379	INFO	1	com.l2jserver.gameserver.GeoData	GeoData: Loading 23_14.l2j...
2017.11.19 11:07:13,395	INFO	1	com.l2jserver.gameserver.GeoData	GeoData: Loading 23_15.l2j...
2017.11.19 11:07:13,410	INFO	1	com.l2jserver.gameserver.GeoData	GeoData: Loading 23_16.l2j...
2017.11.19 11:07:13,422	INFO	1	com.l2jserver.gameserver.GeoData	GeoData: Loading 23_17.l2j...
2017.11.19 11:07:13,433	INFO	1	com.l2jserver.gameserver.GeoData	GeoData: Loading 23_18.l2j...
2017.11.19 11:07:13,445	INFO	1	com.l2jserver.gameserver.GeoData	GeoData: Loading 23_19.l2j...
2017.11.19 11:07:13,458	INFO	1	com.l2jserver.gameserver.GeoData	GeoData: Loading 23_20.l2j...
2017.11.19 11:07:13,473	INFO	1	com.l2jserver.gameserver.GeoData	GeoData: Loading 23_21.l2j...
2017.11.19 11:07:16,140	INFO	1	com.l2jserver.gameserver.GeoData	GeoData: Loading 23_22.l2j...
2017.11.19 11:07:16,150	INFO	1	com.l2jserver.gameserver.GeoData	GeoData: Loading 23_23.l2j...
2017.11.19 11:07:16,160	INFO	1	com.l2jserver.gameserver.GeoData	GeoData: Loading 23_24.l2j...
2017.11.19 11:07:16,171	INFO	1	com.l2jserver.gameserver.GeoData	GeoData: Loading 23_25.l2j...
2017.11.19 11:07:16,178	INFO	1	com.l2jserver.gameserver.GeoData	GeoData: Loading 23_26.l2j...
2017.11.19 11:07:16,180	INFO	1	com.l2jserver.gameserver.GeoData	GeoData: Loading 24_10.l2j...
2017.11.19 11:07:16,182	INFO	1	com.l2jserver.gameserver.GeoData	GeoData: Loading 24_11.l2j...
2017.11.19 11:07:16,192	INFO	1	com.l2jserver.gameserver.GeoData	GeoData: Loading 24_12.l2j...
2017.11.19 11:07:16,206	INFO	1	com.l2jserver.gameserver.GeoData	GeoData: Loading 24_13.l2j...
2017.11.19 11:07:16,212	INFO	1	com.l2jserver.gameserver.GeoData	GeoData: Loading 24_14.l2j...
2017.11.19 11:07:16,223	INFO	1	com.l2jserver.gameserver.GeoData	GeoData: Loading 24_15.l2j...
2017.11.19 11:07:16,235	INFO	1	com.l2jserver.gameserver.GeoData	GeoData: Loading 24_16.l2j...
2017.11.19 11:07:16,247	INFO	1	com.l2jserver.gameserver.GeoData	GeoData: Loading 24_17.l2j...
2017.11.19 11:07:16,258	INFO	1	com.l2jserver.gameserver.GeoData	GeoData: Loading 24_18.l2j...
2017.11.19 11:07:16,270	INFO	1	com.l2jserver.gameserver.GeoData	GeoData: Loading 24_19.l2j...
2017.11.19 11:07:16,279	INFO	1	com.l2jserver.gameserver.GeoData	GeoData: Loading 24_20.l2j...
2017.11.19 11:07:16,293	INFO	1	com.l2jserver.gameserver.GeoData	GeoData: Loading 24_21.l2j...
2017.11.19 11:07:16,301	INFO	1	com.l2jserver.gameserver.GeoData	GeoData: Loading 24_22.l2j...
2017.11.19 11:07:16,315	INFO	1	com.l2jserver.gameserver.GeoData	GeoData: Loading 24_23.l2j...
2017.11.19 11:07:16,327	INFO	1	com.l2jserver.gameserver.GeoData	GeoData: Loading 24_24.l2j...
2017.11.19 11:07:16,330	INFO	1	com.l2jserver.gameserver.GeoData	GeoData: Loading 24_25.l2j...
2017.11.19 11:07:16,333	INFO	1	com.l2jserver.gameserver.GeoData	GeoData: Loading 24_26.l2j...
2017.11.19 11:07:16,336	INFO	1	com.l2jserver.gameserver.GeoData	GeoData: Loading 25_10.l2j...
2017.11.19 11:07:16,339	INFO	1	com.l2jserver.gameserver.GeoData	GeoData: Loading 25_11.l2j...
2017.11.19 11:07:16,350	INFO	1	com.l2jserver.gameserver.GeoData	GeoData: Loading 25_12.l2j...
2017.11.19 11:07:18,903	INFO	1	com.l2jserver.gameserver.GeoData	GeoData: Loading 25_14.l2j...
2017.11.19 11:07:18,919	INFO	1	com.l2jserver.gameserver.GeoData	GeoData: Loading 25_15.l2j...
2017.11.19 11:07:18,933	INFO	1	com.l2jserver.gameserver.GeoData	GeoData: Loading 25_16.l2j...
2017.11.19 11:07:18,945	INFO	1	com.l2jserver.gameserver.GeoData	GeoData: Loading 25_17.l2j...
2017.11.19 11:07:18,958	INFO	1	com.l2jserver.gameserver.GeoData	GeoData: Loading 25_18.l2j...
2017.11.19 11:07:18,968	INFO	1	com.l2jserver.gameserver.GeoData	GeoData: Loading 25_19.l2j...
2017.11.19 11:07:18,984	INFO	1	com.l2jserver.gameserver.GeoData	GeoData: Loading 25_20.l2j...
2017.11.19 11:07:18,990	INFO	1	com.l2jserver.gameserver.GeoData	GeoData: Loading 25_21.l2j...
2017.11.19 11:07:18,995	INFO	1	com.l2jserver.gameserver.GeoData	GeoData: Loading 25_22.l2j...
2017.11.19 11:07:18,998	INFO	1	com.l2jserver.gameserver.GeoData	GeoData: Loading 25_23.l2j...
