2019.07.29 20:28:05,405	INFO	1	com.l2jserver.gameserver.GameServer	------------------------------------------------=[ Database ]
2019.07.29 20:28:05,593	INFO	1	com.l2jserver.gameserver.dao.factory.impl.DAOFactory	Using MySQL DAO Factory.
2019.07.29 20:28:05,609	INFO	1	com.l2jserver.commons.database.pool.impl.ConnectionFactory	Using HikariCP connection pool.
2019.07.29 20:28:05,609	INFO	1	com.l2jserver.gameserver.GameServer	GameServer: Used memory: 15MB.
2019.07.29 20:28:05,609	INFO	1	com.zaxxer.hikari.HikariDataSource	HikariPool-1 - Starting...
2019.07.29 20:28:06,046	INFO	1	com.zaxxer.hikari.HikariDataSource	HikariPool-1 - Start completed.
2019.07.29 20:28:06,124	INFO	1	com.l2jserver.gameserver.idfactory.BitSetIDFactory	Updated characters online status.
2019.07.29 20:28:07,000	INFO	1	com.l2jserver.gameserver.idfactory.BitSetIDFactory	Cleaned 0 elements from database in 0 s
2019.07.29 20:28:07,031	INFO	1	com.l2jserver.gameserver.idfactory.BitSetIDFactory	Cleaned 0 expired timestamps from database.
2019.07.29 20:28:07,093	INFO	1	com.l2jserver.gameserver.idfactory.BitSetIDFactory	BitSetIDFactory: 102912 id's available.
2019.07.29 20:28:07,109	INFO	1	com.l2jserver.gameserver.GameServer	-------------------------------------------------=[ Engines ]
2019.07.29 20:28:07,234	INFO	1	com.l2jserver.gameserver.scripting.L2ScriptEngineManager	Script Engine: java 1.8 - Language: java - Language Version: 1.8
2019.07.29 20:28:07,875	INFO	1	com.l2jserver.gameserver.scripting.L2ScriptEngineManager	Script Engine: Oracle Nashorn 1.8.0_131 - Language: ECMAScript - Language Version: ECMA - 262 Edition 5.1
2019.07.29 20:28:08,891	INFO	1	com.l2jserver.gameserver.scripting.L2ScriptEngineManager	Script Engine: jython 2.2.1 - Language: python - Language Version: 2.2.1
2019.07.29 20:28:09,032	INFO	1	com.l2jserver.gameserver.GameServer	---------------------------------------------------=[ World ]
2019.07.29 20:28:09,063	INFO	1	com.l2jserver.util.data.xml.IXmlReader	InstanceManager: Multiverse Instance created.
2019.07.29 20:28:09,063	INFO	1	com.l2jserver.util.data.xml.IXmlReader	InstanceManager: Universe Instance created.
2019.07.29 20:28:09,425	INFO	1	com.l2jserver.util.data.xml.IXmlReader	InstanceManager: Loaded 160 instance names.
2019.07.29 20:28:09,450	INFO	1	com.l2jserver.gameserver.model.L2World	L2World: (128 by 136) World Region Grid set up.
2019.07.29 20:28:09,916	INFO	1	com.l2jserver.util.data.xml.IXmlReader	MapRegionManager: Loaded 57 map regions.
2019.07.29 20:28:10,010	INFO	1	com.l2jserver.gameserver.instancemanager.GlobalVariablesManager	GlobalVariablesManager: Loaded 6 variables.
2019.07.29 20:28:10,010	INFO	1	com.l2jserver.gameserver.GameServer	----------------------------------------------------=[ Data ]
2019.07.29 20:28:10,142	INFO	1	com.l2jserver.util.data.xml.IXmlReader	CategoryData: Loaded 124 Categories.
2019.07.29 20:28:10,170	INFO	1	com.l2jserver.util.data.xml.IXmlReader	SecondaryAuthData: Loaded 328 forbidden passwords.
2019.07.29 20:28:10,171	INFO	1	com.l2jserver.gameserver.GameServer	-------------------------------------------------=[ Effects ]
2019.07.29 20:28:13,788	INFO	1	handlers.EffectMasterHandler	EffectMasterHandler: Loaded 160 effect handlers.
2019.07.29 20:28:13,788	INFO	1	com.l2jserver.gameserver.GameServer	------------------------------------=[ Enchant Skill Groups ]
2019.07.29 20:28:13,880	INFO	1	com.l2jserver.util.data.xml.IXmlReader	EnchantSkillGroupsData: Loaded 4 groups and 90 routes.
2019.07.29 20:28:13,881	INFO	1	com.l2jserver.gameserver.GameServer	---------------------------------------------=[ Skill Trees ]
2019.07.29 20:28:14,663	INFO	1	com.l2jserver.util.data.xml.IXmlReader	Loaded 17176 Class Skills for 103 Class Skill Trees.
2019.07.29 20:28:14,663	INFO	1	com.l2jserver.util.data.xml.IXmlReader	Loaded 76 Sub-Class Skills.
2019.07.29 20:28:14,663	INFO	1	com.l2jserver.util.data.xml.IXmlReader	Loaded 77 Transfer Skills for 3 Transfer Skill Trees.
2019.07.29 20:28:14,663	INFO	1	com.l2jserver.util.data.xml.IXmlReader	Loaded 117 Fishing Skills, 8 Dwarven only Fishing Skills.
2019.07.29 20:28:14,663	INFO	1	com.l2jserver.util.data.xml.IXmlReader	Loaded 3 Collect Skills.
2019.07.29 20:28:14,663	INFO	1	com.l2jserver.util.data.xml.IXmlReader	Loaded 74 Pledge Skills, 44 for Pledge and 30 Residential.
2019.07.29 20:28:14,663	INFO	1	com.l2jserver.util.data.xml.IXmlReader	Loaded 18 Sub-Pledge Skills.
2019.07.29 20:28:14,679	INFO	1	com.l2jserver.util.data.xml.IXmlReader	Loaded 32 Transform Skills.
2019.07.29 20:28:14,679	INFO	1	com.l2jserver.util.data.xml.IXmlReader	Loaded 8 Noble Skills.
2019.07.29 20:28:14,679	INFO	1	com.l2jserver.util.data.xml.IXmlReader	Loaded 5 Hero Skills.
2019.07.29 20:28:14,679	INFO	1	com.l2jserver.util.data.xml.IXmlReader	Loaded 46 Game Master Skills.
2019.07.29 20:28:14,679	INFO	1	com.l2jserver.util.data.xml.IXmlReader	Loaded 46 Game Master Aura Skills.
2019.07.29 20:28:14,679	INFO	1	com.l2jserver.gameserver.GameServer	--------------------------------------------------=[ Skills ]
2019.07.29 20:28:23,152	INFO	1	com.l2jserver.gameserver.engines.DocumentEngine	DocumentEngine: Loaded 65957 Skill templates from XML files.
2019.07.29 20:28:23,295	INFO	1	com.l2jserver.gameserver.data.sql.impl.SummonSkillsTable	SummonSkillsTable: Loaded 1891 skills.
2019.07.29 20:28:23,312	INFO	1	com.l2jserver.gameserver.GameServer	---------------------------------------------------=[ Items ]
2019.07.29 20:28:26,269	INFO	1	com.l2jserver.gameserver.datatables.ItemTable	ItemTable: Highest item id used:22567
2019.07.29 20:28:26,277	INFO	1	com.l2jserver.gameserver.datatables.ItemTable	ItemTable: Loaded: 11481 Etc Items
2019.07.29 20:28:26,277	INFO	1	com.l2jserver.gameserver.datatables.ItemTable	ItemTable: Loaded: 3825 Armor Items
2019.07.29 20:28:26,278	INFO	1	com.l2jserver.gameserver.datatables.ItemTable	ItemTable: Loaded: 3893 Weapon Items
2019.07.29 20:28:26,279	INFO	1	com.l2jserver.gameserver.datatables.ItemTable	ItemTable: Loaded: 19199 Items in total.
2019.07.29 20:28:26,341	INFO	1	com.l2jserver.util.data.xml.IXmlReader	EnchantItemGroupsData: Loaded: 4 item group templates.
2019.07.29 20:28:26,342	INFO	1	com.l2jserver.util.data.xml.IXmlReader	EnchantItemGroupsData: Loaded: 1 scroll group templates.
2019.07.29 20:28:26,433	INFO	1	com.l2jserver.util.data.xml.IXmlReader	EnchantItemData: Loaded 63 Enchant Scrolls.
2019.07.29 20:28:26,434	INFO	1	com.l2jserver.util.data.xml.IXmlReader	EnchantItemData: Loaded 20 Support Items.
2019.07.29 20:28:26,534	INFO	1	com.l2jserver.util.data.xml.IXmlReader	EnchantItemOptionsData: Loaded: 23 Items and 1093 Options.
2019.07.29 20:28:30,195	INFO	1	com.l2jserver.util.data.xml.IXmlReader	OptionData: Loaded: 24985 Options.
2019.07.29 20:28:30,232	INFO	1	com.l2jserver.util.data.xml.IXmlReader	EnchantItemHPBonusData: Loaded 6 Enchant HP Bonuses.
2019.07.29 20:28:30,279	INFO	1	com.l2jserver.gameserver.datatables.MerchantPriceConfigTable	MerchantPriceConfigTable: Loaded 28 merchant price configs.
2019.07.29 20:28:34,847	INFO	1	com.l2jserver.util.data.xml.IXmlReader	BuyListData: Loaded 760 BuyLists.
2019.07.29 20:28:37,015	INFO	1	com.l2jserver.util.data.xml.IXmlReader	MultisellData: Loaded 192 multisell lists.
2019.07.29 20:28:37,118	INFO	1	com.l2jserver.util.data.xml.IXmlReader	RecipeData: Loaded 1000 recipes.
2019.07.29 20:28:37,325	INFO	1	com.l2jserver.util.data.xml.IXmlReader	ArmorSetsData: Loaded 198 Armor sets.
2019.07.29 20:28:37,388	INFO	1	com.l2jserver.util.data.xml.IXmlReader	FishData: Loaded 278 Fish.
2019.07.29 20:28:37,412	INFO	1	com.l2jserver.util.data.xml.IXmlReader	FishingMonstersData: Loaded 8 Fishing Monsters.
2019.07.29 20:28:37,443	INFO	1	com.l2jserver.util.data.xml.IXmlReader	FishingRodsData: Loaded 6 Fishing Rods.
2019.07.29 20:28:37,547	INFO	1	com.l2jserver.util.data.xml.IXmlReader	HennaData: Loaded 180 Henna data.
2019.07.29 20:28:37,547	INFO	1	com.l2jserver.gameserver.GameServer	----------------------------------------------=[ Characters ]
2019.07.29 20:28:37,579	INFO	1	com.l2jserver.util.data.xml.IXmlReader	ClassListData: Loaded 107 Class data.
2019.07.29 20:28:37,594	INFO	1	com.l2jserver.util.data.xml.IXmlReader	InitialEquipmentData: Loaded 11 Initial Equipment data.
2019.07.29 20:28:37,626	INFO	1	com.l2jserver.util.data.xml.IXmlReader	InitialShortcutData: Loaded 5 Initial Global Shortcuts data.
2019.07.29 20:28:37,626	INFO	1	com.l2jserver.util.data.xml.IXmlReader	InitialShortcutData: Loaded 4 Initial Shortcuts data.
2019.07.29 20:28:37,626	INFO	1	com.l2jserver.util.data.xml.IXmlReader	InitialShortcutData: Loaded 0 Macros presets.
2019.07.29 20:28:37,781	INFO	1	com.l2jserver.util.data.xml.IXmlReader	KarmaData: Loaded 85 karma modifiers.
2019.07.29 20:28:37,786	INFO	1	com.l2jserver.util.data.xml.IXmlReader	HitConditionBonusData: Loaded Hit Condition bonuses.
2019.07.29 20:28:38,878	INFO	1	com.l2jserver.util.data.xml.IXmlReader	PlayerTemplateData: Loaded 103 character templates.
2019.07.29 20:28:38,878	INFO	1	com.l2jserver.util.data.xml.IXmlReader	PlayerTemplateData: Loaded 52530 level up gain records.
2019.07.29 20:28:38,889	INFO	1	com.l2jserver.util.data.xml.IXmlReader	PlayerCreationPointData: Loaded 62 character creation points.
2019.07.29 20:28:38,896	INFO	1	com.l2jserver.gameserver.data.sql.impl.CharNameTable	CharNameTable: Loaded 1 char names.
2019.07.29 20:28:38,932	INFO	1	com.l2jserver.util.data.xml.IXmlReader	AdminData: Loaded: 10 Access Levels.
2019.07.29 20:28:38,957	INFO	1	com.l2jserver.util.data.xml.IXmlReader	AdminData: Loaded: 444 Access Commands.
2019.07.29 20:28:38,967	INFO	1	com.l2jserver.gameserver.instancemanager.RaidBossPointsManager	RaidBossPointsManager: Loaded 0 Characters Raid Points.
2019.07.29 20:28:39,583	INFO	1	com.l2jserver.util.data.xml.IXmlReader	PetDataTable: Loaded 52 Pets.
2019.07.29 20:28:39,665	INFO	1	com.l2jserver.gameserver.GameServer	---------------------------------------------------=[ Clans ]
2019.07.29 20:28:39,716	INFO	1	com.l2jserver.gameserver.communitybbs.Manager.ForumsBBSManager	Loaded 4 forums. Last forum id used: 4
2019.07.29 20:28:39,716	INFO	1	com.l2jserver.gameserver.data.sql.impl.ClanTable	ClanTable: Restored 0 clans from the database.
2019.07.29 20:28:39,778	INFO	1	com.l2jserver.gameserver.instancemanager.CHSiegeManager	CHSiegeManager: Loaded 6 conquerable clan halls.
2019.07.29 20:28:39,947	INFO	1	com.l2jserver.gameserver.instancemanager.AuctionManager	AuctionManager: Loaded: 38 auction(s)
2019.07.29 20:28:39,947	INFO	1	com.l2jserver.gameserver.instancemanager.ClanHallManager	ClanHallManager: Loaded: 0 clan halls
2019.07.29 20:28:39,947	INFO	1	com.l2jserver.gameserver.instancemanager.ClanHallManager	ClanHallManager: Loaded: 38 free clan halls
2019.07.29 20:28:39,947	INFO	1	com.l2jserver.gameserver.GameServer	-------------------------------------------------=[ Geodata ]
2019.07.29 20:28:39,963	INFO	1	com.l2jserver.gameserver.GeoData	GeoData: Loading 11_23.l2j...
2019.07.29 20:28:40,057	INFO	1	com.l2jserver.gameserver.GeoData	GeoData: Loading 11_24.l2j...
2019.07.29 20:28:40,088	INFO	1	com.l2jserver.gameserver.GeoData	GeoData: Loading 11_25.l2j...
2019.07.29 20:28:40,120	INFO	1	com.l2jserver.gameserver.GeoData	GeoData: Loading 11_26.l2j...
2019.07.29 20:28:40,167	INFO	1	com.l2jserver.gameserver.GeoData	GeoData: Loading 12_23.l2j...
2019.07.29 20:28:40,204	INFO	1	com.l2jserver.gameserver.GeoData	GeoData: Loading 12_24.l2j...
2019.07.29 20:28:40,288	INFO	1	com.l2jserver.gameserver.GeoData	GeoData: Loading 12_25.l2j...
2019.07.29 20:28:40,362	INFO	1	com.l2jserver.gameserver.GeoData	GeoData: Loading 12_26.l2j...
2019.07.29 20:28:40,394	INFO	1	com.l2jserver.gameserver.GeoData	GeoData: Loading 13_21.l2j...
2019.07.29 20:28:40,394	INFO	1	com.l2jserver.gameserver.GeoData	GeoData: Loading 13_22.l2j...
2019.07.29 20:28:40,425	INFO	1	com.l2jserver.gameserver.GeoData	GeoData: Loading 13_23.l2j...
2019.07.29 20:28:40,486	INFO	1	com.l2jserver.gameserver.GeoData	GeoData: Loading 13_24.l2j...
2019.07.29 20:28:40,557	INFO	1	com.l2jserver.gameserver.GeoData	GeoData: Loading 13_25.l2j...
2019.07.29 20:28:40,615	INFO	1	com.l2jserver.gameserver.GeoData	GeoData: Loading 13_26.l2j...
2019.07.29 20:28:40,647	INFO	1	com.l2jserver.gameserver.GeoData	GeoData: Loading 14_21.l2j...
2019.07.29 20:28:40,662	INFO	1	com.l2jserver.gameserver.GeoData	GeoData: Loading 14_22.l2j...
2019.07.29 20:28:40,732	INFO	1	com.l2jserver.gameserver.GeoData	GeoData: Loading 14_23.l2j...
2019.07.29 20:28:40,916	INFO	1	com.l2jserver.gameserver.GeoData	GeoData: Loading 14_24.l2j...
2019.07.29 20:28:40,994	INFO	1	com.l2jserver.gameserver.GeoData	GeoData: Loading 14_25.l2j...
2019.07.29 20:28:41,076	INFO	1	com.l2jserver.gameserver.GeoData	GeoData: Loading 14_26.l2j...
2019.07.29 20:28:41,128	INFO	1	com.l2jserver.gameserver.GeoData	GeoData: Loading 15_10.l2j...
2019.07.29 20:28:41,164	INFO	1	com.l2jserver.gameserver.GeoData	GeoData: Loading 15_11.l2j...
2019.07.29 20:28:41,193	INFO	1	com.l2jserver.gameserver.GeoData	GeoData: Loading 15_12.l2j...
2019.07.29 20:28:41,216	INFO	1	com.l2jserver.gameserver.GeoData	GeoData: Loading 15_18.l2j...
2019.07.29 20:28:41,216	INFO	1	com.l2jserver.gameserver.GeoData	GeoData: Loading 15_19.l2j...
2019.07.29 20:28:41,263	INFO	1	com.l2jserver.gameserver.GeoData	GeoData: Loading 15_20.l2j...
2019.07.29 20:28:41,263	INFO	1	com.l2jserver.gameserver.GeoData	GeoData: Loading 15_21.l2j...
2019.07.29 20:28:41,278	INFO	1	com.l2jserver.gameserver.GeoData	GeoData: Loading 15_22.l2j...
2019.07.29 20:28:41,278	INFO	1	com.l2jserver.gameserver.GeoData	GeoData: Loading 15_23.l2j...
2019.07.29 20:28:41,278	INFO	1	com.l2jserver.gameserver.GeoData	GeoData: Loading 15_24.l2j...
2019.07.29 20:28:41,294	INFO	1	com.l2jserver.gameserver.GeoData	GeoData: Loading 15_25.l2j...
2019.07.29 20:28:41,325	INFO	1	com.l2jserver.gameserver.GeoData	GeoData: Loading 15_26.l2j...
2019.07.29 20:28:41,357	INFO	1	com.l2jserver.gameserver.GeoData	GeoData: Loading 16_10.l2j...
2019.07.29 20:28:41,504	INFO	1	com.l2jserver.gameserver.GeoData	GeoData: Loading 16_11.l2j...
2019.07.29 20:28:41,513	INFO	1	com.l2jserver.gameserver.GeoData	GeoData: Loading 16_12.l2j...
2019.07.29 20:28:41,546	INFO	1	com.l2jserver.gameserver.GeoData	GeoData: Loading 16_13.l2j...
2019.07.29 20:28:41,554	INFO	1	com.l2jserver.gameserver.GeoData	GeoData: Loading 16_14.l2j...
2019.07.29 20:28:41,560	INFO	1	com.l2jserver.gameserver.GeoData	GeoData: Loading 16_15.l2j...
2019.07.29 20:28:41,564	INFO	1	com.l2jserver.gameserver.GeoData	GeoData: Loading 16_16.l2j...
2019.07.29 20:28:41,570	INFO	1	com.l2jserver.gameserver.GeoData	GeoData: Loading 16_17.l2j...
2019.07.29 20:28:41,574	INFO	1	com.l2jserver.gameserver.GeoData	GeoData: Loading 16_18.l2j...
2019.07.29 20:28:41,600	INFO	1	com.l2jserver.gameserver.GeoData	GeoData: Loading 16_19.l2j...
2019.07.29 20:28:41,679	INFO	1	com.l2jserver.gameserver.GeoData	GeoData: Loading 16_20.l2j...
2019.07.29 20:28:41,755	INFO	1	com.l2jserver.gameserver.GeoData	GeoData: Loading 16_21.l2j...
2019.07.29 20:28:41,798	INFO	1	com.l2jserver.gameserver.GeoData	GeoData: Loading 16_22.l2j...
2019.07.29 20:28:41,802	INFO	1	com.l2jserver.gameserver.GeoData	GeoData: Loading 16_23.l2j...
2019.07.29 20:28:41,808	INFO	1	com.l2jserver.gameserver.GeoData	GeoData: Loading 16_24.l2j...
2019.07.29 20:28:41,876	INFO	1	com.l2jserver.gameserver.GeoData	GeoData: Loading 16_25.l2j...
2019.07.29 20:28:41,916	INFO	1	com.l2jserver.gameserver.GeoData	GeoData: Loading 16_26.l2j...
2019.07.29 20:28:41,932	INFO	1	com.l2jserver.gameserver.GeoData	GeoData: Loading 17_10.l2j...
2019.07.29 20:28:41,948	INFO	1	com.l2jserver.gameserver.GeoData	GeoData: Loading 17_11.l2j...
2019.07.29 20:28:41,963	INFO	1	com.l2jserver.gameserver.GeoData	GeoData: Loading 17_12.l2j...
2019.07.29 20:28:41,979	INFO	1	com.l2jserver.gameserver.GeoData	GeoData: Loading 17_13.l2j...
2019.07.29 20:28:42,010	INFO	1	com.l2jserver.gameserver.GeoData	GeoData: Loading 17_14.l2j...
2019.07.29 20:28:42,010	INFO	1	com.l2jserver.gameserver.GeoData	GeoData: Loading 17_15.l2j...
2019.07.29 20:28:42,057	INFO	1	com.l2jserver.gameserver.GeoData	GeoData: Loading 17_16.l2j...
2019.07.29 20:28:42,142	INFO	1	com.l2jserver.gameserver.GeoData	GeoData: Loading 17_17.l2j...
2019.07.29 20:28:42,171	INFO	1	com.l2jserver.gameserver.GeoData	GeoData: Loading 17_18.l2j...
2019.07.29 20:28:42,176	INFO	1	com.l2jserver.gameserver.GeoData	GeoData: Loading 17_19.l2j...
2019.07.29 20:28:42,247	INFO	1	com.l2jserver.gameserver.GeoData	GeoData: Loading 17_20.l2j...
2019.07.29 20:28:42,294	INFO	1	com.l2jserver.gameserver.GeoData	GeoData: Loading 17_21.l2j...
2019.07.29 20:28:42,374	INFO	1	com.l2jserver.gameserver.GeoData	GeoData: Loading 17_22.l2j...
2019.07.29 20:28:42,440	INFO	1	com.l2jserver.gameserver.GeoData	GeoData: Loading 17_23.l2j...
2019.07.29 20:28:42,500	INFO	1	com.l2jserver.gameserver.GeoData	GeoData: Loading 17_24.l2j...
2019.07.29 20:28:42,531	INFO	1	com.l2jserver.gameserver.GeoData	GeoData: Loading 17_25.l2j...
2019.07.29 20:28:42,594	INFO	1	com.l2jserver.gameserver.GeoData	GeoData: Loading 17_26.l2j...
2019.07.29 20:28:42,610	INFO	1	com.l2jserver.gameserver.GeoData	GeoData: Loading 18_10.l2j...
2019.07.29 20:28:42,641	INFO	1	com.l2jserver.gameserver.GeoData	GeoData: Loading 18_11.l2j...
2019.07.29 20:28:42,656	INFO	1	com.l2jserver.gameserver.GeoData	GeoData: Loading 18_12.l2j...
2019.07.29 20:28:42,688	INFO	1	com.l2jserver.gameserver.GeoData	GeoData: Loading 18_13.l2j...
2019.07.29 20:28:42,688	INFO	1	com.l2jserver.gameserver.GeoData	GeoData: Loading 18_14.l2j...
2019.07.29 20:28:42,759	INFO	1	com.l2jserver.gameserver.GeoData	GeoData: Loading 18_15.l2j...
2019.07.29 20:28:42,801	INFO	1	com.l2jserver.gameserver.GeoData	GeoData: Loading 18_16.l2j...
2019.07.29 20:28:42,852	INFO	1	com.l2jserver.gameserver.GeoData	GeoData: Loading 18_17.l2j...
2019.07.29 20:28:42,857	INFO	1	com.l2jserver.gameserver.GeoData	GeoData: Loading 18_18.l2j...
2019.07.29 20:28:42,876	INFO	1	com.l2jserver.gameserver.GeoData	GeoData: Loading 18_19.l2j...
2019.07.29 20:28:42,932	INFO	1	com.l2jserver.gameserver.GeoData	GeoData: Loading 18_20.l2j...
2019.07.29 20:28:43,010	INFO	1	com.l2jserver.gameserver.GeoData	GeoData: Loading 18_21.l2j...
2019.07.29 20:28:43,088	INFO	1	com.l2jserver.gameserver.GeoData	GeoData: Loading 18_22.l2j...
2019.07.29 20:28:43,172	INFO	1	com.l2jserver.gameserver.GeoData	GeoData: Loading 18_23.l2j...
2019.07.29 20:28:43,247	INFO	1	com.l2jserver.gameserver.GeoData	GeoData: Loading 18_24.l2j...
2019.07.29 20:28:43,313	INFO	1	com.l2jserver.gameserver.GeoData	GeoData: Loading 18_25.l2j...
2019.07.29 20:28:43,342	INFO	1	com.l2jserver.gameserver.GeoData	GeoData: Loading 18_26.l2j...
2019.07.29 20:28:43,349	INFO	1	com.l2jserver.gameserver.GeoData	GeoData: Loading 19_10.l2j...
2019.07.29 20:28:43,733	INFO	1	com.l2jserver.gameserver.GeoData	GeoData: Loading 19_11.l2j...
2019.07.29 20:28:43,738	INFO	1	com.l2jserver.gameserver.GeoData	GeoData: Loading 19_12.l2j...
2019.07.29 20:28:43,765	INFO	1	com.l2jserver.gameserver.GeoData	GeoData: Loading 19_13.l2j...
2019.07.29 20:28:43,816	INFO	1	com.l2jserver.gameserver.GeoData	GeoData: Loading 19_14.l2j...
2019.07.29 20:28:43,887	INFO	1	com.l2jserver.gameserver.GeoData	GeoData: Loading 19_15.l2j...
2019.07.29 20:28:43,945	INFO	1	com.l2jserver.gameserver.GeoData	GeoData: Loading 19_16.l2j...
2019.07.29 20:28:43,987	INFO	1	com.l2jserver.gameserver.GeoData	GeoData: Loading 19_17.l2j...
2019.07.29 20:28:44,016	INFO	1	com.l2jserver.gameserver.GeoData	GeoData: Loading 19_18.l2j...
2019.07.29 20:28:44,094	INFO	1	com.l2jserver.gameserver.GeoData	GeoData: Loading 19_19.l2j...
2019.07.29 20:28:44,172	INFO	1	com.l2jserver.gameserver.GeoData	GeoData: Loading 19_20.l2j...
2019.07.29 20:28:44,258	INFO	1	com.l2jserver.gameserver.GeoData	GeoData: Loading 19_21.l2j...
2019.07.29 20:28:44,328	INFO	1	com.l2jserver.gameserver.GeoData	GeoData: Loading 19_22.l2j...
2019.07.29 20:28:44,431	INFO	1	com.l2jserver.gameserver.GeoData	GeoData: Loading 19_23.l2j...
2019.07.29 20:28:44,494	INFO	1	com.l2jserver.gameserver.GeoData	GeoData: Loading 19_24.l2j...
2019.07.29 20:28:44,565	INFO	1	com.l2jserver.gameserver.GeoData	GeoData: Loading 19_25.l2j...
2019.07.29 20:28:44,682	INFO	1	com.l2jserver.gameserver.GeoData	GeoData: Loading 19_26.l2j...
2019.07.29 20:28:44,718	INFO	1	com.l2jserver.gameserver.GeoData	GeoData: Loading 20_10.l2j...
2019.07.29 20:28:44,780	INFO	1	com.l2jserver.gameserver.GeoData	GeoData: Loading 20_11.l2j...
2019.07.29 20:28:44,810	INFO	1	com.l2jserver.gameserver.GeoData	GeoData: Loading 20_12.l2j...
2019.07.29 20:28:44,829	INFO	1	com.l2jserver.gameserver.GeoData	GeoData: Loading 20_13.l2j...
2019.07.29 20:28:44,883	INFO	1	com.l2jserver.gameserver.GeoData	GeoData: Loading 20_14.l2j...
2019.07.29 20:28:44,973	INFO	1	com.l2jserver.gameserver.GeoData	GeoData: Loading 20_15.l2j...
2019.07.29 20:28:45,036	INFO	1	com.l2jserver.gameserver.GeoData	GeoData: Loading 20_16.l2j...
2019.07.29 20:28:45,093	INFO	1	com.l2jserver.gameserver.GeoData	GeoData: Loading 20_17.l2j...
2019.07.29 20:28:45,165	INFO	1	com.l2jserver.gameserver.GeoData	GeoData: Loading 20_18.l2j...
2019.07.29 20:28:45,347	INFO	1	com.l2jserver.gameserver.GeoData	GeoData: Loading 20_19.l2j...
2019.07.29 20:28:45,425	INFO	1	com.l2jserver.gameserver.GeoData	GeoData: Loading 20_20.l2j...
2019.07.29 20:28:45,503	INFO	1	com.l2jserver.gameserver.GeoData	GeoData: Loading 20_21.l2j...
2019.07.29 20:28:45,619	INFO	1	com.l2jserver.gameserver.GeoData	GeoData: Loading 20_22.l2j...
2019.07.29 20:28:45,701	INFO	1	com.l2jserver.gameserver.GeoData	GeoData: Loading 20_23.l2j...
2019.07.29 20:28:45,773	INFO	1	com.l2jserver.gameserver.GeoData	GeoData: Loading 20_24.l2j...
2019.07.29 20:28:45,797	INFO	1	com.l2jserver.gameserver.GeoData	GeoData: Loading 20_25.l2j...
2019.07.29 20:28:45,863	INFO	1	com.l2jserver.gameserver.GeoData	GeoData: Loading 20_26.l2j...
2019.07.29 20:28:45,894	INFO	1	com.l2jserver.gameserver.GeoData	GeoData: Loading 21_10.l2j...
2019.07.29 20:28:45,928	INFO	1	com.l2jserver.gameserver.GeoData	GeoData: Loading 21_11.l2j...
2019.07.29 20:28:45,934	INFO	1	com.l2jserver.gameserver.GeoData	GeoData: Loading 21_12.l2j...
2019.07.29 20:28:45,941	INFO	1	com.l2jserver.gameserver.GeoData	GeoData: Loading 21_13.l2j...
2019.07.29 20:28:45,946	INFO	1	com.l2jserver.gameserver.GeoData	GeoData: Loading 21_14.l2j...
2019.07.29 20:28:46,044	INFO	1	com.l2jserver.gameserver.GeoData	GeoData: Loading 21_15.l2j...
2019.07.29 20:28:46,100	INFO	1	com.l2jserver.gameserver.GeoData	GeoData: Loading 21_16.l2j...
2019.07.29 20:28:46,210	INFO	1	com.l2jserver.gameserver.GeoData	GeoData: Loading 21_17.l2j...
2019.07.29 20:28:46,257	INFO	1	com.l2jserver.gameserver.GeoData	GeoData: Loading 21_18.l2j...
2019.07.29 20:28:46,352	INFO	1	com.l2jserver.gameserver.GeoData	GeoData: Loading 21_19.l2j...
2019.07.29 20:28:46,424	INFO	1	com.l2jserver.gameserver.GeoData	GeoData: Loading 21_20.l2j...
2019.07.29 20:28:46,490	INFO	1	com.l2jserver.gameserver.GeoData	GeoData: Loading 21_21.l2j...
2019.07.29 20:28:46,563	INFO	1	com.l2jserver.gameserver.GeoData	GeoData: Loading 21_22.l2j...
2019.07.29 20:28:46,641	INFO	1	com.l2jserver.gameserver.GeoData	GeoData: Loading 21_23.l2j...
2019.07.29 20:28:46,729	INFO	1	com.l2jserver.gameserver.GeoData	GeoData: Loading 21_24.l2j...
2019.07.29 20:28:46,798	INFO	1	com.l2jserver.gameserver.GeoData	GeoData: Loading 21_25.l2j...
2019.07.29 20:28:46,807	INFO	1	com.l2jserver.gameserver.GeoData	GeoData: Loading 22_10.l2j...
2019.07.29 20:28:46,844	INFO	1	com.l2jserver.gameserver.GeoData	GeoData: Loading 22_11.l2j...
2019.07.29 20:28:46,916	INFO	1	com.l2jserver.gameserver.GeoData	GeoData: Loading 22_12.l2j...
2019.07.29 20:28:46,916	INFO	1	com.l2jserver.gameserver.GeoData	GeoData: Loading 22_13.l2j...
2019.07.29 20:28:47,013	INFO	1	com.l2jserver.gameserver.GeoData	GeoData: Loading 22_14.l2j...
2019.07.29 20:28:47,102	INFO	1	com.l2jserver.gameserver.GeoData	GeoData: Loading 22_15.l2j...
2019.07.29 20:28:47,181	INFO	1	com.l2jserver.gameserver.GeoData	GeoData: Loading 22_16.l2j...
2019.07.29 20:28:47,247	INFO	1	com.l2jserver.gameserver.GeoData	GeoData: Loading 22_17.l2j...
2019.07.29 20:28:47,310	INFO	1	com.l2jserver.gameserver.GeoData	GeoData: Loading 22_18.l2j...
2019.07.29 20:28:47,388	INFO	1	com.l2jserver.gameserver.GeoData	GeoData: Loading 22_19.l2j...
2019.07.29 20:28:47,527	INFO	1	com.l2jserver.gameserver.GeoData	GeoData: Loading 22_20.l2j...
2019.07.29 20:28:47,600	INFO	1	com.l2jserver.gameserver.GeoData	GeoData: Loading 22_21.l2j...
2019.07.29 20:28:47,678	INFO	1	com.l2jserver.gameserver.GeoData	GeoData: Loading 22_22.l2j...
2019.07.29 20:28:47,752	INFO	1	com.l2jserver.gameserver.GeoData	GeoData: Loading 22_23.l2j...
2019.07.29 20:28:47,836	INFO	1	com.l2jserver.gameserver.GeoData	GeoData: Loading 22_24.l2j...
2019.07.29 20:28:50,699	INFO	1	com.l2jserver.gameserver.GeoData	GeoData: Loading 22_25.l2j...
2019.07.29 20:28:50,772	INFO	1	com.l2jserver.gameserver.GeoData	GeoData: Loading 22_26.l2j...
2019.07.29 20:28:50,793	INFO	1	com.l2jserver.gameserver.GeoData	GeoData: Loading 23_10.l2j...
2019.07.29 20:28:50,805	INFO	1	com.l2jserver.gameserver.GeoData	GeoData: Loading 23_11.l2j...
2019.07.29 20:28:50,869	INFO	1	com.l2jserver.gameserver.GeoData	GeoData: Loading 23_12.l2j...
2019.07.29 20:28:50,931	INFO	1	com.l2jserver.gameserver.GeoData	GeoData: Loading 23_13.l2j...
2019.07.29 20:28:51,041	INFO	1	com.l2jserver.gameserver.GeoData	GeoData: Loading 23_14.l2j...
2019.07.29 20:28:51,139	INFO	1	com.l2jserver.gameserver.GeoData	GeoData: Loading 23_15.l2j...
2019.07.29 20:28:51,231	INFO	1	com.l2jserver.gameserver.GeoData	GeoData: Loading 23_16.l2j...
2019.07.29 20:28:51,315	INFO	1	com.l2jserver.gameserver.GeoData	GeoData: Loading 23_17.l2j...
2019.07.29 20:28:51,389	INFO	1	com.l2jserver.gameserver.GeoData	GeoData: Loading 23_18.l2j...
2019.07.29 20:28:51,490	INFO	1	com.l2jserver.gameserver.GeoData	GeoData: Loading 23_19.l2j...
2019.07.29 20:28:51,563	INFO	1	com.l2jserver.gameserver.GeoData	GeoData: Loading 23_20.l2j...
2019.07.29 20:28:51,661	INFO	1	com.l2jserver.gameserver.GeoData	GeoData: Loading 23_21.l2j...
2019.07.29 20:28:51,746	INFO	1	com.l2jserver.gameserver.GeoData	GeoData: Loading 23_22.l2j...
2019.07.29 20:28:51,811	INFO	1	com.l2jserver.gameserver.GeoData	GeoData: Loading 23_23.l2j...
2019.07.29 20:28:51,881	INFO	1	com.l2jserver.gameserver.GeoData	GeoData: Loading 23_24.l2j...
2019.07.29 20:28:51,931	INFO	1	com.l2jserver.gameserver.GeoData	GeoData: Loading 23_25.l2j...
2019.07.29 20:28:51,994	INFO	1	com.l2jserver.gameserver.GeoData	GeoData: Loading 23_26.l2j...
2019.07.29 20:28:51,994	INFO	1	com.l2jserver.gameserver.GeoData	GeoData: Loading 24_10.l2j...
2019.07.29 20:28:52,013	INFO	1	com.l2jserver.gameserver.GeoData	GeoData: Loading 24_11.l2j...
2019.07.29 20:28:52,074	INFO	1	com.l2jserver.gameserver.GeoData	GeoData: Loading 24_12.l2j...
2019.07.29 20:28:52,178	INFO	1	com.l2jserver.gameserver.GeoData	GeoData: Loading 24_13.l2j...
2019.07.29 20:28:52,229	INFO	1	com.l2jserver.gameserver.GeoData	GeoData: Loading 24_14.l2j...
2019.07.29 20:28:52,327	INFO	1	com.l2jserver.gameserver.GeoData	GeoData: Loading 24_15.l2j...
2019.07.29 20:28:52,398	INFO	1	com.l2jserver.gameserver.GeoData	GeoData: Loading 24_16.l2j...
2019.07.29 20:28:52,479	INFO	1	com.l2jserver.gameserver.GeoData	GeoData: Loading 24_17.l2j...
2019.07.29 20:28:52,547	INFO	1	com.l2jserver.gameserver.GeoData	GeoData: Loading 24_18.l2j...
2019.07.29 20:28:52,625	INFO	1	com.l2jserver.gameserver.GeoData	GeoData: Loading 24_19.l2j...
2019.07.29 20:28:52,694	INFO	1	com.l2jserver.gameserver.GeoData	GeoData: Loading 24_20.l2j...
2019.07.29 20:28:52,777	INFO	1	com.l2jserver.gameserver.GeoData	GeoData: Loading 24_21.l2j...
2019.07.29 20:28:52,831	INFO	1	com.l2jserver.gameserver.GeoData	GeoData: Loading 24_22.l2j...
2019.07.29 20:28:52,928	INFO	1	com.l2jserver.gameserver.GeoData	GeoData: Loading 24_23.l2j...
2019.07.29 20:28:53,000	INFO	1	com.l2jserver.gameserver.GeoData	GeoData: Loading 24_24.l2j...
2019.07.29 20:28:53,032	INFO	1	com.l2jserver.gameserver.GeoData	GeoData: Loading 24_25.l2j...
2019.07.29 20:28:53,032	INFO	1	com.l2jserver.gameserver.GeoData	GeoData: Loading 24_26.l2j...
2019.07.29 20:28:53,047	INFO	1	com.l2jserver.gameserver.GeoData	GeoData: Loading 25_10.l2j...
2019.07.29 20:28:53,063	INFO	1	com.l2jserver.gameserver.GeoData	GeoData: Loading 25_11.l2j...
2019.07.29 20:28:53,215	INFO	1	com.l2jserver.gameserver.GeoData	GeoData: Loading 25_12.l2j...
2019.07.29 20:28:53,315	INFO	1	com.l2jserver.gameserver.GeoData	GeoData: Loading 25_14.l2j...
2019.07.29 20:28:53,497	INFO	1	com.l2jserver.gameserver.GeoData	GeoData: Loading 25_15.l2j...
2019.07.29 20:28:53,585	INFO	1	com.l2jserver.gameserver.GeoData	GeoData: Loading 25_16.l2j...
2019.07.29 20:28:53,678	INFO	1	com.l2jserver.gameserver.GeoData	GeoData: Loading 25_17.l2j...
2019.07.29 20:28:53,757	INFO	1	com.l2jserver.gameserver.GeoData	GeoData: Loading 25_18.l2j...
2019.07.29 20:28:53,837	INFO	1	com.l2jserver.gameserver.GeoData	GeoData: Loading 25_19.l2j...
2019.07.29 20:28:53,932	INFO	1	com.l2jserver.gameserver.GeoData	GeoData: Loading 25_20.l2j...
2019.07.29 20:28:53,969	INFO	1	com.l2jserver.gameserver.GeoData	GeoData: Loading 25_21.l2j...
2019.07.29 20:28:54,000	INFO	1	com.l2jserver.gameserver.GeoData	GeoData: Loading 25_22.l2j...
2019.07.29 20:28:54,000	INFO	1	com.l2jserver.gameserver.GeoData	GeoData: Loading 25_23.l2j...
2019.07.29 20:28:54,015	INFO	1	com.l2jserver.gameserver.GeoData	GeoData: Loading 25_24.l2j...
2019.07.29 20:28:54,015	INFO	1	com.l2jserver.gameserver.GeoData	GeoData: Loading 26_11.l2j...
2019.07.29 20:28:54,047	INFO	1	com.l2jserver.gameserver.GeoData	GeoData: Loading 26_12.l2j...
2019.07.29 20:28:54,093	INFO	1	com.l2jserver.gameserver.GeoData	GeoData: Loading 26_14.l2j...
2019.07.29 20:28:54,164	INFO	1	com.l2jserver.gameserver.GeoData	GeoData: Loading 26_15.l2j...
2019.07.29 20:28:54,169	INFO	1	com.l2jserver.gameserver.GeoData	GeoData: Loading 26_16.l2j...
2019.07.29 20:28:54,177	INFO	1	com.l2jserver.gameserver.GeoData	GeoData: Loaded 203 regions.
2019.07.29 20:28:54,178	INFO	1	com.l2jserver.gameserver.GameServer	----------------------------------------------------=[ NPCs ]
2019.07.29 20:28:54,219	INFO	1	com.l2jserver.util.data.xml.IXmlReader	SkillLearnData: Loaded 256 Skill Learn data.
2019.07.29 20:28:54,254	INFO	1	com.l2jserver.util.data.xml.IXmlReader	MinionData: Loaded 128 minions data.
2019.07.29 20:28:58,857	INFO	1	com.l2jserver.util.data.xml.IXmlReader	NpcData: Loaded 10461 NPCs.
2019.07.29 20:28:59,387	INFO	1	com.l2jserver.util.data.xml.IXmlReader	WalkingManager: Loaded 123 walking routes.
2019.07.29 20:28:59,599	INFO	1	com.l2jserver.util.data.xml.IXmlReader	StaticObjectData: Loaded 51 static object templates.
2019.07.29 20:29:01,600	INFO	1	com.l2jserver.gameserver.instancemanager.GrandBossManager	GrandBossManager: Queen Ant(29001) status is 0.
2019.07.29 20:29:01,600	INFO	1	com.l2jserver.gameserver.instancemanager.GrandBossManager	GrandBossManager: Core(29006) status is 0.
2019.07.29 20:29:01,600	INFO	1	com.l2jserver.gameserver.instancemanager.GrandBossManager	GrandBossManager: Orfen(29014) status is 0.
2019.07.29 20:29:01,600	INFO	1	com.l2jserver.gameserver.instancemanager.GrandBossManager	GrandBossManager: Baium(29020) status is 0.
2019.07.29 20:29:01,616	INFO	1	com.l2jserver.gameserver.instancemanager.GrandBossManager	GrandBossManager: Valakas(29028) status is 0.
2019.07.29 20:29:01,616	INFO	1	com.l2jserver.gameserver.instancemanager.GrandBossManager	GrandBossManager: Antharas(29068) status is 0.
2019.07.29 20:29:01,616	INFO	1	com.l2jserver.gameserver.instancemanager.GrandBossManager	GrandBossManager: Beleth(29118) status is 0.
2019.07.29 20:29:01,616	INFO	1	com.l2jserver.gameserver.instancemanager.GrandBossManager	GrandBossManager: Loaded 7 Instances
2019.07.29 20:29:02,588	INFO	1	com.l2jserver.util.data.xml.IXmlReader	DoorData: Loaded 1301 Door templates for 22 regions.
2019.07.29 20:29:04,784	INFO	1	com.l2jserver.util.data.xml.IXmlReader	ZoneManager: Loaded 28 zone classes and 2793 zones.
2019.07.29 20:29:04,785	INFO	1	com.l2jserver.util.data.xml.IXmlReader	ZoneManager: Loaded 0 NPC spawn territoriers.
2019.07.29 20:29:04,831	INFO	1	com.l2jserver.gameserver.instancemanager.CastleManager	CastleManager: Loaded: 9 castles
2019.07.29 20:29:04,862	INFO	1	com.l2jserver.gameserver.data.sql.impl.NpcBufferTable	NpcBufferTable: Loaded 1 buffers and 10 skills.
2019.07.29 20:29:04,878	INFO	1	com.l2jserver.gameserver.instancemanager.GrandBossManager	GrandBossManager: Initialized 12 Grand Boss Zones
2019.07.29 20:29:04,893	INFO	1	com.l2jserver.gameserver.GameServer	-----------------------------------------=[ Auction Manager ]
2019.07.29 20:29:05,001	INFO	1	com.l2jserver.gameserver.model.itemauction.ItemAuctionInstance	Loaded 82 item(s) and registered 1 auction(s) for NPC ID 32320.
2019.07.29 20:29:05,005	INFO	1	com.l2jserver.gameserver.model.itemauction.ItemAuctionInstance	Schedule next auction ID 1 on 17:00:00 02.08.19 for NPC ID 32320.
2019.07.29 20:29:05,010	INFO	1	com.l2jserver.gameserver.model.itemauction.ItemAuctionInstance	Loaded 82 item(s) and registered 1 auction(s) for NPC ID 32321.
2019.07.29 20:29:05,032	INFO	1	com.l2jserver.gameserver.model.itemauction.ItemAuctionInstance	Schedule current auction ID 2 for NPC ID 32321.
2019.07.29 20:29:05,043	INFO	16	com.l2jserver.gameserver.model.itemauction.ItemAuctionInstance$ScheduleAuctionTask	Auction ID 2 has started for NPC ID 32321.
2019.07.29 20:29:05,047	INFO	1	com.l2jserver.gameserver.model.itemauction.ItemAuctionInstance	Loaded 82 item(s) and registered 1 auction(s) for NPC ID 32322.
2019.07.29 20:29:05,048	INFO	1	com.l2jserver.gameserver.model.itemauction.ItemAuctionInstance	Schedule next auction ID 3 on 17:00:00 31.07.19 for NPC ID 32322.
2019.07.29 20:29:05,049	INFO	1	com.l2jserver.gameserver.instancemanager.ItemAuctionManager	Loaded 3 auction manager instance(s).
2019.07.29 20:29:05,049	INFO	1	com.l2jserver.gameserver.GameServer	------------------------------------------------=[ Olympiad ]
2019.07.29 20:29:05,051	INFO	16	com.l2jserver.gameserver.model.itemauction.ItemAuctionInstance	Schedule current auction ID 2 for NPC ID 32321.
2019.07.29 20:29:05,099	INFO	1	com.l2jserver.gameserver.model.olympiad.Olympiad	Olympiad System: Loading Olympiad System....
2019.07.29 20:29:05,099	INFO	1	com.l2jserver.gameserver.model.olympiad.Olympiad	Olympiad System: Currently in Olympiad Period
2019.07.29 20:29:05,100	INFO	1	com.l2jserver.gameserver.model.olympiad.Olympiad	Olympiad System: 3810 minutes until period ends
2019.07.29 20:29:05,100	INFO	1	com.l2jserver.gameserver.model.olympiad.Olympiad	Olympiad System: Next weekly change is in 8570 minutes
2019.07.29 20:29:05,100	INFO	1	com.l2jserver.gameserver.model.olympiad.Olympiad	Olympiad System: Loaded 0 Nobles
2019.07.29 20:29:05,116	INFO	1	com.l2jserver.gameserver.model.olympiad.Olympiad	Olympiad System: Competition Period Starts in 0 days, 0 hours and 0 mins.
2019.07.29 20:29:05,163	INFO	1	com.l2jserver.gameserver.model.olympiad.Olympiad	Olympiad System: Event starts/started : Mon Jul 29 18:00:05 COT 2019
2019.07.29 20:29:05,179	INFO	1	com.l2jserver.gameserver.model.entity.Hero	Hero System: Loaded 0 Heroes.
2019.07.29 20:29:05,179	INFO	1	com.l2jserver.gameserver.model.entity.Hero	Hero System: Loaded 0 all time Heroes.
2019.07.29 20:29:05,179	INFO	1	com.l2jserver.gameserver.GameServer	---------------------------------------------=[ Seven Signs ]
2019.07.29 20:29:05,210	INFO	1	com.l2jserver.gameserver.SevenSigns	SevenSigns: Currently in the Competition (Quest Event) period.
2019.07.29 20:29:05,210	INFO	1	com.l2jserver.gameserver.SevenSigns	SevenSigns: The Seal of Avarice remains unclaimed.
2019.07.29 20:29:05,225	INFO	1	com.l2jserver.gameserver.SevenSigns	SevenSigns: The Seal of Gnosis remains unclaimed.
2019.07.29 20:29:05,225	INFO	1	com.l2jserver.gameserver.SevenSigns	SevenSigns: The Seal of Strife remains unclaimed.
2019.07.29 20:29:05,225	INFO	1	com.l2jserver.gameserver.SevenSigns	SevenSigns: The competition, if the current trend continues, will end in a tie this week.
2019.07.29 20:29:05,225	INFO	1	com.l2jserver.gameserver.SevenSigns	SevenSigns: Next period change was in the past (server was offline), changing periods now!
2019.07.29 20:29:05,225	INFO	1	com.l2jserver.gameserver.SevenSigns	SevenSigns: Next period begins in 0 days, 0 hours and 0 mins.
2019.07.29 20:29:05,225	INFO	1	com.l2jserver.gameserver.GameServer	---------------------------------------------------=[ Cache ]
2019.07.29 20:29:05,225	INFO	1	com.l2jserver.gameserver.cache.HtmCache	Cache[HTML]: Running lazy cache
2019.07.29 20:29:05,304	INFO	1	com.l2jserver.gameserver.data.sql.impl.CrestTable	CrestTable: Loaded 0 Crests.
2019.07.29 20:29:05,327	INFO	21	com.l2jserver.gameserver.model.olympiad.Olympiad	Olympiad System: Olympiad Game Started
2019.07.29 20:29:05,336	INFO	21	com.l2jserver.gameserver.model.olympiad.OlympiadGameManager	Olympiad System: Loaded 160 stadiums.
2019.07.29 20:29:05,381	INFO	1	com.l2jserver.gameserver.data.sql.impl.TeleportLocationTable	TeleportLocationTable: Loaded 957 Teleport Location Templates.
2019.07.29 20:29:05,400	INFO	23	com.l2jserver.gameserver.SevenSignsFestival	SevenSignsFestival: The first Festival of Darkness cycle begins in 2 minute(s).
2019.07.29 20:29:05,416	INFO	1	com.l2jserver.util.data.xml.IXmlReader	UIData: Loaded 4 keys 5 categories.
2019.07.29 20:29:05,831	INFO	23	com.l2jserver.gameserver.SevenSigns	SevenSigns: The Quest Event Results period has begun!
2019.07.29 20:29:05,847	INFO	23	com.l2jserver.gameserver.SevenSigns	SevenSigns: Next period change set to Mon Jul 29 20:44:05 COT 2019.
2019.07.29 20:29:05,925	INFO	1	com.l2jserver.gameserver.datatables.AugmentationData	AugmentationData: Loaded: 33960 augmentations.
2019.07.29 20:29:05,926	INFO	1	com.l2jserver.gameserver.datatables.AugmentationData	AugmentationData: Loaded: 2754 accessory augmentations.
2019.07.29 20:29:05,971	INFO	1	com.l2jserver.gameserver.instancemanager.CursedWeaponsManager	CursedWeaponsManager: Loaded : 2 cursed weapon(s).
2019.07.29 20:29:07,434	INFO	1	com.l2jserver.util.data.xml.IXmlReader	TransformData: Loaded: 111 transform templates.
2019.07.29 20:29:07,545	INFO	1	com.l2jserver.gameserver.datatables.BotReportTable	BotReportTable: Loaded 0 bot reports
2019.07.29 20:29:07,546	INFO	1	com.l2jserver.gameserver.GameServer	-------------------------------------------------=[ Scripts ]
2019.07.29 20:29:07,577	INFO	1	com.l2jserver.gameserver.instancemanager.AirShipManager	AirShipManager: Loaded 0 private airships
2019.07.29 20:29:07,580	INFO	1	com.l2jserver.gameserver.GameServer	GameServer: Loading server scripts:
2019.07.29 20:29:11,994	INFO	1	handlers.MasterHandler	Loading Handlers...
2019.07.29 20:29:12,163	INFO	1	handlers.MasterHandler	ActionHandler: Loaded 10 Handlers
2019.07.29 20:29:12,164	INFO	1	handlers.MasterHandler	ActionShiftHandler: Loaded 6 Handlers
2019.07.29 20:29:12,166	INFO	1	handlers.MasterHandler	AdminCommandHandler: Loaded 447 Handlers
2019.07.29 20:29:12,167	INFO	1	handlers.MasterHandler	BypassHandler: Loaded 48 Handlers
2019.07.29 20:29:12,168	INFO	1	handlers.MasterHandler	ChatHandler: Loaded 14 Handlers
2019.07.29 20:29:12,169	INFO	1	handlers.MasterHandler	CommunityBoardHandler: Loaded 15 Handlers
2019.07.29 20:29:12,170	INFO	1	handlers.MasterHandler	ItemHandler: Loaded 31 Handlers
2019.07.29 20:29:12,171	INFO	1	handlers.MasterHandler	PunishmentHandler: Loaded 3 Handlers
2019.07.29 20:29:12,172	INFO	1	handlers.MasterHandler	UserCommandHandler: Loaded 17 Handlers
2019.07.29 20:29:12,172	INFO	1	handlers.MasterHandler	VoicedCommandHandler: Loaded 1 Handlers
2019.07.29 20:29:12,173	INFO	1	handlers.MasterHandler	TargetHandler: Loaded 35 Handlers
2019.07.29 20:29:12,174	INFO	1	handlers.MasterHandler	TelnetHandler: Loaded 20 Handlers
2019.07.29 20:29:12,177	INFO	1	handlers.MasterHandler	Handlers Loaded...
2019.07.29 20:29:27,220	INFO	1	com.l2jserver.util.data.xml.IXmlReader	NpcBuffersData: Loaded: 33 buffers data.
2019.07.29 20:29:38,428	INFO	1	com.l2jserver.gameserver.model.events.AbstractScript	Handy's Block Checker Event is enabled
2019.07.29 20:30:00,594	INFO	1	instances.InstanceLoader	InstanceLoader: Loading Instances scripts.
2019.07.29 20:30:01,441	INFO	1	gracia.GraciaLoader	GraciaLoader: Loading Gracia related scripts.
2019.07.29 20:30:02,383	INFO	1	hellbound.HellboundLoader	HellboundLoader: Loading Hellbound related scripts:
2019.07.29 20:30:02,445	INFO	1	com.l2jserver.util.data.xml.IXmlReader	HellboundPointData: Loaded 47 trust point reward data.
2019.07.29 20:30:02,486	INFO	1	com.l2jserver.util.data.xml.IXmlReader	HellboundSpawns: Loaded 598 Hellbound spawns.
2019.07.29 20:30:02,490	INFO	1	com.l2jserver.gameserver.model.events.AbstractScript	HellboundEngine: Level: 0
2019.07.29 20:30:02,491	INFO	1	com.l2jserver.gameserver.model.events.AbstractScript	HellboundEngine: Trust: 0
2019.07.29 20:30:02,492	INFO	1	com.l2jserver.gameserver.model.events.AbstractScript	HellboundEngine: Status: locked.
2019.07.29 20:30:02,701	INFO	1	com.l2jserver.gameserver.instancemanager.RaidBossSpawnManager	RaidBossSpawnManager: Loaded 188 Instances
2019.07.29 20:30:02,701	INFO	1	com.l2jserver.gameserver.instancemanager.RaidBossSpawnManager	RaidBossSpawnManager: Scheduled 0 Instances
2019.07.29 20:30:18,477	INFO	1	com.l2jserver.gameserver.model.events.AbstractScript	[EnhanceYourWeapon] Loaded 54 Soul Crystal data.
2019.07.29 20:30:18,478	INFO	1	com.l2jserver.gameserver.model.events.AbstractScript	[EnhanceYourWeapon] Loaded 240 npc Leveling info data.
2019.07.29 20:30:19,058	INFO	1	com.l2jserver.gameserver.model.events.AbstractScript	TerritoryWarSuperClass: Siege date: Sun Aug 04 22:00:00 COT 2019
2019.07.29 20:30:21,726	INFO	1	com.l2jserver.gameserver.model.entity.clanhall.ClanHallSiegeEngine	Bandit StrongHold siege scheduled for Sun Aug 11 12:00:00 COT 2019.
2019.07.29 20:30:22,099	INFO	1	com.l2jserver.gameserver.model.entity.clanhall.ClanHallSiegeEngine	Beast Farm siege scheduled for Sun Aug 11 12:00:00 COT 2019.
2019.07.29 20:30:22,327	INFO	1	com.l2jserver.gameserver.model.entity.clanhall.ClanHallSiegeEngine	Devastated Castle siege scheduled for Sun Aug 11 12:00:00 COT 2019.
2019.07.29 20:30:22,647	INFO	1	com.l2jserver.gameserver.model.entity.clanhall.ClanHallSiegeEngine	Fortress of Resistance siege scheduled for Sun Aug 11 12:00:00 COT 2019.
2019.07.29 20:30:22,831	INFO	1	com.l2jserver.gameserver.model.entity.clanhall.ClanHallSiegeEngine	Fortresss of the Dead siege scheduled for Sun Aug 11 12:00:00 COT 2019.
2019.07.29 20:30:23,054	INFO	1	com.l2jserver.gameserver.model.entity.clanhall.ClanHallSiegeEngine	Rainbow Springs siege scheduled for Sun Aug 11 12:00:00 COT 2019.
2019.07.29 20:30:24,956	INFO	1	com.l2jserver.util.data.xml.IXmlReader	SpawnTable: Loaded 3768 npc spawns.
2019.07.29 20:30:25,155	INFO	1	com.l2jserver.util.data.xml.IXmlReader	SpawnTable: Loaded 1190 npc spawns from XML.
2019.07.29 20:30:25,156	INFO	1	com.l2jserver.gameserver.instancemanager.DayNightSpawnManager	DayNightSpawnManager: Removed 0 day creatures
2019.07.29 20:30:25,164	INFO	1	com.l2jserver.gameserver.instancemanager.DayNightSpawnManager	DayNightSpawnManager: Spawned 553 night creatures
2019.07.29 20:30:25,164	INFO	1	com.l2jserver.gameserver.instancemanager.DayNightSpawnManager	DayNightSpawnManager: Spawning Hellman raidboss
2019.07.29 20:30:25,289	INFO	1	com.l2jserver.gameserver.instancemanager.FourSepulchersManager	FourSepulchersManager: loaded 20 Mysterious-Box spawns.
2019.07.29 20:30:25,396	INFO	1	com.l2jserver.gameserver.instancemanager.FourSepulchersManager	FourSepulchersManager: loaded 716 Physical type monsters spawns.
2019.07.29 20:30:25,451	INFO	1	com.l2jserver.gameserver.instancemanager.FourSepulchersManager	FourSepulchersManager: loaded 716 Magical type monsters spawns.
2019.07.29 20:30:25,462	INFO	1	com.l2jserver.gameserver.instancemanager.FourSepulchersManager	FourSepulchersManager: loaded 92 Church of duke monsters spawns.
2019.07.29 20:30:25,472	INFO	1	com.l2jserver.gameserver.instancemanager.FourSepulchersManager	FourSepulchersManager: loaded 68 Emperor's grave NPC spawns.
2019.07.29 20:30:25,473	INFO	1	com.l2jserver.gameserver.instancemanager.FourSepulchersManager	FourSepulchersManager: spawned Conquerors' Sepulcher Manager
2019.07.29 20:30:25,474	INFO	1	com.l2jserver.gameserver.instancemanager.FourSepulchersManager	FourSepulchersManager: spawned Emperors' Sepulcher Manager
2019.07.29 20:30:25,475	INFO	1	com.l2jserver.gameserver.instancemanager.FourSepulchersManager	FourSepulchersManager: spawned Great Sages' Sepulcher Manager
2019.07.29 20:30:25,475	INFO	1	com.l2jserver.gameserver.instancemanager.FourSepulchersManager	FourSepulchersManager: spawned Judges' Sepulcher Manager
2019.07.29 20:30:25,477	INFO	1	com.l2jserver.gameserver.instancemanager.FourSepulchersManager	FourSepulchersManager: Beginning in Attack time
2019.07.29 20:30:25,534	INFO	1	com.l2jserver.gameserver.instancemanager.DimensionalRiftManager	DimensionalRiftManager: Loaded 7 room types with 56 rooms.
2019.07.29 20:30:25,582	INFO	1	com.l2jserver.gameserver.instancemanager.DimensionalRiftManager	DimensionalRiftManager: Loaded 462 dimensional rift spawns, 0 errors.
2019.07.29 20:30:25,592	INFO	1	com.l2jserver.gameserver.GameServer	---------------------------------------------------=[ Siege ]
2019.07.29 20:30:25,639	INFO	1	com.l2jserver.gameserver.model.entity.Siege	Siege of Gludio: Sun Aug 11 16:00:00 COT 2019
2019.07.29 20:30:25,649	INFO	1	com.l2jserver.gameserver.model.entity.Siege	Siege of Dion: Sun Aug 11 16:00:00 COT 2019
2019.07.29 20:30:25,651	INFO	1	com.l2jserver.gameserver.model.entity.Siege	Siege of Giran: Sun Aug 11 16:00:00 COT 2019
2019.07.29 20:30:25,653	INFO	1	com.l2jserver.gameserver.model.entity.Siege	Siege of Oren: Sun Aug 11 16:00:00 COT 2019
2019.07.29 20:30:25,655	INFO	1	com.l2jserver.gameserver.model.entity.Siege	Siege of Aden: Sun Aug 11 16:00:00 COT 2019
2019.07.29 20:30:25,657	INFO	1	com.l2jserver.gameserver.model.entity.Siege	Siege of Innadril: Sun Aug 11 20:00:00 COT 2019
2019.07.29 20:30:25,659	INFO	1	com.l2jserver.gameserver.model.entity.Siege	Siege of Goddard: Sun Aug 11 20:00:00 COT 2019
2019.07.29 20:30:25,661	INFO	1	com.l2jserver.gameserver.model.entity.Siege	Siege of Rune: Sun Aug 11 20:00:00 COT 2019
2019.07.29 20:30:25,664	INFO	1	com.l2jserver.gameserver.model.entity.Siege	Siege of Schuttgart: Sun Aug 11 20:00:00 COT 2019
2019.07.29 20:30:26,001	INFO	1	com.l2jserver.gameserver.instancemanager.FortManager	FortManager: Loaded: 21 fortress
2019.07.29 20:30:26,932	INFO	1	com.l2jserver.util.data.xml.IXmlReader	SiegeScheduleData: Loaded: 2 siege schedulers.
2019.07.29 20:30:26,977	INFO	1	com.l2jserver.util.data.xml.IXmlReader	CastleManorManager: Loaded 258 seeds.
2019.07.29 20:30:27,039	INFO	1	com.l2jserver.util.data.xml.IXmlReader	CastleManorManager: Manor data loaded.
2019.07.29 20:30:27,088	INFO	1	com.l2jserver.gameserver.instancemanager.MercTicketManager	MercTicketManager: Loaded: 0 Mercenary Tickets
2019.07.29 20:30:27,089	INFO	1	com.l2jserver.gameserver.instancemanager.QuestManager	QuestManager: Loaded: 520 quests.
2019.07.29 20:30:27,091	INFO	1	com.l2jserver.gameserver.instancemanager.QuestManager	QuestManager: Loaded: 268 scripts.
2019.07.29 20:30:27,176	INFO	1	com.l2jserver.gameserver.script.faenor.FaenorEventParser	Event ID: (Valentines Event) has passed... Ignored.
2019.07.29 20:30:27,177	INFO	1	com.l2jserver.gameserver.script.faenor.FaenorScriptEngine	FaenorScriptEngine: Loaded  Valentines.xml successfully.
2019.07.29 20:30:27,179	INFO	1	com.l2jserver.gameserver.GameServer	AutoSpawnHandler: Loaded 129 handlers in total.
2019.07.29 20:30:27,211	INFO	1	com.l2jserver.gameserver.taskmanager.TaskManager	TaskManager: Loaded: 13 Tasks
2019.07.29 20:30:27,237	INFO	1	com.l2jserver.gameserver.instancemanager.MailManager	MailManager: Successfully loaded 0 messages.
2019.07.29 20:30:27,246	INFO	1	com.l2jserver.gameserver.instancemanager.PunishmentManager	PunishmentManager: Loaded 0 active and 0 expired punishments.
2019.07.29 20:30:27,249	INFO	1	com.l2jserver.gameserver.GameServer	IdFactory: Free ObjectID's remaining: 1879002044
2019.07.29 20:30:27,252	INFO	1	com.l2jserver.gameserver.model.entity.TvTManager	TvTEventEngine[TvTManager.TvTManager()]: Engine is disabled.
2019.07.29 20:30:30,682	INFO	1	com.l2jserver.gameserver.GameServer	GameServer: Started, free memory 1909 Mb of 3641 Mb
2019.07.29 20:30:31,475	INFO	257	com.l2jserver.gameserver.LoginServerThread	Connecting to login on 127.0.0.1:9014
2019.07.29 20:30:32,067	INFO	1	com.l2jserver.gameserver.GameServer	GameServer: is now listening on: *:7777
2019.07.29 20:30:32,067	INFO	1	com.l2jserver.gameserver.GameServer	GameServer: Maximum numbers of connected players: 500
2019.07.29 20:30:32,069	INFO	1	com.l2jserver.gameserver.GameServer	GameServer: Server loaded in 146 seconds.
2019.07.29 20:30:32,070	INFO	1	com.l2jserver.gameserver.GameServer	----------------------------------------------------=[ UPnP ]
2019.07.29 20:30:32,077	INFO	1	com.l2jserver.UPnPService	Looking for UPnP Gateway Devices...
2019.07.29 20:30:32,407	INFO	257	com.l2jserver.gameserver.LoginServerThread	Registered on login as Server 1: Bartz
2019.07.29 20:30:42,218	INFO	1	com.l2jserver.UPnPService	No UPnP gateways found.
2019.07.29 20:30:42,219	INFO	1	com.l2jserver.gameserver.GameServer	GameServer: Telnet server is currently disabled.
2019.07.29 20:31:44,935	INFO	275	com.l2jserver.gameserver.model.actor.instance.L2PcInstance	Master access level set for character jaivic.
2019.07.29 20:37:38,134	WARNING	257	com.l2jserver.gameserver.LoginServerThread	LoginServer not avaible, trying to reconnect...
2019.07.29 20:37:43,147	INFO	257	com.l2jserver.gameserver.LoginServerThread	Connecting to login on 127.0.0.1:9014
