2019.07.28 19:18:08,655	INFO	1	com.l2jserver.gameserver.GameServer	------------------------------------------------=[ Database ]
2019.07.28 19:18:08,794	INFO	1	com.l2jserver.gameserver.dao.factory.impl.DAOFactory	Using MySQL DAO Factory.
2019.07.28 19:18:08,824	INFO	1	com.l2jserver.commons.database.pool.impl.ConnectionFactory	Using HikariCP connection pool.
2019.07.28 19:18:08,825	INFO	1	com.l2jserver.gameserver.GameServer	GameServer: Used memory: 15MB.
2019.07.28 19:18:08,832	INFO	1	com.zaxxer.hikari.HikariDataSource	HikariPool-1 - Starting...
2019.07.28 19:18:09,230	INFO	1	com.zaxxer.hikari.HikariDataSource	HikariPool-1 - Start completed.
2019.07.28 19:18:09,274	INFO	1	com.l2jserver.gameserver.idfactory.BitSetIDFactory	Updated characters online status.
2019.07.28 19:18:09,569	INFO	1	com.l2jserver.gameserver.idfactory.BitSetIDFactory	Cleaned 0 elements from database in 0 s
2019.07.28 19:18:09,591	INFO	1	com.l2jserver.gameserver.idfactory.BitSetIDFactory	Cleaned 0 expired timestamps from database.
2019.07.28 19:18:09,613	INFO	1	com.l2jserver.gameserver.idfactory.BitSetIDFactory	BitSetIDFactory: 102912 id's available.
2019.07.28 19:18:09,625	INFO	1	com.l2jserver.gameserver.GameServer	-------------------------------------------------=[ Engines ]
2019.07.28 19:18:09,663	INFO	1	com.l2jserver.gameserver.scripting.L2ScriptEngineManager	Script Engine: java 1.8 - Language: java - Language Version: 1.8
2019.07.28 19:18:10,124	INFO	1	com.l2jserver.gameserver.scripting.L2ScriptEngineManager	Script Engine: Oracle Nashorn 1.8.0_131 - Language: ECMAScript - Language Version: ECMA - 262 Edition 5.1
2019.07.28 19:18:12,946	INFO	1	com.l2jserver.gameserver.scripting.L2ScriptEngineManager	Script Engine: jython 2.2.1 - Language: python - Language Version: 2.2.1
2019.07.28 19:18:13,045	INFO	1	com.l2jserver.gameserver.GameServer	---------------------------------------------------=[ World ]
2019.07.28 19:18:13,060	INFO	1	com.l2jserver.util.data.xml.IXmlReader	InstanceManager: Multiverse Instance created.
2019.07.28 19:18:13,060	INFO	1	com.l2jserver.util.data.xml.IXmlReader	InstanceManager: Universe Instance created.
2019.07.28 19:18:13,336	INFO	1	com.l2jserver.util.data.xml.IXmlReader	InstanceManager: Loaded 160 instance names.
2019.07.28 19:18:13,365	INFO	1	com.l2jserver.gameserver.model.L2World	L2World: (128 by 136) World Region Grid set up.
2019.07.28 19:18:13,883	INFO	1	com.l2jserver.util.data.xml.IXmlReader	MapRegionManager: Loaded 57 map regions.
2019.07.28 19:18:13,907	INFO	1	com.l2jserver.gameserver.instancemanager.GlobalVariablesManager	GlobalVariablesManager: Loaded 0 variables.
2019.07.28 19:18:13,907	INFO	1	com.l2jserver.gameserver.GameServer	----------------------------------------------------=[ Data ]
2019.07.28 19:18:13,985	INFO	1	com.l2jserver.util.data.xml.IXmlReader	CategoryData: Loaded 124 Categories.
2019.07.28 19:18:14,018	INFO	1	com.l2jserver.util.data.xml.IXmlReader	SecondaryAuthData: Loaded 328 forbidden passwords.
2019.07.28 19:18:14,020	INFO	1	com.l2jserver.gameserver.GameServer	-------------------------------------------------=[ Effects ]
2019.07.28 19:18:17,247	INFO	1	handlers.EffectMasterHandler	EffectMasterHandler: Loaded 160 effect handlers.
2019.07.28 19:18:17,247	INFO	1	com.l2jserver.gameserver.GameServer	------------------------------------=[ Enchant Skill Groups ]
2019.07.28 19:18:17,305	INFO	1	com.l2jserver.util.data.xml.IXmlReader	EnchantSkillGroupsData: Loaded 4 groups and 90 routes.
2019.07.28 19:18:17,306	INFO	1	com.l2jserver.gameserver.GameServer	---------------------------------------------=[ Skill Trees ]
2019.07.28 19:18:18,222	INFO	1	com.l2jserver.util.data.xml.IXmlReader	Loaded 17176 Class Skills for 103 Class Skill Trees.
2019.07.28 19:18:18,223	INFO	1	com.l2jserver.util.data.xml.IXmlReader	Loaded 76 Sub-Class Skills.
2019.07.28 19:18:18,224	INFO	1	com.l2jserver.util.data.xml.IXmlReader	Loaded 77 Transfer Skills for 3 Transfer Skill Trees.
2019.07.28 19:18:18,225	INFO	1	com.l2jserver.util.data.xml.IXmlReader	Loaded 117 Fishing Skills, 8 Dwarven only Fishing Skills.
2019.07.28 19:18:18,226	INFO	1	com.l2jserver.util.data.xml.IXmlReader	Loaded 3 Collect Skills.
2019.07.28 19:18:18,227	INFO	1	com.l2jserver.util.data.xml.IXmlReader	Loaded 74 Pledge Skills, 44 for Pledge and 30 Residential.
2019.07.28 19:18:18,228	INFO	1	com.l2jserver.util.data.xml.IXmlReader	Loaded 18 Sub-Pledge Skills.
2019.07.28 19:18:18,228	INFO	1	com.l2jserver.util.data.xml.IXmlReader	Loaded 32 Transform Skills.
2019.07.28 19:18:18,229	INFO	1	com.l2jserver.util.data.xml.IXmlReader	Loaded 8 Noble Skills.
2019.07.28 19:18:18,230	INFO	1	com.l2jserver.util.data.xml.IXmlReader	Loaded 5 Hero Skills.
2019.07.28 19:18:18,231	INFO	1	com.l2jserver.util.data.xml.IXmlReader	Loaded 46 Game Master Skills.
2019.07.28 19:18:18,232	INFO	1	com.l2jserver.util.data.xml.IXmlReader	Loaded 46 Game Master Aura Skills.
2019.07.28 19:18:18,232	INFO	1	com.l2jserver.gameserver.GameServer	--------------------------------------------------=[ Skills ]
2019.07.28 19:18:27,472	INFO	1	com.l2jserver.gameserver.engines.DocumentEngine	DocumentEngine: Loaded 65957 Skill templates from XML files.
2019.07.28 19:18:27,570	INFO	1	com.l2jserver.gameserver.data.sql.impl.SummonSkillsTable	SummonSkillsTable: Loaded 1891 skills.
2019.07.28 19:18:27,571	INFO	1	com.l2jserver.gameserver.GameServer	---------------------------------------------------=[ Items ]
2019.07.28 19:18:31,064	INFO	1	com.l2jserver.gameserver.datatables.ItemTable	ItemTable: Highest item id used:22567
2019.07.28 19:18:31,073	INFO	1	com.l2jserver.gameserver.datatables.ItemTable	ItemTable: Loaded: 11481 Etc Items
2019.07.28 19:18:31,073	INFO	1	com.l2jserver.gameserver.datatables.ItemTable	ItemTable: Loaded: 3825 Armor Items
2019.07.28 19:18:31,074	INFO	1	com.l2jserver.gameserver.datatables.ItemTable	ItemTable: Loaded: 3893 Weapon Items
2019.07.28 19:18:31,076	INFO	1	com.l2jserver.gameserver.datatables.ItemTable	ItemTable: Loaded: 19199 Items in total.
2019.07.28 19:18:31,141	INFO	1	com.l2jserver.util.data.xml.IXmlReader	EnchantItemGroupsData: Loaded: 4 item group templates.
2019.07.28 19:18:31,141	INFO	1	com.l2jserver.util.data.xml.IXmlReader	EnchantItemGroupsData: Loaded: 1 scroll group templates.
2019.07.28 19:18:31,167	INFO	1	com.l2jserver.util.data.xml.IXmlReader	EnchantItemData: Loaded 63 Enchant Scrolls.
2019.07.28 19:18:31,167	INFO	1	com.l2jserver.util.data.xml.IXmlReader	EnchantItemData: Loaded 20 Support Items.
2019.07.28 19:18:31,230	INFO	1	com.l2jserver.util.data.xml.IXmlReader	EnchantItemOptionsData: Loaded: 23 Items and 1093 Options.
2019.07.28 19:18:37,001	INFO	1	com.l2jserver.util.data.xml.IXmlReader	OptionData: Loaded: 24985 Options.
2019.07.28 19:18:37,059	INFO	1	com.l2jserver.util.data.xml.IXmlReader	EnchantItemHPBonusData: Loaded 6 Enchant HP Bonuses.
2019.07.28 19:18:37,074	INFO	1	com.l2jserver.gameserver.datatables.MerchantPriceConfigTable	MerchantPriceConfigTable: Loaded 28 merchant price configs.
2019.07.28 19:18:44,410	INFO	1	com.l2jserver.util.data.xml.IXmlReader	BuyListData: Loaded 760 BuyLists.
2019.07.28 19:18:47,086	INFO	1	com.l2jserver.util.data.xml.IXmlReader	MultisellData: Loaded 192 multisell lists.
2019.07.28 19:18:47,219	INFO	1	com.l2jserver.util.data.xml.IXmlReader	RecipeData: Loaded 1000 recipes.
2019.07.28 19:18:47,520	INFO	1	com.l2jserver.util.data.xml.IXmlReader	ArmorSetsData: Loaded 198 Armor sets.
2019.07.28 19:18:47,586	INFO	1	com.l2jserver.util.data.xml.IXmlReader	FishData: Loaded 278 Fish.
2019.07.28 19:18:47,605	INFO	1	com.l2jserver.util.data.xml.IXmlReader	FishingMonstersData: Loaded 8 Fishing Monsters.
2019.07.28 19:18:47,627	INFO	1	com.l2jserver.util.data.xml.IXmlReader	FishingRodsData: Loaded 6 Fishing Rods.
2019.07.28 19:18:47,693	INFO	1	com.l2jserver.util.data.xml.IXmlReader	HennaData: Loaded 180 Henna data.
2019.07.28 19:18:47,694	INFO	1	com.l2jserver.gameserver.GameServer	----------------------------------------------=[ Characters ]
2019.07.28 19:18:47,737	INFO	1	com.l2jserver.util.data.xml.IXmlReader	ClassListData: Loaded 107 Class data.
2019.07.28 19:18:47,763	INFO	1	com.l2jserver.util.data.xml.IXmlReader	InitialEquipmentData: Loaded 11 Initial Equipment data.
2019.07.28 19:18:47,784	INFO	1	com.l2jserver.util.data.xml.IXmlReader	InitialShortcutData: Loaded 5 Initial Global Shortcuts data.
2019.07.28 19:18:47,785	INFO	1	com.l2jserver.util.data.xml.IXmlReader	InitialShortcutData: Loaded 4 Initial Shortcuts data.
2019.07.28 19:18:47,787	INFO	1	com.l2jserver.util.data.xml.IXmlReader	InitialShortcutData: Loaded 0 Macros presets.
2019.07.28 19:18:47,940	INFO	1	com.l2jserver.util.data.xml.IXmlReader	KarmaData: Loaded 85 karma modifiers.
2019.07.28 19:18:47,961	INFO	1	com.l2jserver.util.data.xml.IXmlReader	HitConditionBonusData: Loaded Hit Condition bonuses.
2019.07.28 19:18:50,354	INFO	1	com.l2jserver.util.data.xml.IXmlReader	PlayerTemplateData: Loaded 103 character templates.
2019.07.28 19:18:50,355	INFO	1	com.l2jserver.util.data.xml.IXmlReader	PlayerTemplateData: Loaded 52530 level up gain records.
2019.07.28 19:18:50,376	INFO	1	com.l2jserver.util.data.xml.IXmlReader	PlayerCreationPointData: Loaded 62 character creation points.
2019.07.28 19:18:50,382	INFO	1	com.l2jserver.gameserver.data.sql.impl.CharNameTable	CharNameTable: Loaded 0 char names.
2019.07.28 19:18:50,426	INFO	1	com.l2jserver.util.data.xml.IXmlReader	AdminData: Loaded: 10 Access Levels.
2019.07.28 19:18:50,473	INFO	1	com.l2jserver.util.data.xml.IXmlReader	AdminData: Loaded: 444 Access Commands.
2019.07.28 19:18:50,482	INFO	1	com.l2jserver.gameserver.instancemanager.RaidBossPointsManager	RaidBossPointsManager: Loaded 0 Characters Raid Points.
2019.07.28 19:18:51,250	INFO	1	com.l2jserver.util.data.xml.IXmlReader	PetDataTable: Loaded 52 Pets.
2019.07.28 19:18:51,264	INFO	1	com.l2jserver.gameserver.GameServer	---------------------------------------------------=[ Clans ]
2019.07.28 19:18:51,298	INFO	1	com.l2jserver.gameserver.communitybbs.Manager.ForumsBBSManager	Loaded 4 forums. Last forum id used: 4
2019.07.28 19:18:51,301	INFO	1	com.l2jserver.gameserver.data.sql.impl.ClanTable	ClanTable: Restored 0 clans from the database.
2019.07.28 19:18:51,532	INFO	1	com.l2jserver.gameserver.instancemanager.CHSiegeManager	CHSiegeManager: Loaded 6 conquerable clan halls.
2019.07.28 19:18:51,549	INFO	1	com.l2jserver.gameserver.instancemanager.AuctionManager	AuctionManager: Loaded: 0 auction(s)
2019.07.28 19:18:51,633	INFO	1	com.l2jserver.gameserver.instancemanager.AuctionManager	AuctionManager: Created auction for ClanHall: 22
2019.07.28 19:18:51,722	INFO	1	com.l2jserver.gameserver.instancemanager.AuctionManager	AuctionManager: Created auction for ClanHall: 23
2019.07.28 19:18:51,811	INFO	1	com.l2jserver.gameserver.instancemanager.AuctionManager	AuctionManager: Created auction for ClanHall: 24
2019.07.28 19:18:51,888	INFO	1	com.l2jserver.gameserver.instancemanager.AuctionManager	AuctionManager: Created auction for ClanHall: 25
2019.07.28 19:18:51,955	INFO	1	com.l2jserver.gameserver.instancemanager.AuctionManager	AuctionManager: Created auction for ClanHall: 26
2019.07.28 19:18:52,022	INFO	1	com.l2jserver.gameserver.instancemanager.AuctionManager	AuctionManager: Created auction for ClanHall: 27
2019.07.28 19:18:52,088	INFO	1	com.l2jserver.gameserver.instancemanager.AuctionManager	AuctionManager: Created auction for ClanHall: 28
2019.07.28 19:18:52,155	INFO	1	com.l2jserver.gameserver.instancemanager.AuctionManager	AuctionManager: Created auction for ClanHall: 29
2019.07.28 19:18:52,211	INFO	1	com.l2jserver.gameserver.instancemanager.AuctionManager	AuctionManager: Created auction for ClanHall: 30
2019.07.28 19:18:52,266	INFO	1	com.l2jserver.gameserver.instancemanager.AuctionManager	AuctionManager: Created auction for ClanHall: 31
2019.07.28 19:18:52,321	INFO	1	com.l2jserver.gameserver.instancemanager.AuctionManager	AuctionManager: Created auction for ClanHall: 32
2019.07.28 19:18:52,377	INFO	1	com.l2jserver.gameserver.instancemanager.AuctionManager	AuctionManager: Created auction for ClanHall: 33
2019.07.28 19:18:52,421	INFO	1	com.l2jserver.gameserver.instancemanager.AuctionManager	AuctionManager: Created auction for ClanHall: 36
2019.07.28 19:18:52,466	INFO	1	com.l2jserver.gameserver.instancemanager.AuctionManager	AuctionManager: Created auction for ClanHall: 37
2019.07.28 19:18:52,544	INFO	1	com.l2jserver.gameserver.instancemanager.AuctionManager	AuctionManager: Created auction for ClanHall: 38
2019.07.28 19:18:52,600	INFO	1	com.l2jserver.gameserver.instancemanager.AuctionManager	AuctionManager: Created auction for ClanHall: 39
2019.07.28 19:18:52,645	INFO	1	com.l2jserver.gameserver.instancemanager.AuctionManager	AuctionManager: Created auction for ClanHall: 40
2019.07.28 19:18:52,689	INFO	1	com.l2jserver.gameserver.instancemanager.AuctionManager	AuctionManager: Created auction for ClanHall: 41
2019.07.28 19:18:52,733	INFO	1	com.l2jserver.gameserver.instancemanager.AuctionManager	AuctionManager: Created auction for ClanHall: 42
2019.07.28 19:18:52,778	INFO	1	com.l2jserver.gameserver.instancemanager.AuctionManager	AuctionManager: Created auction for ClanHall: 43
2019.07.28 19:18:52,822	INFO	1	com.l2jserver.gameserver.instancemanager.AuctionManager	AuctionManager: Created auction for ClanHall: 44
2019.07.28 19:18:52,955	INFO	1	com.l2jserver.gameserver.instancemanager.AuctionManager	AuctionManager: Created auction for ClanHall: 45
2019.07.28 19:18:53,000	INFO	1	com.l2jserver.gameserver.instancemanager.AuctionManager	AuctionManager: Created auction for ClanHall: 46
2019.07.28 19:18:53,044	INFO	1	com.l2jserver.gameserver.instancemanager.AuctionManager	AuctionManager: Created auction for ClanHall: 47
2019.07.28 19:18:53,089	INFO	1	com.l2jserver.gameserver.instancemanager.AuctionManager	AuctionManager: Created auction for ClanHall: 48
2019.07.28 19:18:53,133	INFO	1	com.l2jserver.gameserver.instancemanager.AuctionManager	AuctionManager: Created auction for ClanHall: 49
2019.07.28 19:18:53,178	INFO	1	com.l2jserver.gameserver.instancemanager.AuctionManager	AuctionManager: Created auction for ClanHall: 50
2019.07.28 19:18:53,233	INFO	1	com.l2jserver.gameserver.instancemanager.AuctionManager	AuctionManager: Created auction for ClanHall: 51
2019.07.28 19:18:53,289	INFO	1	com.l2jserver.gameserver.instancemanager.AuctionManager	AuctionManager: Created auction for ClanHall: 52
2019.07.28 19:18:53,356	INFO	1	com.l2jserver.gameserver.instancemanager.AuctionManager	AuctionManager: Created auction for ClanHall: 53
2019.07.28 19:18:53,433	INFO	1	com.l2jserver.gameserver.instancemanager.AuctionManager	AuctionManager: Created auction for ClanHall: 54
2019.07.28 19:18:53,533	INFO	1	com.l2jserver.gameserver.instancemanager.AuctionManager	AuctionManager: Created auction for ClanHall: 55
2019.07.28 19:18:53,611	INFO	1	com.l2jserver.gameserver.instancemanager.AuctionManager	AuctionManager: Created auction for ClanHall: 56
2019.07.28 19:18:53,677	INFO	1	com.l2jserver.gameserver.instancemanager.AuctionManager	AuctionManager: Created auction for ClanHall: 57
2019.07.28 19:18:53,744	INFO	1	com.l2jserver.gameserver.instancemanager.AuctionManager	AuctionManager: Created auction for ClanHall: 58
2019.07.28 19:18:53,810	INFO	1	com.l2jserver.gameserver.instancemanager.AuctionManager	AuctionManager: Created auction for ClanHall: 59
2019.07.28 19:18:53,877	INFO	1	com.l2jserver.gameserver.instancemanager.AuctionManager	AuctionManager: Created auction for ClanHall: 60
2019.07.28 19:18:53,944	INFO	1	com.l2jserver.gameserver.instancemanager.AuctionManager	AuctionManager: Created auction for ClanHall: 61
2019.07.28 19:18:53,945	INFO	1	com.l2jserver.gameserver.instancemanager.ClanHallManager	ClanHallManager: Loaded: 0 clan halls
2019.07.28 19:18:53,946	INFO	1	com.l2jserver.gameserver.instancemanager.ClanHallManager	ClanHallManager: Loaded: 38 free clan halls
2019.07.28 19:18:53,948	INFO	1	com.l2jserver.gameserver.GameServer	-------------------------------------------------=[ Geodata ]
2019.07.28 19:18:53,984	INFO	1	com.l2jserver.gameserver.GeoData	GeoData: Loading 11_23.l2j...
2019.07.28 19:18:54,077	INFO	1	com.l2jserver.gameserver.GeoData	GeoData: Loading 11_24.l2j...
2019.07.28 19:18:54,113	INFO	1	com.l2jserver.gameserver.GeoData	GeoData: Loading 11_25.l2j...
2019.07.28 19:18:54,221	INFO	1	com.l2jserver.gameserver.GeoData	GeoData: Loading 11_26.l2j...
2019.07.28 19:18:54,287	INFO	1	com.l2jserver.gameserver.GeoData	GeoData: Loading 12_23.l2j...
2019.07.28 19:18:54,330	INFO	1	com.l2jserver.gameserver.GeoData	GeoData: Loading 12_24.l2j...
2019.07.28 19:18:54,426	INFO	1	com.l2jserver.gameserver.GeoData	GeoData: Loading 12_25.l2j...
2019.07.28 19:18:54,680	INFO	1	com.l2jserver.gameserver.GeoData	GeoData: Loading 12_26.l2j...
2019.07.28 19:18:54,822	INFO	1	com.l2jserver.gameserver.GeoData	GeoData: Loading 13_21.l2j...
2019.07.28 19:18:54,855	INFO	1	com.l2jserver.gameserver.GeoData	GeoData: Loading 13_22.l2j...
2019.07.28 19:18:54,869	INFO	1	com.l2jserver.gameserver.GeoData	GeoData: Loading 13_23.l2j...
2019.07.28 19:18:54,961	INFO	1	com.l2jserver.gameserver.GeoData	GeoData: Loading 13_24.l2j...
2019.07.28 19:18:55,029	INFO	1	com.l2jserver.gameserver.GeoData	GeoData: Loading 13_25.l2j...
2019.07.28 19:18:55,094	INFO	1	com.l2jserver.gameserver.GeoData	GeoData: Loading 13_26.l2j...
2019.07.28 19:18:55,134	INFO	1	com.l2jserver.gameserver.GeoData	GeoData: Loading 14_21.l2j...
2019.07.28 19:18:55,139	INFO	1	com.l2jserver.gameserver.GeoData	GeoData: Loading 14_22.l2j...
2019.07.28 19:18:55,215	INFO	1	com.l2jserver.gameserver.GeoData	GeoData: Loading 14_23.l2j...
2019.07.28 19:18:55,999	INFO	1	com.l2jserver.gameserver.GeoData	GeoData: Loading 14_24.l2j...
2019.07.28 19:18:56,105	INFO	1	com.l2jserver.gameserver.GeoData	GeoData: Loading 14_25.l2j...
2019.07.28 19:18:56,183	INFO	1	com.l2jserver.gameserver.GeoData	GeoData: Loading 14_26.l2j...
2019.07.28 19:18:56,203	INFO	1	com.l2jserver.gameserver.GeoData	GeoData: Loading 15_10.l2j...
2019.07.28 19:18:56,232	INFO	1	com.l2jserver.gameserver.GeoData	GeoData: Loading 15_11.l2j...
2019.07.28 19:18:56,281	INFO	1	com.l2jserver.gameserver.GeoData	GeoData: Loading 15_12.l2j...
2019.07.28 19:18:56,309	INFO	1	com.l2jserver.gameserver.GeoData	GeoData: Loading 15_18.l2j...
2019.07.28 19:18:56,322	INFO	1	com.l2jserver.gameserver.GeoData	GeoData: Loading 15_19.l2j...
2019.07.28 19:18:56,336	INFO	1	com.l2jserver.gameserver.GeoData	GeoData: Loading 15_20.l2j...
2019.07.28 19:18:56,347	INFO	1	com.l2jserver.gameserver.GeoData	GeoData: Loading 15_21.l2j...
2019.07.28 19:18:56,360	INFO	1	com.l2jserver.gameserver.GeoData	GeoData: Loading 15_22.l2j...
2019.07.28 19:18:56,376	INFO	1	com.l2jserver.gameserver.GeoData	GeoData: Loading 15_23.l2j...
2019.07.28 19:18:56,403	INFO	1	com.l2jserver.gameserver.GeoData	GeoData: Loading 15_24.l2j...
2019.07.28 19:18:56,425	INFO	1	com.l2jserver.gameserver.GeoData	GeoData: Loading 15_25.l2j...
2019.07.28 19:18:56,449	INFO	1	com.l2jserver.gameserver.GeoData	GeoData: Loading 15_26.l2j...
2019.07.28 19:18:56,464	INFO	1	com.l2jserver.gameserver.GeoData	GeoData: Loading 16_10.l2j...
2019.07.28 19:18:56,615	INFO	1	com.l2jserver.gameserver.GeoData	GeoData: Loading 16_11.l2j...
2019.07.28 19:18:56,623	INFO	1	com.l2jserver.gameserver.GeoData	GeoData: Loading 16_12.l2j...
2019.07.28 19:18:56,648	INFO	1	com.l2jserver.gameserver.GeoData	GeoData: Loading 16_13.l2j...
2019.07.28 19:18:56,670	INFO	1	com.l2jserver.gameserver.GeoData	GeoData: Loading 16_14.l2j...
2019.07.28 19:18:56,679	INFO	1	com.l2jserver.gameserver.GeoData	GeoData: Loading 16_15.l2j...
2019.07.28 19:18:56,715	INFO	1	com.l2jserver.gameserver.GeoData	GeoData: Loading 16_16.l2j...
2019.07.28 19:18:56,734	INFO	1	com.l2jserver.gameserver.GeoData	GeoData: Loading 16_17.l2j...
2019.07.28 19:18:56,757	INFO	1	com.l2jserver.gameserver.GeoData	GeoData: Loading 16_18.l2j...
2019.07.28 19:18:56,780	INFO	1	com.l2jserver.gameserver.GeoData	GeoData: Loading 16_19.l2j...
2019.07.28 19:18:56,872	INFO	1	com.l2jserver.gameserver.GeoData	GeoData: Loading 16_20.l2j...
2019.07.28 19:18:56,959	INFO	1	com.l2jserver.gameserver.GeoData	GeoData: Loading 16_21.l2j...
2019.07.28 19:18:56,982	INFO	1	com.l2jserver.gameserver.GeoData	GeoData: Loading 16_22.l2j...
2019.07.28 19:18:56,993	INFO	1	com.l2jserver.gameserver.GeoData	GeoData: Loading 16_23.l2j...
2019.07.28 19:18:57,005	INFO	1	com.l2jserver.gameserver.GeoData	GeoData: Loading 16_24.l2j...
2019.07.28 19:18:57,135	INFO	1	com.l2jserver.gameserver.GeoData	GeoData: Loading 16_25.l2j...
2019.07.28 19:18:57,194	INFO	1	com.l2jserver.gameserver.GeoData	GeoData: Loading 16_26.l2j...
2019.07.28 19:18:57,217	INFO	1	com.l2jserver.gameserver.GeoData	GeoData: Loading 17_10.l2j...
2019.07.28 19:18:57,226	INFO	1	com.l2jserver.gameserver.GeoData	GeoData: Loading 17_11.l2j...
2019.07.28 19:18:57,253	INFO	1	com.l2jserver.gameserver.GeoData	GeoData: Loading 17_12.l2j...
2019.07.28 19:18:57,279	INFO	1	com.l2jserver.gameserver.GeoData	GeoData: Loading 17_13.l2j...
2019.07.28 19:18:57,305	INFO	1	com.l2jserver.gameserver.GeoData	GeoData: Loading 17_14.l2j...
2019.07.28 19:18:57,314	INFO	1	com.l2jserver.gameserver.GeoData	GeoData: Loading 17_15.l2j...
2019.07.28 19:18:57,352	INFO	1	com.l2jserver.gameserver.GeoData	GeoData: Loading 17_16.l2j...
2019.07.28 19:18:57,449	INFO	1	com.l2jserver.gameserver.GeoData	GeoData: Loading 17_17.l2j...
2019.07.28 19:18:57,491	INFO	1	com.l2jserver.gameserver.GeoData	GeoData: Loading 17_18.l2j...
2019.07.28 19:18:57,512	INFO	1	com.l2jserver.gameserver.GeoData	GeoData: Loading 17_19.l2j...
2019.07.28 19:18:57,606	INFO	1	com.l2jserver.gameserver.GeoData	GeoData: Loading 17_20.l2j...
2019.07.28 19:18:57,682	INFO	1	com.l2jserver.gameserver.GeoData	GeoData: Loading 17_21.l2j...
2019.07.28 19:18:57,778	INFO	1	com.l2jserver.gameserver.GeoData	GeoData: Loading 17_22.l2j...
2019.07.28 19:18:57,884	INFO	1	com.l2jserver.gameserver.GeoData	GeoData: Loading 17_23.l2j...
2019.07.28 19:18:57,922	INFO	1	com.l2jserver.gameserver.GeoData	GeoData: Loading 17_24.l2j...
2019.07.28 19:18:57,952	INFO	1	com.l2jserver.gameserver.GeoData	GeoData: Loading 17_25.l2j...
2019.07.28 19:18:58,022	INFO	1	com.l2jserver.gameserver.GeoData	GeoData: Loading 17_26.l2j...
2019.07.28 19:18:58,039	INFO	1	com.l2jserver.gameserver.GeoData	GeoData: Loading 18_10.l2j...
2019.07.28 19:18:58,161	INFO	1	com.l2jserver.gameserver.GeoData	GeoData: Loading 18_11.l2j...
2019.07.28 19:18:58,188	INFO	1	com.l2jserver.gameserver.GeoData	GeoData: Loading 18_12.l2j...
2019.07.28 19:18:58,216	INFO	1	com.l2jserver.gameserver.GeoData	GeoData: Loading 18_13.l2j...
2019.07.28 19:18:58,237	INFO	1	com.l2jserver.gameserver.GeoData	GeoData: Loading 18_14.l2j...
2019.07.28 19:18:58,295	INFO	1	com.l2jserver.gameserver.GeoData	GeoData: Loading 18_15.l2j...
2019.07.28 19:18:58,363	INFO	1	com.l2jserver.gameserver.GeoData	GeoData: Loading 18_16.l2j...
2019.07.28 19:18:58,416	INFO	1	com.l2jserver.gameserver.GeoData	GeoData: Loading 18_17.l2j...
2019.07.28 19:18:58,434	INFO	1	com.l2jserver.gameserver.GeoData	GeoData: Loading 18_18.l2j...
2019.07.28 19:18:58,457	INFO	1	com.l2jserver.gameserver.GeoData	GeoData: Loading 18_19.l2j...
2019.07.28 19:18:58,529	INFO	1	com.l2jserver.gameserver.GeoData	GeoData: Loading 18_20.l2j...
2019.07.28 19:18:58,607	INFO	1	com.l2jserver.gameserver.GeoData	GeoData: Loading 18_21.l2j...
2019.07.28 19:18:58,693	INFO	1	com.l2jserver.gameserver.GeoData	GeoData: Loading 18_22.l2j...
2019.07.28 19:18:58,763	INFO	1	com.l2jserver.gameserver.GeoData	GeoData: Loading 18_23.l2j...
2019.07.28 19:18:58,841	INFO	1	com.l2jserver.gameserver.GeoData	GeoData: Loading 18_24.l2j...
2019.07.28 19:18:58,940	INFO	1	com.l2jserver.gameserver.GeoData	GeoData: Loading 18_25.l2j...
2019.07.28 19:18:58,955	INFO	1	com.l2jserver.gameserver.GeoData	GeoData: Loading 18_26.l2j...
2019.07.28 19:18:58,971	INFO	1	com.l2jserver.gameserver.GeoData	GeoData: Loading 19_10.l2j...
2019.07.28 19:18:58,988	INFO	1	com.l2jserver.gameserver.GeoData	GeoData: Loading 19_11.l2j...
2019.07.28 19:18:58,993	INFO	1	com.l2jserver.gameserver.GeoData	GeoData: Loading 19_12.l2j...
2019.07.28 19:18:59,013	INFO	1	com.l2jserver.gameserver.GeoData	GeoData: Loading 19_13.l2j...
2019.07.28 19:18:59,060	INFO	1	com.l2jserver.gameserver.GeoData	GeoData: Loading 19_14.l2j...
2019.07.28 19:18:59,144	INFO	1	com.l2jserver.gameserver.GeoData	GeoData: Loading 19_15.l2j...
2019.07.28 19:18:59,212	INFO	1	com.l2jserver.gameserver.GeoData	GeoData: Loading 19_16.l2j...
2019.07.28 19:18:59,270	INFO	1	com.l2jserver.gameserver.GeoData	GeoData: Loading 19_17.l2j...
2019.07.28 19:18:59,301	INFO	1	com.l2jserver.gameserver.GeoData	GeoData: Loading 19_18.l2j...
2019.07.28 19:18:59,395	INFO	1	com.l2jserver.gameserver.GeoData	GeoData: Loading 19_19.l2j...
2019.07.28 19:18:59,462	INFO	1	com.l2jserver.gameserver.GeoData	GeoData: Loading 19_20.l2j...
2019.07.28 19:18:59,558	INFO	1	com.l2jserver.gameserver.GeoData	GeoData: Loading 19_21.l2j...
2019.07.28 19:18:59,659	INFO	1	com.l2jserver.gameserver.GeoData	GeoData: Loading 19_22.l2j...
2019.07.28 19:19:01,996	INFO	1	com.l2jserver.gameserver.GeoData	GeoData: Loading 19_23.l2j...
2019.07.28 19:19:02,074	INFO	1	com.l2jserver.gameserver.GeoData	GeoData: Loading 19_24.l2j...
2019.07.28 19:19:02,124	INFO	1	com.l2jserver.gameserver.GeoData	GeoData: Loading 19_25.l2j...
2019.07.28 19:19:02,199	INFO	1	com.l2jserver.gameserver.GeoData	GeoData: Loading 19_26.l2j...
2019.07.28 19:19:02,254	INFO	1	com.l2jserver.gameserver.GeoData	GeoData: Loading 20_10.l2j...
2019.07.28 19:19:02,268	INFO	1	com.l2jserver.gameserver.GeoData	GeoData: Loading 20_11.l2j...
2019.07.28 19:19:02,312	INFO	1	com.l2jserver.gameserver.GeoData	GeoData: Loading 20_12.l2j...
2019.07.28 19:19:02,338	INFO	1	com.l2jserver.gameserver.GeoData	GeoData: Loading 20_13.l2j...
2019.07.28 19:19:02,397	INFO	1	com.l2jserver.gameserver.GeoData	GeoData: Loading 20_14.l2j...
2019.07.28 19:19:02,559	INFO	1	com.l2jserver.gameserver.GeoData	GeoData: Loading 20_15.l2j...
2019.07.28 19:19:02,629	INFO	1	com.l2jserver.gameserver.GeoData	GeoData: Loading 20_16.l2j...
2019.07.28 19:19:02,719	INFO	1	com.l2jserver.gameserver.GeoData	GeoData: Loading 20_17.l2j...
2019.07.28 19:19:02,975	INFO	1	com.l2jserver.gameserver.GeoData	GeoData: Loading 20_18.l2j...
2019.07.28 19:19:03,028	INFO	1	com.l2jserver.gameserver.GeoData	GeoData: Loading 20_19.l2j...
2019.07.28 19:19:03,105	INFO	1	com.l2jserver.gameserver.GeoData	GeoData: Loading 20_20.l2j...
2019.07.28 19:19:03,272	INFO	1	com.l2jserver.gameserver.GeoData	GeoData: Loading 20_21.l2j...
2019.07.28 19:19:03,391	INFO	1	com.l2jserver.gameserver.GeoData	GeoData: Loading 20_22.l2j...
2019.07.28 19:19:03,477	INFO	1	com.l2jserver.gameserver.GeoData	GeoData: Loading 20_23.l2j...
2019.07.28 19:19:03,623	INFO	1	com.l2jserver.gameserver.GeoData	GeoData: Loading 20_24.l2j...
2019.07.28 19:19:03,749	INFO	1	com.l2jserver.gameserver.GeoData	GeoData: Loading 20_25.l2j...
2019.07.28 19:19:03,877	INFO	1	com.l2jserver.gameserver.GeoData	GeoData: Loading 20_26.l2j...
2019.07.28 19:19:03,897	INFO	1	com.l2jserver.gameserver.GeoData	GeoData: Loading 21_10.l2j...
2019.07.28 19:19:03,923	INFO	1	com.l2jserver.gameserver.GeoData	GeoData: Loading 21_11.l2j...
2019.07.28 19:19:03,928	INFO	1	com.l2jserver.gameserver.GeoData	GeoData: Loading 21_12.l2j...
2019.07.28 19:19:03,932	INFO	1	com.l2jserver.gameserver.GeoData	GeoData: Loading 21_13.l2j...
2019.07.28 19:19:03,956	INFO	1	com.l2jserver.gameserver.GeoData	GeoData: Loading 21_14.l2j...
2019.07.28 19:19:04,074	INFO	1	com.l2jserver.gameserver.GeoData	GeoData: Loading 21_15.l2j...
2019.07.28 19:19:04,244	INFO	1	com.l2jserver.gameserver.GeoData	GeoData: Loading 21_16.l2j...
2019.07.28 19:19:04,320	INFO	1	com.l2jserver.gameserver.GeoData	GeoData: Loading 21_17.l2j...
2019.07.28 19:19:04,353	INFO	1	com.l2jserver.gameserver.GeoData	GeoData: Loading 21_18.l2j...
2019.07.28 19:19:04,426	INFO	1	com.l2jserver.gameserver.GeoData	GeoData: Loading 21_19.l2j...
2019.07.28 19:19:04,487	INFO	1	com.l2jserver.gameserver.GeoData	GeoData: Loading 21_20.l2j...
2019.07.28 19:19:04,559	INFO	1	com.l2jserver.gameserver.GeoData	GeoData: Loading 21_21.l2j...
2019.07.28 19:19:04,662	INFO	1	com.l2jserver.gameserver.GeoData	GeoData: Loading 21_22.l2j...
2019.07.28 19:19:04,792	INFO	1	com.l2jserver.gameserver.GeoData	GeoData: Loading 21_23.l2j...
2019.07.28 19:19:04,867	INFO	1	com.l2jserver.gameserver.GeoData	GeoData: Loading 21_24.l2j...
2019.07.28 19:19:04,923	INFO	1	com.l2jserver.gameserver.GeoData	GeoData: Loading 21_25.l2j...
2019.07.28 19:19:04,961	INFO	1	com.l2jserver.gameserver.GeoData	GeoData: Loading 22_10.l2j...
2019.07.28 19:19:04,985	INFO	1	com.l2jserver.gameserver.GeoData	GeoData: Loading 22_11.l2j...
2019.07.28 19:19:05,053	INFO	1	com.l2jserver.gameserver.GeoData	GeoData: Loading 22_12.l2j...
2019.07.28 19:19:05,072	INFO	1	com.l2jserver.gameserver.GeoData	GeoData: Loading 22_13.l2j...
2019.07.28 19:19:05,174	INFO	1	com.l2jserver.gameserver.GeoData	GeoData: Loading 22_14.l2j...
2019.07.28 19:19:05,324	INFO	1	com.l2jserver.gameserver.GeoData	GeoData: Loading 22_15.l2j...
2019.07.28 19:19:05,457	INFO	1	com.l2jserver.gameserver.GeoData	GeoData: Loading 22_16.l2j...
2019.07.28 19:19:05,562	INFO	1	com.l2jserver.gameserver.GeoData	GeoData: Loading 22_17.l2j...
2019.07.28 19:19:05,630	INFO	1	com.l2jserver.gameserver.GeoData	GeoData: Loading 22_18.l2j...
2019.07.28 19:19:05,712	INFO	1	com.l2jserver.gameserver.GeoData	GeoData: Loading 22_19.l2j...
2019.07.28 19:19:05,814	INFO	1	com.l2jserver.gameserver.GeoData	GeoData: Loading 22_20.l2j...
2019.07.28 19:19:05,906	INFO	1	com.l2jserver.gameserver.GeoData	GeoData: Loading 22_21.l2j...
2019.07.28 19:19:05,983	INFO	1	com.l2jserver.gameserver.GeoData	GeoData: Loading 22_22.l2j...
2019.07.28 19:19:06,066	INFO	1	com.l2jserver.gameserver.GeoData	GeoData: Loading 22_23.l2j...
2019.07.28 19:19:06,131	INFO	1	com.l2jserver.gameserver.GeoData	GeoData: Loading 22_24.l2j...
2019.07.28 19:19:06,197	INFO	1	com.l2jserver.gameserver.GeoData	GeoData: Loading 22_25.l2j...
2019.07.28 19:19:06,296	INFO	1	com.l2jserver.gameserver.GeoData	GeoData: Loading 22_26.l2j...
2019.07.28 19:19:06,310	INFO	1	com.l2jserver.gameserver.GeoData	GeoData: Loading 23_10.l2j...
2019.07.28 19:19:06,321	INFO	1	com.l2jserver.gameserver.GeoData	GeoData: Loading 23_11.l2j...
2019.07.28 19:19:06,396	INFO	1	com.l2jserver.gameserver.GeoData	GeoData: Loading 23_12.l2j...
2019.07.28 19:19:06,492	INFO	1	com.l2jserver.gameserver.GeoData	GeoData: Loading 23_13.l2j...
2019.07.28 19:19:06,578	INFO	1	com.l2jserver.gameserver.GeoData	GeoData: Loading 23_14.l2j...
2019.07.28 19:19:06,680	INFO	1	com.l2jserver.gameserver.GeoData	GeoData: Loading 23_15.l2j...
2019.07.28 19:19:06,816	INFO	1	com.l2jserver.gameserver.GeoData	GeoData: Loading 23_16.l2j...
2019.07.28 19:19:06,899	INFO	1	com.l2jserver.gameserver.GeoData	GeoData: Loading 23_17.l2j...
2019.07.28 19:19:06,981	INFO	1	com.l2jserver.gameserver.GeoData	GeoData: Loading 23_18.l2j...
2019.07.28 19:19:07,112	INFO	1	com.l2jserver.gameserver.GeoData	GeoData: Loading 23_19.l2j...
2019.07.28 19:19:07,632	INFO	1	com.l2jserver.gameserver.GeoData	GeoData: Loading 23_20.l2j...
2019.07.28 19:19:07,728	INFO	1	com.l2jserver.gameserver.GeoData	GeoData: Loading 23_21.l2j...
2019.07.28 19:19:07,814	INFO	1	com.l2jserver.gameserver.GeoData	GeoData: Loading 23_22.l2j...
2019.07.28 19:19:07,906	INFO	1	com.l2jserver.gameserver.GeoData	GeoData: Loading 23_23.l2j...
2019.07.28 19:19:07,975	INFO	1	com.l2jserver.gameserver.GeoData	GeoData: Loading 23_24.l2j...
2019.07.28 19:19:08,060	INFO	1	com.l2jserver.gameserver.GeoData	GeoData: Loading 23_25.l2j...
2019.07.28 19:19:08,113	INFO	1	com.l2jserver.gameserver.GeoData	GeoData: Loading 23_26.l2j...
2019.07.28 19:19:08,134	INFO	1	com.l2jserver.gameserver.GeoData	GeoData: Loading 24_10.l2j...
2019.07.28 19:19:08,155	INFO	1	com.l2jserver.gameserver.GeoData	GeoData: Loading 24_11.l2j...
2019.07.28 19:19:08,227	INFO	1	com.l2jserver.gameserver.GeoData	GeoData: Loading 24_12.l2j...
2019.07.28 19:19:08,326	INFO	1	com.l2jserver.gameserver.GeoData	GeoData: Loading 24_13.l2j...
2019.07.28 19:19:08,385	INFO	1	com.l2jserver.gameserver.GeoData	GeoData: Loading 24_14.l2j...
2019.07.28 19:19:08,470	INFO	1	com.l2jserver.gameserver.GeoData	GeoData: Loading 24_15.l2j...
2019.07.28 19:19:08,563	INFO	1	com.l2jserver.gameserver.GeoData	GeoData: Loading 24_16.l2j...
2019.07.28 19:19:08,638	INFO	1	com.l2jserver.gameserver.GeoData	GeoData: Loading 24_17.l2j...
2019.07.28 19:19:08,743	INFO	1	com.l2jserver.gameserver.GeoData	GeoData: Loading 24_18.l2j...
2019.07.28 19:19:08,815	INFO	1	com.l2jserver.gameserver.GeoData	GeoData: Loading 24_19.l2j...
2019.07.28 19:19:08,886	INFO	1	com.l2jserver.gameserver.GeoData	GeoData: Loading 24_20.l2j...
2019.07.28 19:19:08,990	INFO	1	com.l2jserver.gameserver.GeoData	GeoData: Loading 24_21.l2j...
2019.07.28 19:19:09,042	INFO	1	com.l2jserver.gameserver.GeoData	GeoData: Loading 24_22.l2j...
2019.07.28 19:19:09,148	INFO	1	com.l2jserver.gameserver.GeoData	GeoData: Loading 24_23.l2j...
2019.07.28 19:19:09,227	INFO	1	com.l2jserver.gameserver.GeoData	GeoData: Loading 24_24.l2j...
2019.07.28 19:19:09,260	INFO	1	com.l2jserver.gameserver.GeoData	GeoData: Loading 24_25.l2j...
2019.07.28 19:19:09,277	INFO	1	com.l2jserver.gameserver.GeoData	GeoData: Loading 24_26.l2j...
2019.07.28 19:19:09,289	INFO	1	com.l2jserver.gameserver.GeoData	GeoData: Loading 25_10.l2j...
2019.07.28 19:19:09,312	INFO	1	com.l2jserver.gameserver.GeoData	GeoData: Loading 25_11.l2j...
2019.07.28 19:19:09,384	INFO	1	com.l2jserver.gameserver.GeoData	GeoData: Loading 25_12.l2j...
2019.07.28 19:19:09,476	INFO	1	com.l2jserver.gameserver.GeoData	GeoData: Loading 25_14.l2j...
2019.07.28 19:19:09,670	INFO	1	com.l2jserver.gameserver.GeoData	GeoData: Loading 25_15.l2j...
2019.07.28 19:19:09,851	INFO	1	com.l2jserver.gameserver.GeoData	GeoData: Loading 25_16.l2j...
2019.07.28 19:19:09,930	INFO	1	com.l2jserver.gameserver.GeoData	GeoData: Loading 25_17.l2j...
2019.07.28 19:19:10,026	INFO	1	com.l2jserver.gameserver.GeoData	GeoData: Loading 25_18.l2j...
2019.07.28 19:19:10,113	INFO	1	com.l2jserver.gameserver.GeoData	GeoData: Loading 25_19.l2j...
2019.07.28 19:19:10,217	INFO	1	com.l2jserver.gameserver.GeoData	GeoData: Loading 25_20.l2j...
2019.07.28 19:19:10,257	INFO	1	com.l2jserver.gameserver.GeoData	GeoData: Loading 25_21.l2j...
2019.07.28 19:19:10,286	INFO	1	com.l2jserver.gameserver.GeoData	GeoData: Loading 25_22.l2j...
2019.07.28 19:19:10,305	INFO	1	com.l2jserver.gameserver.GeoData	GeoData: Loading 25_23.l2j...
2019.07.28 19:19:10,321	INFO	1	com.l2jserver.gameserver.GeoData	GeoData: Loading 25_24.l2j...
2019.07.28 19:19:10,338	INFO	1	com.l2jserver.gameserver.GeoData	GeoData: Loading 26_11.l2j...
2019.07.28 19:19:10,358	INFO	1	com.l2jserver.gameserver.GeoData	GeoData: Loading 26_12.l2j...
2019.07.28 19:19:10,392	INFO	1	com.l2jserver.gameserver.GeoData	GeoData: Loading 26_14.l2j...
2019.07.28 19:19:10,425	INFO	1	com.l2jserver.gameserver.GeoData	GeoData: Loading 26_15.l2j...
2019.07.28 19:19:10,439	INFO	1	com.l2jserver.gameserver.GeoData	GeoData: Loading 26_16.l2j...
2019.07.28 19:19:10,454	INFO	1	com.l2jserver.gameserver.GeoData	GeoData: Loaded 203 regions.
2019.07.28 19:19:10,454	INFO	1	com.l2jserver.gameserver.GameServer	----------------------------------------------------=[ NPCs ]
2019.07.28 19:19:10,515	INFO	1	com.l2jserver.util.data.xml.IXmlReader	SkillLearnData: Loaded 256 Skill Learn data.
2019.07.28 19:19:10,551	INFO	1	com.l2jserver.util.data.xml.IXmlReader	MinionData: Loaded 128 minions data.
2019.07.28 19:19:15,571	INFO	1	com.l2jserver.util.data.xml.IXmlReader	NpcData: Loaded 10461 NPCs.
2019.07.28 19:19:16,063	INFO	1	com.l2jserver.util.data.xml.IXmlReader	WalkingManager: Loaded 123 walking routes.
2019.07.28 19:19:16,284	INFO	1	com.l2jserver.util.data.xml.IXmlReader	StaticObjectData: Loaded 51 static object templates.
2019.07.28 19:19:16,814	INFO	1	com.l2jserver.gameserver.instancemanager.GrandBossManager	GrandBossManager: Queen Ant(29001) status is 0.
2019.07.28 19:19:16,816	INFO	1	com.l2jserver.gameserver.instancemanager.GrandBossManager	GrandBossManager: Core(29006) status is 0.
2019.07.28 19:19:16,818	INFO	1	com.l2jserver.gameserver.instancemanager.GrandBossManager	GrandBossManager: Orfen(29014) status is 0.
2019.07.28 19:19:16,820	INFO	1	com.l2jserver.gameserver.instancemanager.GrandBossManager	GrandBossManager: Baium(29020) status is 0.
2019.07.28 19:19:16,821	INFO	1	com.l2jserver.gameserver.instancemanager.GrandBossManager	GrandBossManager: Valakas(29028) status is 0.
2019.07.28 19:19:16,822	INFO	1	com.l2jserver.gameserver.instancemanager.GrandBossManager	GrandBossManager: Antharas(29068) status is 0.
2019.07.28 19:19:16,823	INFO	1	com.l2jserver.gameserver.instancemanager.GrandBossManager	GrandBossManager: Beleth(29118) status is 0.
2019.07.28 19:19:16,823	INFO	1	com.l2jserver.gameserver.instancemanager.GrandBossManager	GrandBossManager: Loaded 7 Instances
2019.07.28 19:19:17,644	INFO	1	com.l2jserver.util.data.xml.IXmlReader	DoorData: Loaded 1301 Door templates for 22 regions.
2019.07.28 19:19:19,369	INFO	1	com.l2jserver.util.data.xml.IXmlReader	ZoneManager: Loaded 28 zone classes and 2793 zones.
2019.07.28 19:19:19,370	INFO	1	com.l2jserver.util.data.xml.IXmlReader	ZoneManager: Loaded 0 NPC spawn territoriers.
2019.07.28 19:19:19,403	INFO	1	com.l2jserver.gameserver.instancemanager.CastleManager	CastleManager: Loaded: 9 castles
2019.07.28 19:19:19,426	INFO	1	com.l2jserver.gameserver.data.sql.impl.NpcBufferTable	NpcBufferTable: Loaded 1 buffers and 10 skills.
2019.07.28 19:19:19,433	INFO	1	com.l2jserver.gameserver.instancemanager.GrandBossManager	GrandBossManager: Initialized 12 Grand Boss Zones
2019.07.28 19:19:19,435	INFO	1	com.l2jserver.gameserver.GameServer	-----------------------------------------=[ Auction Manager ]
2019.07.28 19:19:19,469	INFO	1	com.l2jserver.gameserver.model.itemauction.ItemAuctionInstance	Loaded 82 item(s) and registered 0 auction(s) for NPC ID 32320.
2019.07.28 19:19:19,513	INFO	1	com.l2jserver.gameserver.model.itemauction.ItemAuctionInstance	Schedule next auction ID 1 on 17:00:00 02.08.19 for NPC ID 32320.
2019.07.28 19:19:19,518	INFO	1	com.l2jserver.gameserver.model.itemauction.ItemAuctionInstance	Loaded 82 item(s) and registered 0 auction(s) for NPC ID 32321.
2019.07.28 19:19:19,546	INFO	1	com.l2jserver.gameserver.model.itemauction.ItemAuctionInstance	Schedule next auction ID 2 on 17:00:00 29.07.19 for NPC ID 32321.
2019.07.28 19:19:19,550	INFO	1	com.l2jserver.gameserver.model.itemauction.ItemAuctionInstance	Loaded 82 item(s) and registered 0 auction(s) for NPC ID 32322.
2019.07.28 19:19:19,590	INFO	1	com.l2jserver.gameserver.model.itemauction.ItemAuctionInstance	Schedule next auction ID 3 on 17:00:00 31.07.19 for NPC ID 32322.
2019.07.28 19:19:19,590	INFO	1	com.l2jserver.gameserver.instancemanager.ItemAuctionManager	Loaded 3 auction manager instance(s).
2019.07.28 19:19:19,592	INFO	1	com.l2jserver.gameserver.GameServer	------------------------------------------------=[ Olympiad ]
2019.07.28 19:19:19,643	INFO	1	com.l2jserver.gameserver.model.olympiad.Olympiad	Olympiad System: failed to load data from database, trying to load from file.
2019.07.28 19:19:19,745	INFO	1	com.l2jserver.gameserver.model.olympiad.Olympiad	Olympiad System: Loading Olympiad System....
2019.07.28 19:19:19,746	INFO	1	com.l2jserver.gameserver.model.olympiad.Olympiad	Olympiad System: Currently in Olympiad Period
2019.07.28 19:19:19,748	INFO	1	com.l2jserver.gameserver.model.olympiad.Olympiad	Olympiad System: 5320 minutes until period ends
2019.07.28 19:19:19,748	INFO	1	com.l2jserver.gameserver.model.olympiad.Olympiad	Olympiad System: Next weekly change is in 10079 minutes
2019.07.28 19:19:19,749	INFO	1	com.l2jserver.gameserver.model.olympiad.Olympiad	Olympiad System: Loaded 0 Nobles
2019.07.28 19:19:19,753	INFO	1	com.l2jserver.gameserver.model.olympiad.Olympiad	Olympiad System: Competition Period Starts in 0 days, 0 hours and 0 mins.
2019.07.28 19:19:19,761	INFO	1	com.l2jserver.gameserver.model.olympiad.Olympiad	Olympiad System: Event starts/started : Sun Jul 28 18:00:19 COT 2019
2019.07.28 19:19:19,773	INFO	26	com.l2jserver.gameserver.model.olympiad.Olympiad	Olympiad System: Olympiad Game Started
2019.07.28 19:19:19,784	INFO	1	com.l2jserver.gameserver.model.entity.Hero	Hero System: Loaded 0 Heroes.
2019.07.28 19:19:19,785	INFO	1	com.l2jserver.gameserver.model.entity.Hero	Hero System: Loaded 0 all time Heroes.
2019.07.28 19:19:19,787	INFO	1	com.l2jserver.gameserver.GameServer	---------------------------------------------=[ Seven Signs ]
2019.07.28 19:19:19,790	INFO	26	com.l2jserver.gameserver.model.olympiad.OlympiadGameManager	Olympiad System: Loaded 160 stadiums.
2019.07.28 19:19:19,807	INFO	1	com.l2jserver.gameserver.SevenSigns	SevenSigns: Currently in the Competition (Quest Event) period.
2019.07.28 19:19:19,808	INFO	1	com.l2jserver.gameserver.SevenSigns	SevenSigns: The Seal of Avarice remains unclaimed.
2019.07.28 19:19:19,810	INFO	1	com.l2jserver.gameserver.SevenSigns	SevenSigns: The Seal of Gnosis remains unclaimed.
2019.07.28 19:19:19,812	INFO	1	com.l2jserver.gameserver.SevenSigns	SevenSigns: The Seal of Strife remains unclaimed.
2019.07.28 19:19:19,813	INFO	1	com.l2jserver.gameserver.SevenSigns	SevenSigns: The competition, if the current trend continues, will end in a tie this week.
2019.07.28 19:19:19,815	INFO	1	com.l2jserver.gameserver.SevenSigns	SevenSigns: Next period change set to Mon Jul 29 18:00:19 COT 2019.
2019.07.28 19:19:19,817	INFO	1	com.l2jserver.gameserver.SevenSigns	SevenSigns: Next period begins in 0 days, 22 hours and 40 mins.
2019.07.28 19:19:19,818	INFO	1	com.l2jserver.gameserver.GameServer	---------------------------------------------------=[ Cache ]
2019.07.28 19:19:19,823	INFO	1	com.l2jserver.gameserver.cache.HtmCache	Cache[HTML]: Running lazy cache
2019.07.28 19:19:19,896	INFO	1	com.l2jserver.gameserver.data.sql.impl.CrestTable	CrestTable: Loaded 0 Crests.
2019.07.28 19:19:19,914	INFO	1	com.l2jserver.gameserver.data.sql.impl.TeleportLocationTable	TeleportLocationTable: Loaded 957 Teleport Location Templates.
2019.07.28 19:19:19,957	INFO	1	com.l2jserver.util.data.xml.IXmlReader	UIData: Loaded 4 keys 5 categories.
2019.07.28 19:19:20,127	INFO	1	com.l2jserver.gameserver.datatables.AugmentationData	AugmentationData: Loaded: 33960 augmentations.
2019.07.28 19:19:20,128	INFO	1	com.l2jserver.gameserver.datatables.AugmentationData	AugmentationData: Loaded: 2754 accessory augmentations.
2019.07.28 19:19:20,164	INFO	1	com.l2jserver.gameserver.instancemanager.CursedWeaponsManager	CursedWeaponsManager: Loaded : 2 cursed weapon(s).
2019.07.28 19:19:22,661	INFO	1	com.l2jserver.util.data.xml.IXmlReader	TransformData: Loaded: 111 transform templates.
2019.07.28 19:19:22,698	INFO	1	com.l2jserver.gameserver.datatables.BotReportTable	BotReportTable: Loaded 0 bot reports
2019.07.28 19:19:22,699	INFO	1	com.l2jserver.gameserver.GameServer	-------------------------------------------------=[ Scripts ]
2019.07.28 19:19:22,714	INFO	1	com.l2jserver.gameserver.instancemanager.AirShipManager	AirShipManager: Loaded 0 private airships
2019.07.28 19:19:22,717	INFO	1	com.l2jserver.gameserver.GameServer	GameServer: Loading server scripts:
2019.07.28 19:19:27,071	INFO	1	handlers.MasterHandler	Loading Handlers...
2019.07.28 19:19:27,158	INFO	1	handlers.MasterHandler	ActionHandler: Loaded 10 Handlers
2019.07.28 19:19:27,158	INFO	1	handlers.MasterHandler	ActionShiftHandler: Loaded 6 Handlers
2019.07.28 19:19:27,161	INFO	1	handlers.MasterHandler	AdminCommandHandler: Loaded 447 Handlers
2019.07.28 19:19:27,161	INFO	1	handlers.MasterHandler	BypassHandler: Loaded 48 Handlers
2019.07.28 19:19:27,162	INFO	1	handlers.MasterHandler	ChatHandler: Loaded 14 Handlers
2019.07.28 19:19:27,163	INFO	1	handlers.MasterHandler	CommunityBoardHandler: Loaded 15 Handlers
2019.07.28 19:19:27,164	INFO	1	handlers.MasterHandler	ItemHandler: Loaded 31 Handlers
2019.07.28 19:19:27,164	INFO	1	handlers.MasterHandler	PunishmentHandler: Loaded 3 Handlers
2019.07.28 19:19:27,165	INFO	1	handlers.MasterHandler	UserCommandHandler: Loaded 17 Handlers
2019.07.28 19:19:27,166	INFO	1	handlers.MasterHandler	VoicedCommandHandler: Loaded 1 Handlers
2019.07.28 19:19:27,167	INFO	1	handlers.MasterHandler	TargetHandler: Loaded 35 Handlers
2019.07.28 19:19:27,167	INFO	1	handlers.MasterHandler	TelnetHandler: Loaded 20 Handlers
2019.07.28 19:19:27,168	INFO	1	handlers.MasterHandler	Handlers Loaded...
2019.07.28 19:19:42,411	INFO	1	com.l2jserver.util.data.xml.IXmlReader	NpcBuffersData: Loaded: 33 buffers data.
2019.07.28 19:19:53,331	INFO	1	com.l2jserver.gameserver.model.events.AbstractScript	Handy's Block Checker Event is enabled
2019.07.28 19:20:18,099	INFO	1	instances.InstanceLoader	InstanceLoader: Loading Instances scripts.
2019.07.28 19:20:18,720	INFO	1	gracia.GraciaLoader	GraciaLoader: Loading Gracia related scripts.
2019.07.28 19:20:19,647	INFO	1	hellbound.HellboundLoader	HellboundLoader: Loading Hellbound related scripts:
2019.07.28 19:20:19,753	INFO	1	com.l2jserver.util.data.xml.IXmlReader	HellboundPointData: Loaded 47 trust point reward data.
2019.07.28 19:20:19,809	INFO	1	com.l2jserver.util.data.xml.IXmlReader	HellboundSpawns: Loaded 598 Hellbound spawns.
2019.07.28 19:20:19,813	INFO	1	com.l2jserver.gameserver.model.events.AbstractScript	HellboundEngine: Level: 0
2019.07.28 19:20:19,814	INFO	1	com.l2jserver.gameserver.model.events.AbstractScript	HellboundEngine: Trust: 0
2019.07.28 19:20:19,815	INFO	1	com.l2jserver.gameserver.model.events.AbstractScript	HellboundEngine: Status: locked.
2019.07.28 19:20:19,981	INFO	1	com.l2jserver.gameserver.instancemanager.RaidBossSpawnManager	RaidBossSpawnManager: Loaded 187 Instances
2019.07.28 19:20:19,981	INFO	1	com.l2jserver.gameserver.instancemanager.RaidBossSpawnManager	RaidBossSpawnManager: Scheduled 0 Instances
2019.07.28 19:20:32,227	INFO	1	com.l2jserver.gameserver.model.events.AbstractScript	[EnhanceYourWeapon] Loaded 54 Soul Crystal data.
2019.07.28 19:20:32,227	INFO	1	com.l2jserver.gameserver.model.events.AbstractScript	[EnhanceYourWeapon] Loaded 240 npc Leveling info data.
2019.07.28 19:20:32,850	INFO	1	com.l2jserver.gameserver.model.events.AbstractScript	TerritoryWarSuperClass: Siege date: Sun Jul 28 22:00:00 COT 2019
2019.07.28 19:20:36,009	INFO	1	com.l2jserver.gameserver.model.entity.clanhall.ClanHallSiegeEngine	Bandit StrongHold siege scheduled for Sun Aug 11 12:00:00 COT 2019.
2019.07.28 19:20:36,241	INFO	1	com.l2jserver.gameserver.model.entity.clanhall.ClanHallSiegeEngine	Beast Farm siege scheduled for Sun Aug 11 12:00:00 COT 2019.
2019.07.28 19:20:36,526	INFO	1	com.l2jserver.gameserver.model.entity.clanhall.ClanHallSiegeEngine	Devastated Castle siege scheduled for Sun Aug 11 12:00:00 COT 2019.
2019.07.28 19:20:36,775	INFO	1	com.l2jserver.gameserver.model.entity.clanhall.ClanHallSiegeEngine	Fortress of Resistance siege scheduled for Sun Aug 11 12:00:00 COT 2019.
2019.07.28 19:20:37,002	INFO	1	com.l2jserver.gameserver.model.entity.clanhall.ClanHallSiegeEngine	Fortresss of the Dead siege scheduled for Sun Aug 11 12:00:00 COT 2019.
2019.07.28 19:20:37,337	INFO	1	com.l2jserver.gameserver.model.entity.clanhall.ClanHallSiegeEngine	Rainbow Springs siege scheduled for Sun Aug 11 12:00:00 COT 2019.
2019.07.28 19:20:38,674	INFO	1	com.l2jserver.util.data.xml.IXmlReader	SpawnTable: Loaded 3765 npc spawns.
2019.07.28 19:20:38,896	INFO	1	com.l2jserver.util.data.xml.IXmlReader	SpawnTable: Loaded 1190 npc spawns from XML.
2019.07.28 19:20:38,897	INFO	1	com.l2jserver.gameserver.instancemanager.DayNightSpawnManager	DayNightSpawnManager: Removed 0 night creatures
2019.07.28 19:20:38,902	INFO	1	com.l2jserver.gameserver.instancemanager.DayNightSpawnManager	DayNightSpawnManager: Spawned 232 day creatures
2019.07.28 19:20:38,916	INFO	1	com.l2jserver.gameserver.instancemanager.FourSepulchersManager	FourSepulchersManager: loaded 20 Mysterious-Box spawns.
2019.07.28 19:20:39,018	INFO	1	com.l2jserver.gameserver.instancemanager.FourSepulchersManager	FourSepulchersManager: loaded 716 Physical type monsters spawns.
2019.07.28 19:20:39,065	INFO	1	com.l2jserver.gameserver.instancemanager.FourSepulchersManager	FourSepulchersManager: loaded 716 Magical type monsters spawns.
2019.07.28 19:20:39,082	INFO	1	com.l2jserver.gameserver.instancemanager.FourSepulchersManager	FourSepulchersManager: loaded 92 Church of duke monsters spawns.
2019.07.28 19:20:39,095	INFO	1	com.l2jserver.gameserver.instancemanager.FourSepulchersManager	FourSepulchersManager: loaded 68 Emperor's grave NPC spawns.
2019.07.28 19:20:39,096	INFO	1	com.l2jserver.gameserver.instancemanager.FourSepulchersManager	FourSepulchersManager: spawned Conquerors' Sepulcher Manager
2019.07.28 19:20:39,097	INFO	1	com.l2jserver.gameserver.instancemanager.FourSepulchersManager	FourSepulchersManager: spawned Emperors' Sepulcher Manager
2019.07.28 19:20:39,098	INFO	1	com.l2jserver.gameserver.instancemanager.FourSepulchersManager	FourSepulchersManager: spawned Great Sages' Sepulcher Manager
2019.07.28 19:20:39,099	INFO	1	com.l2jserver.gameserver.instancemanager.FourSepulchersManager	FourSepulchersManager: spawned Judges' Sepulcher Manager
2019.07.28 19:20:39,101	INFO	1	com.l2jserver.gameserver.instancemanager.FourSepulchersManager	FourSepulchersManager: Beginning in Attack time
2019.07.28 19:20:39,112	INFO	1	com.l2jserver.gameserver.instancemanager.DimensionalRiftManager	DimensionalRiftManager: Loaded 7 room types with 56 rooms.
2019.07.28 19:20:39,202	INFO	1	com.l2jserver.gameserver.instancemanager.DimensionalRiftManager	DimensionalRiftManager: Loaded 462 dimensional rift spawns, 0 errors.
2019.07.28 19:20:39,202	INFO	1	com.l2jserver.gameserver.GameServer	---------------------------------------------------=[ Siege ]
2019.07.28 19:20:39,237	INFO	1	com.l2jserver.util.data.xml.IXmlReader	SiegeScheduleData: Loaded: 2 siege schedulers.
2019.07.28 19:20:39,271	INFO	1	com.l2jserver.gameserver.model.entity.Siege	Siege of Gludio: Sun Aug 11 16:00:00 COT 2019
2019.07.28 19:20:39,303	INFO	1	com.l2jserver.gameserver.model.entity.Siege	Siege of Dion: Sun Aug 11 16:00:00 COT 2019
2019.07.28 19:20:39,337	INFO	1	com.l2jserver.gameserver.model.entity.Siege	Siege of Giran: Sun Aug 11 16:00:00 COT 2019
2019.07.28 19:20:39,370	INFO	1	com.l2jserver.gameserver.model.entity.Siege	Siege of Oren: Sun Aug 11 16:00:00 COT 2019
2019.07.28 19:20:39,404	INFO	1	com.l2jserver.gameserver.model.entity.Siege	Siege of Aden: Sun Aug 11 16:00:00 COT 2019
2019.07.28 19:20:39,437	INFO	1	com.l2jserver.gameserver.model.entity.Siege	Siege of Innadril: Sun Aug 11 20:00:00 COT 2019
2019.07.28 19:20:39,470	INFO	1	com.l2jserver.gameserver.model.entity.Siege	Siege of Goddard: Sun Aug 11 20:00:00 COT 2019
2019.07.28 19:20:39,503	INFO	1	com.l2jserver.gameserver.model.entity.Siege	Siege of Rune: Sun Aug 11 20:00:00 COT 2019
2019.07.28 19:20:39,537	INFO	1	com.l2jserver.gameserver.model.entity.Siege	Siege of Schuttgart: Sun Aug 11 20:00:00 COT 2019
2019.07.28 19:20:39,729	INFO	1	com.l2jserver.gameserver.instancemanager.FortManager	FortManager: Loaded: 21 fortress
2019.07.28 19:20:40,654	INFO	1	com.l2jserver.util.data.xml.IXmlReader	CastleManorManager: Loaded 258 seeds.
2019.07.28 19:20:40,676	INFO	1	com.l2jserver.util.data.xml.IXmlReader	CastleManorManager: Manor data loaded.
2019.07.28 19:20:40,682	INFO	1	com.l2jserver.gameserver.instancemanager.MercTicketManager	MercTicketManager: Loaded: 0 Mercenary Tickets
2019.07.28 19:20:40,682	INFO	1	com.l2jserver.gameserver.instancemanager.QuestManager	QuestManager: Loaded: 520 quests.
2019.07.28 19:20:40,683	INFO	1	com.l2jserver.gameserver.instancemanager.QuestManager	QuestManager: Loaded: 268 scripts.
2019.07.28 19:20:40,796	INFO	1	com.l2jserver.gameserver.SevenSignsFestival	SevenSignsFestival: The first Festival of Darkness cycle begins in 2 minute(s).
2019.07.28 19:20:40,821	INFO	1	com.l2jserver.gameserver.script.faenor.FaenorEventParser	Event ID: (Valentines Event) has passed... Ignored.
2019.07.28 19:20:40,821	INFO	1	com.l2jserver.gameserver.script.faenor.FaenorScriptEngine	FaenorScriptEngine: Loaded  Valentines.xml successfully.
2019.07.28 19:20:40,824	INFO	1	com.l2jserver.gameserver.GameServer	AutoSpawnHandler: Loaded 129 handlers in total.
2019.07.28 19:20:41,064	INFO	1	com.l2jserver.gameserver.taskmanager.TaskManager	TaskManager: Loaded: 13 Tasks
2019.07.28 19:20:41,078	INFO	1	com.l2jserver.gameserver.instancemanager.MailManager	MailManager: Successfully loaded 0 messages.
2019.07.28 19:20:41,092	INFO	1	com.l2jserver.gameserver.instancemanager.PunishmentManager	PunishmentManager: Loaded 0 active and 0 expired punishments.
2019.07.28 19:20:41,095	INFO	1	com.l2jserver.gameserver.GameServer	IdFactory: Free ObjectID's remaining: 1879002373
2019.07.28 19:20:41,097	INFO	1	com.l2jserver.gameserver.model.entity.TvTManager	TvTEventEngine[TvTManager.TvTManager()]: Engine is disabled.
2019.07.28 19:20:43,499	INFO	1	com.l2jserver.gameserver.GameServer	GameServer: Started, free memory 1911 Mb of 3641 Mb
2019.07.28 19:20:43,626	INFO	257	com.l2jserver.gameserver.LoginServerThread	Connecting to login on 127.0.0.1:9014
2019.07.28 19:20:44,107	INFO	1	com.l2jserver.gameserver.GameServer	GameServer: is now listening on: *:7777
2019.07.28 19:20:44,108	INFO	1	com.l2jserver.gameserver.GameServer	GameServer: Maximum numbers of connected players: 500
2019.07.28 19:20:44,109	INFO	1	com.l2jserver.gameserver.GameServer	GameServer: Server loaded in 155 seconds.
2019.07.28 19:20:44,110	INFO	1	com.l2jserver.gameserver.GameServer	----------------------------------------------------=[ UPnP ]
2019.07.28 19:20:44,115	INFO	1	com.l2jserver.UPnPService	Looking for UPnP Gateway Devices...
2019.07.28 19:20:44,356	INFO	257	com.l2jserver.gameserver.LoginServerThread	Registered on login as Server 1: Bartz
2019.07.28 19:20:54,200	INFO	1	com.l2jserver.UPnPService	No UPnP gateways found.
2019.07.28 19:20:54,201	INFO	1	com.l2jserver.gameserver.GameServer	GameServer: Telnet server is currently disabled.
2019.07.28 19:29:01,280	INFO	26	com.l2jserver.gameserver.instancemanager.GlobalVariablesManager	GlobalVariablesManager: Stored 6 variables.
2019.07.28 19:35:41,163	INFO	20	com.l2jserver.gameserver.taskmanager.tasks.TaskOlympiadSave	Olympiad System: Data updated.
2019.07.28 19:51:05,821	INFO	24	com.l2jserver.gameserver.taskmanager.tasks.TaskSevenSignsUpdate	SevenSigns: Data updated successfully.
2019.07.28 19:51:15,847	WARNING	13	com.zaxxer.hikari.pool.HikariPool	HikariPool-1 - Thread starvation or clock leap detected (housekeeper delta=4m36s464ms268s878ns).
2019.07.28 19:59:03,904	INFO	23	com.l2jserver.gameserver.instancemanager.GlobalVariablesManager	GlobalVariablesManager: Stored 6 variables.
2019.07.28 20:00:00,029	INFO	226	com.l2jserver.gameserver.instancemanager.DayNightSpawnManager	DayNightSpawnManager: Removed 232 day creatures
2019.07.28 20:00:00,090	INFO	226	com.l2jserver.gameserver.instancemanager.DayNightSpawnManager	DayNightSpawnManager: Spawned 553 night creatures
2019.07.28 20:05:41,043	INFO	24	com.l2jserver.gameserver.taskmanager.tasks.TaskOlympiadSave	Olympiad System: Data updated.
2019.07.28 20:20:43,884	INFO	29	com.l2jserver.gameserver.taskmanager.tasks.TaskSevenSignsUpdate	SevenSigns: Data updated successfully.
2019.07.28 20:29:05,672	INFO	27	com.l2jserver.gameserver.instancemanager.GlobalVariablesManager	GlobalVariablesManager: Stored 6 variables.
2019.07.28 20:35:41,045	INFO	26	com.l2jserver.gameserver.taskmanager.tasks.TaskOlympiadSave	Olympiad System: Data updated.
